
c2dm_registration: ** 20130121-232552
c2dm_registration: cmd=add, id=neostm@naver.com, pw=3636, registration_id=, device_unique_id=D1885989D6169A9B5DACAAB8CCD3E76E
c2dm_registration: message=Y, receipt=Y, work=Y, notice=Y
c2dm_registration: sql = select * from member_info where mem_id = 'neostm@naver.com' and mem_pwd = '1676bc6d64fa5cc622b8a1d8a434f6d4' and del_yn = 'N'
c2dm_registration: 인증성공
c2dm_registration: sql = select * from push_member where push_id = 'neostm@naver.com' and push_pwd = '1676bc6d64fa5cc622b8a1d8a434f6d4'
c2dm_registration: sql = update push_member set
				  push_enable  = 'Y'
				, push_message = 'Y'
				, push_receipt = 'Y'
				, push_work    = 'Y'
				, push_notice  = 'Y'
				, push_consult = ''
				, push_registration_id  = ''
				, push_device_unique_id = 'D1885989D6169A9B5DACAAB8CCD3E76E'
				, mod_date = now()
			where push_id = 'neostm@naver.com' and push_device_type = 'A' 
c2dm_registration: resCode = {resCode:[{code:"200",message:"이양성"}]});

c2dm_registration: ** 20130121-232552
c2dm_registration: cmd=registration, id=neostm@naver.com, pw=3636, registration_id=APA91bFSrI-CTSG5g7h_gGB0BBR4qMN5tFzdPz41WuDLR7jcn_oHbyo-6hojSl26qfoCEF2vq2rWtR_1EJhQQOzzW7mYXTWpAGHngohGGgX80jPvirrgpy1a15pE-O9rb0jMRJDeJFEDTmvaqWiwt-THB-vG2hBrNw, device_unique_id=null
c2dm_registration: message=null, receipt=null, work=null, notice=null
c2dm_registration: sql = select * from member_info where mem_id = 'neostm@naver.com' and mem_pwd = '1676bc6d64fa5cc622b8a1d8a434f6d4' and del_yn = 'N'
c2dm_registration: 인증성공
c2dm_registration: sql = select * from push_member where push_id = 'neostm@naver.com' and push_pwd = '1676bc6d64fa5cc622b8a1d8a434f6d4' and push_device_type = 'A' 
c2dm_registration: sql = update push_member set push_registration_id = 'APA91bFSrI-CTSG5g7h_gGB0BBR4qMN5tFzdPz41WuDLR7jcn_oHbyo-6hojSl26qfoCEF2vq2rWtR_1EJhQQOzzW7mYXTWpAGHngohGGgX80jPvirrgpy1a15pE-O9rb0jMRJDeJFEDTmvaqWiwt-THB-vG2hBrNw', mod_date = now() where push_id = 'neostm@naver.com' and push_device_type = 'A' 
c2dm_registration: resCode = {resCode:[{code:"200",message:"이양성"}]});
