
android_push: ** 20120922-083951
android_push: sender=bizstorycokr@gmail.com, comp_idx=13, part_idx=17, mem_idx=92, receiver=starnts@greatworks.co.kr, msg_type=receipt, message=[봉곡중학교] 컴퓨터 프로그램 에..
android_push: sql = select * from push_member where push_id = 'starnts@greatworks.co.kr' and push_device_type = 'A' and del_yn = 'N'
android_push: [starnts@greatworks.co.kr] message = Y, receipt = Y, work = Y, notice = Y
android_push: 수신자 확인 OK => 전송데이터 확인 OK
android_push: sql = insert into push_history (send_key, comp_idx, part_idx, mem_idx, receiver_id, receiver_name, service_type, msg_type, message, state, state_comment, request_time) values ( '20120922083951350287', 13, 17, 92, 'starnts@greatworks.co.kr', '노태성', 'android', 'receipt', '[봉곡중학교] 컴퓨터 프로그램 에..', '0', '', now())
android_push: sql = select * from push_c2dm_info where push_id = 'bizstorycokr@gmail.com' and push_enable = 'Y'
android_push: msg_type = receipt
android_push: message = [봉곡중학교] 컴퓨터 프로그램 에..
android_push: sendMessageToPhone = id=0:1348270527239890%04ff7535dbb15755
android_push: sql = update push_history set state = '1', state_comment = '전송 OK', send_time = now() where send_key = '20120922083951350287'

android_push: ** 20120922-101049
android_push: sender=bizstorycokr@gmail.com, comp_idx=5, part_idx=5, mem_idx=140, receiver=kty5458@hanmail.net, msg_type=work, message=[업무] 구미고속관광 프린터A/S
android_push: sql = select * from push_member where push_id = 'kty5458@hanmail.net' and push_device_type = 'A' and del_yn = 'N'
android_push: [kty5458@hanmail.net] message = Y, receipt = Y, work = Y, notice = Y
android_push: 수신자 확인 OK => 전송데이터 확인 OK
android_push: sql = insert into push_history (send_key, comp_idx, part_idx, mem_idx, receiver_id, receiver_name, service_type, msg_type, message, state, state_comment, request_time) values ( '20120922101049639227', 5, 5, 140, 'kty5458@hanmail.net', '김태영', 'android', 'work', '[업무] 구미고속관광 프린터A/S', '0', '', now())
android_push: sql = select * from push_c2dm_info where push_id = 'bizstorycokr@gmail.com' and push_enable = 'Y'
android_push: msg_type = work
android_push: message = [업무] 구미고속관광 프린터A/S
android_push: sendMessageToPhone = id=0:1348275985786711%04ff75356199bc06
android_push: sql = update push_history set state = '1', state_comment = '전송 OK', send_time = now() where send_key = '20120922101049639227'

android_push: ** 20120922-135554

android_push: ** 20120922-135809

android_push: ** 20120922-135814

android_push: ** 20120922-154021

android_push: ** 20120922-154021

android_push: ** 20120922-154023
android_push: sender=bizstorycokr@gmail.com, comp_idx=1, part_idx=1, mem_idx=14, receiver=i2day@naver.com, msg_type=work, message=[업무보고] 뷰스토리 관련 모든업무는 이곳에서 공..
android_push: sql = select * from push_member where push_id = 'i2day@naver.com' and push_device_type = 'A' and del_yn = 'N'
android_push: [i2day@naver.com] message = Y, receipt = Y, work = Y, notice = Y
android_push: 수신자 확인 OK => 전송데이터 확인 OK
android_push: sql = insert into push_history (send_key, comp_idx, part_idx, mem_idx, receiver_id, receiver_name, service_type, msg_type, message, state, state_comment, request_time) values ( '20120922154023213883', 1, 1, 14, 'i2day@naver.com', '박정화', 'android', 'work', '[업무보고] 뷰스토리 관련 모든업무는 이곳에서 공..', '0', '', now())
android_push: sql = select * from push_c2dm_info where push_id = 'bizstorycokr@gmail.com' and push_enable = 'Y'
android_push: msg_type = work
android_push: message = [업무보고] 뷰스토리 관련 모든업무는 이곳에서 공..
android_push: sendMessageToPhone = id=0:1348295759556738%04ff753512d39b68
android_push: sql = update push_history set state = '1', state_comment = '전송 OK', send_time = now() where send_key = '20120922154023213883'

android_push: ** 20120922-154027

android_push: ** 20120922-154033
android_push: sender=bizstorycokr@gmail.com, comp_idx=1, part_idx=1, mem_idx=8, receiver=ahnwhan76@naver.com, msg_type=work, message=[업무보고] 뷰스토리 관련 모든업무는 이곳에서 공..
android_push: sql = select * from push_member where push_id = 'ahnwhan76@naver.com' and push_device_type = 'A' and del_yn = 'N'
android_push: [ahnwhan76@naver.com] message = Y, receipt = Y, work = Y, notice = Y
android_push: 수신자 확인 OK => 전송데이터 확인 OK
android_push: sql = insert into push_history (send_key, comp_idx, part_idx, mem_idx, receiver_id, receiver_name, service_type, msg_type, message, state, state_comment, request_time) values ( '20120922154033807678', 1, 1, 8, 'ahnwhan76@naver.com', '문은지', 'android', 'work', '[업무보고] 뷰스토리 관련 모든업무는 이곳에서 공..', '0', '', now())
android_push: sql = select * from push_c2dm_info where push_id = 'bizstorycokr@gmail.com' and push_enable = 'Y'
android_push: msg_type = work
android_push: message = [업무보고] 뷰스토리 관련 모든업무는 이곳에서 공..
android_push: sendMessageToPhone = id=0:1348295768567571%04ff753584e58e60
android_push: sql = update push_history set state = '1', state_comment = '전송 OK', send_time = now() where send_key = '20120922154033807678'

android_push: ** 20120922-154038
android_push: sender=bizstorycokr@gmail.com, comp_idx=1, part_idx=1, mem_idx=39, receiver=ipos21@naver.com, msg_type=work, message=[업무보고] 뷰스토리 관련 모든업무는 이곳에서 공..
android_push: sql = select * from push_member where push_id = 'ipos21@naver.com' and push_device_type = 'A' and del_yn = 'N'
android_push: [ipos21@naver.com] message = Y, receipt = Y, work = Y, notice = Y
android_push: 수신자 확인 OK => 전송데이터 확인 OK
android_push: sql = insert into push_history (send_key, comp_idx, part_idx, mem_idx, receiver_id, receiver_name, service_type, msg_type, message, state, state_comment, request_time) values ( '20120922154038546805', 1, 1, 39, 'ipos21@naver.com', '박상현', 'android', 'work', '[업무보고] 뷰스토리 관련 모든업무는 이곳에서 공..', '0', '', now())
android_push: sql = select * from push_c2dm_info where push_id = 'bizstorycokr@gmail.com' and push_enable = 'Y'
android_push: msg_type = work
android_push: message = [업무보고] 뷰스토리 관련 모든업무는 이곳에서 공..
android_push: sendMessageToPhone = id=0:1348295774931374%04ff7535887e1d13
android_push: sql = update push_history set state = '1', state_comment = '전송 OK', send_time = now() where send_key = '20120922154038546805'

android_push: ** 20120922-154046

android_push: ** 20120922-172948
android_push: sender=bizstorycokr@gmail.com, comp_idx=1, part_idx=1, mem_idx=14, receiver=i2day@naver.com, msg_type=work, message=[업무코멘트] 홈페이지 개발&유지보수 주간보고사항
android_push: sql = select * from push_member where push_id = 'i2day@naver.com' and push_device_type = 'A' and del_yn = 'N'
android_push: [i2day@naver.com] message = Y, receipt = Y, work = Y, notice = Y
android_push: 수신자 확인 OK => 전송데이터 확인 OK
android_push: sql = insert into push_history (send_key, comp_idx, part_idx, mem_idx, receiver_id, receiver_name, service_type, msg_type, message, state, state_comment, request_time) values ( '20120922172948327274', 1, 1, 14, 'i2day@naver.com', '박정화', 'android', 'work', '[업무코멘트] 홈페이지 개발&유지보수 주간보고사항', '0', '', now())
android_push: sql = select * from push_c2dm_info where push_id = 'bizstorycokr@gmail.com' and push_enable = 'Y'
android_push: msg_type = work
android_push: message = [업무코멘트] 홈페이지 개발&유지보수 주간보고사항
android_push: sendMessageToPhone = id=0:1348302324200598%04ff7535647832b0
android_push: sql = update push_history set state = '1', state_comment = '전송 OK', send_time = now() where send_key = '20120922172948327274'

android_push: ** 20120922-172952

android_push: ** 20120922-172952

android_push: ** 20120922-172956

android_push: ** 20120922-200845

android_push: ** 20120922-200848
