
android_push: ** 20121007-001338
android_push: sender=bizstorycokr@gmail.com, comp_idx=13, part_idx=17, mem_idx=92, receiver=starnts@greatworks.co.kr, msg_type=receipt, message=[경원중학교] 컴퓨터실 복구프로그..
android_push: sql = select * from push_member where push_id = 'starnts@greatworks.co.kr' and push_device_type = 'A' and del_yn = 'N'
android_push: [starnts@greatworks.co.kr] message = Y, receipt = Y, work = Y, notice = Y
android_push: 수신자 확인 OK => 전송데이터 확인 OK
android_push: sql = insert into push_history (send_key, comp_idx, part_idx, mem_idx, receiver_id, receiver_name, service_type, msg_type, message, state, state_comment, request_time) values ( '20121007001338731101', 13, 17, 92, 'starnts@greatworks.co.kr', '노태성', 'android', 'receipt', '[경원중학교] 컴퓨터실 복구프로그..', '0', '', now())
android_push: sql = select * from push_c2dm_info where push_id = 'bizstorycokr@gmail.com' and push_enable = 'Y'
android_push: msg_type = receipt
android_push: message = [경원중학교] 컴퓨터실 복구프로그..
android_push: sendMessageToPhone = id=0:1349536129223954%04ff7535194ddc09
android_push: sql = update push_history set state = '1', state_comment = '전송 OK', send_time = now() where send_key = '20121007001338731101'

android_push: ** 20121007-014030

android_push: ** 20121007-014030
android_push: sender=bizstorycokr@gmail.com, comp_idx=42, part_idx=78, mem_idx=265, receiver=arisong22@naver.com, msg_type=work, message=[업무] 중앙사무처 조직도 및 업무분장
android_push: sql = select * from push_member where push_id = 'arisong22@naver.com' and push_device_type = 'A' and del_yn = 'N'
android_push: [arisong22@naver.com] message = Y, receipt = Y, work = Y, notice = Y
android_push: 수신자 확인 OK => 전송데이터 확인 OK
android_push: sql = insert into push_history (send_key, comp_idx, part_idx, mem_idx, receiver_id, receiver_name, service_type, msg_type, message, state, state_comment, request_time) values ( '20121007014030891526', 42, 78, 265, 'arisong22@naver.com', '이송효', 'android', 'work', '[업무] 중앙사무처 조직도 및 업무분장', '0', '', now())
android_push: sql = select * from push_c2dm_info where push_id = 'bizstorycokr@gmail.com' and push_enable = 'Y'
android_push: msg_type = work
android_push: message = [업무] 중앙사무처 조직도 및 업무분장
android_push: sendMessageToPhone = id=0:1349541339929482%04ff753529193008
android_push: sql = update push_history set state = '1', state_comment = '전송 OK', send_time = now() where send_key = '20121007014030891526'

android_push: ** 20121007-014032

android_push: ** 20121007-014032
android_push: sender=bizstorycokr@gmail.com, comp_idx=42, part_idx=78, mem_idx=252, receiver=h5478@hanmail.net, msg_type=work, message=[업무] 중앙사무처 조직도 및 업무분장
android_push: sql = select * from push_member where push_id = 'h5478@hanmail.net' and push_device_type = 'A' and del_yn = 'N'
android_push: [h5478@hanmail.net] message = Y, receipt = Y, work = Y, notice = Y
android_push: 수신자 확인 OK => 전송데이터 확인 OK
android_push: sql = insert into push_history (send_key, comp_idx, part_idx, mem_idx, receiver_id, receiver_name, service_type, msg_type, message, state, state_comment, request_time) values ( '20121007014032461540', 42, 78, 252, 'h5478@hanmail.net', '김혁', 'android', 'work', '[업무] 중앙사무처 조직도 및 업무분장', '0', '', now())
android_push: sql = select * from push_c2dm_info where push_id = 'bizstorycokr@gmail.com' and push_enable = 'Y'
android_push: msg_type = work
android_push: message = [업무] 중앙사무처 조직도 및 업무분장
android_push: sendMessageToPhone = id=0:1349541342490638%04ff75358be7fdc3
android_push: sql = update push_history set state = '1', state_comment = '전송 OK', send_time = now() where send_key = '20121007014032461540'

android_push: ** 20121007-014035

android_push: ** 20121007-014036
android_push: sender=bizstorycokr@gmail.com, comp_idx=42, part_idx=78, mem_idx=257, receiver=chro4933@hanmail.net, msg_type=work, message=[업무] 중앙사무처 조직도 및 업무분장
android_push: sql = select * from push_member where push_id = 'chro4933@hanmail.net' and push_device_type = 'A' and del_yn = 'N'
android_push: [chro4933@hanmail.net] message = Y, receipt = Y, work = Y, notice = Y
android_push: 수신자 확인 OK => 전송데이터 확인 OK
android_push: sql = insert into push_history (send_key, comp_idx, part_idx, mem_idx, receiver_id, receiver_name, service_type, msg_type, message, state, state_comment, request_time) values ( '20121007014036199680', 42, 78, 257, 'chro4933@hanmail.net', '임철호', 'android', 'work', '[업무] 중앙사무처 조직도 및 업무분장', '0', '', now())
android_push: sql = select * from push_c2dm_info where push_id = 'bizstorycokr@gmail.com' and push_enable = 'Y'
android_push: msg_type = work
android_push: message = [업무] 중앙사무처 조직도 및 업무분장
android_push: sendMessageToPhone = id=0:1349541347072614%04ff75355a904ea2
android_push: sql = update push_history set state = '1', state_comment = '전송 OK', send_time = now() where send_key = '20121007014036199680'

android_push: ** 20121007-014040

android_push: ** 20121007-014040

android_push: ** 20121007-014040

android_push: ** 20121007-014040
android_push: sender=bizstorycokr@gmail.com, comp_idx=42, part_idx=78, mem_idx=260, receiver=harimq@hanmail.net, msg_type=work, message=[업무] 중앙사무처 조직도 및 업무분장
android_push: sql = select * from push_member where push_id = 'harimq@hanmail.net' and push_device_type = 'A' and del_yn = 'N'
android_push: [harimq@hanmail.net] message = Y, receipt = Y, work = Y, notice = Y
android_push: 수신자 확인 OK => 전송데이터 확인 OK
android_push: sql = insert into push_history (send_key, comp_idx, part_idx, mem_idx, receiver_id, receiver_name, service_type, msg_type, message, state, state_comment, request_time) values ( '20121007014040624416', 42, 78, 260, 'harimq@hanmail.net', '한성찬', 'android', 'work', '[업무] 중앙사무처 조직도 및 업무분장', '0', '', now())
android_push: sql = select * from push_c2dm_info where push_id = 'bizstorycokr@gmail.com' and push_enable = 'Y'
android_push: msg_type = work
android_push: message = [업무] 중앙사무처 조직도 및 업무분장
android_push: sendMessageToPhone = id=0:1349541350391619%04ff75358d2f605f
android_push: sql = update push_history set state = '1', state_comment = '전송 OK', send_time = now() where send_key = '20121007014040624416'

android_push: ** 20121007-081519

android_push: ** 20121007-081525

android_push: ** 20121007-081525

android_push: ** 20121007-081527

android_push: ** 20121007-081529
android_push: sender=bizstorycokr@gmail.com, comp_idx=1, part_idx=1, mem_idx=14, receiver=i2day@naver.com, msg_type=work, message=[업무보고] 뷰스토리 관련 모든업무는 이곳에서 공..
android_push: sql = select * from push_member where push_id = 'i2day@naver.com' and push_device_type = 'A' and del_yn = 'N'
android_push: [i2day@naver.com] message = Y, receipt = Y, work = Y, notice = Y
android_push: 수신자 확인 OK => 전송데이터 확인 OK
android_push: sql = insert into push_history (send_key, comp_idx, part_idx, mem_idx, receiver_id, receiver_name, service_type, msg_type, message, state, state_comment, request_time) values ( '20121007081529120910', 1, 1, 14, 'i2day@naver.com', '박정화', 'android', 'work', '[업무보고] 뷰스토리 관련 모든업무는 이곳에서 공..', '0', '', now())
android_push: sql = select * from push_c2dm_info where push_id = 'bizstorycokr@gmail.com' and push_enable = 'Y'
android_push: msg_type = work
android_push: message = [업무보고] 뷰스토리 관련 모든업무는 이곳에서 공..
android_push: sendMessageToPhone = id=0:1349565038848662%04ff7535abb5dd01
android_push: sql = update push_history set state = '1', state_comment = '전송 OK', send_time = now() where send_key = '20121007081529120910'

android_push: ** 20121007-081533

android_push: ** 20121007-081536
android_push: sender=bizstorycokr@gmail.com, comp_idx=1, part_idx=1, mem_idx=8, receiver=ahnwhan76@naver.com, msg_type=work, message=[업무보고] 뷰스토리 관련 모든업무는 이곳에서 공..
android_push: sql = select * from push_member where push_id = 'ahnwhan76@naver.com' and push_device_type = 'A' and del_yn = 'N'
android_push: [ahnwhan76@naver.com] message = Y, receipt = Y, work = Y, notice = Y
android_push: 수신자 확인 OK => 전송데이터 확인 OK
android_push: sql = insert into push_history (send_key, comp_idx, part_idx, mem_idx, receiver_id, receiver_name, service_type, msg_type, message, state, state_comment, request_time) values ( '20121007081536769122', 1, 1, 8, 'ahnwhan76@naver.com', '문은지', 'android', 'work', '[업무보고] 뷰스토리 관련 모든업무는 이곳에서 공..', '0', '', now())
android_push: sql = select * from push_c2dm_info where push_id = 'bizstorycokr@gmail.com' and push_enable = 'Y'
android_push: msg_type = work
android_push: message = [업무보고] 뷰스토리 관련 모든업무는 이곳에서 공..
android_push: sendMessageToPhone = id=0:1349565045449807%04ff75357f5dc34b
android_push: sql = update push_history set state = '1', state_comment = '전송 OK', send_time = now() where send_key = '20121007081536769122'

android_push: ** 20121007-092314
android_push: sender=bizstorycokr@gmail.com, comp_idx=1, part_idx=11, mem_idx=125, receiver=4004jini@naver.com, msg_type=receipt, message=[동작상도국주도서관] PC 제어 관련
android_push: sql = select * from push_member where push_id = '4004jini@naver.com' and push_device_type = 'A' and del_yn = 'N'
android_push: [4004jini@naver.com] message = Y, receipt = Y, work = Y, notice = Y
android_push: 수신자 확인 OK => 전송데이터 확인 OK
android_push: sql = insert into push_history (send_key, comp_idx, part_idx, mem_idx, receiver_id, receiver_name, service_type, msg_type, message, state, state_comment, request_time) values ( '20121007092314487521', 1, 11, 125, '4004jini@naver.com', '이호진', 'android', 'receipt', '[동작상도국주도서관] PC 제어 관련', '0', '', now())
android_push: sql = select * from push_c2dm_info where push_id = 'bizstorycokr@gmail.com' and push_enable = 'Y'
android_push: msg_type = receipt
android_push: message = [동작상도국주도서관] PC 제어 관련
android_push: sendMessageToPhone = id=0:1349569103336847%04ff7535a1710453
android_push: sql = update push_history set state = '1', state_comment = '전송 OK', send_time = now() where send_key = '20121007092314487521'
android_push: sender=bizstorycokr@gmail.com, comp_idx=1, part_idx=11, mem_idx=125, receiver=4004jini@naver.com, msg_type=receipt, message=[동작상도국주도서관] PC 제어 관련
android_push: sql = select * from push_member where push_id = '4004jini@naver.com' and push_device_type = 'A' and del_yn = 'N'
android_push: [4004jini@naver.com] message = Y, receipt = Y, work = Y, notice = Y
android_push: 수신자 확인 OK => 전송데이터 확인 OK
android_push: sql = insert into push_history (send_key, comp_idx, part_idx, mem_idx, receiver_id, receiver_name, service_type, msg_type, message, state, state_comment, request_time) values ( '20121007092316802286', 1, 11, 125, '4004jini@naver.com', '이호진', 'android', 'receipt', '[동작상도국주도서관] PC 제어 관련', '0', '', now())
android_push: sql = select * from push_c2dm_info where push_id = 'bizstorycokr@gmail.com' and push_enable = 'Y'
android_push: msg_type = receipt
android_push: message = [동작상도국주도서관] PC 제어 관련
android_push: sendMessageToPhone = id=0:1349569105626408%04ff7535119dd0ea
android_push: sql = update push_history set state = '1', state_comment = '전송 OK', send_time = now() where send_key = '20121007092316802286'
