
c2dm_registration: ** 20121212-114445
c2dm_registration: cmd=add, id=bighawkkr@gmail.com, pw=3515, registration_id=, device_unique_id=8C7410DB211104E85B5B5832D8E5BCD4
c2dm_registration: message=Y, receipt=Y, work=Y, notice=Y
c2dm_registration: sql = select * from member_info where mem_id = 'bighawkkr@gmail.com' and mem_pwd = '1521d8c46c24ee03e37e21f1e95e5aac' and del_yn = 'N'
c2dm_registration: 인증성공
c2dm_registration: sql = select * from push_member where push_id = 'bighawkkr@gmail.com' and push_pwd = '1521d8c46c24ee03e37e21f1e95e5aac'
c2dm_registration: sql = insert into push_member (comp_idx, part_idx, mem_idx, push_id, push_pwd, push_name, push_enable, push_device_type, push_registration_id, push_message, push_receipt, push_work, push_notice, push_consult, push_device_unique_id, reg_date, del_yn) values ('1','29','364','bighawkkr@gmail.com','1521d8c46c24ee03e37e21f1e95e5aac','박홍근','Y','A','','Y','Y','Y','Y','','8C7410DB211104E85B5B5832D8E5BCD4',now(),'N')
c2dm_registration: resCode = {resCode:[{code:"200",message:"박홍근"}]});

c2dm_registration: ** 20121212-114447
c2dm_registration: cmd=registration, id=bighawkkr@gmail.com, pw=3515, registration_id=APA91bH2mBBm6ZKO-NCalaqGJB28OpZpRy9md8xIM_uA1G9hGgd8qvTx-9S_4W62A0PwQduAcPUAYmQhb-oNAMetToR-f1uIzPNcnYElD1Ps1-WQK17vI6wWgYnd4_6xyUSaxKB_71sJN4HTUU1rsHE0Rs8yO2Letg, device_unique_id=null
c2dm_registration: message=null, receipt=null, work=null, notice=null
c2dm_registration: sql = select * from member_info where mem_id = 'bighawkkr@gmail.com' and mem_pwd = '1521d8c46c24ee03e37e21f1e95e5aac' and del_yn = 'N'
c2dm_registration: 인증성공
c2dm_registration: sql = select * from push_member where push_id = 'bighawkkr@gmail.com' and push_pwd = '1521d8c46c24ee03e37e21f1e95e5aac' and push_device_type = 'A' 
c2dm_registration: sql = update push_member set push_registration_id = 'APA91bH2mBBm6ZKO-NCalaqGJB28OpZpRy9md8xIM_uA1G9hGgd8qvTx-9S_4W62A0PwQduAcPUAYmQhb-oNAMetToR-f1uIzPNcnYElD1Ps1-WQK17vI6wWgYnd4_6xyUSaxKB_71sJN4HTUU1rsHE0Rs8yO2Letg', mod_date = now() where push_id = 'bighawkkr@gmail.com' and push_device_type = 'A' 
c2dm_registration: resCode = {resCode:[{code:"200",message:"박홍근"}]});

c2dm_registration: ** 20121212-170530
c2dm_registration: cmd=add, id=boza119@naver.com, pw=1234, registration_id=, device_unique_id=1FEDDC058BED82ED688115F27B4F6692
c2dm_registration: message=Y, receipt=Y, work=Y, notice=Y
c2dm_registration: sql = select * from member_info where mem_id = 'boza119@naver.com' and mem_pwd = '154d3317e39c57e98475aba14b11c8f8' and del_yn = 'N'
c2dm_registration: 인증성공
c2dm_registration: sql = select * from push_member where push_id = 'boza119@naver.com' and push_pwd = '154d3317e39c57e98475aba14b11c8f8'
c2dm_registration: sql = insert into push_member (comp_idx, part_idx, mem_idx, push_id, push_pwd, push_name, push_enable, push_device_type, push_registration_id, push_message, push_receipt, push_work, push_notice, push_consult, push_device_unique_id, reg_date, del_yn) values ('56','104','375','boza119@naver.com','154d3317e39c57e98475aba14b11c8f8','백종웅','Y','A','','Y','Y','Y','Y','','1FEDDC058BED82ED688115F27B4F6692',now(),'N')
c2dm_registration: resCode = {resCode:[{code:"200",message:"백종웅"}]});

c2dm_registration: ** 20121212-170531
c2dm_registration: cmd=registration, id=boza119@naver.com, pw=1234, registration_id=APA91bGTXrhVbJYwN4gtXRBPbh1J4MdyF-gsVA7DzcMi5Qp969w6cXiGihj1C2LPkmWZS-sWfwrwjQM-3B1DtuJscXYo-TiwUrHcUIqwNbMPo54CUZJIxv77LeQ1LpAhlE7j7Q1DWhGesQPpS6EHQ-zr1deoaKN4DQ, device_unique_id=null
c2dm_registration: message=null, receipt=null, work=null, notice=null
c2dm_registration: sql = select * from member_info where mem_id = 'boza119@naver.com' and mem_pwd = '154d3317e39c57e98475aba14b11c8f8' and del_yn = 'N'
c2dm_registration: 인증성공
c2dm_registration: sql = select * from push_member where push_id = 'boza119@naver.com' and push_pwd = '154d3317e39c57e98475aba14b11c8f8' and push_device_type = 'A' 
c2dm_registration: sql = update push_member set push_registration_id = 'APA91bGTXrhVbJYwN4gtXRBPbh1J4MdyF-gsVA7DzcMi5Qp969w6cXiGihj1C2LPkmWZS-sWfwrwjQM-3B1DtuJscXYo-TiwUrHcUIqwNbMPo54CUZJIxv77LeQ1LpAhlE7j7Q1DWhGesQPpS6EHQ-zr1deoaKN4DQ', mod_date = now() where push_id = 'boza119@naver.com' and push_device_type = 'A' 
c2dm_registration: resCode = {resCode:[{code:"200",message:"백종웅"}]});
