
c2dm_registration: ** 20121008-124605
c2dm_registration: cmd=add, id=lovelyjini@daum.net, pw=sd578648, registration_id=, device_unique_id=A90DD370159EF9C861B16EF819B41568
c2dm_registration: message=Y, receipt=Y, work=Y, notice=Y
c2dm_registration: sql = select * from member_info where mem_id = 'lovelyjini@daum.net' and mem_pwd = 'c574471ad46a76445a1fc9a6333795d6' and del_yn = 'N'
c2dm_registration: 인증성공
c2dm_registration: sql = select * from push_member where push_id = 'lovelyjini@daum.net' and push_pwd = 'c574471ad46a76445a1fc9a6333795d6'
c2dm_registration: sql = insert into push_member (comp_idx, part_idx, mem_idx, push_id, push_pwd, push_name, push_enable, push_device_type, push_registration_id, push_message, push_receipt, push_work, push_notice, push_device_unique_id, reg_date, del_yn) values ('7','8','306','lovelyjini@daum.net','c574471ad46a76445a1fc9a6333795d6','이호진','Y','A','','Y','Y','Y','Y','A90DD370159EF9C861B16EF819B41568',now(),'N')
c2dm_registration: resCode = {resCode:[{code:"200",message:"이호진"}]});

c2dm_registration: ** 20121008-124606
c2dm_registration: cmd=registration, id=lovelyjini@daum.net, pw=sd578648, registration_id=APA91bHV-SlnFL99hIu0oVMtPQk99LIHeKM1fz17LNu83fCATX7SfL5CTYpkza6wBhd6txJGxSvYEqCdFy8e7NtH6SL9iQDlvvBBVlJthj8d5pJ0iq3zN_8F8K9_QaA_L2jlmwt3TykeONlUZ-4ydqUGWPEdmRJgdg, device_unique_id=null
c2dm_registration: message=null, receipt=null, work=null, notice=null
c2dm_registration: sql = select * from member_info where mem_id = 'lovelyjini@daum.net' and mem_pwd = 'c574471ad46a76445a1fc9a6333795d6' and del_yn = 'N'
c2dm_registration: 인증성공
c2dm_registration: sql = select * from push_member where push_id = 'lovelyjini@daum.net' and push_pwd = 'c574471ad46a76445a1fc9a6333795d6' and push_device_type = 'A' 
c2dm_registration: sql = update push_member set push_registration_id = 'APA91bHV-SlnFL99hIu0oVMtPQk99LIHeKM1fz17LNu83fCATX7SfL5CTYpkza6wBhd6txJGxSvYEqCdFy8e7NtH6SL9iQDlvvBBVlJthj8d5pJ0iq3zN_8F8K9_QaA_L2jlmwt3TykeONlUZ-4ydqUGWPEdmRJgdg', mod_date = now() where push_id = 'lovelyjini@daum.net' and push_device_type = 'A' 
c2dm_registration: resCode = {resCode:[{code:"200",message:"이호진"}]});

c2dm_registration: ** 20121008-140914
c2dm_registration: cmd=add, id=4004jini@naver.com, pw=sd578648, registration_id=, device_unique_id=A90DD370159EF9C861B16EF819B41568
c2dm_registration: message=Y, receipt=Y, work=Y, notice=Y
c2dm_registration: sql = select * from member_info where mem_id = '4004jini@naver.com' and mem_pwd = 'c574471ad46a76445a1fc9a6333795d6' and del_yn = 'N'
c2dm_registration: 인증성공
c2dm_registration: sql = select * from push_member where push_id = '4004jini@naver.com' and push_pwd = 'c574471ad46a76445a1fc9a6333795d6'
c2dm_registration: sql = update push_member set push_enable = 'Y', push_message = 'Y', push_receipt = 'Y', push_work = 'Y', push_notice = 'Y', push_registration_id = '', push_device_unique_id = 'A90DD370159EF9C861B16EF819B41568', mod_date = now() where push_id = '4004jini@naver.com' and push_device_type = 'A' 
c2dm_registration: resCode = {resCode:[{code:"200",message:"이호진"}]});

c2dm_registration: ** 20121008-140915
c2dm_registration: cmd=registration, id=4004jini@naver.com, pw=sd578648, registration_id=APA91bHV-SlnFL99hIu0oVMtPQk99LIHeKM1fz17LNu83fCATX7SfL5CTYpkza6wBhd6txJGxSvYEqCdFy8e7NtH6SL9iQDlvvBBVlJthj8d5pJ0iq3zN_8F8K9_QaA_L2jlmwt3TykeONlUZ-4ydqUGWPEdmRJgdg, device_unique_id=null
c2dm_registration: message=null, receipt=null, work=null, notice=null
c2dm_registration: sql = select * from member_info where mem_id = '4004jini@naver.com' and mem_pwd = 'c574471ad46a76445a1fc9a6333795d6' and del_yn = 'N'
c2dm_registration: 인증성공
c2dm_registration: sql = select * from push_member where push_id = '4004jini@naver.com' and push_pwd = 'c574471ad46a76445a1fc9a6333795d6' and push_device_type = 'A' 
c2dm_registration: sql = update push_member set push_registration_id = 'APA91bHV-SlnFL99hIu0oVMtPQk99LIHeKM1fz17LNu83fCATX7SfL5CTYpkza6wBhd6txJGxSvYEqCdFy8e7NtH6SL9iQDlvvBBVlJthj8d5pJ0iq3zN_8F8K9_QaA_L2jlmwt3TykeONlUZ-4ydqUGWPEdmRJgdg', mod_date = now() where push_id = '4004jini@naver.com' and push_device_type = 'A' 
c2dm_registration: resCode = {resCode:[{code:"200",message:"이호진"}]});

c2dm_registration: ** 20121008-154629
c2dm_registration: cmd=add, id=neo@neolohas.net, pw=neo0624, registration_id=, device_unique_id=73FB246C269F700779DFA67259FEB72B
c2dm_registration: message=Y, receipt=Y, work=Y, notice=Y
c2dm_registration: sql = select * from member_info where mem_id = 'neo@neolohas.net' and mem_pwd = '3673b457fc29b36a70547b12e4a4f42b' and del_yn = 'N'
c2dm_registration: 인증성공
c2dm_registration: sql = select * from push_member where push_id = 'neo@neolohas.net' and push_pwd = '3673b457fc29b36a70547b12e4a4f42b'
c2dm_registration: sql = insert into push_member (comp_idx, part_idx, mem_idx, push_id, push_pwd, push_name, push_enable, push_device_type, push_registration_id, push_message, push_receipt, push_work, push_notice, push_device_unique_id, reg_date, del_yn) values ('35','40','189','neo@neolohas.net','3673b457fc29b36a70547b12e4a4f42b','고광태','Y','A','','Y','Y','Y','Y','73FB246C269F700779DFA67259FEB72B',now(),'N')
c2dm_registration: resCode = {resCode:[{code:"200",message:"고광태"}]});

c2dm_registration: ** 20121008-154630
c2dm_registration: cmd=registration, id=neo@neolohas.net, pw=neo0624, registration_id=APA91bEok_xmyW8wQsKECJQzzyAGtJaDCSGvojnU-LCZ3Twlx2lo7SptCIqMk_X6uYcJb1MokBdY1ZCf6FDvhIJBORm5ZmCrTZask7bb0pfnbDVcKo8_UTaE8CGMvEeA6oAGls8rQd8CkahIWDM8s-68CiEQmiNxUQ, device_unique_id=null
c2dm_registration: message=null, receipt=null, work=null, notice=null
c2dm_registration: sql = select * from member_info where mem_id = 'neo@neolohas.net' and mem_pwd = '3673b457fc29b36a70547b12e4a4f42b' and del_yn = 'N'
c2dm_registration: 인증성공
c2dm_registration: sql = select * from push_member where push_id = 'neo@neolohas.net' and push_pwd = '3673b457fc29b36a70547b12e4a4f42b' and push_device_type = 'A' 
c2dm_registration: sql = update push_member set push_registration_id = 'APA91bEok_xmyW8wQsKECJQzzyAGtJaDCSGvojnU-LCZ3Twlx2lo7SptCIqMk_X6uYcJb1MokBdY1ZCf6FDvhIJBORm5ZmCrTZask7bb0pfnbDVcKo8_UTaE8CGMvEeA6oAGls8rQd8CkahIWDM8s-68CiEQmiNxUQ', mod_date = now() where push_id = 'neo@neolohas.net' and push_device_type = 'A' 
c2dm_registration: resCode = {resCode:[{code:"200",message:"고광태"}]});
