
c2dm_registration: ** 20130204-221940
c2dm_registration: cmd=add, id=ahnnyh@nate.com, pw=7887, registration_id=, device_unique_id=382507E58989746D05054E36A23E1EF5
c2dm_registration: message=Y, receipt=Y, work=Y, notice=Y
c2dm_registration: sql = select * from member_info where mem_id = 'ahnnyh@nate.com' and mem_pwd = 'c44faa9977979d643da53afba48d96bf' and del_yn = 'N'
c2dm_registration: 인증성공
c2dm_registration: sql = select * from push_member where push_id = 'ahnnyh@nate.com' and push_pwd = 'c44faa9977979d643da53afba48d96bf'
c2dm_registration: sql = update push_member set
				  push_enable  = 'Y'
				, push_message = 'Y'
				, push_receipt = 'Y'
				, push_work    = 'Y'
				, push_notice  = 'Y'
				, push_consult = ''
				, push_registration_id  = ''
				, push_device_unique_id = '382507E58989746D05054E36A23E1EF5'
				, mod_date = now()
			where push_id = 'ahnnyh@nate.com' and push_device_type = 'A' 
c2dm_registration: resCode = {resCode:[{code:"200",message:"안용현"}]});

c2dm_registration: ** 20130204-221941
c2dm_registration: cmd=registration, id=ahnnyh@nate.com, pw=7887, registration_id=APA91bHTvqvTPacYL6ehsncXsOH8OvyVCuka0UCyhtQ5bE78pH9WIPiz915a8qRFtZt-yrckuJTApRRvZFXt5U7n6oMgBGLzbZC8ZyaQkhYPK3_7egAIGemSElCbaneKgupTMSBUKCKlhVD-tIAWZuyg-MEKFW-t1w, device_unique_id=null
c2dm_registration: message=null, receipt=null, work=null, notice=null
c2dm_registration: sql = select * from member_info where mem_id = 'ahnnyh@nate.com' and mem_pwd = 'c44faa9977979d643da53afba48d96bf' and del_yn = 'N'
c2dm_registration: 인증성공
c2dm_registration: sql = select * from push_member where push_id = 'ahnnyh@nate.com' and push_pwd = 'c44faa9977979d643da53afba48d96bf' and push_device_type = 'A' 
c2dm_registration: sql = update push_member set push_registration_id = 'APA91bHTvqvTPacYL6ehsncXsOH8OvyVCuka0UCyhtQ5bE78pH9WIPiz915a8qRFtZt-yrckuJTApRRvZFXt5U7n6oMgBGLzbZC8ZyaQkhYPK3_7egAIGemSElCbaneKgupTMSBUKCKlhVD-tIAWZuyg-MEKFW-t1w', mod_date = now() where push_id = 'ahnnyh@nate.com' and push_device_type = 'A' 
c2dm_registration: resCode = {resCode:[{code:"200",message:"안용현"}]});
