
c2dm_registration: ** 20121006-113044
c2dm_registration: cmd=add, id=edu_plan@naver.com, pw=soul1616, registration_id=, device_unique_id=EC1D6BC3961ED475F3CD2C4011A5F7A1
c2dm_registration: message=Y, receipt=Y, work=Y, notice=Y
c2dm_registration: sql = select * from member_info where mem_id = 'edu_plan@naver.com' and mem_pwd = '6a30663683e0d7734d6f2b02f88da3fd' and del_yn = 'N'
c2dm_registration: 인증성공
c2dm_registration: sql = select * from push_member where push_id = 'edu_plan@naver.com' and push_pwd = '6a30663683e0d7734d6f2b02f88da3fd'
c2dm_registration: sql = insert into push_member (comp_idx, part_idx, mem_idx, push_id, push_pwd, push_name, push_enable, push_device_type, push_registration_id, push_message, push_receipt, push_work, push_notice, push_device_unique_id, reg_date, del_yn) values ('14','18','95','edu_plan@naver.com','6a30663683e0d7734d6f2b02f88da3fd','안홍식','Y','A','','Y','Y','Y','Y','EC1D6BC3961ED475F3CD2C4011A5F7A1',now(),'N')
c2dm_registration: resCode = {resCode:[{code:"200",message:"안홍식"}]});

c2dm_registration: ** 20121006-113045
c2dm_registration: cmd=registration, id=edu_plan@naver.com, pw=soul1616, registration_id=APA91bEwaBHEzykzDSxfh3cvDUG-6Sj_XNoNd5eP7eDkUzunxiaFWoDwMNasphXbZAYndrOlyM6C2rMEiBuTmSvGUn4dERB6oUtn30fm8VNVkp57HoLzP8q9p7etJ-x8gh0t9gCzrR66wuD6oNMRYoK0n4I0WoF3OQ, device_unique_id=null
c2dm_registration: message=null, receipt=null, work=null, notice=null
c2dm_registration: sql = select * from member_info where mem_id = 'edu_plan@naver.com' and mem_pwd = '6a30663683e0d7734d6f2b02f88da3fd' and del_yn = 'N'
c2dm_registration: 인증성공
c2dm_registration: sql = select * from push_member where push_id = 'edu_plan@naver.com' and push_pwd = '6a30663683e0d7734d6f2b02f88da3fd' and push_device_type = 'A' 
c2dm_registration: sql = update push_member set push_registration_id = 'APA91bEwaBHEzykzDSxfh3cvDUG-6Sj_XNoNd5eP7eDkUzunxiaFWoDwMNasphXbZAYndrOlyM6C2rMEiBuTmSvGUn4dERB6oUtn30fm8VNVkp57HoLzP8q9p7etJ-x8gh0t9gCzrR66wuD6oNMRYoK0n4I0WoF3OQ', mod_date = now() where push_id = 'edu_plan@naver.com' and push_device_type = 'A' 
c2dm_registration: resCode = {resCode:[{code:"200",message:"안홍식"}]});

c2dm_registration: ** 20121006-151731
c2dm_registration: cmd=add, id=h5478@hanmail.net, pw=rlagur76, registration_id=, device_unique_id=1C3168610881E3096D91869B41F9B1E3
c2dm_registration: message=Y, receipt=Y, work=Y, notice=Y
c2dm_registration: sql = select * from member_info where mem_id = 'h5478@hanmail.net' and mem_pwd = '941180b5a5886df3330d99d4475456c7' and del_yn = 'N'
c2dm_registration: 인증성공
c2dm_registration: sql = select * from push_member where push_id = 'h5478@hanmail.net' and push_pwd = '941180b5a5886df3330d99d4475456c7'
c2dm_registration: sql = update push_member set push_enable = 'Y', push_message = 'Y', push_receipt = 'Y', push_work = 'Y', push_notice = 'Y', push_registration_id = '', push_device_unique_id = '1C3168610881E3096D91869B41F9B1E3', mod_date = now() where push_id = 'h5478@hanmail.net' and push_device_type = 'A' 
c2dm_registration: resCode = {resCode:[{code:"200",message:"김혁"}]});

c2dm_registration: ** 20121006-151732
c2dm_registration: cmd=registration, id=h5478@hanmail.net, pw=rlagur76, registration_id=APA91bHSHrtLdtp-koPnmcO6kTda2Svr9DRAI-PI5Ml7mVABVEhS41I-3bw0MZgJGxPE_oU9YWMVnB24ZzOQuq16Noj0bH1iLEme3tl8wp_zd_L3xkJigrSAhGE3maUihNoZ1oJ0pIs8ZEkG2dNIHxCD4udiZlmjHw, device_unique_id=null
c2dm_registration: message=null, receipt=null, work=null, notice=null
c2dm_registration: sql = select * from member_info where mem_id = 'h5478@hanmail.net' and mem_pwd = '941180b5a5886df3330d99d4475456c7' and del_yn = 'N'
c2dm_registration: 인증성공
c2dm_registration: sql = select * from push_member where push_id = 'h5478@hanmail.net' and push_pwd = '941180b5a5886df3330d99d4475456c7' and push_device_type = 'A' 
c2dm_registration: sql = update push_member set push_registration_id = 'APA91bHSHrtLdtp-koPnmcO6kTda2Svr9DRAI-PI5Ml7mVABVEhS41I-3bw0MZgJGxPE_oU9YWMVnB24ZzOQuq16Noj0bH1iLEme3tl8wp_zd_L3xkJigrSAhGE3maUihNoZ1oJ0pIs8ZEkG2dNIHxCD4udiZlmjHw', mod_date = now() where push_id = 'h5478@hanmail.net' and push_device_type = 'A' 
c2dm_registration: resCode = {resCode:[{code:"200",message:"김혁"}]});
