
android_push: ** 20121006-083300
android_push: sender=bizstorycokr@gmail.com, comp_idx=5, part_idx=5, mem_idx=17, receiver=tssh2003@hanmail.net, msg_type=work, message=[업무보고] 도봉초 RZ5000 잉크 납품
android_push: sql = select * from push_member where push_id = 'tssh2003@hanmail.net' and push_device_type = 'A' and del_yn = 'N'
android_push: [tssh2003@hanmail.net] message = Y, receipt = Y, work = Y, notice = Y
android_push: 수신자 확인 OK => 전송데이터 확인 OK
android_push: sql = insert into push_history (send_key, comp_idx, part_idx, mem_idx, receiver_id, receiver_name, service_type, msg_type, message, state, state_comment, request_time) values ( '20121006083300568244', 5, 5, 17, 'tssh2003@hanmail.net', '이태성', 'android', 'work', '[업무보고] 도봉초 RZ5000 잉크 납품', '0', '', now())
android_push: sql = select * from push_c2dm_info where push_id = 'bizstorycokr@gmail.com' and push_enable = 'Y'
android_push: msg_type = work
android_push: message = [업무보고] 도봉초 RZ5000 잉크 납품
android_push: sendMessageToPhone = id=0:1349479690883693%04ff7535d871b547
android_push: sql = update push_history set state = '1', state_comment = '전송 OK', send_time = now() where send_key = '20121006083300568244'

android_push: ** 20121006-083302

android_push: ** 20121006-083351
android_push: sender=bizstorycokr@gmail.com, comp_idx=5, part_idx=5, mem_idx=17, receiver=tssh2003@hanmail.net, msg_type=work, message=[업무보고] 형남중 EZ531AJ 인쇄기 설치
android_push: sql = select * from push_member where push_id = 'tssh2003@hanmail.net' and push_device_type = 'A' and del_yn = 'N'
android_push: [tssh2003@hanmail.net] message = Y, receipt = Y, work = Y, notice = Y
android_push: 수신자 확인 OK => 전송데이터 확인 OK
android_push: sql = insert into push_history (send_key, comp_idx, part_idx, mem_idx, receiver_id, receiver_name, service_type, msg_type, message, state, state_comment, request_time) values ( '20121006083351822585', 5, 5, 17, 'tssh2003@hanmail.net', '이태성', 'android', 'work', '[업무보고] 형남중 EZ531AJ 인쇄기 설치', '0', '', now())
android_push: sql = select * from push_c2dm_info where push_id = 'bizstorycokr@gmail.com' and push_enable = 'Y'
android_push: msg_type = work
android_push: message = [업무보고] 형남중 EZ531AJ 인쇄기 설치
android_push: sendMessageToPhone = id=0:1349479742423749%04ff753519a14e42
android_push: sql = update push_history set state = '1', state_comment = '전송 OK', send_time = now() where send_key = '20121006083351822585'

android_push: ** 20121006-083354

android_push: ** 20121006-083354
android_push: sender=bizstorycokr@gmail.com, comp_idx=5, part_idx=5, mem_idx=140, receiver=kty5458@hanmail.net, msg_type=work, message=[업무보고] 형남중 EZ531AJ 인쇄기 설치
android_push: sql = select * from push_member where push_id = 'kty5458@hanmail.net' and push_device_type = 'A' and del_yn = 'N'
android_push: [kty5458@hanmail.net] message = Y, receipt = Y, work = Y, notice = Y
android_push: 수신자 확인 OK => 전송데이터 확인 OK
android_push: sql = insert into push_history (send_key, comp_idx, part_idx, mem_idx, receiver_id, receiver_name, service_type, msg_type, message, state, state_comment, request_time) values ( '20121006083354775569', 5, 5, 140, 'kty5458@hanmail.net', '김태영', 'android', 'work', '[업무보고] 형남중 EZ531AJ 인쇄기 설치', '0', '', now())
android_push: sql = select * from push_c2dm_info where push_id = 'bizstorycokr@gmail.com' and push_enable = 'Y'
android_push: msg_type = work
android_push: message = [업무보고] 형남중 EZ531AJ 인쇄기 설치
android_push: sendMessageToPhone = id=0:1349479744771473%04ff7535b6e6f9ce
android_push: sql = update push_history set state = '1', state_comment = '전송 OK', send_time = now() where send_key = '20121006083354775569'

android_push: ** 20121006-105616

android_push: ** 20121006-105622

android_push: ** 20121006-105622

android_push: ** 20121006-105626

android_push: ** 20121006-105628
android_push: sender=bizstorycokr@gmail.com, comp_idx=1, part_idx=1, mem_idx=14, receiver=i2day@naver.com, msg_type=work, message=[업무보고] 뷰스토리 관련 모든업무는 이곳에서 공..
android_push: sql = select * from push_member where push_id = 'i2day@naver.com' and push_device_type = 'A' and del_yn = 'N'
android_push: [i2day@naver.com] message = Y, receipt = Y, work = Y, notice = Y
android_push: 수신자 확인 OK => 전송데이터 확인 OK
android_push: sql = insert into push_history (send_key, comp_idx, part_idx, mem_idx, receiver_id, receiver_name, service_type, msg_type, message, state, state_comment, request_time) values ( '20121006105628140862', 1, 1, 14, 'i2day@naver.com', '박정화', 'android', 'work', '[업무보고] 뷰스토리 관련 모든업무는 이곳에서 공..', '0', '', now())
android_push: sql = select * from push_c2dm_info where push_id = 'bizstorycokr@gmail.com' and push_enable = 'Y'
android_push: msg_type = work
android_push: message = [업무보고] 뷰스토리 관련 모든업무는 이곳에서 공..
android_push: sendMessageToPhone = id=0:1349488299418920%04ff75354e5f09f1
android_push: sql = update push_history set state = '1', state_comment = '전송 OK', send_time = now() where send_key = '20121006105628140862'

android_push: ** 20121006-105633

android_push: ** 20121006-105633

android_push: ** 20121006-141006

android_push: ** 20121006-141006
android_push: sender=bizstorycokr@gmail.com, comp_idx=42, part_idx=78, mem_idx=265, receiver=arisong22@naver.com, msg_type=work, message=[업무] 전략 경영의 대가 "헨리 민츠버그"교..
android_push: sql = select * from push_member where push_id = 'arisong22@naver.com' and push_device_type = 'A' and del_yn = 'N'
android_push: [arisong22@naver.com] message = Y, receipt = Y, work = Y, notice = Y
android_push: 수신자 확인 OK => 전송데이터 확인 OK
android_push: sql = insert into push_history (send_key, comp_idx, part_idx, mem_idx, receiver_id, receiver_name, service_type, msg_type, message, state, state_comment, request_time) values ( '20121006141006583230', 42, 78, 265, 'arisong22@naver.com', '이송효', 'android', 'work', '[업무] 전략 경영의 대가 "헨리 민츠버그"교..', '0', '', now())
android_push: sql = select * from push_c2dm_info where push_id = 'bizstorycokr@gmail.com' and push_enable = 'Y'
android_push: msg_type = work
android_push: message = [업무] 전략 경영의 대가 "헨리 민츠버그"교..
android_push: sendMessageToPhone = id=0:1349499917121546%04ff753524afaceb
android_push: sql = update push_history set state = '1', state_comment = '전송 OK', send_time = now() where send_key = '20121006141006583230'

android_push: ** 20121006-141009

android_push: ** 20121006-141009
android_push: sender=bizstorycokr@gmail.com, comp_idx=42, part_idx=78, mem_idx=252, receiver=h5478@hanmail.net, msg_type=work, message=[업무] 전략 경영의 대가 "헨리 민츠버그"교..
android_push: sql = select * from push_member where push_id = 'h5478@hanmail.net' and push_device_type = 'A' and del_yn = 'N'
android_push: [h5478@hanmail.net] message = Y, receipt = Y, work = Y, notice = Y
android_push: 수신자 확인 OK => 전송데이터 확인 OK
android_push: sql = insert into push_history (send_key, comp_idx, part_idx, mem_idx, receiver_id, receiver_name, service_type, msg_type, message, state, state_comment, request_time) values ( '20121006141009102696', 42, 78, 252, 'h5478@hanmail.net', '김혁', 'android', 'work', '[업무] 전략 경영의 대가 "헨리 민츠버그"교..', '0', '', now())
android_push: sql = select * from push_c2dm_info where push_id = 'bizstorycokr@gmail.com' and push_enable = 'Y'
android_push: msg_type = work
android_push: message = [업무] 전략 경영의 대가 "헨리 민츠버그"교..
android_push: sendMessageToPhone = id=0:1349499919470714%04ff7535bc1ddb8f
android_push: sql = update push_history set state = '1', state_comment = '전송 OK', send_time = now() where send_key = '20121006141009102696'

android_push: ** 20121006-141011

android_push: ** 20121006-141012
android_push: sender=bizstorycokr@gmail.com, comp_idx=42, part_idx=78, mem_idx=257, receiver=chro4933@hanmail.net, msg_type=work, message=[업무] 전략 경영의 대가 "헨리 민츠버그"교..
android_push: sql = select * from push_member where push_id = 'chro4933@hanmail.net' and push_device_type = 'A' and del_yn = 'N'
android_push: [chro4933@hanmail.net] message = Y, receipt = Y, work = Y, notice = Y
android_push: 수신자 확인 OK => 전송데이터 확인 OK
android_push: sql = insert into push_history (send_key, comp_idx, part_idx, mem_idx, receiver_id, receiver_name, service_type, msg_type, message, state, state_comment, request_time) values ( '20121006141012234609', 42, 78, 257, 'chro4933@hanmail.net', '임철호', 'android', 'work', '[업무] 전략 경영의 대가 "헨리 민츠버그"교..', '0', '', now())
android_push: sql = select * from push_c2dm_info where push_id = 'bizstorycokr@gmail.com' and push_enable = 'Y'
android_push: msg_type = work
android_push: message = [업무] 전략 경영의 대가 "헨리 민츠버그"교..
android_push: sendMessageToPhone = id=0:1349499922622742%04ff7535b3937073
android_push: sql = update push_history set state = '1', state_comment = '전송 OK', send_time = now() where send_key = '20121006141012234609'

android_push: ** 20121006-141014

android_push: ** 20121006-141014

android_push: ** 20121006-141014
android_push: sender=bizstorycokr@gmail.com, comp_idx=42, part_idx=78, mem_idx=255, receiver=j-terius@hanmail.net, msg_type=work, message=[업무] 전략 경영의 대가 "헨리 민츠버그"교..
android_push: sql = select * from push_member where push_id = 'j-terius@hanmail.net' and push_device_type = 'A' and del_yn = 'N'
android_push: [j-terius@hanmail.net] message = Y, receipt = Y, work = Y, notice = Y
android_push: 수신자 확인 OK => 전송데이터 확인 OK
android_push: sql = insert into push_history (send_key, comp_idx, part_idx, mem_idx, receiver_id, receiver_name, service_type, msg_type, message, state, state_comment, request_time) values ( '20121006141014919873', 42, 78, 255, 'j-terius@hanmail.net', '전세용', 'android', 'work', '[업무] 전략 경영의 대가 "헨리 민츠버그"교..', '0', '', now())
android_push: sql = select * from push_c2dm_info where push_id = 'bizstorycokr@gmail.com' and push_enable = 'Y'
android_push: msg_type = work
android_push: message = [업무] 전략 경영의 대가 "헨리 민츠버그"교..
android_push: sendMessageToPhone = id=0:1349499925142569%04ff75352937f27c
android_push: sql = update push_history set state = '1', state_comment = '전송 OK', send_time = now() where send_key = '20121006141014919873'

android_push: ** 20121006-141017
android_push: sender=bizstorycokr@gmail.com, comp_idx=42, part_idx=78, mem_idx=260, receiver=harimq@hanmail.net, msg_type=work, message=[업무] 전략 경영의 대가 "헨리 민츠버그"교..
android_push: sql = select * from push_member where push_id = 'harimq@hanmail.net' and push_device_type = 'A' and del_yn = 'N'
android_push: [harimq@hanmail.net] message = Y, receipt = Y, work = Y, notice = Y
android_push: 수신자 확인 OK => 전송데이터 확인 OK
android_push: sql = insert into push_history (send_key, comp_idx, part_idx, mem_idx, receiver_id, receiver_name, service_type, msg_type, message, state, state_comment, request_time) values ( '20121006141017776093', 42, 78, 260, 'harimq@hanmail.net', '한성찬', 'android', 'work', '[업무] 전략 경영의 대가 "헨리 민츠버그"교..', '0', '', now())
android_push: sql = select * from push_c2dm_info where push_id = 'bizstorycokr@gmail.com' and push_enable = 'Y'
android_push: msg_type = work
android_push: message = [업무] 전략 경영의 대가 "헨리 민츠버그"교..
android_push: sendMessageToPhone = id=0:1349499927770668%04ff7535c4d40520
android_push: sql = update push_history set state = '1', state_comment = '전송 OK', send_time = now() where send_key = '20121006141017776093'

android_push: ** 20121006-161643
android_push: sender=bizstorycokr@gmail.com, comp_idx=1, part_idx=1, mem_idx=14, receiver=i2day@naver.com, msg_type=work, message=[업무] 지출결의서 알림
android_push: sql = select * from push_member where push_id = 'i2day@naver.com' and push_device_type = 'A' and del_yn = 'N'
android_push: [i2day@naver.com] message = Y, receipt = Y, work = Y, notice = Y
android_push: 수신자 확인 OK => 전송데이터 확인 OK
android_push: sql = insert into push_history (send_key, comp_idx, part_idx, mem_idx, receiver_id, receiver_name, service_type, msg_type, message, state, state_comment, request_time) values ( '20121006161643618875', 1, 1, 14, 'i2day@naver.com', '박정화', 'android', 'work', '[업무] 지출결의서 알림', '0', '', now())
android_push: sql = select * from push_c2dm_info where push_id = 'bizstorycokr@gmail.com' and push_enable = 'Y'
android_push: msg_type = work
android_push: message = [업무] 지출결의서 알림
android_push: sendMessageToPhone = id=0:1349507514715922%04ff7535ca3a3f26
android_push: sql = update push_history set state = '1', state_comment = '전송 OK', send_time = now() where send_key = '20121006161643618875'

android_push: ** 20121006-161649
android_push: sender=bizstorycokr@gmail.com, comp_idx=1, part_idx=1, mem_idx=8, receiver=ahnwhan76@naver.com, msg_type=work, message=[업무] 지출결의서 알림
android_push: sql = select * from push_member where push_id = 'ahnwhan76@naver.com' and push_device_type = 'A' and del_yn = 'N'
android_push: [ahnwhan76@naver.com] message = Y, receipt = Y, work = Y, notice = Y
android_push: 수신자 확인 OK => 전송데이터 확인 OK
android_push: sql = insert into push_history (send_key, comp_idx, part_idx, mem_idx, receiver_id, receiver_name, service_type, msg_type, message, state, state_comment, request_time) values ( '20121006161649890544', 1, 1, 8, 'ahnwhan76@naver.com', '문은지', 'android', 'work', '[업무] 지출결의서 알림', '0', '', now())
android_push: sql = select * from push_c2dm_info where push_id = 'bizstorycokr@gmail.com' and push_enable = 'Y'
android_push: msg_type = work
android_push: message = [업무] 지출결의서 알림
android_push: sendMessageToPhone = id=0:1349507521004591%04ff75350b766159
android_push: sql = update push_history set state = '1', state_comment = '전송 OK', send_time = now() where send_key = '20121006161649890544'

android_push: ** 20121006-161704

android_push: ** 20121006-161709

android_push: ** 20121006-161713
