
c2dm_registration: ** 20121023-103446
c2dm_registration: cmd=add, id=4004jini@naver.com, pw=sd578648, registration_id=, device_unique_id=A90DD370159EF9C861B16EF819B41568
c2dm_registration: message=Y, receipt=Y, work=Y, notice=Y
c2dm_registration: sql = select * from member_info where mem_id = '4004jini@naver.com' and mem_pwd = 'c574471ad46a76445a1fc9a6333795d6' and del_yn = 'N'
c2dm_registration: 인증성공
c2dm_registration: sql = select * from push_member where push_id = '4004jini@naver.com' and push_pwd = 'c574471ad46a76445a1fc9a6333795d6'
c2dm_registration: sql = update push_member set
				  push_enable  = 'Y'
				, push_message = 'Y'
				, push_receipt = 'Y'
				, push_work    = 'Y'
				, push_notice  = 'Y'
				, push_consult = ''
				, push_registration_id  = ''
				, push_device_unique_id = 'A90DD370159EF9C861B16EF819B41568'
				, mod_date = now()
			where push_id = '4004jini@naver.com' and push_device_type = 'A' 
c2dm_registration: resCode = {resCode:[{code:"200",message:"이호진"}]});

c2dm_registration: ** 20121023-103447
c2dm_registration: cmd=registration, id=4004jini@naver.com, pw=sd578648, registration_id=APA91bHV-SlnFL99hIu0oVMtPQk99LIHeKM1fz17LNu83fCATX7SfL5CTYpkza6wBhd6txJGxSvYEqCdFy8e7NtH6SL9iQDlvvBBVlJthj8d5pJ0iq3zN_8F8K9_QaA_L2jlmwt3TykeONlUZ-4ydqUGWPEdmRJgdg, device_unique_id=null
c2dm_registration: message=null, receipt=null, work=null, notice=null
c2dm_registration: sql = select * from member_info where mem_id = '4004jini@naver.com' and mem_pwd = 'c574471ad46a76445a1fc9a6333795d6' and del_yn = 'N'
c2dm_registration: 인증성공
c2dm_registration: sql = select * from push_member where push_id = '4004jini@naver.com' and push_pwd = 'c574471ad46a76445a1fc9a6333795d6' and push_device_type = 'A' 
c2dm_registration: sql = update push_member set push_registration_id = 'APA91bHV-SlnFL99hIu0oVMtPQk99LIHeKM1fz17LNu83fCATX7SfL5CTYpkza6wBhd6txJGxSvYEqCdFy8e7NtH6SL9iQDlvvBBVlJthj8d5pJ0iq3zN_8F8K9_QaA_L2jlmwt3TykeONlUZ-4ydqUGWPEdmRJgdg', mod_date = now() where push_id = '4004jini@naver.com' and push_device_type = 'A' 
c2dm_registration: resCode = {resCode:[{code:"200",message:"이호진"}]});
