
c2dm_registration: ** 20120924-085533
c2dm_registration: cmd=add, id=beretta_9@daum.net, pw=8778, registration_id=, device_unique_id=4BBABFC9E0A173AB8478A00FDA1A8556
c2dm_registration: message=Y, receipt=Y, work=Y, notice=Y
c2dm_registration: sql = select * from member_info where mem_id = 'beretta_9@daum.net' and mem_pwd = '5bcbfb8d0e6cdf881aac5c82bf5145c1' and del_yn = 'N'
c2dm_registration: 인증성공
c2dm_registration: sql = select * from push_member where push_id = 'beretta_9@daum.net' and push_pwd = '5bcbfb8d0e6cdf881aac5c82bf5145c1'
c2dm_registration: sql = insert into push_member (comp_idx, part_idx, mem_idx, push_id, push_pwd, push_name, push_enable, push_device_type, push_registration_id, push_message, push_receipt, push_work, push_notice, push_device_unique_id, reg_date, del_yn) values ('45','81','290','beretta_9@daum.net','5bcbfb8d0e6cdf881aac5c82bf5145c1','전유현','Y','A','','Y','Y','Y','Y','4BBABFC9E0A173AB8478A00FDA1A8556',now(),'N')
c2dm_registration: resCode = {resCode:[{code:"200",message:"전유현"}]});

c2dm_registration: ** 20120924-085534
c2dm_registration: cmd=registration, id=beretta_9@daum.net, pw=8778, registration_id=APA91bE1LTp6cvXjnjiiH-Gu92Orl4GxpyyndEkEXOyLsFggbhrAMHi1MloPjAx1BWfTX5U4F0xZFU51xmSEUREXQhyi7rErvhNdn5KYO_PSE-RY3jORWfJlFAEzAfOPSQUjdgLxqJFLA6gE4lBKGGUWyhMDoco8Pw, device_unique_id=null
c2dm_registration: message=null, receipt=null, work=null, notice=null
c2dm_registration: sql = select * from member_info where mem_id = 'beretta_9@daum.net' and mem_pwd = '5bcbfb8d0e6cdf881aac5c82bf5145c1' and del_yn = 'N'
c2dm_registration: 인증성공
c2dm_registration: sql = select * from push_member where push_id = 'beretta_9@daum.net' and push_pwd = '5bcbfb8d0e6cdf881aac5c82bf5145c1' and push_device_type = 'A' 
c2dm_registration: sql = update push_member set push_registration_id = 'APA91bE1LTp6cvXjnjiiH-Gu92Orl4GxpyyndEkEXOyLsFggbhrAMHi1MloPjAx1BWfTX5U4F0xZFU51xmSEUREXQhyi7rErvhNdn5KYO_PSE-RY3jORWfJlFAEzAfOPSQUjdgLxqJFLA6gE4lBKGGUWyhMDoco8Pw', mod_date = now() where push_id = 'beretta_9@daum.net' and push_device_type = 'A' 
c2dm_registration: resCode = {resCode:[{code:"200",message:"전유현"}]});

c2dm_registration: ** 20120924-111916
c2dm_registration: cmd=add, id=beretta_9@daum.net, pw=8778, registration_id=, device_unique_id=4BBABFC9E0A173AB8478A00FDA1A8556
c2dm_registration: message=Y, receipt=Y, work=Y, notice=Y
c2dm_registration: sql = select * from member_info where mem_id = 'beretta_9@daum.net' and mem_pwd = '5bcbfb8d0e6cdf881aac5c82bf5145c1' and del_yn = 'N'
c2dm_registration: 인증성공
c2dm_registration: sql = select * from push_member where push_id = 'beretta_9@daum.net' and push_pwd = '5bcbfb8d0e6cdf881aac5c82bf5145c1'
c2dm_registration: sql = update push_member set push_enable = 'Y', push_message = 'Y', push_receipt = 'Y', push_work = 'Y', push_notice = 'Y', push_registration_id = '', push_device_unique_id = '4BBABFC9E0A173AB8478A00FDA1A8556', mod_date = now() where push_id = 'beretta_9@daum.net' and push_device_type = 'A' 
c2dm_registration: resCode = {resCode:[{code:"200",message:"전유현"}]});

c2dm_registration: ** 20120924-111917
c2dm_registration: cmd=registration, id=beretta_9@daum.net, pw=8778, registration_id=APA91bE1LTp6cvXjnjiiH-Gu92Orl4GxpyyndEkEXOyLsFggbhrAMHi1MloPjAx1BWfTX5U4F0xZFU51xmSEUREXQhyi7rErvhNdn5KYO_PSE-RY3jORWfJlFAEzAfOPSQUjdgLxqJFLA6gE4lBKGGUWyhMDoco8Pw, device_unique_id=null
c2dm_registration: message=null, receipt=null, work=null, notice=null
c2dm_registration: sql = select * from member_info where mem_id = 'beretta_9@daum.net' and mem_pwd = '5bcbfb8d0e6cdf881aac5c82bf5145c1' and del_yn = 'N'
c2dm_registration: 인증성공
c2dm_registration: sql = select * from push_member where push_id = 'beretta_9@daum.net' and push_pwd = '5bcbfb8d0e6cdf881aac5c82bf5145c1' and push_device_type = 'A' 
c2dm_registration: sql = update push_member set push_registration_id = 'APA91bE1LTp6cvXjnjiiH-Gu92Orl4GxpyyndEkEXOyLsFggbhrAMHi1MloPjAx1BWfTX5U4F0xZFU51xmSEUREXQhyi7rErvhNdn5KYO_PSE-RY3jORWfJlFAEzAfOPSQUjdgLxqJFLA6gE4lBKGGUWyhMDoco8Pw', mod_date = now() where push_id = 'beretta_9@daum.net' and push_device_type = 'A' 
c2dm_registration: resCode = {resCode:[{code:"200",message:"전유현"}]});

c2dm_registration: ** 20120924-111918
c2dm_registration: cmd=add, id=beretta_9@daum.net, pw=8778, registration_id=, device_unique_id=4BBABFC9E0A173AB8478A00FDA1A8556
c2dm_registration: message=Y, receipt=Y, work=Y, notice=Y
c2dm_registration: sql = select * from member_info where mem_id = 'beretta_9@daum.net' and mem_pwd = '5bcbfb8d0e6cdf881aac5c82bf5145c1' and del_yn = 'N'
c2dm_registration: 인증성공
c2dm_registration: sql = select * from push_member where push_id = 'beretta_9@daum.net' and push_pwd = '5bcbfb8d0e6cdf881aac5c82bf5145c1'
c2dm_registration: sql = update push_member set push_enable = 'Y', push_message = 'Y', push_receipt = 'Y', push_work = 'Y', push_notice = 'Y', push_registration_id = '', push_device_unique_id = '4BBABFC9E0A173AB8478A00FDA1A8556', mod_date = now() where push_id = 'beretta_9@daum.net' and push_device_type = 'A' 
c2dm_registration: resCode = {resCode:[{code:"200",message:"전유현"}]});

c2dm_registration: ** 20120924-111918
c2dm_registration: cmd=registration, id=beretta_9@daum.net, pw=8778, registration_id=APA91bE1LTp6cvXjnjiiH-Gu92Orl4GxpyyndEkEXOyLsFggbhrAMHi1MloPjAx1BWfTX5U4F0xZFU51xmSEUREXQhyi7rErvhNdn5KYO_PSE-RY3jORWfJlFAEzAfOPSQUjdgLxqJFLA6gE4lBKGGUWyhMDoco8Pw, device_unique_id=null
c2dm_registration: message=null, receipt=null, work=null, notice=null
c2dm_registration: sql = select * from member_info where mem_id = 'beretta_9@daum.net' and mem_pwd = '5bcbfb8d0e6cdf881aac5c82bf5145c1' and del_yn = 'N'
c2dm_registration: 인증성공
c2dm_registration: sql = select * from push_member where push_id = 'beretta_9@daum.net' and push_pwd = '5bcbfb8d0e6cdf881aac5c82bf5145c1' and push_device_type = 'A' 
c2dm_registration: sql = update push_member set push_registration_id = 'APA91bE1LTp6cvXjnjiiH-Gu92Orl4GxpyyndEkEXOyLsFggbhrAMHi1MloPjAx1BWfTX5U4F0xZFU51xmSEUREXQhyi7rErvhNdn5KYO_PSE-RY3jORWfJlFAEzAfOPSQUjdgLxqJFLA6gE4lBKGGUWyhMDoco8Pw', mod_date = now() where push_id = 'beretta_9@daum.net' and push_device_type = 'A' 
c2dm_registration: resCode = {resCode:[{code:"200",message:"전유현"}]});

c2dm_registration: ** 20120924-111920
c2dm_registration: cmd=del, id=beretta_9@daum.net, pw=8778, registration_id=, device_unique_id=4BBABFC9E0A173AB8478A00FDA1A8556
c2dm_registration: message=Y, receipt=Y, work=Y, notice=Y
c2dm_registration: sql = select * from member_info where mem_id = 'beretta_9@daum.net' and mem_pwd = '5bcbfb8d0e6cdf881aac5c82bf5145c1' and del_yn = 'N'
c2dm_registration: 인증성공
c2dm_registration: sql = select * from push_member where push_id = 'beretta_9@daum.net' and push_pwd = '5bcbfb8d0e6cdf881aac5c82bf5145c1'
c2dm_registration: sql = update push_member set push_enable = 'N', push_message = 'Y', push_receipt = 'Y', push_work = 'Y', push_notice = 'Y', push_registration_id = '', push_device_unique_id = '4BBABFC9E0A173AB8478A00FDA1A8556', mod_date = now() where push_id = 'beretta_9@daum.net' and push_device_type = 'A' 
c2dm_registration: resCode = {resCode:[{code:"200",message:"전유현"}]});

c2dm_registration: ** 20120924-111921
c2dm_registration: cmd=add, id=beretta_9@daum.net, pw=8778, registration_id=, device_unique_id=4BBABFC9E0A173AB8478A00FDA1A8556
c2dm_registration: message=Y, receipt=Y, work=Y, notice=Y
c2dm_registration: sql = select * from member_info where mem_id = 'beretta_9@daum.net' and mem_pwd = '5bcbfb8d0e6cdf881aac5c82bf5145c1' and del_yn = 'N'
c2dm_registration: 인증성공
c2dm_registration: sql = select * from push_member where push_id = 'beretta_9@daum.net' and push_pwd = '5bcbfb8d0e6cdf881aac5c82bf5145c1'
c2dm_registration: sql = update push_member set push_enable = 'Y', push_message = 'Y', push_receipt = 'Y', push_work = 'Y', push_notice = 'Y', push_registration_id = '', push_device_unique_id = '4BBABFC9E0A173AB8478A00FDA1A8556', mod_date = now() where push_id = 'beretta_9@daum.net' and push_device_type = 'A' 
c2dm_registration: resCode = {resCode:[{code:"200",message:"전유현"}]});

c2dm_registration: ** 20120924-111922
c2dm_registration: cmd=registration, id=beretta_9@daum.net, pw=8778, registration_id=APA91bF6KoinuI7ie5ZiS0RbrAg5XWIdqYp8_i-L_DQPhy4FtkILSNo6Zw-4aAgHUYznXQPtKVm2clAvGoSt1KvEQH3TVs3YIF6ZRCuFSq8ULdchUGejqzCr8nIO1lESNddeNZM8-TtuEWgaFsAyivOB8zd7JltYiA, device_unique_id=null
c2dm_registration: message=null, receipt=null, work=null, notice=null
c2dm_registration: sql = select * from member_info where mem_id = 'beretta_9@daum.net' and mem_pwd = '5bcbfb8d0e6cdf881aac5c82bf5145c1' and del_yn = 'N'
c2dm_registration: 인증성공
c2dm_registration: sql = select * from push_member where push_id = 'beretta_9@daum.net' and push_pwd = '5bcbfb8d0e6cdf881aac5c82bf5145c1' and push_device_type = 'A' 
c2dm_registration: sql = update push_member set push_registration_id = 'APA91bF6KoinuI7ie5ZiS0RbrAg5XWIdqYp8_i-L_DQPhy4FtkILSNo6Zw-4aAgHUYznXQPtKVm2clAvGoSt1KvEQH3TVs3YIF6ZRCuFSq8ULdchUGejqzCr8nIO1lESNddeNZM8-TtuEWgaFsAyivOB8zd7JltYiA', mod_date = now() where push_id = 'beretta_9@daum.net' and push_device_type = 'A' 
c2dm_registration: resCode = {resCode:[{code:"200",message:"전유현"}]});
