
c2dm_registration: ** 20121113-125953
c2dm_registration: cmd=add, id=ksj6604@naver.com, pw=0729, registration_id=, device_unique_id=45D05FAFF1CB5CBD86306C71154E312B
c2dm_registration: message=Y, receipt=Y, work=Y, notice=Y
c2dm_registration: sql = select * from member_info where mem_id = 'ksj6604@naver.com' and mem_pwd = '8d069d6b6b5ea93b0c4855ac3fe28d57' and del_yn = 'N'
c2dm_registration: 인증성공
c2dm_registration: sql = select * from push_member where push_id = 'ksj6604@naver.com' and push_pwd = '8d069d6b6b5ea93b0c4855ac3fe28d57'
c2dm_registration: sql = insert into push_member (comp_idx, part_idx, mem_idx, push_id, push_pwd, push_name, push_enable, push_device_type, push_registration_id, push_message, push_receipt, push_work, push_notice, push_consult, push_device_unique_id, reg_date, del_yn) values ('14','18','309','ksj6604@naver.com','8d069d6b6b5ea93b0c4855ac3fe28d57','구성주','Y','A','','Y','Y','Y','Y','','45D05FAFF1CB5CBD86306C71154E312B',now(),'N')
c2dm_registration: resCode = {resCode:[{code:"200",message:"구성주"}]});

c2dm_registration: ** 20121113-125954
c2dm_registration: cmd=registration, id=ksj6604@naver.com, pw=0729, registration_id=APA91bH7Z6yRdHcrJziWuIc8G96AA29chDsOhRN-zljgq341HHTuw1MBj6W7-CPIq5UgbkxDFa04NaYLg41p_ahutvzDYYurbGv9gke2UXCPrhFtxlkvCURtwi6LstBcTWExSNHAEY08guVRqfZS3BMHlF4nTGspKQ, device_unique_id=null
c2dm_registration: message=null, receipt=null, work=null, notice=null
c2dm_registration: sql = select * from member_info where mem_id = 'ksj6604@naver.com' and mem_pwd = '8d069d6b6b5ea93b0c4855ac3fe28d57' and del_yn = 'N'
c2dm_registration: 인증성공
c2dm_registration: sql = select * from push_member where push_id = 'ksj6604@naver.com' and push_pwd = '8d069d6b6b5ea93b0c4855ac3fe28d57' and push_device_type = 'A' 
c2dm_registration: sql = update push_member set push_registration_id = 'APA91bH7Z6yRdHcrJziWuIc8G96AA29chDsOhRN-zljgq341HHTuw1MBj6W7-CPIq5UgbkxDFa04NaYLg41p_ahutvzDYYurbGv9gke2UXCPrhFtxlkvCURtwi6LstBcTWExSNHAEY08guVRqfZS3BMHlF4nTGspKQ', mod_date = now() where push_id = 'ksj6604@naver.com' and push_device_type = 'A' 
c2dm_registration: resCode = {resCode:[{code:"200",message:"구성주"}]});

c2dm_registration: ** 20121113-150354
c2dm_registration: cmd=add, id=test5@test.com, pw=9175, registration_id=, device_unique_id=CC6EA051DC36BE49C347ECD1D4AAE7DE
c2dm_registration: message=Y, receipt=Y, work=Y, notice=Y
c2dm_registration: sql = select * from member_info where mem_id = 'test5@test.com' and mem_pwd = 'e4bbd9bef564d4369d4ced6b418b1740' and del_yn = 'N'
c2dm_registration: 인증성공
c2dm_registration: sql = select * from push_member where push_id = 'test5@test.com' and push_pwd = 'e4bbd9bef564d4369d4ced6b418b1740'
c2dm_registration: sql = insert into push_member (comp_idx, part_idx, mem_idx, push_id, push_pwd, push_name, push_enable, push_device_type, push_registration_id, push_message, push_receipt, push_work, push_notice, push_consult, push_device_unique_id, reg_date, del_yn) values ('26','32','358','test5@test.com','e4bbd9bef564d4369d4ced6b418b1740','오대한','Y','A','','Y','Y','Y','Y','','CC6EA051DC36BE49C347ECD1D4AAE7DE',now(),'N')
c2dm_registration: resCode = {resCode:[{code:"200",message:"오대한"}]});

c2dm_registration: ** 20121113-150355
c2dm_registration: cmd=registration, id=test5@test.com, pw=9175, registration_id=APA91bEWR_kAEr71iLiwZta9SxU88FGPTkazOfAFs9tiF523A8_XsYs_QZHiAa8KYL01fCJ2eYmOWUgMRT8F_2Y53CrFBIo8T2tNXNQ599rB_2_F9TzswZPnkuMLVDZPcr5rDxnkm7VDsDJl9TRQZ4Vrbl6mR96MKQ, device_unique_id=null
c2dm_registration: message=null, receipt=null, work=null, notice=null
c2dm_registration: sql = select * from member_info where mem_id = 'test5@test.com' and mem_pwd = 'e4bbd9bef564d4369d4ced6b418b1740' and del_yn = 'N'
c2dm_registration: 인증성공
c2dm_registration: sql = select * from push_member where push_id = 'test5@test.com' and push_pwd = 'e4bbd9bef564d4369d4ced6b418b1740' and push_device_type = 'A' 
c2dm_registration: sql = update push_member set push_registration_id = 'APA91bEWR_kAEr71iLiwZta9SxU88FGPTkazOfAFs9tiF523A8_XsYs_QZHiAa8KYL01fCJ2eYmOWUgMRT8F_2Y53CrFBIo8T2tNXNQ599rB_2_F9TzswZPnkuMLVDZPcr5rDxnkm7VDsDJl9TRQZ4Vrbl6mR96MKQ', mod_date = now() where push_id = 'test5@test.com' and push_device_type = 'A' 
c2dm_registration: resCode = {resCode:[{code:"200",message:"오대한"}]});
