
android_push: ** 20120923-114340
android_push: sender=bizstorycokr@gmail.com, comp_idx=13, part_idx=17, mem_idx=92, receiver=starnts@greatworks.co.kr, msg_type=receipt, message=[창원중앙고등학교] pc본체 앞면 분리
android_push: sql = select * from push_member where push_id = 'starnts@greatworks.co.kr' and push_device_type = 'A' and del_yn = 'N'
android_push: [starnts@greatworks.co.kr] message = Y, receipt = Y, work = Y, notice = Y
android_push: 수신자 확인 OK => 전송데이터 확인 OK
android_push: sql = insert into push_history (send_key, comp_idx, part_idx, mem_idx, receiver_id, receiver_name, service_type, msg_type, message, state, state_comment, request_time) values ( '20120923114340356418', 13, 17, 92, 'starnts@greatworks.co.kr', '노태성', 'android', 'receipt', '[창원중앙고등학교] pc본체 앞면 분리', '0', '', now())
android_push: sql = select * from push_c2dm_info where push_id = 'bizstorycokr@gmail.com' and push_enable = 'Y'
android_push: msg_type = receipt
android_push: message = [창원중앙고등학교] pc본체 앞면 분리
android_push: sendMessageToPhone = id=0:1348367954265657%04ff75359d8f4fcb
android_push: sql = update push_history set state = '1', state_comment = '전송 OK', send_time = now() where send_key = '20120923114340356418'

android_push: ** 20120923-115018

android_push: ** 20120923-125400

android_push: ** 20120923-130917

android_push: ** 20120923-130917

android_push: ** 20120923-130919

android_push: ** 20120923-130921
android_push: sender=bizstorycokr@gmail.com, comp_idx=1, part_idx=1, mem_idx=14, receiver=i2day@naver.com, msg_type=work, message=[업무코멘트] 뷰스토리 관련 모든업무는 이곳에서 공..
android_push: sql = select * from push_member where push_id = 'i2day@naver.com' and push_device_type = 'A' and del_yn = 'N'
android_push: [i2day@naver.com] message = Y, receipt = Y, work = Y, notice = Y
android_push: 수신자 확인 OK => 전송데이터 확인 OK
android_push: sql = insert into push_history (send_key, comp_idx, part_idx, mem_idx, receiver_id, receiver_name, service_type, msg_type, message, state, state_comment, request_time) values ( '20120923130921232919', 1, 1, 14, 'i2day@naver.com', '박정화', 'android', 'work', '[업무코멘트] 뷰스토리 관련 모든업무는 이곳에서 공..', '0', '', now())
android_push: sql = select * from push_c2dm_info where push_id = 'bizstorycokr@gmail.com' and push_enable = 'Y'
android_push: msg_type = work
android_push: message = [업무코멘트] 뷰스토리 관련 모든업무는 이곳에서 공..
android_push: sendMessageToPhone = id=0:1348373095996178%04ff7535d31ea603
android_push: sql = update push_history set state = '1', state_comment = '전송 OK', send_time = now() where send_key = '20120923130921232919'

android_push: ** 20120923-130925

android_push: ** 20120923-130929
android_push: sender=bizstorycokr@gmail.com, comp_idx=1, part_idx=1, mem_idx=8, receiver=ahnwhan76@naver.com, msg_type=work, message=[업무코멘트] 뷰스토리 관련 모든업무는 이곳에서 공..
android_push: sql = select * from push_member where push_id = 'ahnwhan76@naver.com' and push_device_type = 'A' and del_yn = 'N'
android_push: [ahnwhan76@naver.com] message = Y, receipt = Y, work = Y, notice = Y
android_push: 수신자 확인 OK => 전송데이터 확인 OK
android_push: sql = insert into push_history (send_key, comp_idx, part_idx, mem_idx, receiver_id, receiver_name, service_type, msg_type, message, state, state_comment, request_time) values ( '20120923130929489873', 1, 1, 8, 'ahnwhan76@naver.com', '문은지', 'android', 'work', '[업무코멘트] 뷰스토리 관련 모든업무는 이곳에서 공..', '0', '', now())
android_push: sql = select * from push_c2dm_info where push_id = 'bizstorycokr@gmail.com' and push_enable = 'Y'
android_push: msg_type = work
android_push: message = [업무코멘트] 뷰스토리 관련 모든업무는 이곳에서 공..
android_push: sendMessageToPhone = id=0:1348373103078897%04ff75357e03d25a
android_push: sql = update push_history set state = '1', state_comment = '전송 OK', send_time = now() where send_key = '20120923130929489873'

android_push: ** 20120923-130933
android_push: sender=bizstorycokr@gmail.com, comp_idx=1, part_idx=1, mem_idx=39, receiver=ipos21@naver.com, msg_type=work, message=[업무코멘트] 뷰스토리 관련 모든업무는 이곳에서 공..
android_push: sql = select * from push_member where push_id = 'ipos21@naver.com' and push_device_type = 'A' and del_yn = 'N'
android_push: [ipos21@naver.com] message = Y, receipt = Y, work = Y, notice = Y
android_push: 수신자 확인 OK => 전송데이터 확인 OK
android_push: sql = insert into push_history (send_key, comp_idx, part_idx, mem_idx, receiver_id, receiver_name, service_type, msg_type, message, state, state_comment, request_time) values ( '20120923130933193086', 1, 1, 39, 'ipos21@naver.com', '박상현', 'android', 'work', '[업무코멘트] 뷰스토리 관련 모든업무는 이곳에서 공..', '0', '', now())
android_push: sql = select * from push_c2dm_info where push_id = 'bizstorycokr@gmail.com' and push_enable = 'Y'
android_push: msg_type = work
android_push: message = [업무코멘트] 뷰스토리 관련 모든업무는 이곳에서 공..
android_push: sendMessageToPhone = id=0:1348373107904869%04ff7535a36c5137
android_push: sql = update push_history set state = '1', state_comment = '전송 OK', send_time = now() where send_key = '20120923130933193086'

android_push: ** 20120923-130938

android_push: ** 20120923-134855

android_push: ** 20120923-235919
