
c2dm_registration: ** 20130203-103445
c2dm_registration: cmd=add, id=acuana2@naver.com, pw=7557, registration_id=, device_unique_id=EC1D6BC3961ED475F3CD2C4011A5F7A1
c2dm_registration: message=Y, receipt=Y, work=Y, notice=Y
c2dm_registration: sql = select * from member_info where mem_id = 'acuana2@naver.com' and mem_pwd = '3b0fef6ce59e3d4d8df71e0775f88eb2' and del_yn = 'N'
c2dm_registration: 인증성공
c2dm_registration: sql = select * from push_member where push_id = 'acuana2@naver.com' and push_pwd = '3b0fef6ce59e3d4d8df71e0775f88eb2'
c2dm_registration: sql = update push_member set
				  push_enable  = 'Y'
				, push_message = 'Y'
				, push_receipt = 'Y'
				, push_work    = 'Y'
				, push_notice  = 'Y'
				, push_consult = ''
				, push_registration_id  = ''
				, push_device_unique_id = 'EC1D6BC3961ED475F3CD2C4011A5F7A1'
				, mod_date = now()
			where push_id = 'acuana2@naver.com' and push_device_type = 'A' 
c2dm_registration: resCode = {resCode:[{code:"200",message:"김성진"}]});

c2dm_registration: ** 20130203-103448
c2dm_registration: cmd=registration, id=acuana2@naver.com, pw=7557, registration_id=APA91bHbxqYRmRPWuxACpdrsypIH43sa6IT3VHujGcsIr08wkemhda9gFJfcEn3vop141DO25LUAJLAzx3bIlIooyLsmbLiguKFZCrLtT9DnQET7u6zYUiMKyqaojXp0_MdXo29KtWYDiW31YlOLyOysnv6YmJItpw, device_unique_id=null
c2dm_registration: message=null, receipt=null, work=null, notice=null
c2dm_registration: sql = select * from member_info where mem_id = 'acuana2@naver.com' and mem_pwd = '3b0fef6ce59e3d4d8df71e0775f88eb2' and del_yn = 'N'
c2dm_registration: 인증성공
c2dm_registration: sql = select * from push_member where push_id = 'acuana2@naver.com' and push_pwd = '3b0fef6ce59e3d4d8df71e0775f88eb2' and push_device_type = 'A' 
c2dm_registration: sql = select * from push_member where push_id = 'acuana2@naver.com' and push_pwd = '3b0fef6ce59e3d4d8df71e0775f88eb2' and push_device_type = 'A' 
c2dm_registration: resCode = {resCode:[{code:"200",message:"김성진"}]});
