
c2dm_registration: ** 20130123-152722
c2dm_registration: cmd=add, id=min21983@nate.com, pw=wldus58, registration_id=, device_unique_id=D323C9AA7EE4FC36E34C2AF1A27DE1F6
c2dm_registration: message=Y, receipt=Y, work=Y, notice=Y
c2dm_registration: sql = select * from member_info where mem_id = 'min21983@nate.com' and mem_pwd = 'b36caaae406e466a85b29119cf52d66d' and del_yn = 'N'
c2dm_registration: 인증성공
c2dm_registration: sql = select * from push_member where push_id = 'min21983@nate.com' and push_pwd = 'b36caaae406e466a85b29119cf52d66d'
c2dm_registration: sql = update push_member set
				  push_enable  = 'Y'
				, push_message = 'Y'
				, push_receipt = 'Y'
				, push_work    = 'Y'
				, push_notice  = 'Y'
				, push_consult = ''
				, push_registration_id  = ''
				, push_device_unique_id = 'D323C9AA7EE4FC36E34C2AF1A27DE1F6'
				, mod_date = now()
			where push_id = 'min21983@nate.com' and push_device_type = 'A' 
c2dm_registration: resCode = {resCode:[{code:"200",message:"김민이"}]});

c2dm_registration: ** 20130123-152723
c2dm_registration: cmd=registration, id=min21983@nate.com, pw=wldus58, registration_id=APA91bEjT5tmkKtUGwh6frzcc2MkpdY93VAumPjqbE2YHmIcSrlwLFiXSTxLg3FpM1OwldFMJwVPA-qq7f7pH-Eu6SPDoG5AVxO9BlZB8-LBZ_AM1Z6XfeO1aiJxXCvvVfU8bK-GINH88HkiTBc9a3Vp22Wm8iXsAw, device_unique_id=null
c2dm_registration: message=null, receipt=null, work=null, notice=null
c2dm_registration: sql = select * from member_info where mem_id = 'min21983@nate.com' and mem_pwd = 'b36caaae406e466a85b29119cf52d66d' and del_yn = 'N'
c2dm_registration: 인증성공
c2dm_registration: sql = select * from push_member where push_id = 'min21983@nate.com' and push_pwd = 'b36caaae406e466a85b29119cf52d66d' and push_device_type = 'A' 
c2dm_registration: sql = select * from push_member where push_id = 'min21983@nate.com' and push_pwd = 'b36caaae406e466a85b29119cf52d66d' and push_device_type = 'A' 
c2dm_registration: resCode = {resCode:[{code:"200",message:"김민이"}]});

c2dm_registration: ** 20130123-152928
c2dm_registration: cmd=add, id=borami5712@naver.com, pw=8512, registration_id=, device_unique_id=DEAD95DB97EFBE128FE6F987CC62923A
c2dm_registration: message=Y, receipt=Y, work=Y, notice=Y
c2dm_registration: sql = select * from member_info where mem_id = 'borami5712@naver.com' and mem_pwd = '44c243ccb244f0fd9038d5978dfb34c4' and del_yn = 'N'
c2dm_registration: 인증성공
c2dm_registration: sql = select * from push_member where push_id = 'borami5712@naver.com' and push_pwd = '44c243ccb244f0fd9038d5978dfb34c4'
c2dm_registration: sql = update push_member set
				  push_enable  = 'Y'
				, push_message = 'Y'
				, push_receipt = 'Y'
				, push_work    = 'Y'
				, push_notice  = 'Y'
				, push_consult = ''
				, push_registration_id  = ''
				, push_device_unique_id = 'DEAD95DB97EFBE128FE6F987CC62923A'
				, mod_date = now()
			where push_id = 'borami5712@naver.com' and push_device_type = 'A' 
c2dm_registration: resCode = {resCode:[{code:"200",message:"방보람"}]});

c2dm_registration: ** 20130123-152929
c2dm_registration: cmd=registration, id=borami5712@naver.com, pw=8512, registration_id=APA91bFvi16Co0qShgl-Um8LxbK75WoroJF24X67CEJ5NegRzpKTeF6QjXeD4SJSLr7PwcbTOLU0HF94Z8_KFZM-BFObWxveny45yXID4ETWNPkSEAOdgrrclnTukNEqkxceTTfU8wap-YVRBSEw125KvN_t75kKYg, device_unique_id=null
c2dm_registration: message=null, receipt=null, work=null, notice=null
c2dm_registration: sql = select * from member_info where mem_id = 'borami5712@naver.com' and mem_pwd = '44c243ccb244f0fd9038d5978dfb34c4' and del_yn = 'N'
c2dm_registration: 인증성공
c2dm_registration: sql = select * from push_member where push_id = 'borami5712@naver.com' and push_pwd = '44c243ccb244f0fd9038d5978dfb34c4' and push_device_type = 'A' 
c2dm_registration: sql = update push_member set push_registration_id = 'APA91bFvi16Co0qShgl-Um8LxbK75WoroJF24X67CEJ5NegRzpKTeF6QjXeD4SJSLr7PwcbTOLU0HF94Z8_KFZM-BFObWxveny45yXID4ETWNPkSEAOdgrrclnTukNEqkxceTTfU8wap-YVRBSEw125KvN_t75kKYg', mod_date = now() where push_id = 'borami5712@naver.com' and push_device_type = 'A' 
c2dm_registration: resCode = {resCode:[{code:"200",message:"방보람"}]});

c2dm_registration: ** 20130123-163655
c2dm_registration: cmd=add, id=sangy22@nate.com, pw=hy122412, registration_id=, device_unique_id=F8E268A4A60D876C534ACFB8D4363205
c2dm_registration: message=Y, receipt=Y, work=Y, notice=Y
c2dm_registration: sql = select * from member_info where mem_id = 'sangy22@nate.com' and mem_pwd = '3bf73ff1136beb1ec6f5dff5c5f39d82' and del_yn = 'N'
c2dm_registration: 인증성공
c2dm_registration: sql = select * from push_member where push_id = 'sangy22@nate.com' and push_pwd = '3bf73ff1136beb1ec6f5dff5c5f39d82'
c2dm_registration: sql = insert into push_member (comp_idx, part_idx, mem_idx, push_id, push_pwd, push_name, push_enable, push_device_type, push_registration_id, push_message, push_receipt, push_work, push_notice, push_consult, push_device_unique_id, reg_date, del_yn) values ('39','53','262','sangy22@nate.com','3bf73ff1136beb1ec6f5dff5c5f39d82','김상영','Y','A','','Y','Y','Y','Y','','F8E268A4A60D876C534ACFB8D4363205',now(),'N')
c2dm_registration: resCode = {resCode:[{code:"200",message:"김상영"}]});

c2dm_registration: ** 20130123-163655
c2dm_registration: cmd=registration, id=sangy22@nate.com, pw=hy122412, registration_id=APA91bEz3pDAany945b73Ulus3U1M2rdAd6JuinB_q7YjCy4_ZUDhbsP1J0vaqCQnqgrfipjAjf0qVFdkZ7uEwKJcieH_i_0lR3c89siYfbVegPVwoFR7_Ynar8DR-ca3G7sYXQcXRxNIbkNZNnTLz2kVCKjaX3Fpw, device_unique_id=null
c2dm_registration: message=null, receipt=null, work=null, notice=null
c2dm_registration: sql = select * from member_info where mem_id = 'sangy22@nate.com' and mem_pwd = '3bf73ff1136beb1ec6f5dff5c5f39d82' and del_yn = 'N'
c2dm_registration: 인증성공
c2dm_registration: sql = select * from push_member where push_id = 'sangy22@nate.com' and push_pwd = '3bf73ff1136beb1ec6f5dff5c5f39d82' and push_device_type = 'A' 
c2dm_registration: sql = update push_member set push_registration_id = 'APA91bEz3pDAany945b73Ulus3U1M2rdAd6JuinB_q7YjCy4_ZUDhbsP1J0vaqCQnqgrfipjAjf0qVFdkZ7uEwKJcieH_i_0lR3c89siYfbVegPVwoFR7_Ynar8DR-ca3G7sYXQcXRxNIbkNZNnTLz2kVCKjaX3Fpw', mod_date = now() where push_id = 'sangy22@nate.com' and push_device_type = 'A' 
c2dm_registration: resCode = {resCode:[{code:"200",message:"김상영"}]});
