
android_push: ** 20121003-085519

android_push: ** 20121003-123612

android_push: ** 20121003-123614

android_push: ** 20121003-154243

android_push: ** 20121003-154243

android_push: ** 20121003-154250

android_push: ** 20121003-154254
android_push: sender=bizstorycokr@gmail.com, comp_idx=1, part_idx=1, mem_idx=14, receiver=i2day@naver.com, msg_type=work, message=[업무보고] 뷰스토리 관련 모든업무는 이곳에서 공..
android_push: sql = select * from push_member where push_id = 'i2day@naver.com' and push_device_type = 'A' and del_yn = 'N'
android_push: [i2day@naver.com] message = Y, receipt = Y, work = Y, notice = Y
android_push: 수신자 확인 OK => 전송데이터 확인 OK
android_push: sql = insert into push_history (send_key, comp_idx, part_idx, mem_idx, receiver_id, receiver_name, service_type, msg_type, message, state, state_comment, request_time) values ( '20121003154254715160', 1, 1, 14, 'i2day@naver.com', '박정화', 'android', 'work', '[업무보고] 뷰스토리 관련 모든업무는 이곳에서 공..', '0', '', now())
android_push: sql = select * from push_c2dm_info where push_id = 'bizstorycokr@gmail.com' and push_enable = 'Y'
android_push: msg_type = work
android_push: message = [업무보고] 뷰스토리 관련 모든업무는 이곳에서 공..
android_push: sendMessageToPhone = id=0:1349246289885697%04ff75359411d972
android_push: sql = update push_history set state = '1', state_comment = '전송 OK', send_time = now() where send_key = '20121003154254715160'

android_push: ** 20121003-154257

android_push: ** 20121003-154302
android_push: sender=bizstorycokr@gmail.com, comp_idx=1, part_idx=1, mem_idx=8, receiver=ahnwhan76@naver.com, msg_type=work, message=[업무보고] 뷰스토리 관련 모든업무는 이곳에서 공..
android_push: sql = select * from push_member where push_id = 'ahnwhan76@naver.com' and push_device_type = 'A' and del_yn = 'N'
android_push: [ahnwhan76@naver.com] message = Y, receipt = Y, work = Y, notice = Y
android_push: 수신자 확인 OK => 전송데이터 확인 OK
android_push: sql = insert into push_history (send_key, comp_idx, part_idx, mem_idx, receiver_id, receiver_name, service_type, msg_type, message, state, state_comment, request_time) values ( '20121003154302877848', 1, 1, 8, 'ahnwhan76@naver.com', '문은지', 'android', 'work', '[업무보고] 뷰스토리 관련 모든업무는 이곳에서 공..', '0', '', now())
android_push: sql = select * from push_c2dm_info where push_id = 'bizstorycokr@gmail.com' and push_enable = 'Y'
android_push: msg_type = work
android_push: message = [업무보고] 뷰스토리 관련 모든업무는 이곳에서 공..
android_push: sendMessageToPhone = id=0:1349246298186216%04ff7535b92e5a0a
android_push: sql = update push_history set state = '1', state_comment = '전송 OK', send_time = now() where send_key = '20121003154302877848'

android_push: ** 20121003-154307
android_push: sender=bizstorycokr@gmail.com, comp_idx=1, part_idx=1, mem_idx=39, receiver=ipos21@naver.com, msg_type=work, message=[업무보고] 뷰스토리 관련 모든업무는 이곳에서 공..
android_push: sql = select * from push_member where push_id = 'ipos21@naver.com' and push_device_type = 'A' and del_yn = 'N'
android_push: [ipos21@naver.com] message = Y, receipt = Y, work = Y, notice = Y
android_push: 수신자 확인 OK => 전송데이터 확인 OK
android_push: sql = insert into push_history (send_key, comp_idx, part_idx, mem_idx, receiver_id, receiver_name, service_type, msg_type, message, state, state_comment, request_time) values ( '20121003154307835844', 1, 1, 39, 'ipos21@naver.com', '박상현', 'android', 'work', '[업무보고] 뷰스토리 관련 모든업무는 이곳에서 공..', '0', '', now())
android_push: sql = select * from push_c2dm_info where push_id = 'bizstorycokr@gmail.com' and push_enable = 'Y'
android_push: msg_type = work
android_push: message = [업무보고] 뷰스토리 관련 모든업무는 이곳에서 공..
android_push: sendMessageToPhone = id=0:1349246303756879%04ff7535c1743b89
android_push: sql = update push_history set state = '1', state_comment = '전송 OK', send_time = now() where send_key = '20121003154307835844'

android_push: ** 20121003-154314

android_push: ** 20121003-184828

android_push: ** 20121003-192018

android_push: ** 20121003-212356

android_push: ** 20121003-212356

android_push: ** 20121003-212359

android_push: ** 20121003-212401
android_push: sender=bizstorycokr@gmail.com, comp_idx=1, part_idx=1, mem_idx=14, receiver=i2day@naver.com, msg_type=work, message=[업무보고] 뷰스토리 관련 모든업무는 이곳에서 공..
android_push: sql = select * from push_member where push_id = 'i2day@naver.com' and push_device_type = 'A' and del_yn = 'N'
android_push: [i2day@naver.com] message = Y, receipt = Y, work = Y, notice = Y
android_push: 수신자 확인 OK => 전송데이터 확인 OK
android_push: sql = insert into push_history (send_key, comp_idx, part_idx, mem_idx, receiver_id, receiver_name, service_type, msg_type, message, state, state_comment, request_time) values ( '20121003212401923586', 1, 1, 14, 'i2day@naver.com', '박정화', 'android', 'work', '[업무보고] 뷰스토리 관련 모든업무는 이곳에서 공..', '0', '', now())
android_push: sql = select * from push_c2dm_info where push_id = 'bizstorycokr@gmail.com' and push_enable = 'Y'
android_push: msg_type = work
android_push: message = [업무보고] 뷰스토리 관련 모든업무는 이곳에서 공..
android_push: sendMessageToPhone = id=0:1349266756717115%04ff7535e5850cbc
android_push: sql = update push_history set state = '1', state_comment = '전송 OK', send_time = now() where send_key = '20121003212401923586'

android_push: ** 20121003-212404

android_push: ** 20121003-212409
android_push: sender=bizstorycokr@gmail.com, comp_idx=1, part_idx=1, mem_idx=8, receiver=ahnwhan76@naver.com, msg_type=work, message=[업무보고] 뷰스토리 관련 모든업무는 이곳에서 공..
android_push: sql = select * from push_member where push_id = 'ahnwhan76@naver.com' and push_device_type = 'A' and del_yn = 'N'
android_push: [ahnwhan76@naver.com] message = Y, receipt = Y, work = Y, notice = Y
android_push: 수신자 확인 OK => 전송데이터 확인 OK
android_push: sql = insert into push_history (send_key, comp_idx, part_idx, mem_idx, receiver_id, receiver_name, service_type, msg_type, message, state, state_comment, request_time) values ( '20121003212409241693', 1, 1, 8, 'ahnwhan76@naver.com', '문은지', 'android', 'work', '[업무보고] 뷰스토리 관련 모든업무는 이곳에서 공..', '0', '', now())
android_push: sql = select * from push_c2dm_info where push_id = 'bizstorycokr@gmail.com' and push_enable = 'Y'
android_push: msg_type = work
android_push: message = [업무보고] 뷰스토리 관련 모든업무는 이곳에서 공..
android_push: sendMessageToPhone = id=0:1349266764673130%04ff753580e0448c
android_push: sql = update push_history set state = '1', state_comment = '전송 OK', send_time = now() where send_key = '20121003212409241693'

android_push: ** 20121003-212416
android_push: sender=bizstorycokr@gmail.com, comp_idx=1, part_idx=1, mem_idx=39, receiver=ipos21@naver.com, msg_type=work, message=[업무보고] 뷰스토리 관련 모든업무는 이곳에서 공..
android_push: sql = select * from push_member where push_id = 'ipos21@naver.com' and push_device_type = 'A' and del_yn = 'N'
android_push: [ipos21@naver.com] message = Y, receipt = Y, work = Y, notice = Y
android_push: 수신자 확인 OK => 전송데이터 확인 OK
android_push: sql = insert into push_history (send_key, comp_idx, part_idx, mem_idx, receiver_id, receiver_name, service_type, msg_type, message, state, state_comment, request_time) values ( '20121003212416996298', 1, 1, 39, 'ipos21@naver.com', '박상현', 'android', 'work', '[업무보고] 뷰스토리 관련 모든업무는 이곳에서 공..', '0', '', now())
android_push: sql = select * from push_c2dm_info where push_id = 'bizstorycokr@gmail.com' and push_enable = 'Y'
android_push: msg_type = work
android_push: message = [업무보고] 뷰스토리 관련 모든업무는 이곳에서 공..
android_push: sendMessageToPhone = id=0:1349266772197452%04ff753556495862
android_push: sql = update push_history set state = '1', state_comment = '전송 OK', send_time = now() where send_key = '20121003212416996298'

android_push: ** 20121003-212422
