
c2dm_registration: ** 20121106-085406
c2dm_registration: cmd=add, id=semtl97@naver.com, pw=1234, registration_id=, device_unique_id=CC7405DD086682C088B693A513B15E3F
c2dm_registration: message=Y, receipt=Y, work=Y, notice=Y
c2dm_registration: sql = select * from member_info where mem_id = 'semtl97@naver.com' and mem_pwd = '154d3317e39c57e98475aba14b11c8f8' and del_yn = 'N'
c2dm_registration: 인증성공
c2dm_registration: sql = select * from push_member where push_id = 'semtl97@naver.com' and push_pwd = '154d3317e39c57e98475aba14b11c8f8'
c2dm_registration: sql = insert into push_member (comp_idx, part_idx, mem_idx, push_id, push_pwd, push_name, push_enable, push_device_type, push_registration_id, push_message, push_receipt, push_work, push_notice, push_consult, push_device_unique_id, reg_date, del_yn) values ('44','80','292','semtl97@naver.com','154d3317e39c57e98475aba14b11c8f8','전재욱','Y','A','','Y','Y','Y','Y','','CC7405DD086682C088B693A513B15E3F',now(),'N')
c2dm_registration: resCode = {resCode:[{code:"200",message:"전재욱"}]});

c2dm_registration: ** 20121106-085407
c2dm_registration: cmd=registration, id=semtl97@naver.com, pw=1234, registration_id=APA91bGVq32gchPt3WoGAEetxkQEczhbZ9qKkA9MBXQhJAuYiXxY6i8mrdhwGhKbOEp5pPiCOfP-y765LTxgzTXQqeskEydjkjaz5-0YEGW9fnPY5jC4-ZNHSZEYnCM3MK9g_zkON8mb3dv7aN-OreA0GrLeHJSI3Q, device_unique_id=null
c2dm_registration: message=null, receipt=null, work=null, notice=null
c2dm_registration: sql = select * from member_info where mem_id = 'semtl97@naver.com' and mem_pwd = '154d3317e39c57e98475aba14b11c8f8' and del_yn = 'N'
c2dm_registration: 인증성공
c2dm_registration: sql = select * from push_member where push_id = 'semtl97@naver.com' and push_pwd = '154d3317e39c57e98475aba14b11c8f8' and push_device_type = 'A' 
c2dm_registration: sql = update push_member set push_registration_id = 'APA91bGVq32gchPt3WoGAEetxkQEczhbZ9qKkA9MBXQhJAuYiXxY6i8mrdhwGhKbOEp5pPiCOfP-y765LTxgzTXQqeskEydjkjaz5-0YEGW9fnPY5jC4-ZNHSZEYnCM3MK9g_zkON8mb3dv7aN-OreA0GrLeHJSI3Q', mod_date = now() where push_id = 'semtl97@naver.com' and push_device_type = 'A' 
c2dm_registration: resCode = {resCode:[{code:"200",message:"전재욱"}]});

c2dm_registration: ** 20121106-112454
c2dm_registration: cmd=add, id=neo@neolohas.net, pw=neo0624, registration_id=, device_unique_id=73FB246C269F700779DFA67259FEB72B
c2dm_registration: message=Y, receipt=Y, work=Y, notice=Y
c2dm_registration: sql = select * from member_info where mem_id = 'neo@neolohas.net' and mem_pwd = '3673b457fc29b36a70547b12e4a4f42b' and del_yn = 'N'
c2dm_registration: 인증성공
c2dm_registration: sql = select * from push_member where push_id = 'neo@neolohas.net' and push_pwd = '3673b457fc29b36a70547b12e4a4f42b'
c2dm_registration: sql = update push_member set
				  push_enable  = 'Y'
				, push_message = 'Y'
				, push_receipt = 'Y'
				, push_work    = 'Y'
				, push_notice  = 'Y'
				, push_consult = ''
				, push_registration_id  = ''
				, push_device_unique_id = '73FB246C269F700779DFA67259FEB72B'
				, mod_date = now()
			where push_id = 'neo@neolohas.net' and push_device_type = 'A' 
c2dm_registration: resCode = {resCode:[{code:"200",message:"고광태"}]});

c2dm_registration: ** 20121106-112454
c2dm_registration: cmd=registration, id=neo@neolohas.net, pw=neo0624, registration_id=APA91bGr8ppxmTqXMvZKEvy7TXZJ_kOR3Pzgiw2Md9cWLjBV01a8La8XKG543Fv5_wpSlQ-d4T1Xpl-8-_NnIqmZ38gQkCFhPR3sk3SD-VbIwDrvn6t8VmjK_CkD1RYVaP2D31eez2kbohp-FjbvUOstxuL2TLYLYg, device_unique_id=null
c2dm_registration: message=null, receipt=null, work=null, notice=null
c2dm_registration: sql = select * from member_info where mem_id = 'neo@neolohas.net' and mem_pwd = '3673b457fc29b36a70547b12e4a4f42b' and del_yn = 'N'
c2dm_registration: 인증성공
c2dm_registration: sql = select * from push_member where push_id = 'neo@neolohas.net' and push_pwd = '3673b457fc29b36a70547b12e4a4f42b' and push_device_type = 'A' 
c2dm_registration: sql = update push_member set push_registration_id = 'APA91bGr8ppxmTqXMvZKEvy7TXZJ_kOR3Pzgiw2Md9cWLjBV01a8La8XKG543Fv5_wpSlQ-d4T1Xpl-8-_NnIqmZ38gQkCFhPR3sk3SD-VbIwDrvn6t8VmjK_CkD1RYVaP2D31eez2kbohp-FjbvUOstxuL2TLYLYg', mod_date = now() where push_id = 'neo@neolohas.net' and push_device_type = 'A' 
c2dm_registration: resCode = {resCode:[{code:"200",message:"고광태"}]});
