
c2dm_registration: ** 20121204-165206
c2dm_registration: cmd=add, id=choidh73@hanmail.net, pw=1777, registration_id=, device_unique_id=FAC024CFB8411968692E6356284726AD
c2dm_registration: message=Y, receipt=Y, work=Y, notice=Y
c2dm_registration: sql = select * from member_info where mem_id = 'choidh73@hanmail.net' and mem_pwd = '8a23d82a178f8f8c0ddf20316a143ca3' and del_yn = 'N'
c2dm_registration: 인증성공
c2dm_registration: sql = select * from push_member where push_id = 'choidh73@hanmail.net' and push_pwd = '8a23d82a178f8f8c0ddf20316a143ca3'
c2dm_registration: sql = update push_member set
				  push_enable  = 'Y'
				, push_message = 'Y'
				, push_receipt = 'Y'
				, push_work    = 'Y'
				, push_notice  = 'Y'
				, push_consult = ''
				, push_registration_id  = ''
				, push_device_unique_id = 'FAC024CFB8411968692E6356284726AD'
				, mod_date = now()
			where push_id = 'choidh73@hanmail.net' and push_device_type = 'A' 
c2dm_registration: resCode = {resCode:[{code:"200",message:"최동호"}]});

c2dm_registration: ** 20121204-165208
c2dm_registration: cmd=registration, id=choidh73@hanmail.net, pw=1777, registration_id=APA91bG9n0tZ_aut3dbya2HnjrpJ3O9GsmWciDr7pli-LSpfXGHfzYW5A1vOFZEjDvxaSXr00AdPNNpdBQLlv6PUFg3K5JEqKFNYWzFqQU0h1cGRWgQV9cyKDdizK24nA7mJEHpo9iNC64k1K5-6GrLkdHIrfzYPMw, device_unique_id=null
c2dm_registration: message=null, receipt=null, work=null, notice=null
c2dm_registration: sql = select * from member_info where mem_id = 'choidh73@hanmail.net' and mem_pwd = '8a23d82a178f8f8c0ddf20316a143ca3' and del_yn = 'N'
c2dm_registration: 인증성공
c2dm_registration: sql = select * from push_member where push_id = 'choidh73@hanmail.net' and push_pwd = '8a23d82a178f8f8c0ddf20316a143ca3' and push_device_type = 'A' 
c2dm_registration: sql = select * from push_member where push_id = 'choidh73@hanmail.net' and push_pwd = '8a23d82a178f8f8c0ddf20316a143ca3' and push_device_type = 'A' 
c2dm_registration: resCode = {resCode:[{code:"200",message:"최동호"}]});
