bizstory_push: ** 20140624-170428
bizstory_push: sender=bizstorycokr@gmail.com, comp_idx=1, part_idx=1, mem_idx=195, receiver=kyunni@naver.com, msg_type=message, message=[쪽지] hello
bizstory_push: sql = select * from push_member where push_id = 'kyunni@naver.com' and del_yn = 'N'
bizstory_push: [kyunni@naver.com] push_device_type = I, message = N, receipt = Y, work = N, notice = Y, consult = N
bizstory_push: sql = insert into push_history (send_key, comp_idx, part_idx, mem_idx, receiver_id, push_device_type, push_registration_id, receiver_name, service_type, msg_type, message, state, state_comment, request_time) values ( '20140624170428101532', 1, 1, 195, 'kyunni@naver.com', 'I', '0502603e2a72386cb810f11191531b9e41cec340f798416d2a57959044c38925', '고동원', 'ios', 'message', '[쪽지] hello', '9', '', now())
bizstory_push: ** 20140624-174406
bizstory_push: sender=bizstorycokr@gmail.com, comp_idx=1, part_idx=1, mem_idx=195, receiver=kyunni@naver.com, msg_type=message, message=[쪽지] ㅗ디ㅣㅐ
bizstory_push: sql = select * from push_member where push_id = 'kyunni@naver.com' and del_yn = 'N'
bizstory_push: [kyunni@naver.com] push_device_type = I, message = N, receipt = Y, work = N, notice = Y, consult = N
bizstory_push: sql = insert into push_history (send_key, comp_idx, part_idx, mem_idx, receiver_id, push_device_type, push_registration_id, receiver_name, service_type, msg_type, message, state, state_comment, request_time) values ( '20140624174406540074', 1, 1, 195, 'kyunni@naver.com', 'I', '0502603e2a72386cb810f11191531b9e41cec340f798416d2a57959044c38925', '고동원', 'ios', 'message', '[쪽지] ㅗ디ㅣㅐ', '9', '', now())
bizstory_push: ** 20140624-175815
bizstory_push: sender=bizstorycokr@gmail.com, comp_idx=1, part_idx=1, mem_idx=561, receiver=4004jini@ubstory.net, msg_type=message, message=[쪽지] test
bizstory_push: sql = select * from push_member where push_id = '4004jini@ubstory.net' and del_yn = 'N'
bizstory_push: [4004jini@ubstory.net] push_device_type = A, message = Y, receipt = Y, work = Y, notice = Y, consult = N
bizstory_push: sql = insert into push_history (send_key, comp_idx, part_idx, mem_idx, receiver_id, push_device_type, push_registration_id, receiver_name, service_type, msg_type, message, state, state_comment, request_time) values ( '20140624175815140921', 1, 1, 561, '4004jini@ubstory.net', 'A', 'APA91bE5tQzTeLD61wG26VxF9v4QFcCUVtFY6BjtnZZ5mVjOVljXqiC3hAUjtToPI5aA41CMB3EH2ehudxTaAsIvRrbwKqzmpeMqsG70tRGzPJn53MBfsHF0f929NRy_54HK_lTxmqhruBGg3Fx9kASPJweCoQzH1EsKz7t_HDCOTsPAqpRXnwI', '이호진', 'ios', 'message', '[쪽지] test', '9', '', now())
bizstory_push: ** 20140624-182848
bizstory_push: sender=bizstorycokr@gmail.com, comp_idx=1, part_idx=1, mem_idx=195, receiver=kyunni@naver.com, msg_type=message, message=[쪽지] ㅅㄷㄴㅅ
bizstory_push: sql = select * from push_member where push_id = 'kyunni@naver.com' and del_yn = 'N'
bizstory_push: [kyunni@naver.com] push_device_type = I, message = N, receipt = Y, work = N, notice = Y, consult = N
bizstory_push: sql = insert into push_history (send_key, comp_idx, part_idx, mem_idx, receiver_id, push_device_type, push_registration_id, receiver_name, service_type, msg_type, message, state, state_comment, request_time) values ( '20140624182848699133', 1, 1, 195, 'kyunni@naver.com', 'I', '0502603e2a72386cb810f11191531b9e41cec340f798416d2a57959044c38925', '고동원', 'ios', 'message', '[쪽지] ㅅㄷㄴㅅ', '9', '', now())
bizstory_push: ** 20140624-195154
bizstory_push: sender=bizstorycokr@gmail.com, comp_idx=1, part_idx=1, mem_idx=195, receiver=kyunni@naver.com, msg_type=message, message=[쪽지] ㅇㅇㅇ
bizstory_push: sql = select * from push_member where push_id = 'kyunni@naver.com' and del_yn = 'N'
bizstory_push: [kyunni@naver.com] push_device_type = I, message = N, receipt = Y, work = N, notice = Y, consult = N
bizstory_push: sql = insert into push_history (send_key, comp_idx, part_idx, mem_idx, receiver_id, push_device_type, push_registration_id, receiver_name, service_type, msg_type, message, state, state_comment, request_time) values ( '20140624195154488536', 1, 1, 195, 'kyunni@naver.com', 'I', '0502603e2a72386cb810f11191531b9e41cec340f798416d2a57959044c38925', '고동원', 'ios', 'message', '[쪽지] ㅇㅇㅇ', '9', '', now())
bizstory_push: ** 20140624-195605
bizstory_push: sender=bizstorycokr@gmail.com, comp_idx=1, part_idx=1, mem_idx=195, receiver=kyunni@naver.com, msg_type=message, message=[쪽지] ㅇㅇㅇㅇ
bizstory_push: sql = select * from push_member where push_id = 'kyunni@naver.com' and del_yn = 'N'
bizstory_push: [kyunni@naver.com] push_device_type = I, message = N, receipt = Y, work = N, notice = Y, consult = N
bizstory_push: sql = insert into push_history (send_key, comp_idx, part_idx, mem_idx, receiver_id, push_device_type, push_registration_id, receiver_name, service_type, msg_type, message, state, state_comment, request_time) values ( '20140624195605947184', 1, 1, 195, 'kyunni@naver.com', 'I', '0502603e2a72386cb810f11191531b9e41cec340f798416d2a57959044c38925', '고동원', 'ios', 'message', '[쪽지] ㅇㅇㅇㅇ', '9', '', now())
