bizstory_push: ** 20140525-134643
bizstory_push: sender=bizstorycokr@gmail.com, comp_idx=32, part_idx=39, mem_idx=178, receiver=mindcafe@miraensys.com, msg_type=receipt, message=[접수] [일산고등학교] 제과제빵 1-1반 ...
bizstory_push: sql = select * from push_member where push_id = 'mindcafe@miraensys.com' and del_yn = 'N'
bizstory_push: [mindcafe@miraensys.com] push_device_type = A, message = Y, receipt = Y, work = Y, notice = Y, consult = 
bizstory_push: sql = insert into push_history (send_key, comp_idx, part_idx, mem_idx, receiver_id, push_device_type, push_registration_id, receiver_name, service_type, msg_type, message, state, state_comment, request_time) values ( '20140525134643671001', 32, 39, 178, 'mindcafe@miraensys.com', 'A', 'APA91bHrN7uDNmev_suUb96TJ7KceXRBAqePyZ99s3CDXFfXkLs7xVZ5zqr4QZLCRxl73aGNB0BvKtPtg7Bfrj2b6ZomBCYq1YNIdDkJ5Pm0bkEIIU89Cqf2dXKVSNke9F5jeXn-F_s3Fq-7uBonMlDmJovV3k6glA', '최우성', 'ios', 'receipt', '[접수] [일산고등학교] 제과제빵 1-1반 ...', '9', '', now())
bizstory_push: ** 20140525-134643
bizstory_push: ** 20140525-172959
bizstory_push: ** 20140525-175511
bizstory_push: sender=bizstorycokr@gmail.com, comp_idx=1, part_idx=1, mem_idx=528, receiver=ubman@ubstory.net, msg_type=receipt, message=[송탄보건소(다현)] 팝업에서 내려주시겠..
bizstory_push: sql = select * from push_member where push_id = 'ubman@ubstory.net' and del_yn = 'N'
bizstory_push: [ubman@ubstory.net] push_device_type = I, message = Y, receipt = Y, work = Y, notice = Y, consult = 
bizstory_push: sql = insert into push_history (send_key, comp_idx, part_idx, mem_idx, receiver_id, push_device_type, push_registration_id, receiver_name, service_type, msg_type, message, state, state_comment, request_time) values ( '20140525175511452077', 1, 1, 528, 'ubman@ubstory.net', 'I', 'eb74a58ff4ca7312a88f871acf0e88ced22d528ed841241ce169ef11f1bedab5', '고정균', 'ios', 'receipt', '[송탄보건소(다현)] 팝업에서 내려주시겠..', '9', '', now())
bizstory_push: ** 20140525-175548
bizstory_push: sender=bizstorycokr@gmail.com, comp_idx=1, part_idx=1, mem_idx=528, receiver=ubman@ubstory.net, msg_type=receipt, message=[안산교육지원청(네오딕)] 260.265.26..
bizstory_push: sql = select * from push_member where push_id = 'ubman@ubstory.net' and del_yn = 'N'
bizstory_push: [ubman@ubstory.net] push_device_type = I, message = Y, receipt = Y, work = Y, notice = Y, consult = 
bizstory_push: sql = insert into push_history (send_key, comp_idx, part_idx, mem_idx, receiver_id, push_device_type, push_registration_id, receiver_name, service_type, msg_type, message, state, state_comment, request_time) values ( '20140525175548125008', 1, 1, 528, 'ubman@ubstory.net', 'I', 'eb74a58ff4ca7312a88f871acf0e88ced22d528ed841241ce169ef11f1bedab5', '고정균', 'ios', 'receipt', '[안산교육지원청(네오딕)] 260.265.26..', '9', '', now())
bizstory_push: ** 20140525-175655
bizstory_push: sender=bizstorycokr@gmail.com, comp_idx=1, part_idx=1, mem_idx=528, receiver=ubman@ubstory.net, msg_type=receipt, message=[경기도립중앙도서관] 전자도서관 로그인 ..
bizstory_push: sql = select * from push_member where push_id = 'ubman@ubstory.net' and del_yn = 'N'
bizstory_push: [ubman@ubstory.net] push_device_type = I, message = Y, receipt = Y, work = Y, notice = Y, consult = 
bizstory_push: sql = insert into push_history (send_key, comp_idx, part_idx, mem_idx, receiver_id, push_device_type, push_registration_id, receiver_name, service_type, msg_type, message, state, state_comment, request_time) values ( '20140525175655766575', 1, 1, 528, 'ubman@ubstory.net', 'I', 'eb74a58ff4ca7312a88f871acf0e88ced22d528ed841241ce169ef11f1bedab5', '고정균', 'ios', 'receipt', '[경기도립중앙도서관] 전자도서관 로그인 ..', '9', '', now())
bizstory_push: ** 20140525-175925
bizstory_push: sender=bizstorycokr@gmail.com, comp_idx=1, part_idx=1, mem_idx=528, receiver=ubman@ubstory.net, msg_type=receipt, message=[평택대학교] 화면 캡처 올려드려..
bizstory_push: sql = select * from push_member where push_id = 'ubman@ubstory.net' and del_yn = 'N'
bizstory_push: [ubman@ubstory.net] push_device_type = I, message = Y, receipt = Y, work = Y, notice = Y, consult = 
bizstory_push: sql = insert into push_history (send_key, comp_idx, part_idx, mem_idx, receiver_id, push_device_type, push_registration_id, receiver_name, service_type, msg_type, message, state, state_comment, request_time) values ( '20140525175925373264', 1, 1, 528, 'ubman@ubstory.net', 'I', 'eb74a58ff4ca7312a88f871acf0e88ced22d528ed841241ce169ef11f1bedab5', '고정균', 'ios', 'receipt', '[평택대학교] 화면 캡처 올려드려..', '9', '', now())
bizstory_push: ** 20140525-180903
bizstory_push: sender=bizstorycokr@gmail.com, comp_idx=1, part_idx=1, mem_idx=528, receiver=ubman@ubstory.net, msg_type=receipt, message=[안양과천교육지원청-컨설팅] 홈페이지 정기점검보..
bizstory_push: sql = select * from push_member where push_id = 'ubman@ubstory.net' and del_yn = 'N'
bizstory_push: [ubman@ubstory.net] push_device_type = I, message = Y, receipt = Y, work = Y, notice = Y, consult = 
bizstory_push: sql = insert into push_history (send_key, comp_idx, part_idx, mem_idx, receiver_id, push_device_type, push_registration_id, receiver_name, service_type, msg_type, message, state, state_comment, request_time) values ( '20140525180903916765', 1, 1, 528, 'ubman@ubstory.net', 'I', 'eb74a58ff4ca7312a88f871acf0e88ced22d528ed841241ce169ef11f1bedab5', '고정균', 'ios', 'receipt', '[안양과천교육지원청-컨설팅] 홈페이지 정기점검보..', '9', '', now())
bizstory_push: ** 20140525-180914
bizstory_push: sender=bizstorycokr@gmail.com, comp_idx=1, part_idx=1, mem_idx=528, receiver=ubman@ubstory.net, msg_type=receipt, message=[안산방과후학교지원센터] 홈페이지 정기점검보..
bizstory_push: sql = select * from push_member where push_id = 'ubman@ubstory.net' and del_yn = 'N'
bizstory_push: [ubman@ubstory.net] push_device_type = I, message = Y, receipt = Y, work = Y, notice = Y, consult = 
bizstory_push: sql = insert into push_history (send_key, comp_idx, part_idx, mem_idx, receiver_id, push_device_type, push_registration_id, receiver_name, service_type, msg_type, message, state, state_comment, request_time) values ( '20140525180914451817', 1, 1, 528, 'ubman@ubstory.net', 'I', 'eb74a58ff4ca7312a88f871acf0e88ced22d528ed841241ce169ef11f1bedab5', '고정균', 'ios', 'receipt', '[안산방과후학교지원센터] 홈페이지 정기점검보..', '9', '', now())
bizstory_push: ** 20140525-180932
bizstory_push: sender=bizstorycokr@gmail.com, comp_idx=1, part_idx=1, mem_idx=528, receiver=ubman@ubstory.net, msg_type=receipt, message=[경기도교육청학부모지원] 홈페이지 정기점검보..
bizstory_push: sql = select * from push_member where push_id = 'ubman@ubstory.net' and del_yn = 'N'
bizstory_push: [ubman@ubstory.net] push_device_type = I, message = Y, receipt = Y, work = Y, notice = Y, consult = 
bizstory_push: sql = insert into push_history (send_key, comp_idx, part_idx, mem_idx, receiver_id, push_device_type, push_registration_id, receiver_name, service_type, msg_type, message, state, state_comment, request_time) values ( '20140525180932593865', 1, 1, 528, 'ubman@ubstory.net', 'I', 'eb74a58ff4ca7312a88f871acf0e88ced22d528ed841241ce169ef11f1bedab5', '고정균', 'ios', 'receipt', '[경기도교육청학부모지원] 홈페이지 정기점검보..', '9', '', now())
bizstory_push: ** 20140525-180944
bizstory_push: sender=bizstorycokr@gmail.com, comp_idx=1, part_idx=1, mem_idx=528, receiver=ubman@ubstory.net, msg_type=receipt, message=[보평중학교] 홈페이지 정기점검보..
bizstory_push: sql = select * from push_member where push_id = 'ubman@ubstory.net' and del_yn = 'N'
bizstory_push: [ubman@ubstory.net] push_device_type = I, message = Y, receipt = Y, work = Y, notice = Y, consult = 
bizstory_push: sql = insert into push_history (send_key, comp_idx, part_idx, mem_idx, receiver_id, push_device_type, push_registration_id, receiver_name, service_type, msg_type, message, state, state_comment, request_time) values ( '20140525180944387636', 1, 1, 528, 'ubman@ubstory.net', 'I', 'eb74a58ff4ca7312a88f871acf0e88ced22d528ed841241ce169ef11f1bedab5', '고정균', 'ios', 'receipt', '[보평중학교] 홈페이지 정기점검보..', '9', '', now())
bizstory_push: ** 20140525-203745
bizstory_push: sender=bizstorycokr@gmail.com, comp_idx=1, part_idx=1, mem_idx=528, receiver=ubman@ubstory.net, msg_type=receipt, message=[평택대학교] 평택대학교 완료보고..
bizstory_push: sql = select * from push_member where push_id = 'ubman@ubstory.net' and del_yn = 'N'
bizstory_push: [ubman@ubstory.net] push_device_type = I, message = Y, receipt = Y, work = Y, notice = Y, consult = 
bizstory_push: sql = insert into push_history (send_key, comp_idx, part_idx, mem_idx, receiver_id, push_device_type, push_registration_id, receiver_name, service_type, msg_type, message, state, state_comment, request_time) values ( '20140525203745604823', 1, 1, 528, 'ubman@ubstory.net', 'I', 'eb74a58ff4ca7312a88f871acf0e88ced22d528ed841241ce169ef11f1bedab5', '고정균', 'ios', 'receipt', '[평택대학교] 평택대학교 완료보고..', '9', '', now())
