bizstory_push: ** 20140308-103404
bizstory_push: sender=bizstorycokr@gmail.com, comp_idx=13, part_idx=17, mem_idx=452, receiver=holybell1@naver.com, msg_type=receipt, message=[접수] [반송여자중학교] 3-1 프로젝션 T..
bizstory_push: sql = select * from push_member where push_id = 'holybell1@naver.com' and del_yn = 'N'
bizstory_push: [holybell1@naver.com] push_device_type = A, message = Y, receipt = Y, work = Y, notice = Y, consult = 
bizstory_push: sql = insert into push_history (send_key, comp_idx, part_idx, mem_idx, receiver_id, push_device_type, push_registration_id, receiver_name, service_type, msg_type, message, state, state_comment, request_time) values ( '20140308103404216554', 13, 17, 452, 'holybell1@naver.com', 'A', 'APA91bHzHSAoI1J36FX_EO9yoxfMFDwH730EKdyAqMAKj2b6cZejgXhprzShMYU_7Lf3IapzC6go_ZMxKIpGAHB7I24ehNd0BzpxWF0TzPkmxBvXbr-G1ZsdDTBITprFDgpeArj1oaxlMF9aO7rx0IoNSTq7kUTgZQ', '박지훈', 'ios', 'receipt', '[접수] [반송여자중학교] 3-1 프로젝션 T..', '9', '', now())
bizstory_push: ** 20140308-103404
bizstory_push: ** 20140308-105132
bizstory_push: sender=bizstorycokr@gmail.com, comp_idx=32, part_idx=39, mem_idx=179, receiver=sjh850405@miraensys.com, msg_type=receipt, message=[접수] [지도초등학교] 컴퓨터 소리가 TV...
bizstory_push: sql = select * from push_member where push_id = 'sjh850405@miraensys.com' and del_yn = 'N'
bizstory_push: [sjh850405@miraensys.com] push_device_type = A, message = Y, receipt = Y, work = Y, notice = Y, consult = Y
bizstory_push: sql = insert into push_history (send_key, comp_idx, part_idx, mem_idx, receiver_id, push_device_type, push_registration_id, receiver_name, service_type, msg_type, message, state, state_comment, request_time) values ( '20140308105132553652', 32, 39, 179, 'sjh850405@miraensys.com', 'A', 'APA91bHfLfUXpk18QVqyiZaWQrtTNFPZSLXvotgb6D8G3mxL-93XDhZUPBGOjbJApJZE4Lxc-GxguMSLh8IQqWS_62JJIyP5r7B_sudfK72zxUqeLVJg-CDY1b1ex5SvHPgVzftTWaA24r4gVpzl4lNX_DKoVktcZw', '송진호', 'ios', 'receipt', '[접수] [지도초등학교] 컴퓨터 소리가 TV...', '9', '', now())
bizstory_push: ** 20140308-105132
bizstory_push: ** 20140308-105247
bizstory_push: sender=bizstorycokr@gmail.com, comp_idx=32, part_idx=39, mem_idx=179, receiver=sjh850405@miraensys.com, msg_type=receipt, message=[접수] [지도초등학교] 프린터 연결
bizstory_push: sql = select * from push_member where push_id = 'sjh850405@miraensys.com' and del_yn = 'N'
bizstory_push: [sjh850405@miraensys.com] push_device_type = A, message = Y, receipt = Y, work = Y, notice = Y, consult = Y
bizstory_push: sql = insert into push_history (send_key, comp_idx, part_idx, mem_idx, receiver_id, push_device_type, push_registration_id, receiver_name, service_type, msg_type, message, state, state_comment, request_time) values ( '20140308105247657388', 32, 39, 179, 'sjh850405@miraensys.com', 'A', 'APA91bHfLfUXpk18QVqyiZaWQrtTNFPZSLXvotgb6D8G3mxL-93XDhZUPBGOjbJApJZE4Lxc-GxguMSLh8IQqWS_62JJIyP5r7B_sudfK72zxUqeLVJg-CDY1b1ex5SvHPgVzftTWaA24r4gVpzl4lNX_DKoVktcZw', '송진호', 'ios', 'receipt', '[접수] [지도초등학교] 프린터 연결', '9', '', now())
bizstory_push: ** 20140308-105247
bizstory_push: ** 20140308-122241
bizstory_push: sender=bizstorycokr@gmail.com, comp_idx=32, part_idx=39, mem_idx=176, receiver=woo@miraensys.com, msg_type=receipt, message=[접수] [가좌초등학교] 랜선 노후
bizstory_push: sql = select * from push_member where push_id = 'woo@miraensys.com' and del_yn = 'N'
bizstory_push: [woo@miraensys.com] push_device_type = A, message = Y, receipt = Y, work = Y, notice = Y, consult = 
bizstory_push: sql = insert into push_history (send_key, comp_idx, part_idx, mem_idx, receiver_id, push_device_type, push_registration_id, receiver_name, service_type, msg_type, message, state, state_comment, request_time) values ( '20140308122241697390', 32, 39, 176, 'woo@miraensys.com', 'A', 'APA91bF_z3c7G0eq8XS9gXgzmU-JTuiKWFyqEaf1ocSLNx2H3DWGlzPliIoTyYYBNSgh4DKTawXkpkGIeQRg8c13TrbJbU6z4raCIj3ZEL0cCgnmSGoRmOvs9R91Doq7iGfA5SSeCZAQDI-aOqAXDYOc9bU_UNjbDg', '우영근', 'ios', 'receipt', '[접수] [가좌초등학교] 랜선 노후', '9', '', now())
bizstory_push: ** 20140308-122241
