
bizstory_push: ** 20120923-114340
bizstory_push: sender=bizstorycokr@gmail.com, comp_idx=13, part_idx=17, mem_idx=94, receiver=starnts@greatworks.co.kr, msg_type=receipt, message=[창원중앙고등학교] pc본체 앞면 분리
bizstory_push: sql = select * from push_member where push_id = 'starnts@greatworks.co.kr' and del_yn = 'N'
bizstory_push: [starnts@greatworks.co.kr] push_device_type = A, message = Y, receipt = Y, work = Y, notice = Y

bizstory_push: ** 20120923-115018
bizstory_push: sender=bizstorycokr@gmail.com, comp_idx=1, part_idx=1, mem_idx=2, receiver=arachi76@naver.com, msg_type=reg_ok, message=[업체신청] 생명의숲국민운동
bizstory_push: sql = select * from push_member where push_id = 'arachi76@naver.com' and del_yn = 'N'
bizstory_push: [arachi76@naver.com] push_device_type = I, message = Y, receipt = Y, work = Y, notice = Y
bizstory_push: APNS PUSH
bizstory_push: [arachi76@naver.com] push_device_type = I, message = Y, receipt = Y, work = Y, notice = Y
bizstory_push: APNS PUSH
bizstory_push: [arachi76@naver.com] push_device_type = I, message = Y, receipt = Y, work = Y, notice = Y
bizstory_push: APNS PUSH
bizstory_push: [arachi76@naver.com] push_device_type = I, message = Y, receipt = Y, work = Y, notice = Y
bizstory_push: APNS PUSH
bizstory_push: [arachi76@naver.com] push_device_type = I, message = Y, receipt = Y, work = Y, notice = Y
bizstory_push: APNS PUSH
bizstory_push: [arachi76@naver.com] push_device_type = I, message = Y, receipt = Y, work = Y, notice = Y
bizstory_push: APNS PUSH

bizstory_push: ** 20120923-125400
bizstory_push: sender=bizstorycokr@gmail.com, comp_idx=1, part_idx=1, mem_idx=7, receiver=yukki76@nate.com, msg_type=work, message=[업무] 뷰스토리 관련 모든업무는 이곳에서 공..
bizstory_push: sql = select * from push_member where push_id = 'yukki76@nate.com' and del_yn = 'N'
bizstory_push: [yukki76@nate.com] push_device_type = I, message = Y, receipt = Y, work = Y, notice = Y
bizstory_push: APNS PUSH
bizstory_push: [yukki76@nate.com] push_device_type = I, message = Y, receipt = Y, work = Y, notice = Y
bizstory_push: APNS PUSH
bizstory_push: [yukki76@nate.com] push_device_type = I, message = Y, receipt = Y, work = Y, notice = Y
bizstory_push: APNS PUSH

bizstory_push: ** 20120923-130917
bizstory_push: sender=bizstorycokr@gmail.com, comp_idx=1, part_idx=1, mem_idx=2, receiver=, msg_type=work, message=[업무코멘트] 뷰스토리 관련 모든업무는 이곳에서 공..
bizstory_push: sql = select * from push_member where push_id = '' and del_yn = 'N'
bizstory_push: 등록되지 않은 사용자
bizstory_push: sql = insert into push_history (send_key, comp_idx, part_idx, mem_idx, receiver_id, receiver_name, service_type, msg_type, message, state, state_comment, request_time) values ( '20120923130917390618', 1, 1, 2, '', '', 'ios', 'work', '[업무코멘트] 뷰스토리 관련 모든업무는 이곳에서 공..', '0', '등록되지 않은 사용자', now())
bizstory_push: sender=bizstorycokr@gmail.com, comp_idx=1, part_idx=1, mem_idx=2, receiver=yukki76@nate.com, msg_type=work, message=[업무코멘트] 뷰스토리 관련 모든업무는 이곳에서 공..
bizstory_push: sql = select * from push_member where push_id = 'yukki76@nate.com' and del_yn = 'N'
bizstory_push: [yukki76@nate.com] push_device_type = I, message = Y, receipt = Y, work = Y, notice = Y
bizstory_push: APNS PUSH
bizstory_push: [yukki76@nate.com] push_device_type = I, message = Y, receipt = Y, work = Y, notice = Y
bizstory_push: APNS PUSH
bizstory_push: [yukki76@nate.com] push_device_type = I, message = Y, receipt = Y, work = Y, notice = Y
bizstory_push: APNS PUSH
bizstory_push: sender=bizstorycokr@gmail.com, comp_idx=1, part_idx=1, mem_idx=2, receiver=hidesb@naver.com, msg_type=work, message=[업무코멘트] 뷰스토리 관련 모든업무는 이곳에서 공..
bizstory_push: sql = select * from push_member where push_id = 'hidesb@naver.com' and del_yn = 'N'
bizstory_push: [hidesb@naver.com] push_device_type = I, message = Y, receipt = Y, work = Y, notice = Y
bizstory_push: APNS PUSH
bizstory_push: [hidesb@naver.com] push_device_type = I, message = Y, receipt = Y, work = Y, notice = Y
bizstory_push: APNS PUSH
bizstory_push: sender=bizstorycokr@gmail.com, comp_idx=1, part_idx=1, mem_idx=2, receiver=i2day@naver.com, msg_type=work, message=[업무코멘트] 뷰스토리 관련 모든업무는 이곳에서 공..
bizstory_push: sql = select * from push_member where push_id = 'i2day@naver.com' and del_yn = 'N'
bizstory_push: [i2day@naver.com] push_device_type = A, message = Y, receipt = Y, work = Y, notice = Y
bizstory_push: [i2day@naver.com] push_device_type = I, message = Y, receipt = Y, work = Y, notice = Y
bizstory_push: APNS PUSH
bizstory_push: sender=bizstorycokr@gmail.com, comp_idx=1, part_idx=1, mem_idx=2, receiver=naryong82@nate.com, msg_type=work, message=[업무코멘트] 뷰스토리 관련 모든업무는 이곳에서 공..
bizstory_push: sql = select * from push_member where push_id = 'naryong82@nate.com' and del_yn = 'N'
bizstory_push: [naryong82@nate.com] push_device_type = I, message = Y, receipt = Y, work = Y, notice = Y
bizstory_push: APNS PUSH
bizstory_push: [naryong82@nate.com] push_device_type = I, message = Y, receipt = Y, work = Y, notice = Y
bizstory_push: APNS PUSH
bizstory_push: [naryong82@nate.com] push_device_type = I, message = Y, receipt = Y, work = Y, notice = Y
bizstory_push: APNS PUSH
bizstory_push: [naryong82@nate.com] push_device_type = I, message = Y, receipt = Y, work = Y, notice = Y
bizstory_push: APNS PUSH
bizstory_push: sender=bizstorycokr@gmail.com, comp_idx=1, part_idx=1, mem_idx=2, receiver=ahnwhan76@naver.com, msg_type=work, message=[업무코멘트] 뷰스토리 관련 모든업무는 이곳에서 공..
bizstory_push: sql = select * from push_member where push_id = 'ahnwhan76@naver.com' and del_yn = 'N'
bizstory_push: [ahnwhan76@naver.com] push_device_type = A, message = Y, receipt = Y, work = Y, notice = Y
bizstory_push: [ahnwhan76@naver.com] push_device_type = I, message = Y, receipt = Y, work = Y, notice = Y
bizstory_push: APNS PUSH
bizstory_push: [ahnwhan76@naver.com] push_device_type = I, message = Y, receipt = Y, work = Y, notice = Y
bizstory_push: APNS PUSH
bizstory_push: [ahnwhan76@naver.com] push_device_type = I, message = Y, receipt = Y, work = Y, notice = Y
bizstory_push: APNS PUSH
bizstory_push: sender=bizstorycokr@gmail.com, comp_idx=1, part_idx=1, mem_idx=2, receiver=ipos21@naver.com, msg_type=work, message=[업무코멘트] 뷰스토리 관련 모든업무는 이곳에서 공..
bizstory_push: sql = select * from push_member where push_id = 'ipos21@naver.com' and del_yn = 'N'
bizstory_push: [ipos21@naver.com] push_device_type = A, message = Y, receipt = Y, work = Y, notice = Y
bizstory_push: [ipos21@naver.com] push_device_type = I, message = Y, receipt = Y, work = Y, notice = Y
bizstory_push: APNS PUSH
bizstory_push: [ipos21@naver.com] push_device_type = I, message = Y, receipt = Y, work = Y, notice = Y
bizstory_push: APNS PUSH
bizstory_push: [ipos21@naver.com] push_device_type = I, message = Y, receipt = Y, work = Y, notice = Y
bizstory_push: APNS PUSH
bizstory_push: sender=bizstorycokr@gmail.com, comp_idx=1, part_idx=1, mem_idx=2, receiver=, msg_type=work, message=[업무코멘트] 뷰스토리 관련 모든업무는 이곳에서 공..
bizstory_push: sql = select * from push_member where push_id = '' and del_yn = 'N'
bizstory_push: 등록되지 않은 사용자
bizstory_push: sql = insert into push_history (send_key, comp_idx, part_idx, mem_idx, receiver_id, receiver_name, service_type, msg_type, message, state, state_comment, request_time) values ( '20120923130938874981', 1, 1, 2, '', '', 'ios', 'work', '[업무코멘트] 뷰스토리 관련 모든업무는 이곳에서 공..', '0', '등록되지 않은 사용자', now())

bizstory_push: ** 20120923-134855
bizstory_push: sender=bizstorycokr@gmail.com, comp_idx=1, part_idx=11, mem_idx=136, receiver=jhsong21@dasol21.net, msg_type=receipt, message=[가수원도서관] 이용자예약관리솔루션..
bizstory_push: sql = select * from push_member where push_id = 'jhsong21@dasol21.net' and del_yn = 'N'
bizstory_push: 등록되지 않은 사용자
bizstory_push: sql = insert into push_history (send_key, comp_idx, part_idx, mem_idx, receiver_id, receiver_name, service_type, msg_type, message, state, state_comment, request_time) values ( '20120923134855254597', 1, 11, 136, 'jhsong21@dasol21.net', '', 'ios', 'receipt', '[가수원도서관] 이용자예약관리솔루션..', '0', '등록되지 않은 사용자', now())

bizstory_push: ** 20120923-235919
bizstory_push: sender=bizstorycokr@gmail.com, comp_idx=9, part_idx=10, mem_idx=57, receiver=kimcpa@me.com, msg_type=receipt, message=[행복한 동네문화 만들기 운동] 재무제표 작성에 대..
bizstory_push: sql = select * from push_member where push_id = 'kimcpa@me.com' and del_yn = 'N'
bizstory_push: [kimcpa@me.com] push_device_type = I, message = Y, receipt = Y, work = Y, notice = Y
bizstory_push: APNS PUSH
bizstory_push: [kimcpa@me.com] push_device_type = I, message = Y, receipt = Y, work = Y, notice = Y
bizstory_push: APNS PUSH
