
bizstory_push: ** 20120922-083951
bizstory_push: sender=bizstorycokr@gmail.com, comp_idx=13, part_idx=17, mem_idx=94, receiver=starnts@greatworks.co.kr, msg_type=receipt, message=[봉곡중학교] 컴퓨터 프로그램 에..
bizstory_push: sql = select * from push_member where push_id = 'starnts@greatworks.co.kr' and del_yn = 'N'
bizstory_push: [starnts@greatworks.co.kr] push_device_type = A, message = Y, receipt = Y, work = Y, notice = Y

bizstory_push: ** 20120922-101049
bizstory_push: sender=bizstorycokr@gmail.com, comp_idx=5, part_idx=5, mem_idx=140, receiver=kty5458@hanmail.net, msg_type=work, message=[업무] 구미고속관광 프린터A/S
bizstory_push: sql = select * from push_member where push_id = 'kty5458@hanmail.net' and del_yn = 'N'
bizstory_push: [kty5458@hanmail.net] push_device_type = A, message = Y, receipt = Y, work = Y, notice = Y

bizstory_push: ** 20120922-135554
bizstory_push: sender=bizstorycokr@gmail.com, comp_idx=1, part_idx=1, mem_idx=304, receiver=bosshsi2010@naver.com, msg_type=work, message=[업무] 앱으로관리하는 자판기 시스템 개발관련..
bizstory_push: sql = select * from push_member where push_id = 'bosshsi2010@naver.com' and del_yn = 'N'
bizstory_push: [bosshsi2010@naver.com] push_device_type = I, message = Y, receipt = Y, work = Y, notice = Y
bizstory_push: APNS PUSH

bizstory_push: ** 20120922-135809
bizstory_push: sender=bizstorycokr@gmail.com, comp_idx=1, part_idx=29, mem_idx=2, receiver=arachi76@naver.com, msg_type=work, message=[업무코멘트] 앱으로관리하는 자판기 시스템 개발관련..
bizstory_push: sql = select * from push_member where push_id = 'arachi76@naver.com' and del_yn = 'N'
bizstory_push: [arachi76@naver.com] push_device_type = I, message = Y, receipt = Y, work = Y, notice = Y
bizstory_push: APNS PUSH
bizstory_push: [arachi76@naver.com] push_device_type = I, message = Y, receipt = Y, work = Y, notice = Y
bizstory_push: APNS PUSH
bizstory_push: [arachi76@naver.com] push_device_type = I, message = Y, receipt = Y, work = Y, notice = Y
bizstory_push: APNS PUSH
bizstory_push: [arachi76@naver.com] push_device_type = I, message = Y, receipt = Y, work = Y, notice = Y
bizstory_push: APNS PUSH
bizstory_push: [arachi76@naver.com] push_device_type = I, message = Y, receipt = Y, work = Y, notice = Y
bizstory_push: APNS PUSH
bizstory_push: [arachi76@naver.com] push_device_type = I, message = Y, receipt = Y, work = Y, notice = Y
bizstory_push: APNS PUSH
bizstory_push: sender=bizstorycokr@gmail.com, comp_idx=1, part_idx=29, mem_idx=2, receiver=, msg_type=work, message=[업무코멘트] 앱으로관리하는 자판기 시스템 개발관련..
bizstory_push: sql = select * from push_member where push_id = '' and del_yn = 'N'
bizstory_push: 등록되지 않은 사용자
bizstory_push: sql = insert into push_history (send_key, comp_idx, part_idx, mem_idx, receiver_id, receiver_name, service_type, msg_type, message, state, state_comment, request_time) values ( '20120922135814160302', 1, 29, 2, '', '', 'ios', 'work', '[업무코멘트] 앱으로관리하는 자판기 시스템 개발관련..', '0', '등록되지 않은 사용자', now())

bizstory_push: ** 20120922-154021
bizstory_push: sender=bizstorycokr@gmail.com, comp_idx=1, part_idx=1, mem_idx=2, receiver=, msg_type=work, message=[업무보고] 뷰스토리 관련 모든업무는 이곳에서 공..
bizstory_push: sql = select * from push_member where push_id = '' and del_yn = 'N'
bizstory_push: 등록되지 않은 사용자
bizstory_push: sql = insert into push_history (send_key, comp_idx, part_idx, mem_idx, receiver_id, receiver_name, service_type, msg_type, message, state, state_comment, request_time) values ( '20120922154021194376', 1, 1, 2, '', '', 'ios', 'work', '[업무보고] 뷰스토리 관련 모든업무는 이곳에서 공..', '0', '등록되지 않은 사용자', now())
bizstory_push: sender=bizstorycokr@gmail.com, comp_idx=1, part_idx=1, mem_idx=2, receiver=hidesb@naver.com, msg_type=work, message=[업무보고] 뷰스토리 관련 모든업무는 이곳에서 공..
bizstory_push: sql = select * from push_member where push_id = 'hidesb@naver.com' and del_yn = 'N'
bizstory_push: [hidesb@naver.com] push_device_type = I, message = Y, receipt = Y, work = Y, notice = Y
bizstory_push: APNS PUSH
bizstory_push: [hidesb@naver.com] push_device_type = I, message = Y, receipt = Y, work = Y, notice = Y
bizstory_push: APNS PUSH
bizstory_push: sender=bizstorycokr@gmail.com, comp_idx=1, part_idx=1, mem_idx=2, receiver=i2day@naver.com, msg_type=work, message=[업무보고] 뷰스토리 관련 모든업무는 이곳에서 공..
bizstory_push: sql = select * from push_member where push_id = 'i2day@naver.com' and del_yn = 'N'
bizstory_push: [i2day@naver.com] push_device_type = A, message = Y, receipt = Y, work = Y, notice = Y
bizstory_push: [i2day@naver.com] push_device_type = I, message = Y, receipt = Y, work = Y, notice = Y
bizstory_push: APNS PUSH
bizstory_push: sender=bizstorycokr@gmail.com, comp_idx=1, part_idx=1, mem_idx=2, receiver=naryong82@nate.com, msg_type=work, message=[업무보고] 뷰스토리 관련 모든업무는 이곳에서 공..
bizstory_push: sql = select * from push_member where push_id = 'naryong82@nate.com' and del_yn = 'N'
bizstory_push: [naryong82@nate.com] push_device_type = I, message = Y, receipt = Y, work = Y, notice = Y
bizstory_push: APNS PUSH
bizstory_push: [naryong82@nate.com] push_device_type = I, message = Y, receipt = Y, work = Y, notice = Y
bizstory_push: APNS PUSH
bizstory_push: [naryong82@nate.com] push_device_type = I, message = Y, receipt = Y, work = Y, notice = Y
bizstory_push: APNS PUSH
bizstory_push: [naryong82@nate.com] push_device_type = I, message = Y, receipt = Y, work = Y, notice = Y
bizstory_push: APNS PUSH
bizstory_push: sender=bizstorycokr@gmail.com, comp_idx=1, part_idx=1, mem_idx=2, receiver=ahnwhan76@naver.com, msg_type=work, message=[업무보고] 뷰스토리 관련 모든업무는 이곳에서 공..
bizstory_push: sql = select * from push_member where push_id = 'ahnwhan76@naver.com' and del_yn = 'N'
bizstory_push: [ahnwhan76@naver.com] push_device_type = A, message = Y, receipt = Y, work = Y, notice = Y
bizstory_push: [ahnwhan76@naver.com] push_device_type = I, message = Y, receipt = Y, work = Y, notice = Y
bizstory_push: APNS PUSH
bizstory_push: [ahnwhan76@naver.com] push_device_type = I, message = Y, receipt = Y, work = Y, notice = Y
bizstory_push: APNS PUSH
bizstory_push: [ahnwhan76@naver.com] push_device_type = I, message = Y, receipt = Y, work = Y, notice = Y
bizstory_push: APNS PUSH
bizstory_push: sender=bizstorycokr@gmail.com, comp_idx=1, part_idx=1, mem_idx=2, receiver=ipos21@naver.com, msg_type=work, message=[업무보고] 뷰스토리 관련 모든업무는 이곳에서 공..
bizstory_push: sql = select * from push_member where push_id = 'ipos21@naver.com' and del_yn = 'N'
bizstory_push: [ipos21@naver.com] push_device_type = A, message = Y, receipt = Y, work = Y, notice = Y
bizstory_push: [ipos21@naver.com] push_device_type = I, message = Y, receipt = Y, work = Y, notice = Y
bizstory_push: APNS PUSH
bizstory_push: [ipos21@naver.com] push_device_type = I, message = Y, receipt = Y, work = Y, notice = Y
bizstory_push: APNS PUSH
bizstory_push: [ipos21@naver.com] push_device_type = I, message = Y, receipt = Y, work = Y, notice = Y
bizstory_push: APNS PUSH
bizstory_push: sender=bizstorycokr@gmail.com, comp_idx=1, part_idx=1, mem_idx=2, receiver=, msg_type=work, message=[업무보고] 뷰스토리 관련 모든업무는 이곳에서 공..
bizstory_push: sql = select * from push_member where push_id = '' and del_yn = 'N'
bizstory_push: 등록되지 않은 사용자
bizstory_push: sql = insert into push_history (send_key, comp_idx, part_idx, mem_idx, receiver_id, receiver_name, service_type, msg_type, message, state, state_comment, request_time) values ( '20120922154046750821', 1, 1, 2, '', '', 'ios', 'work', '[업무보고] 뷰스토리 관련 모든업무는 이곳에서 공..', '0', '등록되지 않은 사용자', now())

bizstory_push: ** 20120922-172948
bizstory_push: sender=bizstorycokr@gmail.com, comp_idx=1, part_idx=1, mem_idx=14, receiver=i2day@naver.com, msg_type=work, message=[업무코멘트] 홈페이지 개발&유지보수 주간보고사항
bizstory_push: sql = select * from push_member where push_id = 'i2day@naver.com' and del_yn = 'N'
bizstory_push: [i2day@naver.com] push_device_type = A, message = Y, receipt = Y, work = Y, notice = Y
bizstory_push: [i2day@naver.com] push_device_type = I, message = Y, receipt = Y, work = Y, notice = Y
bizstory_push: APNS PUSH
bizstory_push: sender=bizstorycokr@gmail.com, comp_idx=1, part_idx=1, mem_idx=14, receiver=, msg_type=work, message=[업무코멘트] 홈페이지 개발&유지보수 주간보고사항
bizstory_push: sql = select * from push_member where push_id = '' and del_yn = 'N'
bizstory_push: 등록되지 않은 사용자
bizstory_push: sql = insert into push_history (send_key, comp_idx, part_idx, mem_idx, receiver_id, receiver_name, service_type, msg_type, message, state, state_comment, request_time) values ( '20120922172952974201', 1, 1, 14, '', '', 'ios', 'work', '[업무코멘트] 홈페이지 개발&유지보수 주간보고사항', '0', '등록되지 않은 사용자', now())
bizstory_push: sender=bizstorycokr@gmail.com, comp_idx=1, part_idx=1, mem_idx=14, receiver=yukki76@nate.com, msg_type=work, message=[업무코멘트] 홈페이지 개발&유지보수 주간보고사항
bizstory_push: sql = select * from push_member where push_id = 'yukki76@nate.com' and del_yn = 'N'
bizstory_push: [yukki76@nate.com] push_device_type = I, message = Y, receipt = Y, work = Y, notice = Y
bizstory_push: APNS PUSH
bizstory_push: [yukki76@nate.com] push_device_type = I, message = Y, receipt = Y, work = Y, notice = Y
bizstory_push: APNS PUSH
bizstory_push: [yukki76@nate.com] push_device_type = I, message = Y, receipt = Y, work = Y, notice = Y
bizstory_push: APNS PUSH
bizstory_push: sender=bizstorycokr@gmail.com, comp_idx=1, part_idx=1, mem_idx=14, receiver=hidesb@naver.com, msg_type=work, message=[업무코멘트] 홈페이지 개발&유지보수 주간보고사항
bizstory_push: sql = select * from push_member where push_id = 'hidesb@naver.com' and del_yn = 'N'
bizstory_push: [hidesb@naver.com] push_device_type = I, message = Y, receipt = Y, work = Y, notice = Y
bizstory_push: APNS PUSH
bizstory_push: [hidesb@naver.com] push_device_type = I, message = Y, receipt = Y, work = Y, notice = Y
bizstory_push: APNS PUSH

bizstory_push: ** 20120922-200845
bizstory_push: sender=bizstorycokr@gmail.com, comp_idx=39, part_idx=53, mem_idx=229, receiver=ohjungho1234@nate.com, msg_type=work, message=[업무보고] 용인 타운하우스 분양 홍보관 인테리어..
bizstory_push: sql = select * from push_member where push_id = 'ohjungho1234@nate.com' and del_yn = 'N'
bizstory_push: [ohjungho1234@nate.com] push_device_type = I, message = Y, receipt = Y, work = Y, notice = Y
bizstory_push: APNS PUSH
bizstory_push: [ohjungho1234@nate.com] push_device_type = I, message = Y, receipt = Y, work = Y, notice = Y
bizstory_push: APNS PUSH
bizstory_push: sender=bizstorycokr@gmail.com, comp_idx=39, part_idx=53, mem_idx=229, receiver=, msg_type=work, message=[업무보고] 용인 타운하우스 분양 홍보관 인테리어..
bizstory_push: sql = select * from push_member where push_id = '' and del_yn = 'N'
bizstory_push: 등록되지 않은 사용자
bizstory_push: sql = insert into push_history (send_key, comp_idx, part_idx, mem_idx, receiver_id, receiver_name, service_type, msg_type, message, state, state_comment, request_time) values ( '20120922200848919563', 39, 53, 229, '', '', 'ios', 'work', '[업무보고] 용인 타운하우스 분양 홍보관 인테리어..', '0', '등록되지 않은 사용자', now())
