bizstory_push: ** 20140219-083708
bizstory_push: sender=bizstorycokr@gmail.com, comp_idx=4, part_idx=4, mem_idx=25, receiver=ljy@naver.com, msg_type=receipt, message=[접수] [동탄고등학교] 과학실 인터넷 점검...
bizstory_push: sql = select * from push_member where push_id = 'ljy@naver.com' and del_yn = 'N'
bizstory_push: [ljy@naver.com] push_device_type = A, message = Y, receipt = Y, work = Y, notice = Y, consult = 
bizstory_push: sql = insert into push_history (send_key, comp_idx, part_idx, mem_idx, receiver_id, push_device_type, push_registration_id, receiver_name, service_type, msg_type, message, state, state_comment, request_time) values ( '20140219083708243848', 4, 4, 25, 'ljy@naver.com', 'A', 'APA91bFmDCE9My-xiRVpkNjb5GmFVqmiS2zb32GMB913gcNeWrg0Ae9y0t8XpHdOqZ4kRUWsG6dzFC_xVJ-bGZ0tnlLdufPxiQuDq5akAgB59tRehDJ_xCo57WLrHBZq8CyqMSn4BcVBWa_wNHq8-M7l_ttCcNZukg', '임주영', 'ios', 'receipt', '[접수] [동탄고등학교] 과학실 인터넷 점검...', '9', '', now())
bizstory_push: ** 20140219-083708
bizstory_push: ** 20140219-083745
bizstory_push: sender=bizstorycokr@gmail.com, comp_idx=4, part_idx=4, mem_idx=25, receiver=ljy@naver.com, msg_type=receipt, message=[동탄고등학교] 과학실 인터넷 점검..
bizstory_push: sql = select * from push_member where push_id = 'ljy@naver.com' and del_yn = 'N'
bizstory_push: [ljy@naver.com] push_device_type = A, message = Y, receipt = Y, work = Y, notice = Y, consult = 
bizstory_push: sql = insert into push_history (send_key, comp_idx, part_idx, mem_idx, receiver_id, push_device_type, push_registration_id, receiver_name, service_type, msg_type, message, state, state_comment, request_time) values ( '20140219083745651980', 4, 4, 25, 'ljy@naver.com', 'A', 'APA91bFmDCE9My-xiRVpkNjb5GmFVqmiS2zb32GMB913gcNeWrg0Ae9y0t8XpHdOqZ4kRUWsG6dzFC_xVJ-bGZ0tnlLdufPxiQuDq5akAgB59tRehDJ_xCo57WLrHBZq8CyqMSn4BcVBWa_wNHq8-M7l_ttCcNZukg', '임주영', 'ios', 'receipt', '[동탄고등학교] 과학실 인터넷 점검..', '9', '', now())
bizstory_push: ** 20140219-084922
bizstory_push: sender=bizstorycokr@gmail.com, comp_idx=58, part_idx=109, mem_idx=436, receiver=hwancc@gmail.com, msg_type=receipt, message=[접수] [부흥고등학교] 3학년부 이영일 선...
bizstory_push: sql = select * from push_member where push_id = 'hwancc@gmail.com' and del_yn = 'N'
bizstory_push: [hwancc@gmail.com] push_device_type = A, message = Y, receipt = Y, work = Y, notice = Y, consult = 
bizstory_push: sql = insert into push_history (send_key, comp_idx, part_idx, mem_idx, receiver_id, push_device_type, push_registration_id, receiver_name, service_type, msg_type, message, state, state_comment, request_time) values ( '20140219084922430237', 58, 109, 436, 'hwancc@gmail.com', 'A', 'APA91bEEFZZPDvdBukWNNRQnBPsb7zso3pvphkMXNM5nWh_BkyhQ97NbjJ5EDCE8eygL38Z6Lm44dNcKcWUe3OeH95AxjblDjV5Intr6jcyp666UyHX0YV3TKza7uDDS-yTq4al9t6_AJuciL9hKpHJfT7_8AQE2Pw', '최철환', 'ios', 'receipt', '[접수] [부흥고등학교] 3학년부 이영일 선...', '9', '', now())
bizstory_push: ** 20140219-084922
bizstory_push: ** 20140219-090643
bizstory_push: sender=bizstorycokr@gmail.com, comp_idx=1, part_idx=1, mem_idx=528, receiver=ubman@ubstory.net, msg_type=receipt, message=[평택대학교] 사업기간연장공문 및..
bizstory_push: sql = select * from push_member where push_id = 'ubman@ubstory.net' and del_yn = 'N'
bizstory_push: [ubman@ubstory.net] push_device_type = I, message = Y, receipt = Y, work = Y, notice = Y, consult = 
bizstory_push: sql = insert into push_history (send_key, comp_idx, part_idx, mem_idx, receiver_id, push_device_type, push_registration_id, receiver_name, service_type, msg_type, message, state, state_comment, request_time) values ( '20140219090643173495', 1, 1, 528, 'ubman@ubstory.net', 'I', 'eb74a58ff4ca7312a88f871acf0e88ced22d528ed841241ce169ef11f1bedab5', '고정균', 'ios', 'receipt', '[평택대학교] 사업기간연장공문 및..', '9', '', now())
bizstory_push: ** 20140219-092333
bizstory_push: sender=bizstorycokr@gmail.com, comp_idx=59, part_idx=110, mem_idx=383, receiver=phw1579@naver.com, msg_type=receipt, message=[상주초등학교] 교무실 5  / m..
bizstory_push: sql = select * from push_member where push_id = 'phw1579@naver.com' and del_yn = 'N'
bizstory_push: 등록되지 않은 사용자
bizstory_push: sql = insert into push_history (send_key, comp_idx, part_idx, mem_idx, receiver_id, receiver_name, service_type, msg_type, message, state, state_comment, request_time) values ( '20140219092333214309', 59, 110, 383, 'phw1579@naver.com', '', 'ios', 'receipt', '[상주초등학교] 교무실 5  / m..', '0', '등록되지 않은 사용자', now())
bizstory_push: ** 20140219-092905
bizstory_push: sender=bizstorycokr@gmail.com, comp_idx=4, part_idx=4, mem_idx=25, receiver=ljy@naver.com, msg_type=receipt, message=[접수] [반석초등학교] 컴퓨터포맷해주세요
bizstory_push: sql = select * from push_member where push_id = 'ljy@naver.com' and del_yn = 'N'
bizstory_push: [ljy@naver.com] push_device_type = A, message = Y, receipt = Y, work = Y, notice = Y, consult = 
bizstory_push: sql = insert into push_history (send_key, comp_idx, part_idx, mem_idx, receiver_id, push_device_type, push_registration_id, receiver_name, service_type, msg_type, message, state, state_comment, request_time) values ( '20140219092905900447', 4, 4, 25, 'ljy@naver.com', 'A', 'APA91bFmDCE9My-xiRVpkNjb5GmFVqmiS2zb32GMB913gcNeWrg0Ae9y0t8XpHdOqZ4kRUWsG6dzFC_xVJ-bGZ0tnlLdufPxiQuDq5akAgB59tRehDJ_xCo57WLrHBZq8CyqMSn4BcVBWa_wNHq8-M7l_ttCcNZukg', '임주영', 'ios', 'receipt', '[접수] [반석초등학교] 컴퓨터포맷해주세요', '9', '', now())
bizstory_push: ** 20140219-092905
bizstory_push: ** 20140219-093316
bizstory_push: sender=bizstorycokr@gmail.com, comp_idx=5, part_idx=5, mem_idx=60, receiver=cndgh0506@naver.com, msg_type=receipt, message=[접수] [북삼초등학교] 오평분교 입니다
bizstory_push: sql = select * from push_member where push_id = 'cndgh0506@naver.com' and del_yn = 'N'
bizstory_push: [cndgh0506@naver.com] push_device_type = I, message = Y, receipt = Y, work = Y, notice = Y, consult = 
bizstory_push: sql = insert into push_history (send_key, comp_idx, part_idx, mem_idx, receiver_id, push_device_type, push_registration_id, receiver_name, service_type, msg_type, message, state, state_comment, request_time) values ( '20140219093316193105', 5, 5, 60, 'cndgh0506@naver.com', 'I', 'dc9650c20972f1bcfb7cbf6b4899d2e78469e202a6b548da1214a572294dcb1c', '박충호', 'ios', 'receipt', '[접수] [북삼초등학교] 오평분교 입니다', '9', '', now())
bizstory_push: ** 20140219-093316
bizstory_push: ** 20140219-094428
bizstory_push: sender=bizstorycokr@gmail.com, comp_idx=1, part_idx=1, mem_idx=528, receiver=ubman@ubstory.net, msg_type=receipt, message=[평택보건소(다현)] 메일 접수건
bizstory_push: sql = select * from push_member where push_id = 'ubman@ubstory.net' and del_yn = 'N'
bizstory_push: [ubman@ubstory.net] push_device_type = I, message = Y, receipt = Y, work = Y, notice = Y, consult = 
bizstory_push: sql = insert into push_history (send_key, comp_idx, part_idx, mem_idx, receiver_id, push_device_type, push_registration_id, receiver_name, service_type, msg_type, message, state, state_comment, request_time) values ( '20140219094428740910', 1, 1, 528, 'ubman@ubstory.net', 'I', 'eb74a58ff4ca7312a88f871acf0e88ced22d528ed841241ce169ef11f1bedab5', '고정균', 'ios', 'receipt', '[평택보건소(다현)] 메일 접수건', '9', '', now())
bizstory_push: ** 20140219-094441
bizstory_push: sender=bizstorycokr@gmail.com, comp_idx=1, part_idx=1, mem_idx=528, receiver=ubman@ubstory.net, msg_type=receipt, message=[평택보건소(다현)] 수가 보내준자료 수..
bizstory_push: sql = select * from push_member where push_id = 'ubman@ubstory.net' and del_yn = 'N'
bizstory_push: [ubman@ubstory.net] push_device_type = I, message = Y, receipt = Y, work = Y, notice = Y, consult = 
bizstory_push: sql = insert into push_history (send_key, comp_idx, part_idx, mem_idx, receiver_id, push_device_type, push_registration_id, receiver_name, service_type, msg_type, message, state, state_comment, request_time) values ( '20140219094441946198', 1, 1, 528, 'ubman@ubstory.net', 'I', 'eb74a58ff4ca7312a88f871acf0e88ced22d528ed841241ce169ef11f1bedab5', '고정균', 'ios', 'receipt', '[평택보건소(다현)] 수가 보내준자료 수..', '9', '', now())
bizstory_push: ** 20140219-094508
bizstory_push: sender=bizstorycokr@gmail.com, comp_idx=4, part_idx=4, mem_idx=22, receiver=651038@naver.com, msg_type=receipt, message=[접수] [금곡초등학교] 1-3 컴퓨터 교체...
bizstory_push: sql = select * from push_member where push_id = '651038@naver.com' and del_yn = 'N'
bizstory_push: [651038@naver.com] push_device_type = A, message = Y, receipt = Y, work = Y, notice = Y, consult = 
bizstory_push: sql = insert into push_history (send_key, comp_idx, part_idx, mem_idx, receiver_id, push_device_type, push_registration_id, receiver_name, service_type, msg_type, message, state, state_comment, request_time) values ( '20140219094508951353', 4, 4, 22, '651038@naver.com', 'A', 'APA91bGWO7CvuxcsLMDvy_NevlbFxy3MQNypcDoVnuY_bNFGx-mBRsgpcF6g2_fRfkEv0Jm3X9vTO_JEEoNnw6Hn03xiF1WZSc9Bt1iYd0fPP0_ic0NhULq0DNPqtjFI6dxY9NWb8KM8tXOfDDDwR4hUK4ENayJBEQ', '이원익', 'ios', 'receipt', '[접수] [금곡초등학교] 1-3 컴퓨터 교체...', '9', '', now())
bizstory_push: ** 20140219-094508
bizstory_push: ** 20140219-094539
bizstory_push: sender=bizstorycokr@gmail.com, comp_idx=4, part_idx=4, mem_idx=22, receiver=651038@naver.com, msg_type=receipt, message=[접수] [금곡초등학교] 2학년 연구실 컴퓨...
bizstory_push: sql = select * from push_member where push_id = '651038@naver.com' and del_yn = 'N'
bizstory_push: [651038@naver.com] push_device_type = A, message = Y, receipt = Y, work = Y, notice = Y, consult = 
bizstory_push: sql = insert into push_history (send_key, comp_idx, part_idx, mem_idx, receiver_id, push_device_type, push_registration_id, receiver_name, service_type, msg_type, message, state, state_comment, request_time) values ( '20140219094539190599', 4, 4, 22, '651038@naver.com', 'A', 'APA91bGWO7CvuxcsLMDvy_NevlbFxy3MQNypcDoVnuY_bNFGx-mBRsgpcF6g2_fRfkEv0Jm3X9vTO_JEEoNnw6Hn03xiF1WZSc9Bt1iYd0fPP0_ic0NhULq0DNPqtjFI6dxY9NWb8KM8tXOfDDDwR4hUK4ENayJBEQ', '이원익', 'ios', 'receipt', '[접수] [금곡초등학교] 2학년 연구실 컴퓨...', '9', '', now())
bizstory_push: ** 20140219-094539
bizstory_push: ** 20140219-094705
bizstory_push: sender=bizstorycokr@gmail.com, comp_idx=7, part_idx=8, mem_idx=36, receiver=neoggt@naver.com, msg_type=receipt, message=[접수] [안양외고] 야토선생님 컴퓨터
bizstory_push: sql = select * from push_member where push_id = 'neoggt@naver.com' and del_yn = 'N'
bizstory_push: [neoggt@naver.com] push_device_type = A, message = Y, receipt = Y, work = Y, notice = Y, consult = 
bizstory_push: sql = insert into push_history (send_key, comp_idx, part_idx, mem_idx, receiver_id, push_device_type, push_registration_id, receiver_name, service_type, msg_type, message, state, state_comment, request_time) values ( '20140219094705609115', 7, 8, 36, 'neoggt@naver.com', 'A', 'APA91bEq6XuBBVBtmK1bxKQ12i2ZC6hUnNgFTeUUl-AYxZbXSytM5udM2EbZAuPTS0k66ulwDg_BHvFRAQIhDacrlkkTqbyNI6SMPGafKbkl4_eECwo1jExBadVR2rXER0bMKVXwNdgIJ8Ov8kwLL3Pjg5PhLAPmf4s7DCHNek7CQ4vmiGuJVAo', '고광태', 'ios', 'receipt', '[접수] [안양외고] 야토선생님 컴퓨터', '9', '', now())
bizstory_push: ** 20140219-094705
bizstory_push: ** 20140219-094718
bizstory_push: sender=bizstorycokr@gmail.com, comp_idx=1, part_idx=1, mem_idx=528, receiver=ubman@ubstory.net, msg_type=receipt, message=[경기도교육청학부모지원] 학부모학교참여 내용..
bizstory_push: sql = select * from push_member where push_id = 'ubman@ubstory.net' and del_yn = 'N'
bizstory_push: [ubman@ubstory.net] push_device_type = I, message = Y, receipt = Y, work = Y, notice = Y, consult = 
bizstory_push: sql = insert into push_history (send_key, comp_idx, part_idx, mem_idx, receiver_id, push_device_type, push_registration_id, receiver_name, service_type, msg_type, message, state, state_comment, request_time) values ( '20140219094718137327', 1, 1, 528, 'ubman@ubstory.net', 'I', 'eb74a58ff4ca7312a88f871acf0e88ced22d528ed841241ce169ef11f1bedab5', '고정균', 'ios', 'receipt', '[경기도교육청학부모지원] 학부모학교참여 내용..', '9', '', now())
bizstory_push: ** 20140219-094850
bizstory_push: sender=bizstorycokr@gmail.com, comp_idx=7, part_idx=8, mem_idx=36, receiver=neoggt@naver.com, msg_type=receipt, message=[접수] [안양외고] 연구부실 컴퓨터 교..
bizstory_push: sql = select * from push_member where push_id = 'neoggt@naver.com' and del_yn = 'N'
bizstory_push: [neoggt@naver.com] push_device_type = A, message = Y, receipt = Y, work = Y, notice = Y, consult = 
bizstory_push: sql = insert into push_history (send_key, comp_idx, part_idx, mem_idx, receiver_id, push_device_type, push_registration_id, receiver_name, service_type, msg_type, message, state, state_comment, request_time) values ( '20140219094850224893', 7, 8, 36, 'neoggt@naver.com', 'A', 'APA91bEq6XuBBVBtmK1bxKQ12i2ZC6hUnNgFTeUUl-AYxZbXSytM5udM2EbZAuPTS0k66ulwDg_BHvFRAQIhDacrlkkTqbyNI6SMPGafKbkl4_eECwo1jExBadVR2rXER0bMKVXwNdgIJ8Ov8kwLL3Pjg5PhLAPmf4s7DCHNek7CQ4vmiGuJVAo', '고광태', 'ios', 'receipt', '[접수] [안양외고] 연구부실 컴퓨터 교..', '9', '', now())
bizstory_push: ** 20140219-094850
bizstory_push: ** 20140219-094904
bizstory_push: sender=bizstorycokr@gmail.com, comp_idx=69, part_idx=147, mem_idx=488, receiver=griunnimhun@hanmail.net, msg_type=work, message=[업무] 2/19입금내역입니다
bizstory_push: sql = select * from push_member where push_id = 'griunnimhun@hanmail.net' and del_yn = 'N'
bizstory_push: [griunnimhun@hanmail.net] push_device_type = A, message = Y, receipt = Y, work = Y, notice = Y, consult = 
bizstory_push: sql = insert into push_history (send_key, comp_idx, part_idx, mem_idx, receiver_id, push_device_type, push_registration_id, receiver_name, service_type, msg_type, message, state, state_comment, request_time) values ( '20140219094904894898', 69, 147, 488, 'griunnimhun@hanmail.net', 'A', 'APA91bHreDRWqqCL-X3KBc2EQDGPuEWMPUu1AqIZOCfp0lqsf0dD97JOLMU3Dj2t0PSRmaCr4yomJPw5lWbKaiKdHclOZTS2l48qWgA-z371ueOSZR2JWp-hNEt8pu_SQnmtAlcEZ4c386q2x71qTQzPm-D3jPgNvw', '정성훈', 'ios', 'work', '[업무] 2/19입금내역입니다', '9', '', now())
bizstory_push: ** 20140219-094917
bizstory_push: sender=bizstorycokr@gmail.com, comp_idx=7, part_idx=8, mem_idx=36, receiver=neoggt@naver.com, msg_type=receipt, message=[접수] [안양외고] 허재면 선생님 그래..
bizstory_push: sql = select * from push_member where push_id = 'neoggt@naver.com' and del_yn = 'N'
bizstory_push: [neoggt@naver.com] push_device_type = A, message = Y, receipt = Y, work = Y, notice = Y, consult = 
bizstory_push: sql = insert into push_history (send_key, comp_idx, part_idx, mem_idx, receiver_id, push_device_type, push_registration_id, receiver_name, service_type, msg_type, message, state, state_comment, request_time) values ( '20140219094917258254', 7, 8, 36, 'neoggt@naver.com', 'A', 'APA91bEq6XuBBVBtmK1bxKQ12i2ZC6hUnNgFTeUUl-AYxZbXSytM5udM2EbZAuPTS0k66ulwDg_BHvFRAQIhDacrlkkTqbyNI6SMPGafKbkl4_eECwo1jExBadVR2rXER0bMKVXwNdgIJ8Ov8kwLL3Pjg5PhLAPmf4s7DCHNek7CQ4vmiGuJVAo', '고광태', 'ios', 'receipt', '[접수] [안양외고] 허재면 선생님 그래..', '9', '', now())
bizstory_push: ** 20140219-094917
bizstory_push: ** 20140219-095019
bizstory_push: sender=bizstorycokr@gmail.com, comp_idx=7, part_idx=8, mem_idx=36, receiver=neoggt@naver.com, msg_type=receipt, message=[접수] [안양외고] 길정애 선생님 자리..
bizstory_push: sql = select * from push_member where push_id = 'neoggt@naver.com' and del_yn = 'N'
bizstory_push: [neoggt@naver.com] push_device_type = A, message = Y, receipt = Y, work = Y, notice = Y, consult = 
bizstory_push: sql = insert into push_history (send_key, comp_idx, part_idx, mem_idx, receiver_id, push_device_type, push_registration_id, receiver_name, service_type, msg_type, message, state, state_comment, request_time) values ( '20140219095019768998', 7, 8, 36, 'neoggt@naver.com', 'A', 'APA91bEq6XuBBVBtmK1bxKQ12i2ZC6hUnNgFTeUUl-AYxZbXSytM5udM2EbZAuPTS0k66ulwDg_BHvFRAQIhDacrlkkTqbyNI6SMPGafKbkl4_eECwo1jExBadVR2rXER0bMKVXwNdgIJ8Ov8kwLL3Pjg5PhLAPmf4s7DCHNek7CQ4vmiGuJVAo', '고광태', 'ios', 'receipt', '[접수] [안양외고] 길정애 선생님 자리..', '9', '', now())
bizstory_push: ** 20140219-095019
bizstory_push: ** 20140219-095211
bizstory_push: sender=bizstorycokr@gmail.com, comp_idx=1, part_idx=1, mem_idx=195, receiver=kyunni@naver.com, msg_type=receipt, message=[중랑구립정보도서관] 팝업 부탁드립니다.
bizstory_push: sql = select * from push_member where push_id = 'kyunni@naver.com' and del_yn = 'N'
bizstory_push: [kyunni@naver.com] push_device_type = I, message = Y, receipt = Y, work = Y, notice = Y, consult = 
bizstory_push: sql = insert into push_history (send_key, comp_idx, part_idx, mem_idx, receiver_id, push_device_type, push_registration_id, receiver_name, service_type, msg_type, message, state, state_comment, request_time) values ( '20140219095211806950', 1, 1, 195, 'kyunni@naver.com', 'I', '0502603e2a72386cb810f11191531b9e41cec340f798416d2a57959044c38925', '고동원', 'ios', 'receipt', '[중랑구립정보도서관] 팝업 부탁드립니다.', '9', '', now())
bizstory_push: ** 20140219-095545
bizstory_push: sender=bizstorycokr@gmail.com, comp_idx=4, part_idx=4, mem_idx=21, receiver=jsjjangga@daum.net, msg_type=receipt, message=[접수] [경기도발안도서관] PC 프로그램 설..
bizstory_push: sql = select * from push_member where push_id = 'jsjjangga@daum.net' and del_yn = 'N'
bizstory_push: [jsjjangga@daum.net] push_device_type = A, message = Y, receipt = Y, work = Y, notice = Y, consult = 
bizstory_push: sql = insert into push_history (send_key, comp_idx, part_idx, mem_idx, receiver_id, push_device_type, push_registration_id, receiver_name, service_type, msg_type, message, state, state_comment, request_time) values ( '20140219095545318288', 4, 4, 21, 'jsjjangga@daum.net', 'A', 'APA91bGBQpmLbHiYrho6L6q-804WSxRWk-PFP49-kAD43hTvlsVbP006X8-XHzY7mlZ59X64OsNPij9BRo_gMmTKfFzVBhK9CV2jMygABEpY-XvhjJBbT_qAVoVQgbVvfDbg-AdQwbQo5s0vLSMzLam3Pay3Dp-00A', '권준성', 'ios', 'receipt', '[접수] [경기도발안도서관] PC 프로그램 설..', '9', '', now())
bizstory_push: ** 20140219-095545
bizstory_push: ** 20140219-100958
bizstory_push: sender=bizstorycokr@gmail.com, comp_idx=67, part_idx=145, mem_idx=474, receiver=drfac@nate.com, msg_type=receipt, message=[접수] [자운고등학교] 1교무실
bizstory_push: sql = select * from push_member where push_id = 'drfac@nate.com' and del_yn = 'N'
bizstory_push: [drfac@nate.com] push_device_type = A, message = Y, receipt = Y, work = Y, notice = Y, consult = 
bizstory_push: sql = insert into push_history (send_key, comp_idx, part_idx, mem_idx, receiver_id, push_device_type, push_registration_id, receiver_name, service_type, msg_type, message, state, state_comment, request_time) values ( '20140219100958189830', 67, 145, 474, 'drfac@nate.com', 'A', 'APA91bHUnNVLjWW6nVmZgs9w6dYFrNoubZwbGGe7vH9XBItk006nYH30BhGj4o7zV-NUHFa31Ft5ubFUyWxCSLKYlhSNK1iZQepBBwZO9NhTdgpoKhsXIT1s760ACcZJwB-9T1POJVMfQ5Q4ZrHimagg0-2iG7V1tDSE2OKaci0w4h0RLH7SGiE', '황성준', 'ios', 'receipt', '[접수] [자운고등학교] 1교무실', '9', '', now())
bizstory_push: ** 20140219-100958
bizstory_push: ** 20140219-101242
bizstory_push: sender=bizstorycokr@gmail.com, comp_idx=5, part_idx=5, mem_idx=83, receiver=cpui7@daum.net, msg_type=receipt, message=[접수] [봉곡초등학교] 양면인쇄 하고 싶은...
bizstory_push: sql = select * from push_member where push_id = 'cpui7@daum.net' and del_yn = 'N'
bizstory_push: [cpui7@daum.net] push_device_type = A, message = Y, receipt = Y, work = Y, notice = Y, consult = 
bizstory_push: sql = insert into push_history (send_key, comp_idx, part_idx, mem_idx, receiver_id, push_device_type, push_registration_id, receiver_name, service_type, msg_type, message, state, state_comment, request_time) values ( '20140219101242304557', 5, 5, 83, 'cpui7@daum.net', 'A', 'APA91bEnh3lsA-Vk0Ps2_lF-3RA8DReacx8bjG_YFOvJD_Jqp30qEhjwqriJyjwcjmuenhpQTmfd2RgTvVQmR1gP0CE4Mp8-9MYKQW69uJ2WMjjzTFnr4ONmwR_Lxj-reU1DAHS6xbOVlHjw1SQPEZmvY-VK9hNPQWQ8byhRzn72jap0TCMkJpI', '황진섭', 'ios', 'receipt', '[접수] [봉곡초등학교] 양면인쇄 하고 싶은...', '9', '', now())
bizstory_push: ** 20140219-101242
bizstory_push: ** 20140219-105129
bizstory_push: sender=bizstorycokr@gmail.com, comp_idx=7, part_idx=8, mem_idx=36, receiver=neoggt@naver.com, msg_type=receipt, message=[접수] [안양외고] 박성민선생님 노트북
bizstory_push: sql = select * from push_member where push_id = 'neoggt@naver.com' and del_yn = 'N'
bizstory_push: [neoggt@naver.com] push_device_type = A, message = Y, receipt = Y, work = Y, notice = Y, consult = 
bizstory_push: sql = insert into push_history (send_key, comp_idx, part_idx, mem_idx, receiver_id, push_device_type, push_registration_id, receiver_name, service_type, msg_type, message, state, state_comment, request_time) values ( '20140219105129501641', 7, 8, 36, 'neoggt@naver.com', 'A', 'APA91bEq6XuBBVBtmK1bxKQ12i2ZC6hUnNgFTeUUl-AYxZbXSytM5udM2EbZAuPTS0k66ulwDg_BHvFRAQIhDacrlkkTqbyNI6SMPGafKbkl4_eECwo1jExBadVR2rXER0bMKVXwNdgIJ8Ov8kwLL3Pjg5PhLAPmf4s7DCHNek7CQ4vmiGuJVAo', '고광태', 'ios', 'receipt', '[접수] [안양외고] 박성민선생님 노트북', '9', '', now())
bizstory_push: ** 20140219-105129
bizstory_push: ** 20140219-110742
bizstory_push: sender=bizstorycokr@gmail.com, comp_idx=7, part_idx=8, mem_idx=36, receiver=neoggt@naver.com, msg_type=work, message=[업무코멘트] [조달건] 안양여상 2014.2.10..
bizstory_push: sql = select * from push_member where push_id = 'neoggt@naver.com' and del_yn = 'N'
bizstory_push: [neoggt@naver.com] push_device_type = A, message = Y, receipt = Y, work = Y, notice = Y, consult = 
bizstory_push: sql = insert into push_history (send_key, comp_idx, part_idx, mem_idx, receiver_id, push_device_type, push_registration_id, receiver_name, service_type, msg_type, message, state, state_comment, request_time) values ( '20140219110742385308', 7, 8, 36, 'neoggt@naver.com', 'A', 'APA91bEq6XuBBVBtmK1bxKQ12i2ZC6hUnNgFTeUUl-AYxZbXSytM5udM2EbZAuPTS0k66ulwDg_BHvFRAQIhDacrlkkTqbyNI6SMPGafKbkl4_eECwo1jExBadVR2rXER0bMKVXwNdgIJ8Ov8kwLL3Pjg5PhLAPmf4s7DCHNek7CQ4vmiGuJVAo', '고광태', 'ios', 'work', '[업무코멘트] [조달건] 안양여상 2014.2.10..', '9', '', now())
bizstory_push: sender=bizstorycokr@gmail.com, comp_idx=0, part_idx=0, mem_idx=0, receiver=, msg_type=work, message=[업무코멘트] [조달건] 안양여상 2014.2.10..
bizstory_push: sql = select * from push_member where push_id = '' and del_yn = 'N'
bizstory_push: 등록되지 않은 사용자
bizstory_push: sql = insert into push_history (send_key, comp_idx, part_idx, mem_idx, receiver_id, receiver_name, service_type, msg_type, message, state, state_comment, request_time) values ( '20140219110742443068', 0, 0, 0, '', '', 'ios', 'work', '[업무코멘트] [조달건] 안양여상 2014.2.10..', '0', '등록되지 않은 사용자', now())
bizstory_push: ** 20140219-111208
bizstory_push: sender=bizstorycokr@gmail.com, comp_idx=13, part_idx=17, mem_idx=94, receiver=starnts@greatworks.co.kr, msg_type=receipt, message=[접수] [대방중학교] 윈도우 부팅관리자에..
bizstory_push: sql = select * from push_member where push_id = 'starnts@greatworks.co.kr' and del_yn = 'N'
bizstory_push: [starnts@greatworks.co.kr] push_device_type = A, message = Y, receipt = Y, work = Y, notice = Y, consult = 
bizstory_push: sql = insert into push_history (send_key, comp_idx, part_idx, mem_idx, receiver_id, push_device_type, push_registration_id, receiver_name, service_type, msg_type, message, state, state_comment, request_time) values ( '20140219111208193447', 13, 17, 92, 'starnts@greatworks.co.kr', 'A', 'APA91bHiOAbj3tzoiWBwyrdNRjREW3CrfDwm_tkfl2bVl88NEEz643nLe2n2PmHKhO2TjZQn2okD6QTstELDojuCJxctI2iOL5qtV-d4uQPaeyHUr6O-lQMvtCJ3wRRqmzeKWstt_iWPF-RzsEchBHWUpZ3gBOQqpw', '노태성', 'ios', 'receipt', '[접수] [대방중학교] 윈도우 부팅관리자에..', '9', '', now())
bizstory_push: ** 20140219-111208
bizstory_push: ** 20140219-111352
bizstory_push: sender=bizstorycokr@gmail.com, comp_idx=5, part_idx=5, mem_idx=60, receiver=cndgh0506@naver.com, msg_type=receipt, message=[북삼초등학교] 오평분교 입니다
bizstory_push: sql = select * from push_member where push_id = 'cndgh0506@naver.com' and del_yn = 'N'
bizstory_push: [cndgh0506@naver.com] push_device_type = I, message = Y, receipt = Y, work = Y, notice = Y, consult = 
bizstory_push: sql = insert into push_history (send_key, comp_idx, part_idx, mem_idx, receiver_id, push_device_type, push_registration_id, receiver_name, service_type, msg_type, message, state, state_comment, request_time) values ( '20140219111352379524', 5, 5, 60, 'cndgh0506@naver.com', 'I', 'dc9650c20972f1bcfb7cbf6b4899d2e78469e202a6b548da1214a572294dcb1c', '박충호', 'ios', 'receipt', '[북삼초등학교] 오평분교 입니다', '9', '', now())
bizstory_push: ** 20140219-111358
bizstory_push: sender=bizstorycokr@gmail.com, comp_idx=5, part_idx=5, mem_idx=83, receiver=cpui7@daum.net, msg_type=receipt, message=[봉곡초등학교] 양면인쇄 하고 싶은..
bizstory_push: sql = select * from push_member where push_id = 'cpui7@daum.net' and del_yn = 'N'
bizstory_push: [cpui7@daum.net] push_device_type = A, message = Y, receipt = Y, work = Y, notice = Y, consult = 
bizstory_push: sql = insert into push_history (send_key, comp_idx, part_idx, mem_idx, receiver_id, push_device_type, push_registration_id, receiver_name, service_type, msg_type, message, state, state_comment, request_time) values ( '20140219111358952123', 5, 5, 83, 'cpui7@daum.net', 'A', 'APA91bEnh3lsA-Vk0Ps2_lF-3RA8DReacx8bjG_YFOvJD_Jqp30qEhjwqriJyjwcjmuenhpQTmfd2RgTvVQmR1gP0CE4Mp8-9MYKQW69uJ2WMjjzTFnr4ONmwR_Lxj-reU1DAHS6xbOVlHjw1SQPEZmvY-VK9hNPQWQ8byhRzn72jap0TCMkJpI', '황진섭', 'ios', 'receipt', '[봉곡초등학교] 양면인쇄 하고 싶은..', '9', '', now())
bizstory_push: ** 20140219-111520
bizstory_push: sender=bizstorycokr@gmail.com, comp_idx=0, part_idx=0, mem_idx=0, receiver=, msg_type=work, message=[업무코멘트] 경리부-공인인증서 발급
bizstory_push: sql = select * from push_member where push_id = '' and del_yn = 'N'
bizstory_push: 등록되지 않은 사용자
bizstory_push: sql = insert into push_history (send_key, comp_idx, part_idx, mem_idx, receiver_id, receiver_name, service_type, msg_type, message, state, state_comment, request_time) values ( '20140219111520958060', 0, 0, 0, '', '', 'ios', 'work', '[업무코멘트] 경리부-공인인증서 발급', '0', '등록되지 않은 사용자', now())
bizstory_push: ** 20140219-112013
bizstory_push: sender=bizstorycokr@gmail.com, comp_idx=36, part_idx=50, mem_idx=245, receiver=yangkie76@hanmail.net, msg_type=receipt, message=[접수] [한가람초등학교] 컴퓨터 이동
bizstory_push: sql = select * from push_member where push_id = 'yangkie76@hanmail.net' and del_yn = 'N'
bizstory_push: [yangkie76@hanmail.net] push_device_type = A, message = Y, receipt = Y, work = Y, notice = Y, consult = 
bizstory_push: sql = insert into push_history (send_key, comp_idx, part_idx, mem_idx, receiver_id, push_device_type, push_registration_id, receiver_name, service_type, msg_type, message, state, state_comment, request_time) values ( '20140219112013988124', 36, 50, 245, 'yangkie76@hanmail.net', 'A', 'APA91bE3QxOxLwjQLj6e6hG0mqSYz4QZfDMLdyAeBsAuRY5d_9dR7bNwvS8BJPsDwdL8zeN-3FRu0P8EyqdQgBemPWwn-4dA6POVLSUjJwqygAyWud7Zgw196vFPUuP0P5o58YzDJYtkr-HbkaK37fExzP2DJ7Nd2O5dl7pX3x711atrQoXSDho', '양태명', 'ios', 'receipt', '[접수] [한가람초등학교] 컴퓨터 이동', '9', '', now())
bizstory_push: ** 20140219-112013
bizstory_push: ** 20140219-112125
bizstory_push: sender=bizstorycokr@gmail.com, comp_idx=36, part_idx=50, mem_idx=245, receiver=yangkie76@hanmail.net, msg_type=receipt, message=[접수] [한가람초등학교] 프린터 설치
bizstory_push: sql = select * from push_member where push_id = 'yangkie76@hanmail.net' and del_yn = 'N'
bizstory_push: [yangkie76@hanmail.net] push_device_type = A, message = Y, receipt = Y, work = Y, notice = Y, consult = 
bizstory_push: sql = insert into push_history (send_key, comp_idx, part_idx, mem_idx, receiver_id, push_device_type, push_registration_id, receiver_name, service_type, msg_type, message, state, state_comment, request_time) values ( '20140219112125349339', 36, 50, 245, 'yangkie76@hanmail.net', 'A', 'APA91bE3QxOxLwjQLj6e6hG0mqSYz4QZfDMLdyAeBsAuRY5d_9dR7bNwvS8BJPsDwdL8zeN-3FRu0P8EyqdQgBemPWwn-4dA6POVLSUjJwqygAyWud7Zgw196vFPUuP0P5o58YzDJYtkr-HbkaK37fExzP2DJ7Nd2O5dl7pX3x711atrQoXSDho', '양태명', 'ios', 'receipt', '[접수] [한가람초등학교] 프린터 설치', '9', '', now())
bizstory_push: ** 20140219-112125
bizstory_push: ** 20140219-112428
bizstory_push: sender=bizstorycokr@gmail.com, comp_idx=5, part_idx=5, mem_idx=60, receiver=cndgh0506@naver.com, msg_type=receipt, message=[접수] [정수초등학교] 22만원 계산서 해...
bizstory_push: sql = select * from push_member where push_id = 'cndgh0506@naver.com' and del_yn = 'N'
bizstory_push: [cndgh0506@naver.com] push_device_type = I, message = Y, receipt = Y, work = Y, notice = Y, consult = 
bizstory_push: sql = insert into push_history (send_key, comp_idx, part_idx, mem_idx, receiver_id, push_device_type, push_registration_id, receiver_name, service_type, msg_type, message, state, state_comment, request_time) values ( '20140219112428969666', 5, 5, 60, 'cndgh0506@naver.com', 'I', 'dc9650c20972f1bcfb7cbf6b4899d2e78469e202a6b548da1214a572294dcb1c', '박충호', 'ios', 'receipt', '[접수] [정수초등학교] 22만원 계산서 해...', '9', '', now())
bizstory_push: ** 20140219-112428
bizstory_push: ** 20140219-112600
bizstory_push: sender=bizstorycokr@gmail.com, comp_idx=4, part_idx=4, mem_idx=369, receiver=choidh73@hanmail.net, msg_type=receipt, message=[접수] [영화초등학교] 1-3, 유치원
bizstory_push: sql = select * from push_member where push_id = 'choidh73@hanmail.net' and del_yn = 'N'
bizstory_push: [choidh73@hanmail.net] push_device_type = A, message = Y, receipt = Y, work = Y, notice = Y, consult = 
bizstory_push: sql = insert into push_history (send_key, comp_idx, part_idx, mem_idx, receiver_id, push_device_type, push_registration_id, receiver_name, service_type, msg_type, message, state, state_comment, request_time) values ( '20140219112600522787', 4, 4, 369, 'choidh73@hanmail.net', 'A', 'APA91bFX1VbttWRGFNnlmf5ZlV05J1vJotNLwfzczQcNzBQs6v3_crjGRcAtv55zzqZod9VWtdRzgs0jpyGDeP7mr8A2esjQak5Ye_GzKIAHFYiT-4sXFqEyC4qCRTyVUxCPJSpmqVfrr8XTkardyXOvsqcKPZVT7g', '최동호', 'ios', 'receipt', '[접수] [영화초등학교] 1-3, 유치원', '9', '', now())
bizstory_push: ** 20140219-112600
bizstory_push: ** 20140219-113907
bizstory_push: sender=bizstorycokr@gmail.com, comp_idx=5, part_idx=5, mem_idx=60, receiver=cndgh0506@naver.com, msg_type=receipt, message=[정수초등학교] 22만원 계산서 해..
bizstory_push: sql = select * from push_member where push_id = 'cndgh0506@naver.com' and del_yn = 'N'
bizstory_push: [cndgh0506@naver.com] push_device_type = I, message = Y, receipt = Y, work = Y, notice = Y, consult = 
bizstory_push: sql = insert into push_history (send_key, comp_idx, part_idx, mem_idx, receiver_id, push_device_type, push_registration_id, receiver_name, service_type, msg_type, message, state, state_comment, request_time) values ( '20140219113907733301', 5, 5, 60, 'cndgh0506@naver.com', 'I', 'dc9650c20972f1bcfb7cbf6b4899d2e78469e202a6b548da1214a572294dcb1c', '박충호', 'ios', 'receipt', '[정수초등학교] 22만원 계산서 해..', '9', '', now())
bizstory_push: ** 20140219-113937
bizstory_push: sender=bizstorycokr@gmail.com, comp_idx=32, part_idx=39, mem_idx=411, receiver=jowsgo@miraensys.com, msg_type=receipt, message=[접수] [풍동초등학교] 4-1컴퓨터가 불안...
bizstory_push: sql = select * from push_member where push_id = 'jowsgo@miraensys.com' and del_yn = 'N'
bizstory_push: 등록되지 않은 사용자
bizstory_push: sql = insert into push_history (send_key, comp_idx, part_idx, mem_idx, receiver_id, receiver_name, service_type, msg_type, message, state, state_comment, request_time) values ( '20140219113937572459', 32, 39, 411, 'jowsgo@miraensys.com', '', 'ios', 'receipt', '[접수] [풍동초등학교] 4-1컴퓨터가 불안...', '0', '등록되지 않은 사용자', now())
bizstory_push: ** 20140219-113937
bizstory_push: ** 20140219-114751
bizstory_push: sender=bizstorycokr@gmail.com, comp_idx=4, part_idx=4, mem_idx=24, receiver=jhcrim@naver.com, msg_type=receipt, message=[접수] [동탄국제고등학교] 3학년 교실 정보..
bizstory_push: sql = select * from push_member where push_id = 'jhcrim@naver.com' and del_yn = 'N'
bizstory_push: [jhcrim@naver.com] push_device_type = I, message = Y, receipt = Y, work = Y, notice = Y, consult = 
bizstory_push: sql = insert into push_history (send_key, comp_idx, part_idx, mem_idx, receiver_id, push_device_type, push_registration_id, receiver_name, service_type, msg_type, message, state, state_comment, request_time) values ( '20140219114751680681', 4, 4, 24, 'jhcrim@naver.com', 'I', '52eaf554b8dd0a34046dcb19cde2d45449940c11f7d9c44c113b3db46d4d4cde', '이주형', 'ios', 'receipt', '[접수] [동탄국제고등학교] 3학년 교실 정보..', '9', '', now())
bizstory_push: ** 20140219-114751
bizstory_push: ** 20140219-114901
bizstory_push: sender=bizstorycokr@gmail.com, comp_idx=4, part_idx=4, mem_idx=24, receiver=jhcrim@naver.com, msg_type=receipt, message=[접수] [동탄국제고등학교] 교직원 이동에 따..
bizstory_push: sql = select * from push_member where push_id = 'jhcrim@naver.com' and del_yn = 'N'
bizstory_push: [jhcrim@naver.com] push_device_type = I, message = Y, receipt = Y, work = Y, notice = Y, consult = 
bizstory_push: sql = insert into push_history (send_key, comp_idx, part_idx, mem_idx, receiver_id, push_device_type, push_registration_id, receiver_name, service_type, msg_type, message, state, state_comment, request_time) values ( '20140219114901967918', 4, 4, 24, 'jhcrim@naver.com', 'I', '52eaf554b8dd0a34046dcb19cde2d45449940c11f7d9c44c113b3db46d4d4cde', '이주형', 'ios', 'receipt', '[접수] [동탄국제고등학교] 교직원 이동에 따..', '9', '', now())
bizstory_push: ** 20140219-114901
bizstory_push: ** 20140219-115022
bizstory_push: sender=bizstorycokr@gmail.com, comp_idx=7, part_idx=8, mem_idx=36, receiver=neoggt@naver.com, msg_type=work, message=[업무] [조달건] 산본중 2014. 2. 1..
bizstory_push: sql = select * from push_member where push_id = 'neoggt@naver.com' and del_yn = 'N'
bizstory_push: [neoggt@naver.com] push_device_type = A, message = Y, receipt = Y, work = Y, notice = Y, consult = 
bizstory_push: sql = insert into push_history (send_key, comp_idx, part_idx, mem_idx, receiver_id, push_device_type, push_registration_id, receiver_name, service_type, msg_type, message, state, state_comment, request_time) values ( '20140219115022265255', 7, 8, 36, 'neoggt@naver.com', 'A', 'APA91bEq6XuBBVBtmK1bxKQ12i2ZC6hUnNgFTeUUl-AYxZbXSytM5udM2EbZAuPTS0k66ulwDg_BHvFRAQIhDacrlkkTqbyNI6SMPGafKbkl4_eECwo1jExBadVR2rXER0bMKVXwNdgIJ8Ov8kwLL3Pjg5PhLAPmf4s7DCHNek7CQ4vmiGuJVAo', '고광태', 'ios', 'work', '[업무] [조달건] 산본중 2014. 2. 1..', '9', '', now())
bizstory_push: ** 20140219-115319
bizstory_push: sender=bizstorycokr@gmail.com, comp_idx=1, part_idx=1, mem_idx=2, receiver=arachi76@naver.com, msg_type=work, message=[업무코멘트] 전주비전대학교 본교사이트
bizstory_push: sql = select * from push_member where push_id = 'arachi76@naver.com' and del_yn = 'N'
bizstory_push: [arachi76@naver.com] push_device_type = I, message = Y, receipt = Y, work = Y, notice = Y, consult = 
bizstory_push: sql = insert into push_history (send_key, comp_idx, part_idx, mem_idx, receiver_id, push_device_type, push_registration_id, receiver_name, service_type, msg_type, message, state, state_comment, request_time) values ( '20140219115319605275', 1, 1, 2, 'arachi76@naver.com', 'I', '4ac171c71134ac868a9ce0fc22b36a015dee461bf045a22792beff7d6246e27f', '서경원', 'ios', 'work', '[업무코멘트] 전주비전대학교 본교사이트', '9', '', now())
bizstory_push: sender=bizstorycokr@gmail.com, comp_idx=1, part_idx=1, mem_idx=529, receiver=berbucks@nate.com, msg_type=work, message=[업무코멘트] 전주비전대학교 본교사이트
bizstory_push: sql = select * from push_member where push_id = 'berbucks@nate.com' and del_yn = 'N'
bizstory_push: [berbucks@nate.com] push_device_type = I, message = Y, receipt = Y, work = Y, notice = Y, consult = 
bizstory_push: sql = insert into push_history (send_key, comp_idx, part_idx, mem_idx, receiver_id, push_device_type, push_registration_id, receiver_name, service_type, msg_type, message, state, state_comment, request_time) values ( '20140219115319190998', 1, 1, 529, 'berbucks@nate.com', 'I', '1efced7c9fbbd2e0cf09aea0abd1eefd00f7e97437531354b77529a62902ae49', '김진오', 'ios', 'work', '[업무코멘트] 전주비전대학교 본교사이트', '9', '', now())
bizstory_push: sender=bizstorycokr@gmail.com, comp_idx=1, part_idx=1, mem_idx=560, receiver=tru_luv@naver.com, msg_type=work, message=[업무코멘트] 전주비전대학교 본교사이트
bizstory_push: sql = select * from push_member where push_id = 'tru_luv@naver.com' and del_yn = 'N'
bizstory_push: 등록되지 않은 사용자
bizstory_push: sql = insert into push_history (send_key, comp_idx, part_idx, mem_idx, receiver_id, receiver_name, service_type, msg_type, message, state, state_comment, request_time) values ( '20140219115319160535', 1, 1, 560, 'tru_luv@naver.com', '', 'ios', 'work', '[업무코멘트] 전주비전대학교 본교사이트', '0', '등록되지 않은 사용자', now())
bizstory_push: sender=bizstorycokr@gmail.com, comp_idx=0, part_idx=0, mem_idx=0, receiver=, msg_type=work, message=[업무코멘트] 전주비전대학교 본교사이트
bizstory_push: sql = select * from push_member where push_id = '' and del_yn = 'N'
bizstory_push: 등록되지 않은 사용자
bizstory_push: sql = insert into push_history (send_key, comp_idx, part_idx, mem_idx, receiver_id, receiver_name, service_type, msg_type, message, state, state_comment, request_time) values ( '20140219115319361361', 0, 0, 0, '', '', 'ios', 'work', '[업무코멘트] 전주비전대학교 본교사이트', '0', '등록되지 않은 사용자', now())
bizstory_push: ** 20140219-115656
bizstory_push: sender=bizstorycokr@gmail.com, comp_idx=69, part_idx=147, mem_idx=488, receiver=griunnimhun@hanmail.net, msg_type=work, message=[업무] 품절안내입니다
bizstory_push: sql = select * from push_member where push_id = 'griunnimhun@hanmail.net' and del_yn = 'N'
bizstory_push: [griunnimhun@hanmail.net] push_device_type = A, message = Y, receipt = Y, work = Y, notice = Y, consult = 
bizstory_push: sql = insert into push_history (send_key, comp_idx, part_idx, mem_idx, receiver_id, push_device_type, push_registration_id, receiver_name, service_type, msg_type, message, state, state_comment, request_time) values ( '20140219115656301852', 69, 147, 488, 'griunnimhun@hanmail.net', 'A', 'APA91bHreDRWqqCL-X3KBc2EQDGPuEWMPUu1AqIZOCfp0lqsf0dD97JOLMU3Dj2t0PSRmaCr4yomJPw5lWbKaiKdHclOZTS2l48qWgA-z371ueOSZR2JWp-hNEt8pu_SQnmtAlcEZ4c386q2x71qTQzPm-D3jPgNvw', '정성훈', 'ios', 'work', '[업무] 품절안내입니다', '9', '', now())
bizstory_push: ** 20140219-115911
bizstory_push: sender=bizstorycokr@gmail.com, comp_idx=32, part_idx=39, mem_idx=177, receiver=chanikr@miraensys.com, msg_type=receipt, message=[접수] [하늘초등학교] 보건실 컴퓨터 포멧...
bizstory_push: sql = select * from push_member where push_id = 'chanikr@miraensys.com' and del_yn = 'N'
bizstory_push: [chanikr@miraensys.com] push_device_type = A, message = Y, receipt = Y, work = Y, notice = Y, consult = 
bizstory_push: sql = insert into push_history (send_key, comp_idx, part_idx, mem_idx, receiver_id, push_device_type, push_registration_id, receiver_name, service_type, msg_type, message, state, state_comment, request_time) values ( '20140219115911663376', 32, 39, 177, 'chanikr@miraensys.com', 'A', 'APA91bFw7GJKTnrluJ6DHF5OzkahXu1mLYvW7CNxn_pNV6g0RxoepuzuJXmMdfsX6uZVzSj_nO9Lm5iR4CdA1wQx3kHq3yjiZ0SLtSsWZhD0qFMI23jQ8nC8H8QzMYidBUcjWiZZWUrSjbjDm1Q2cf8SSooNdGNILA', '임경찬', 'ios', 'receipt', '[접수] [하늘초등학교] 보건실 컴퓨터 포멧...', '9', '', now())
bizstory_push: ** 20140219-115911
bizstory_push: ** 20140219-121952
bizstory_push: sender=bizstorycokr@gmail.com, comp_idx=1, part_idx=1, mem_idx=528, receiver=ubman@ubstory.net, msg_type=receipt, message=[안양과천교육지원청(웅일)] 학생수용자료실 명칭..
bizstory_push: sql = select * from push_member where push_id = 'ubman@ubstory.net' and del_yn = 'N'
bizstory_push: [ubman@ubstory.net] push_device_type = I, message = Y, receipt = Y, work = Y, notice = Y, consult = 
bizstory_push: sql = insert into push_history (send_key, comp_idx, part_idx, mem_idx, receiver_id, push_device_type, push_registration_id, receiver_name, service_type, msg_type, message, state, state_comment, request_time) values ( '20140219121952259165', 1, 1, 528, 'ubman@ubstory.net', 'I', 'eb74a58ff4ca7312a88f871acf0e88ced22d528ed841241ce169ef11f1bedab5', '고정균', 'ios', 'receipt', '[안양과천교육지원청(웅일)] 학생수용자료실 명칭..', '9', '', now())
bizstory_push: ** 20140219-122010
bizstory_push: sender=bizstorycokr@gmail.com, comp_idx=1, part_idx=1, mem_idx=528, receiver=ubman@ubstory.net, msg_type=receipt, message=[평택대학교] 메인 홈페이지
bizstory_push: sql = select * from push_member where push_id = 'ubman@ubstory.net' and del_yn = 'N'
bizstory_push: [ubman@ubstory.net] push_device_type = I, message = Y, receipt = Y, work = Y, notice = Y, consult = 
bizstory_push: sql = insert into push_history (send_key, comp_idx, part_idx, mem_idx, receiver_id, push_device_type, push_registration_id, receiver_name, service_type, msg_type, message, state, state_comment, request_time) values ( '20140219122010541685', 1, 1, 528, 'ubman@ubstory.net', 'I', 'eb74a58ff4ca7312a88f871acf0e88ced22d528ed841241ce169ef11f1bedab5', '고정균', 'ios', 'receipt', '[평택대학교] 메인 홈페이지', '9', '', now())
bizstory_push: ** 20140219-122035
bizstory_push: ** 20140219-122437
bizstory_push: sender=bizstorycokr@gmail.com, comp_idx=1, part_idx=1, mem_idx=528, receiver=ubman@ubstory.net, msg_type=receipt, message=[안양과천교육지원청-컨설팅] 초등과 컨설팅장학 ..
bizstory_push: sql = select * from push_member where push_id = 'ubman@ubstory.net' and del_yn = 'N'
bizstory_push: [ubman@ubstory.net] push_device_type = I, message = Y, receipt = Y, work = Y, notice = Y, consult = 
bizstory_push: sql = insert into push_history (send_key, comp_idx, part_idx, mem_idx, receiver_id, push_device_type, push_registration_id, receiver_name, service_type, msg_type, message, state, state_comment, request_time) values ( '20140219122437820367', 1, 1, 528, 'ubman@ubstory.net', 'I', 'eb74a58ff4ca7312a88f871acf0e88ced22d528ed841241ce169ef11f1bedab5', '고정균', 'ios', 'receipt', '[안양과천교육지원청-컨설팅] 초등과 컨설팅장학 ..', '9', '', now())
bizstory_push: ** 20140219-122454
bizstory_push: sender=bizstorycokr@gmail.com, comp_idx=1, part_idx=1, mem_idx=528, receiver=ubman@ubstory.net, msg_type=receipt, message=[안산방과후학교지원센터] 2014년 1월달 ..
bizstory_push: sql = select * from push_member where push_id = 'ubman@ubstory.net' and del_yn = 'N'
bizstory_push: [ubman@ubstory.net] push_device_type = I, message = Y, receipt = Y, work = Y, notice = Y, consult = 
bizstory_push: sql = insert into push_history (send_key, comp_idx, part_idx, mem_idx, receiver_id, push_device_type, push_registration_id, receiver_name, service_type, msg_type, message, state, state_comment, request_time) values ( '20140219122454628150', 1, 1, 528, 'ubman@ubstory.net', 'I', 'eb74a58ff4ca7312a88f871acf0e88ced22d528ed841241ce169ef11f1bedab5', '고정균', 'ios', 'receipt', '[안산방과후학교지원센터] 2014년 1월달 ..', '9', '', now())
bizstory_push: ** 20140219-124636
bizstory_push: sender=bizstorycokr@gmail.com, comp_idx=59, part_idx=110, mem_idx=382, receiver=natemujin@nate.com, msg_type=receipt, message=[상영초등학교] 업무포탈 접속 에러
bizstory_push: sql = select * from push_member where push_id = 'natemujin@nate.com' and del_yn = 'N'
bizstory_push: [natemujin@nate.com] push_device_type = A, message = Y, receipt = Y, work = Y, notice = N, consult = N
bizstory_push: sql = insert into push_history (send_key, comp_idx, part_idx, mem_idx, receiver_id, push_device_type, push_registration_id, receiver_name, service_type, msg_type, message, state, state_comment, request_time) values ( '20140219124636259486', 59, 110, 382, 'natemujin@nate.com', 'A', 'APA91bHo_vdLddyzCNpfg42Ue1EDI5F0Loj5TFvLrr-qvPJU-vw4run9JSaQy8yTKjD9XoZ3hYhG9dia9QPkxdZf4YeQM3oFt7VCiUzUpEBFBWbm3eHZc8gmqKAVMOmkizeQglBp0fGM_y0PNo_XnJGcXSvWgcuWhA', '여창욱', 'ios', 'receipt', '[상영초등학교] 업무포탈 접속 에러', '9', '', now())
bizstory_push: ** 20140219-124716
bizstory_push: sender=bizstorycokr@gmail.com, comp_idx=59, part_idx=110, mem_idx=382, receiver=natemujin@nate.com, msg_type=receipt, message=[상영초등학교] 업무포탈 접속 에러
bizstory_push: sql = select * from push_member where push_id = 'natemujin@nate.com' and del_yn = 'N'
bizstory_push: [natemujin@nate.com] push_device_type = A, message = Y, receipt = Y, work = Y, notice = N, consult = N
bizstory_push: sql = insert into push_history (send_key, comp_idx, part_idx, mem_idx, receiver_id, push_device_type, push_registration_id, receiver_name, service_type, msg_type, message, state, state_comment, request_time) values ( '20140219124716331004', 59, 110, 382, 'natemujin@nate.com', 'A', 'APA91bHo_vdLddyzCNpfg42Ue1EDI5F0Loj5TFvLrr-qvPJU-vw4run9JSaQy8yTKjD9XoZ3hYhG9dia9QPkxdZf4YeQM3oFt7VCiUzUpEBFBWbm3eHZc8gmqKAVMOmkizeQglBp0fGM_y0PNo_XnJGcXSvWgcuWhA', '여창욱', 'ios', 'receipt', '[상영초등학교] 업무포탈 접속 에러', '9', '', now())
bizstory_push: ** 20140219-131117
bizstory_push: sender=bizstorycokr@gmail.com, comp_idx=1, part_idx=1, mem_idx=528, receiver=ubman@ubstory.net, msg_type=receipt, message=[접수] [(주)성우모바일] 펌웨어 업데이트 ..
bizstory_push: sql = select * from push_member where push_id = 'ubman@ubstory.net' and del_yn = 'N'
bizstory_push: [ubman@ubstory.net] push_device_type = I, message = Y, receipt = Y, work = Y, notice = Y, consult = 
bizstory_push: sql = insert into push_history (send_key, comp_idx, part_idx, mem_idx, receiver_id, push_device_type, push_registration_id, receiver_name, service_type, msg_type, message, state, state_comment, request_time) values ( '20140219131117326534', 1, 1, 528, 'ubman@ubstory.net', 'I', 'eb74a58ff4ca7312a88f871acf0e88ced22d528ed841241ce169ef11f1bedab5', '고정균', 'ios', 'receipt', '[접수] [(주)성우모바일] 펌웨어 업데이트 ..', '9', '', now())
bizstory_push: ** 20140219-131117
bizstory_push: ** 20140219-132417
bizstory_push: sender=bizstorycokr@gmail.com, comp_idx=4, part_idx=4, mem_idx=24, receiver=jhcrim@naver.com, msg_type=receipt, message=[접수] [동탄국제고등학교] 1학년 빔프로젝터
bizstory_push: sql = select * from push_member where push_id = 'jhcrim@naver.com' and del_yn = 'N'
bizstory_push: [jhcrim@naver.com] push_device_type = I, message = Y, receipt = Y, work = Y, notice = Y, consult = 
bizstory_push: sql = insert into push_history (send_key, comp_idx, part_idx, mem_idx, receiver_id, push_device_type, push_registration_id, receiver_name, service_type, msg_type, message, state, state_comment, request_time) values ( '20140219132417967384', 4, 4, 24, 'jhcrim@naver.com', 'I', '52eaf554b8dd0a34046dcb19cde2d45449940c11f7d9c44c113b3db46d4d4cde', '이주형', 'ios', 'receipt', '[접수] [동탄국제고등학교] 1학년 빔프로젝터', '9', '', now())
bizstory_push: ** 20140219-132417
bizstory_push: ** 20140219-132605
bizstory_push: sender=bizstorycokr@gmail.com, comp_idx=58, part_idx=109, mem_idx=395, receiver=ljk0910@hanmail.net, msg_type=receipt, message=[접수] [범계초등학교] 5층 영어실 컴퓨터
bizstory_push: sql = select * from push_member where push_id = 'ljk0910@hanmail.net' and del_yn = 'N'
bizstory_push: [ljk0910@hanmail.net] push_device_type = A, message = Y, receipt = Y, work = Y, notice = Y, consult = 
bizstory_push: sql = insert into push_history (send_key, comp_idx, part_idx, mem_idx, receiver_id, push_device_type, push_registration_id, receiver_name, service_type, msg_type, message, state, state_comment, request_time) values ( '20140219132605204045', 58, 109, 395, 'ljk0910@hanmail.net', 'A', 'APA91bH7R-gnDi9W_vZwx7qhd8mic7-QvfmY2TBdbBU6z_hPKHh8e4RP1VEYSjHe9PAQKb78ulRf0qgC9LslPu7woKb03w1WVvdT4EMcvEoW7SmawLo59zFWDw2NC0WhJd92LprHU_SX2r7J6b-MyDZ6YXaygp6DMg', '이진규', 'ios', 'receipt', '[접수] [범계초등학교] 5층 영어실 컴퓨터', '9', '', now())
bizstory_push: ** 20140219-132605
bizstory_push: ** 20140219-133439
bizstory_push: ** 20140219-133807
bizstory_push: sender=bizstorycokr@gmail.com, comp_idx=58, part_idx=109, mem_idx=387, receiver=cctvc@korea.kr, msg_type=receipt, message=[접수] [안양양지초등학교] 교감 선생님 노트..
bizstory_push: sql = select * from push_member where push_id = 'cctvc@korea.kr' and del_yn = 'N'
bizstory_push: [cctvc@korea.kr] push_device_type = A, message = Y, receipt = Y, work = Y, notice = Y, consult = Y
bizstory_push: sql = insert into push_history (send_key, comp_idx, part_idx, mem_idx, receiver_id, push_device_type, push_registration_id, receiver_name, service_type, msg_type, message, state, state_comment, request_time) values ( '20140219133807423397', 58, 109, 387, 'cctvc@korea.kr', 'A', 'APA91bEvsYNT1037VP3hB-q6VWfTxx0hBSSIKQ894ACNnv6rCBUhfpNxHVvz-HDflWNMCyCzfYCW-yv6hISBT3BdUpE1aMsdiA31A3ZX6M6djY9-qEVTnaWFHFNG1lr-GJNr4DpadOScdKzKtiHcd3KhzdAMG0IU0v6BUM-p6wbuW7KY8-b2wbs', '최세훈', 'ios', 'receipt', '[접수] [안양양지초등학교] 교감 선생님 노트..', '9', '', now())
bizstory_push: ** 20140219-133807
bizstory_push: ** 20140219-134531
bizstory_push: sender=bizstorycokr@gmail.com, comp_idx=32, part_idx=39, mem_idx=174, receiver=pantera0219@miraensys.com, msg_type=receipt, message=[접수] [한수중학교] 내pc지키미 업뎃안..
bizstory_push: sql = select * from push_member where push_id = 'pantera0219@miraensys.com' and del_yn = 'N'
bizstory_push: [pantera0219@miraensys.com] push_device_type = A, message = Y, receipt = Y, work = Y, notice = Y, consult = 
bizstory_push: sql = insert into push_history (send_key, comp_idx, part_idx, mem_idx, receiver_id, push_device_type, push_registration_id, receiver_name, service_type, msg_type, message, state, state_comment, request_time) values ( '20140219134531754944', 32, 39, 174, 'pantera0219@miraensys.com', 'A', 'APA91bHT7MW6-FIPFs8jjpVYou4NqqlQKRHeiwe27GptnFQ82p8Zg1M-jhx97XCDyQVUWiKAI27DXswN5mlIAUpXIumoMDGrtOW1Gg0bwa9wGT8UM4T37cNif2t75VhnZMx12XmKGMNRgW_dG-Ja32gbOX3djVCQfg', '신철혁', 'ios', 'receipt', '[접수] [한수중학교] 내pc지키미 업뎃안..', '9', '', now())
bizstory_push: ** 20140219-134531
bizstory_push: ** 20140219-134645
bizstory_push: sender=bizstorycokr@gmail.com, comp_idx=1, part_idx=1, mem_idx=528, receiver=ubman@ubstory.net, msg_type=receipt, message=[(주)성우모바일] 펌웨어 업데이트 이..
bizstory_push: sql = select * from push_member where push_id = 'ubman@ubstory.net' and del_yn = 'N'
bizstory_push: [ubman@ubstory.net] push_device_type = I, message = Y, receipt = Y, work = Y, notice = Y, consult = 
bizstory_push: sql = insert into push_history (send_key, comp_idx, part_idx, mem_idx, receiver_id, push_device_type, push_registration_id, receiver_name, service_type, msg_type, message, state, state_comment, request_time) values ( '20140219134645706798', 1, 1, 528, 'ubman@ubstory.net', 'I', 'eb74a58ff4ca7312a88f871acf0e88ced22d528ed841241ce169ef11f1bedab5', '고정균', 'ios', 'receipt', '[(주)성우모바일] 펌웨어 업데이트 이..', '9', '', now())
bizstory_push: ** 20140219-134703
bizstory_push: sender=bizstorycokr@gmail.com, comp_idx=1, part_idx=1, mem_idx=15, receiver=naryong82@nate.com, msg_type=receipt, message=[수향식품(주)] 메인화면 내용삭제
bizstory_push: sql = select * from push_member where push_id = 'naryong82@nate.com' and del_yn = 'N'
bizstory_push: [naryong82@nate.com] push_device_type = A, message = Y, receipt = Y, work = Y, notice = Y, consult = 
bizstory_push: sql = insert into push_history (send_key, comp_idx, part_idx, mem_idx, receiver_id, push_device_type, push_registration_id, receiver_name, service_type, msg_type, message, state, state_comment, request_time) values ( '20140219134703501991', 1, 1, 15, 'naryong82@nate.com', 'A', 'APA91bFnDKOgvIE0VcFKm_MCcfTlL8s5RacuOJ2hIc-YLQT62KLh2qescudxh9Fn_hlo8-xsartrIiSN_txHoM2khirrNK0n2wTnHfbo1Z40iWYgMqMqwLPVpmPGDxjGRnESCwDmDRBZC0JOQsFFMBjvpkTBZv56Ag', '김나영', 'ios', 'receipt', '[수향식품(주)] 메인화면 내용삭제', '9', '', now())
bizstory_push: ** 20140219-134718
bizstory_push: sender=bizstorycokr@gmail.com, comp_idx=1, part_idx=1, mem_idx=15, receiver=naryong82@nate.com, msg_type=receipt, message=[수향식품(주)] 설날 배송관련 안내..
bizstory_push: sql = select * from push_member where push_id = 'naryong82@nate.com' and del_yn = 'N'
bizstory_push: [naryong82@nate.com] push_device_type = A, message = Y, receipt = Y, work = Y, notice = Y, consult = 
bizstory_push: sql = insert into push_history (send_key, comp_idx, part_idx, mem_idx, receiver_id, push_device_type, push_registration_id, receiver_name, service_type, msg_type, message, state, state_comment, request_time) values ( '20140219134718756732', 1, 1, 15, 'naryong82@nate.com', 'A', 'APA91bFnDKOgvIE0VcFKm_MCcfTlL8s5RacuOJ2hIc-YLQT62KLh2qescudxh9Fn_hlo8-xsartrIiSN_txHoM2khirrNK0n2wTnHfbo1Z40iWYgMqMqwLPVpmPGDxjGRnESCwDmDRBZC0JOQsFFMBjvpkTBZv56Ag', '김나영', 'ios', 'receipt', '[수향식품(주)] 설날 배송관련 안내..', '9', '', now())
bizstory_push: ** 20140219-134724
bizstory_push: sender=bizstorycokr@gmail.com, comp_idx=1, part_idx=1, mem_idx=15, receiver=naryong82@nate.com, msg_type=receipt, message=[담당자변경] 설날 배송관련 안내글
bizstory_push: sql = select * from push_member where push_id = 'naryong82@nate.com' and del_yn = 'N'
bizstory_push: [naryong82@nate.com] push_device_type = A, message = Y, receipt = Y, work = Y, notice = Y, consult = 
bizstory_push: sql = insert into push_history (send_key, comp_idx, part_idx, mem_idx, receiver_id, push_device_type, push_registration_id, receiver_name, service_type, msg_type, message, state, state_comment, request_time) values ( '20140219134724264754', 1, 1, 15, 'naryong82@nate.com', 'A', 'APA91bFnDKOgvIE0VcFKm_MCcfTlL8s5RacuOJ2hIc-YLQT62KLh2qescudxh9Fn_hlo8-xsartrIiSN_txHoM2khirrNK0n2wTnHfbo1Z40iWYgMqMqwLPVpmPGDxjGRnESCwDmDRBZC0JOQsFFMBjvpkTBZv56Ag', '김나영', 'ios', 'receipt', '[담당자변경] 설날 배송관련 안내글', '9', '', now())
bizstory_push: ** 20140219-140656
bizstory_push: sender=bizstorycokr@gmail.com, comp_idx=35, part_idx=40, mem_idx=193, receiver=neogjy@neolohas.net, msg_type=receipt, message=[씨에스정보기술] 천곡초등학교  멀티..
bizstory_push: sql = select * from push_member where push_id = 'neogjy@neolohas.net' and del_yn = 'N'
bizstory_push: [neogjy@neolohas.net] push_device_type = A, message = N, receipt = Y, work = Y, notice = Y, consult = Y
bizstory_push: sql = insert into push_history (send_key, comp_idx, part_idx, mem_idx, receiver_id, push_device_type, push_registration_id, receiver_name, service_type, msg_type, message, state, state_comment, request_time) values ( '20140219140656494309', 35, 40, 193, 'neogjy@neolohas.net', 'A', 'APA91bF3qc9GB7hs1L6vZmCLwaEWF5qCfrzk2HID-7xc87ei4BnxspDzYCOSLcix4fSKUlQTS0AeMjqVFuqVdCzlErIWqPCvN5WNo4E6SKSsVqokalIQj97ryaoGVacm3vXU-Yyh218RW3tr_U9K9DHPujSHldbvvQ', '고지윤', 'ios', 'receipt', '[씨에스정보기술] 천곡초등학교  멀티..', '9', '', now())
bizstory_push: ** 20140219-140656
bizstory_push: sender=bizstorycokr@gmail.com, comp_idx=35, part_idx=40, mem_idx=193, receiver=neo@neolohas.net, msg_type=receipt, message=[씨에스정보기술] 천곡초등학교  멀티..
bizstory_push: sql = select * from push_member where push_id = 'neo@neolohas.net' and del_yn = 'N'
bizstory_push: 등록되지 않은 사용자
bizstory_push: sql = insert into push_history (send_key, comp_idx, part_idx, mem_idx, receiver_id, receiver_name, service_type, msg_type, message, state, state_comment, request_time) values ( '20140219140656795436', 35, 40, 193, 'neo@neolohas.net', '', 'ios', 'receipt', '[씨에스정보기술] 천곡초등학교  멀티..', '0', '등록되지 않은 사용자', now())
bizstory_push: ** 20140219-140656
bizstory_push: sender=bizstorycokr@gmail.com, comp_idx=35, part_idx=40, mem_idx=193, receiver=renosoft@naver.com, msg_type=receipt, message=[씨에스정보기술] 천곡초등학교  멀티..
bizstory_push: sql = select * from push_member where push_id = 'renosoft@naver.com' and del_yn = 'N'
bizstory_push: [renosoft@naver.com] push_device_type = A, message = Y, receipt = Y, work = Y, notice = Y, consult = 
bizstory_push: sql = insert into push_history (send_key, comp_idx, part_idx, mem_idx, receiver_id, push_device_type, push_registration_id, receiver_name, service_type, msg_type, message, state, state_comment, request_time) values ( '20140219140656595070', 35, 40, 339, 'renosoft@naver.com', 'A', 'APA91bHm2Ukw4MzyAW-rJx_6Te6QQEus9wsAXjNdr5_JxbFJAM7gbTV6WX_bwP_w9vad6s6LHCLaNFYyrOmb45JPmoUPWGjtaorClNAmFT-9M8OHRQetg4lg5hGnPeUiPM8GlFOmx0dD4tYSoFMhaN6bHBUGHkCPiw', '유우종', 'ios', 'receipt', '[씨에스정보기술] 천곡초등학교  멀티..', '9', '', now())
bizstory_push: ** 20140219-140656
bizstory_push: sender=bizstorycokr@gmail.com, comp_idx=35, part_idx=40, mem_idx=193, receiver=sagubee@naver.com, msg_type=receipt, message=[씨에스정보기술] 천곡초등학교  멀티..
bizstory_push: sql = select * from push_member where push_id = 'sagubee@naver.com' and del_yn = 'N'
bizstory_push: [sagubee@naver.com] push_device_type = A, message = Y, receipt = Y, work = Y, notice = Y, consult = 
bizstory_push: sql = insert into push_history (send_key, comp_idx, part_idx, mem_idx, receiver_id, push_device_type, push_registration_id, receiver_name, service_type, msg_type, message, state, state_comment, request_time) values ( '20140219140656985686', 35, 40, 336, 'sagubee@naver.com', 'A', 'APA91bFwmNg54c8qGG017xYxDhH1TeeNpr-u9TjTpViEu79Wng98D3bYMNF61brbhMnHuASZ4W8eSZzn556eghJPj8rwO3mpM6i25swTcBP3jLZLK2CV-9G7dA_fkC8KWfgx1qknMIbVrhkulGRZJZ5qd_epdjvfyg', '양태원', 'ios', 'receipt', '[씨에스정보기술] 천곡초등학교  멀티..', '9', '', now())
bizstory_push: ** 20140219-140806
bizstory_push: sender=bizstorycokr@gmail.com, comp_idx=1, part_idx=1, mem_idx=2, receiver=arachi76@naver.com, msg_type=message, message=[쪽지] 경기도 학부모참여지원센터 장인록 담당..
bizstory_push: sql = select * from push_member where push_id = 'arachi76@naver.com' and del_yn = 'N'
bizstory_push: [arachi76@naver.com] push_device_type = I, message = Y, receipt = Y, work = Y, notice = Y, consult = 
bizstory_push: sql = insert into push_history (send_key, comp_idx, part_idx, mem_idx, receiver_id, push_device_type, push_registration_id, receiver_name, service_type, msg_type, message, state, state_comment, request_time) values ( '20140219140806897611', 1, 1, 2, 'arachi76@naver.com', 'I', '4ac171c71134ac868a9ce0fc22b36a015dee461bf045a22792beff7d6246e27f', '서경원', 'ios', 'message', '[쪽지] 경기도 학부모참여지원센터 장인록 담당..', '9', '', now())
bizstory_push: ** 20140219-143051
bizstory_push: sender=bizstorycokr@gmail.com, comp_idx=5, part_idx=5, mem_idx=83, receiver=cpui7@daum.net, msg_type=receipt, message=[접수] [봉곡초등학교] HL5340 품의 ...
bizstory_push: sql = select * from push_member where push_id = 'cpui7@daum.net' and del_yn = 'N'
bizstory_push: [cpui7@daum.net] push_device_type = A, message = Y, receipt = Y, work = Y, notice = Y, consult = 
bizstory_push: sql = insert into push_history (send_key, comp_idx, part_idx, mem_idx, receiver_id, push_device_type, push_registration_id, receiver_name, service_type, msg_type, message, state, state_comment, request_time) values ( '20140219143051775472', 5, 5, 83, 'cpui7@daum.net', 'A', 'APA91bEnh3lsA-Vk0Ps2_lF-3RA8DReacx8bjG_YFOvJD_Jqp30qEhjwqriJyjwcjmuenhpQTmfd2RgTvVQmR1gP0CE4Mp8-9MYKQW69uJ2WMjjzTFnr4ONmwR_Lxj-reU1DAHS6xbOVlHjw1SQPEZmvY-VK9hNPQWQ8byhRzn72jap0TCMkJpI', '황진섭', 'ios', 'receipt', '[접수] [봉곡초등학교] HL5340 품의 ...', '9', '', now())
bizstory_push: ** 20140219-143051
bizstory_push: ** 20140219-143846
bizstory_push: sender=bizstorycokr@gmail.com, comp_idx=5, part_idx=5, mem_idx=83, receiver=cpui7@daum.net, msg_type=receipt, message=[접수] [금오여자고등학교] 프린터
bizstory_push: sql = select * from push_member where push_id = 'cpui7@daum.net' and del_yn = 'N'
bizstory_push: [cpui7@daum.net] push_device_type = A, message = Y, receipt = Y, work = Y, notice = Y, consult = 
bizstory_push: sql = insert into push_history (send_key, comp_idx, part_idx, mem_idx, receiver_id, push_device_type, push_registration_id, receiver_name, service_type, msg_type, message, state, state_comment, request_time) values ( '20140219143846947716', 5, 5, 83, 'cpui7@daum.net', 'A', 'APA91bEnh3lsA-Vk0Ps2_lF-3RA8DReacx8bjG_YFOvJD_Jqp30qEhjwqriJyjwcjmuenhpQTmfd2RgTvVQmR1gP0CE4Mp8-9MYKQW69uJ2WMjjzTFnr4ONmwR_Lxj-reU1DAHS6xbOVlHjw1SQPEZmvY-VK9hNPQWQ8byhRzn72jap0TCMkJpI', '황진섭', 'ios', 'receipt', '[접수] [금오여자고등학교] 프린터', '9', '', now())
bizstory_push: ** 20140219-143846
bizstory_push: ** 20140219-144115
bizstory_push: sender=bizstorycokr@gmail.com, comp_idx=32, part_idx=39, mem_idx=180, receiver=jw3132@miraensys.com, msg_type=receipt, message=[접수] [신일초등학교] 카페가 완전히 열리...
bizstory_push: sql = select * from push_member where push_id = 'jw3132@miraensys.com' and del_yn = 'N'
bizstory_push: [jw3132@miraensys.com] push_device_type = A, message = N, receipt = N, work = N, notice = N, consult = N
bizstory_push: sql = insert into push_history (send_key, comp_idx, part_idx, mem_idx, receiver_id, push_device_type, push_registration_id, receiver_name, service_type, msg_type, message, state, state_comment, request_time) values ( '20140219144115328683', 32, 39, 180, 'jw3132@miraensys.com', 'A', 'APA91bH0_m5cFOGJEF5Wp5X-3BpzW0nZ3GAcpTsM0_fTsaqH0O5t70I3juLmqteUxmyQvstC2lu0DulL9dKvRTGFEzjhSsSqv2trWnCP8T8RvA3uuoJ_pYrARyRyaw149FkGo2Jo-J1tstdKHqv0-YK0qZEud2o5hw', '이진우', 'ios', 'receipt', '[접수] [신일초등학교] 카페가 완전히 열리...', '9', '', now())
bizstory_push: ** 20140219-144115
bizstory_push: ** 20140219-144322
bizstory_push: sender=bizstorycokr@gmail.com, comp_idx=32, part_idx=39, mem_idx=411, receiver=jowsgo@miraensys.com, msg_type=receipt, message=[접수] [성사초등학교] 목요일(27일) 급...
bizstory_push: sql = select * from push_member where push_id = 'jowsgo@miraensys.com' and del_yn = 'N'
bizstory_push: 등록되지 않은 사용자
bizstory_push: sql = insert into push_history (send_key, comp_idx, part_idx, mem_idx, receiver_id, receiver_name, service_type, msg_type, message, state, state_comment, request_time) values ( '20140219144322689160', 32, 39, 411, 'jowsgo@miraensys.com', '', 'ios', 'receipt', '[접수] [성사초등학교] 목요일(27일) 급...', '0', '등록되지 않은 사용자', now())
bizstory_push: ** 20140219-144322
bizstory_push: ** 20140219-144745
bizstory_push: sender=bizstorycokr@gmail.com, comp_idx=58, part_idx=109, mem_idx=387, receiver=cctvc@korea.kr, msg_type=receipt, message=[접수] [안양양지초등학교] 5-3, 1-4 ..
bizstory_push: sql = select * from push_member where push_id = 'cctvc@korea.kr' and del_yn = 'N'
bizstory_push: [cctvc@korea.kr] push_device_type = A, message = Y, receipt = Y, work = Y, notice = Y, consult = Y
bizstory_push: sql = insert into push_history (send_key, comp_idx, part_idx, mem_idx, receiver_id, push_device_type, push_registration_id, receiver_name, service_type, msg_type, message, state, state_comment, request_time) values ( '20140219144745739632', 58, 109, 387, 'cctvc@korea.kr', 'A', 'APA91bEvsYNT1037VP3hB-q6VWfTxx0hBSSIKQ894ACNnv6rCBUhfpNxHVvz-HDflWNMCyCzfYCW-yv6hISBT3BdUpE1aMsdiA31A3ZX6M6djY9-qEVTnaWFHFNG1lr-GJNr4DpadOScdKzKtiHcd3KhzdAMG0IU0v6BUM-p6wbuW7KY8-b2wbs', '최세훈', 'ios', 'receipt', '[접수] [안양양지초등학교] 5-3, 1-4 ..', '9', '', now())
bizstory_push: ** 20140219-144745
bizstory_push: ** 20140219-145221
bizstory_push: sender=bizstorycokr@gmail.com, comp_idx=1, part_idx=1, mem_idx=2, receiver=arachi76@naver.com, msg_type=receipt, message=[접수] [전주비전대학교] 모바일앱 및 홍보동..
bizstory_push: sql = select * from push_member where push_id = 'arachi76@naver.com' and del_yn = 'N'
bizstory_push: [arachi76@naver.com] push_device_type = I, message = Y, receipt = Y, work = Y, notice = Y, consult = 
bizstory_push: sql = insert into push_history (send_key, comp_idx, part_idx, mem_idx, receiver_id, push_device_type, push_registration_id, receiver_name, service_type, msg_type, message, state, state_comment, request_time) values ( '20140219145221599610', 1, 1, 2, 'arachi76@naver.com', 'I', '4ac171c71134ac868a9ce0fc22b36a015dee461bf045a22792beff7d6246e27f', '서경원', 'ios', 'receipt', '[접수] [전주비전대학교] 모바일앱 및 홍보동..', '9', '', now())
bizstory_push: ** 20140219-145221
bizstory_push: ** 20140219-145900
bizstory_push: sender=bizstorycokr@gmail.com, comp_idx=4, part_idx=4, mem_idx=21, receiver=jsjjangga@daum.net, msg_type=receipt, message=[접수] [경기도발안도서관] 1층 프런트의 중..
bizstory_push: sql = select * from push_member where push_id = 'jsjjangga@daum.net' and del_yn = 'N'
bizstory_push: [jsjjangga@daum.net] push_device_type = A, message = Y, receipt = Y, work = Y, notice = Y, consult = 
bizstory_push: sql = insert into push_history (send_key, comp_idx, part_idx, mem_idx, receiver_id, push_device_type, push_registration_id, receiver_name, service_type, msg_type, message, state, state_comment, request_time) values ( '20140219145900306418', 4, 4, 21, 'jsjjangga@daum.net', 'A', 'APA91bGBQpmLbHiYrho6L6q-804WSxRWk-PFP49-kAD43hTvlsVbP006X8-XHzY7mlZ59X64OsNPij9BRo_gMmTKfFzVBhK9CV2jMygABEpY-XvhjJBbT_qAVoVQgbVvfDbg-AdQwbQo5s0vLSMzLam3Pay3Dp-00A', '권준성', 'ios', 'receipt', '[접수] [경기도발안도서관] 1층 프런트의 중..', '9', '', now())
bizstory_push: ** 20140219-145900
bizstory_push: ** 20140219-150728
bizstory_push: sender=bizstorycokr@gmail.com, comp_idx=4, part_idx=4, mem_idx=21, receiver=jsjjangga@daum.net, msg_type=receipt, message=[접수] [경기도발안도서관] 2 자료실 PC ..
bizstory_push: sql = select * from push_member where push_id = 'jsjjangga@daum.net' and del_yn = 'N'
bizstory_push: [jsjjangga@daum.net] push_device_type = A, message = Y, receipt = Y, work = Y, notice = Y, consult = 
bizstory_push: sql = insert into push_history (send_key, comp_idx, part_idx, mem_idx, receiver_id, push_device_type, push_registration_id, receiver_name, service_type, msg_type, message, state, state_comment, request_time) values ( '20140219150728234189', 4, 4, 21, 'jsjjangga@daum.net', 'A', 'APA91bGBQpmLbHiYrho6L6q-804WSxRWk-PFP49-kAD43hTvlsVbP006X8-XHzY7mlZ59X64OsNPij9BRo_gMmTKfFzVBhK9CV2jMygABEpY-XvhjJBbT_qAVoVQgbVvfDbg-AdQwbQo5s0vLSMzLam3Pay3Dp-00A', '권준성', 'ios', 'receipt', '[접수] [경기도발안도서관] 2 자료실 PC ..', '9', '', now())
bizstory_push: ** 20140219-150728
bizstory_push: ** 20140219-152027
bizstory_push: sender=bizstorycokr@gmail.com, comp_idx=1, part_idx=1, mem_idx=15, receiver=naryong82@nate.com, msg_type=receipt, message=[수향식품(주)] 만두세트 촬영
bizstory_push: sql = select * from push_member where push_id = 'naryong82@nate.com' and del_yn = 'N'
bizstory_push: [naryong82@nate.com] push_device_type = A, message = Y, receipt = Y, work = Y, notice = Y, consult = 
bizstory_push: sql = insert into push_history (send_key, comp_idx, part_idx, mem_idx, receiver_id, push_device_type, push_registration_id, receiver_name, service_type, msg_type, message, state, state_comment, request_time) values ( '20140219152027444675', 1, 1, 15, 'naryong82@nate.com', 'A', 'APA91bFnDKOgvIE0VcFKm_MCcfTlL8s5RacuOJ2hIc-YLQT62KLh2qescudxh9Fn_hlo8-xsartrIiSN_txHoM2khirrNK0n2wTnHfbo1Z40iWYgMqMqwLPVpmPGDxjGRnESCwDmDRBZC0JOQsFFMBjvpkTBZv56Ag', '김나영', 'ios', 'receipt', '[수향식품(주)] 만두세트 촬영', '9', '', now())
bizstory_push: ** 20140219-152146
bizstory_push: sender=bizstorycokr@gmail.com, comp_idx=4, part_idx=4, mem_idx=24, receiver=jhcrim@naver.com, msg_type=receipt, message=[접수] [동탄국제고등학교] 프린터 설치
bizstory_push: sql = select * from push_member where push_id = 'jhcrim@naver.com' and del_yn = 'N'
bizstory_push: [jhcrim@naver.com] push_device_type = I, message = Y, receipt = Y, work = Y, notice = Y, consult = 
bizstory_push: sql = insert into push_history (send_key, comp_idx, part_idx, mem_idx, receiver_id, push_device_type, push_registration_id, receiver_name, service_type, msg_type, message, state, state_comment, request_time) values ( '20140219152146427335', 4, 4, 24, 'jhcrim@naver.com', 'I', '52eaf554b8dd0a34046dcb19cde2d45449940c11f7d9c44c113b3db46d4d4cde', '이주형', 'ios', 'receipt', '[접수] [동탄국제고등학교] 프린터 설치', '9', '', now())
bizstory_push: ** 20140219-152146
bizstory_push: ** 20140219-152458
bizstory_push: sender=bizstorycokr@gmail.com, comp_idx=1, part_idx=1, mem_idx=15, receiver=naryong82@nate.com, msg_type=receipt, message=[수향식품(주)] LG CNS 쇼핑몰..
bizstory_push: sql = select * from push_member where push_id = 'naryong82@nate.com' and del_yn = 'N'
bizstory_push: [naryong82@nate.com] push_device_type = A, message = Y, receipt = Y, work = Y, notice = Y, consult = 
bizstory_push: sql = insert into push_history (send_key, comp_idx, part_idx, mem_idx, receiver_id, push_device_type, push_registration_id, receiver_name, service_type, msg_type, message, state, state_comment, request_time) values ( '20140219152458153775', 1, 1, 15, 'naryong82@nate.com', 'A', 'APA91bFnDKOgvIE0VcFKm_MCcfTlL8s5RacuOJ2hIc-YLQT62KLh2qescudxh9Fn_hlo8-xsartrIiSN_txHoM2khirrNK0n2wTnHfbo1Z40iWYgMqMqwLPVpmPGDxjGRnESCwDmDRBZC0JOQsFFMBjvpkTBZv56Ag', '김나영', 'ios', 'receipt', '[수향식품(주)] LG CNS 쇼핑몰..', '9', '', now())
bizstory_push: ** 20140219-152512
bizstory_push: sender=bizstorycokr@gmail.com, comp_idx=1, part_idx=1, mem_idx=15, receiver=naryong82@nate.com, msg_type=receipt, message=[수향식품(주)] LG CNS 쇼핑몰..
bizstory_push: sql = select * from push_member where push_id = 'naryong82@nate.com' and del_yn = 'N'
bizstory_push: [naryong82@nate.com] push_device_type = A, message = Y, receipt = Y, work = Y, notice = Y, consult = 
bizstory_push: sql = insert into push_history (send_key, comp_idx, part_idx, mem_idx, receiver_id, push_device_type, push_registration_id, receiver_name, service_type, msg_type, message, state, state_comment, request_time) values ( '20140219152512338108', 1, 1, 15, 'naryong82@nate.com', 'A', 'APA91bFnDKOgvIE0VcFKm_MCcfTlL8s5RacuOJ2hIc-YLQT62KLh2qescudxh9Fn_hlo8-xsartrIiSN_txHoM2khirrNK0n2wTnHfbo1Z40iWYgMqMqwLPVpmPGDxjGRnESCwDmDRBZC0JOQsFFMBjvpkTBZv56Ag', '김나영', 'ios', 'receipt', '[수향식품(주)] LG CNS 쇼핑몰..', '9', '', now())
bizstory_push: ** 20140219-152830
bizstory_push: sender=bizstorycokr@gmail.com, comp_idx=4, part_idx=4, mem_idx=24, receiver=jhcrim@naver.com, msg_type=receipt, message=[접수] [동탄국제고등학교] 음악실 빔 사용시
bizstory_push: sql = select * from push_member where push_id = 'jhcrim@naver.com' and del_yn = 'N'
bizstory_push: [jhcrim@naver.com] push_device_type = I, message = Y, receipt = Y, work = Y, notice = Y, consult = 
bizstory_push: sql = insert into push_history (send_key, comp_idx, part_idx, mem_idx, receiver_id, push_device_type, push_registration_id, receiver_name, service_type, msg_type, message, state, state_comment, request_time) values ( '20140219152830559158', 4, 4, 24, 'jhcrim@naver.com', 'I', '52eaf554b8dd0a34046dcb19cde2d45449940c11f7d9c44c113b3db46d4d4cde', '이주형', 'ios', 'receipt', '[접수] [동탄국제고등학교] 음악실 빔 사용시', '9', '', now())
bizstory_push: ** 20140219-152830
bizstory_push: ** 20140219-152937
bizstory_push: sender=bizstorycokr@gmail.com, comp_idx=5, part_idx=5, mem_idx=83, receiver=cpui7@daum.net, msg_type=receipt, message=[봉곡초등학교] HL5340 품의 ..
bizstory_push: sql = select * from push_member where push_id = 'cpui7@daum.net' and del_yn = 'N'
bizstory_push: [cpui7@daum.net] push_device_type = A, message = Y, receipt = Y, work = Y, notice = Y, consult = 
bizstory_push: sql = insert into push_history (send_key, comp_idx, part_idx, mem_idx, receiver_id, push_device_type, push_registration_id, receiver_name, service_type, msg_type, message, state, state_comment, request_time) values ( '20140219152937587165', 5, 5, 83, 'cpui7@daum.net', 'A', 'APA91bEnh3lsA-Vk0Ps2_lF-3RA8DReacx8bjG_YFOvJD_Jqp30qEhjwqriJyjwcjmuenhpQTmfd2RgTvVQmR1gP0CE4Mp8-9MYKQW69uJ2WMjjzTFnr4ONmwR_Lxj-reU1DAHS6xbOVlHjw1SQPEZmvY-VK9hNPQWQ8byhRzn72jap0TCMkJpI', '황진섭', 'ios', 'receipt', '[봉곡초등학교] HL5340 품의 ..', '9', '', now())
bizstory_push: ** 20140219-152943
bizstory_push: sender=bizstorycokr@gmail.com, comp_idx=5, part_idx=5, mem_idx=83, receiver=cpui7@daum.net, msg_type=receipt, message=[금오여자고등학교] 프린터
bizstory_push: sql = select * from push_member where push_id = 'cpui7@daum.net' and del_yn = 'N'
bizstory_push: [cpui7@daum.net] push_device_type = A, message = Y, receipt = Y, work = Y, notice = Y, consult = 
bizstory_push: sql = insert into push_history (send_key, comp_idx, part_idx, mem_idx, receiver_id, push_device_type, push_registration_id, receiver_name, service_type, msg_type, message, state, state_comment, request_time) values ( '20140219152943268966', 5, 5, 83, 'cpui7@daum.net', 'A', 'APA91bEnh3lsA-Vk0Ps2_lF-3RA8DReacx8bjG_YFOvJD_Jqp30qEhjwqriJyjwcjmuenhpQTmfd2RgTvVQmR1gP0CE4Mp8-9MYKQW69uJ2WMjjzTFnr4ONmwR_Lxj-reU1DAHS6xbOVlHjw1SQPEZmvY-VK9hNPQWQ8byhRzn72jap0TCMkJpI', '황진섭', 'ios', 'receipt', '[금오여자고등학교] 프린터', '9', '', now())
bizstory_push: ** 20140219-155137
bizstory_push: sender=bizstorycokr@gmail.com, comp_idx=4, part_idx=4, mem_idx=25, receiver=ljy@naver.com, msg_type=receipt, message=[접수] [한마음초등학교] 6학년새교실.몰딩안..
bizstory_push: sql = select * from push_member where push_id = 'ljy@naver.com' and del_yn = 'N'
bizstory_push: [ljy@naver.com] push_device_type = A, message = Y, receipt = Y, work = Y, notice = Y, consult = 
bizstory_push: sql = insert into push_history (send_key, comp_idx, part_idx, mem_idx, receiver_id, push_device_type, push_registration_id, receiver_name, service_type, msg_type, message, state, state_comment, request_time) values ( '20140219155137257481', 4, 4, 25, 'ljy@naver.com', 'A', 'APA91bFmDCE9My-xiRVpkNjb5GmFVqmiS2zb32GMB913gcNeWrg0Ae9y0t8XpHdOqZ4kRUWsG6dzFC_xVJ-bGZ0tnlLdufPxiQuDq5akAgB59tRehDJ_xCo57WLrHBZq8CyqMSn4BcVBWa_wNHq8-M7l_ttCcNZukg', '임주영', 'ios', 'receipt', '[접수] [한마음초등학교] 6학년새교실.몰딩안..', '9', '', now())
bizstory_push: ** 20140219-155137
bizstory_push: ** 20140219-162213
bizstory_push: sender=bizstorycokr@gmail.com, comp_idx=4, part_idx=4, mem_idx=25, receiver=ljy@naver.com, msg_type=receipt, message=[접수] [예원초등학교] 예원초
bizstory_push: sql = select * from push_member where push_id = 'ljy@naver.com' and del_yn = 'N'
bizstory_push: [ljy@naver.com] push_device_type = A, message = Y, receipt = Y, work = Y, notice = Y, consult = 
bizstory_push: sql = insert into push_history (send_key, comp_idx, part_idx, mem_idx, receiver_id, push_device_type, push_registration_id, receiver_name, service_type, msg_type, message, state, state_comment, request_time) values ( '20140219162213819341', 4, 4, 25, 'ljy@naver.com', 'A', 'APA91bFmDCE9My-xiRVpkNjb5GmFVqmiS2zb32GMB913gcNeWrg0Ae9y0t8XpHdOqZ4kRUWsG6dzFC_xVJ-bGZ0tnlLdufPxiQuDq5akAgB59tRehDJ_xCo57WLrHBZq8CyqMSn4BcVBWa_wNHq8-M7l_ttCcNZukg', '임주영', 'ios', 'receipt', '[접수] [예원초등학교] 예원초', '9', '', now())
bizstory_push: ** 20140219-162213
bizstory_push: ** 20140219-162230
bizstory_push: sender=bizstorycokr@gmail.com, comp_idx=13, part_idx=17, mem_idx=94, receiver=starnts@greatworks.co.kr, msg_type=receipt, message=[접수] [창원명지여자고등학교] 교감선생님 자..
bizstory_push: sql = select * from push_member where push_id = 'starnts@greatworks.co.kr' and del_yn = 'N'
bizstory_push: [starnts@greatworks.co.kr] push_device_type = A, message = Y, receipt = Y, work = Y, notice = Y, consult = 
bizstory_push: sql = insert into push_history (send_key, comp_idx, part_idx, mem_idx, receiver_id, push_device_type, push_registration_id, receiver_name, service_type, msg_type, message, state, state_comment, request_time) values ( '20140219162230820982', 13, 17, 92, 'starnts@greatworks.co.kr', 'A', 'APA91bHiOAbj3tzoiWBwyrdNRjREW3CrfDwm_tkfl2bVl88NEEz643nLe2n2PmHKhO2TjZQn2okD6QTstELDojuCJxctI2iOL5qtV-d4uQPaeyHUr6O-lQMvtCJ3wRRqmzeKWstt_iWPF-RzsEchBHWUpZ3gBOQqpw', '노태성', 'ios', 'receipt', '[접수] [창원명지여자고등학교] 교감선생님 자..', '9', '', now())
bizstory_push: ** 20140219-162230
bizstory_push: ** 20140219-162356
bizstory_push: sender=bizstorycokr@gmail.com, comp_idx=13, part_idx=17, mem_idx=94, receiver=starnts@greatworks.co.kr, msg_type=receipt, message=[접수] [창원명지여자고등학교] 교무실 자리 ..
bizstory_push: sql = select * from push_member where push_id = 'starnts@greatworks.co.kr' and del_yn = 'N'
bizstory_push: [starnts@greatworks.co.kr] push_device_type = A, message = Y, receipt = Y, work = Y, notice = Y, consult = 
bizstory_push: sql = insert into push_history (send_key, comp_idx, part_idx, mem_idx, receiver_id, push_device_type, push_registration_id, receiver_name, service_type, msg_type, message, state, state_comment, request_time) values ( '20140219162356618973', 13, 17, 92, 'starnts@greatworks.co.kr', 'A', 'APA91bHiOAbj3tzoiWBwyrdNRjREW3CrfDwm_tkfl2bVl88NEEz643nLe2n2PmHKhO2TjZQn2okD6QTstELDojuCJxctI2iOL5qtV-d4uQPaeyHUr6O-lQMvtCJ3wRRqmzeKWstt_iWPF-RzsEchBHWUpZ3gBOQqpw', '노태성', 'ios', 'receipt', '[접수] [창원명지여자고등학교] 교무실 자리 ..', '9', '', now())
bizstory_push: ** 20140219-162356
bizstory_push: ** 20140219-163215
bizstory_push: sender=bizstorycokr@gmail.com, comp_idx=1, part_idx=1, mem_idx=2, receiver=arachi76@naver.com, msg_type=work, message=[업무코멘트] 전주비전대학교 본교사이트
bizstory_push: sql = select * from push_member where push_id = 'arachi76@naver.com' and del_yn = 'N'
bizstory_push: [arachi76@naver.com] push_device_type = I, message = Y, receipt = Y, work = Y, notice = Y, consult = 
bizstory_push: sql = insert into push_history (send_key, comp_idx, part_idx, mem_idx, receiver_id, push_device_type, push_registration_id, receiver_name, service_type, msg_type, message, state, state_comment, request_time) values ( '20140219163215974162', 1, 1, 2, 'arachi76@naver.com', 'I', '4ac171c71134ac868a9ce0fc22b36a015dee461bf045a22792beff7d6246e27f', '서경원', 'ios', 'work', '[업무코멘트] 전주비전대학교 본교사이트', '9', '', now())
bizstory_push: sender=bizstorycokr@gmail.com, comp_idx=1, part_idx=1, mem_idx=7, receiver=yukki76@nate.com, msg_type=work, message=[업무코멘트] 전주비전대학교 본교사이트
bizstory_push: sql = select * from push_member where push_id = 'yukki76@nate.com' and del_yn = 'N'
bizstory_push: [yukki76@nate.com] push_device_type = I, message = Y, receipt = Y, work = Y, notice = Y, consult = N
bizstory_push: sql = insert into push_history (send_key, comp_idx, part_idx, mem_idx, receiver_id, push_device_type, push_registration_id, receiver_name, service_type, msg_type, message, state, state_comment, request_time) values ( '20140219163215947464', 1, 1, 7, 'yukki76@nate.com', 'I', 'f7baf1ed812b2a6ce562a2c25b778dfc4eccf5eb9ec205eacecc533f2144c6b7', '김경화', 'ios', 'work', '[업무코멘트] 전주비전대학교 본교사이트', '9', '', now())
bizstory_push: sender=bizstorycokr@gmail.com, comp_idx=1, part_idx=1, mem_idx=529, receiver=berbucks@nate.com, msg_type=work, message=[업무코멘트] 전주비전대학교 본교사이트
bizstory_push: sql = select * from push_member where push_id = 'berbucks@nate.com' and del_yn = 'N'
bizstory_push: [berbucks@nate.com] push_device_type = I, message = Y, receipt = Y, work = Y, notice = Y, consult = 
bizstory_push: sql = insert into push_history (send_key, comp_idx, part_idx, mem_idx, receiver_id, push_device_type, push_registration_id, receiver_name, service_type, msg_type, message, state, state_comment, request_time) values ( '20140219163215292114', 1, 1, 529, 'berbucks@nate.com', 'I', '1efced7c9fbbd2e0cf09aea0abd1eefd00f7e97437531354b77529a62902ae49', '김진오', 'ios', 'work', '[업무코멘트] 전주비전대학교 본교사이트', '9', '', now())
bizstory_push: sender=bizstorycokr@gmail.com, comp_idx=0, part_idx=0, mem_idx=0, receiver=, msg_type=work, message=[업무코멘트] 전주비전대학교 본교사이트
bizstory_push: sql = select * from push_member where push_id = '' and del_yn = 'N'
bizstory_push: 등록되지 않은 사용자
bizstory_push: sql = insert into push_history (send_key, comp_idx, part_idx, mem_idx, receiver_id, receiver_name, service_type, msg_type, message, state, state_comment, request_time) values ( '20140219163215807008', 0, 0, 0, '', '', 'ios', 'work', '[업무코멘트] 전주비전대학교 본교사이트', '0', '등록되지 않은 사용자', now())
bizstory_push: ** 20140219-164033
bizstory_push: sender=bizstorycokr@gmail.com, comp_idx=1, part_idx=1, mem_idx=195, receiver=kyunni@naver.com, msg_type=receipt, message=[중랑구립정보도서관] 관리자 페이지 내부..
bizstory_push: sql = select * from push_member where push_id = 'kyunni@naver.com' and del_yn = 'N'
bizstory_push: [kyunni@naver.com] push_device_type = I, message = Y, receipt = Y, work = Y, notice = Y, consult = 
bizstory_push: sql = insert into push_history (send_key, comp_idx, part_idx, mem_idx, receiver_id, push_device_type, push_registration_id, receiver_name, service_type, msg_type, message, state, state_comment, request_time) values ( '20140219164033210849', 1, 1, 195, 'kyunni@naver.com', 'I', '0502603e2a72386cb810f11191531b9e41cec340f798416d2a57959044c38925', '고동원', 'ios', 'receipt', '[중랑구립정보도서관] 관리자 페이지 내부..', '9', '', now())
bizstory_push: ** 20140219-172211
bizstory_push: ** 20140219-172302
bizstory_push: ** 20140219-172349
bizstory_push: ** 20140219-172445
bizstory_push: ** 20140219-172524
bizstory_push: ** 20140219-172608
bizstory_push: ** 20140219-172707
bizstory_push: ** 20140219-172913
bizstory_push: ** 20140219-173038
bizstory_push: ** 20140219-173227
bizstory_push: ** 20140219-173326
bizstory_push: ** 20140219-173516
bizstory_push: ** 20140219-173608
bizstory_push: ** 20140219-173735
bizstory_push: ** 20140219-174854
bizstory_push: sender=bizstorycokr@gmail.com, comp_idx=59, part_idx=110, mem_idx=383, receiver=phw1579@naver.com, msg_type=receipt, message=[상주초등학교] 교무실 5  / m..
bizstory_push: sql = select * from push_member where push_id = 'phw1579@naver.com' and del_yn = 'N'
bizstory_push: 등록되지 않은 사용자
bizstory_push: sql = insert into push_history (send_key, comp_idx, part_idx, mem_idx, receiver_id, receiver_name, service_type, msg_type, message, state, state_comment, request_time) values ( '20140219174854224668', 59, 110, 383, 'phw1579@naver.com', '', 'ios', 'receipt', '[상주초등학교] 교무실 5  / m..', '0', '등록되지 않은 사용자', now())
bizstory_push: ** 20140219-195025
bizstory_push: sender=bizstorycokr@gmail.com, comp_idx=13, part_idx=17, mem_idx=132, receiver=acp3748@greatworks.co.kr, msg_type=receipt, message=[접수] [창원남산고등학교] 노트북 업그레이드
bizstory_push: sql = select * from push_member where push_id = 'acp3748@greatworks.co.kr' and del_yn = 'N'
bizstory_push: [acp3748@greatworks.co.kr] push_device_type = A, message = Y, receipt = Y, work = Y, notice = Y, consult = 
bizstory_push: sql = insert into push_history (send_key, comp_idx, part_idx, mem_idx, receiver_id, push_device_type, push_registration_id, receiver_name, service_type, msg_type, message, state, state_comment, request_time) values ( '20140219195025354888', 13, 17, 132, 'acp3748@greatworks.co.kr', 'A', 'APA91bFsP5_e0qv131gG_xdjgNaNlEuzear58Wn6ET4WKqDQVIpmpXG_vfgRPOp_3TNpI-nFv26PXofatq5mUvbp5E4i36ndYx9I_CUn1Y7dyeTiXbntvZUWtu6NOmuBGoSK24wT337LSwMpVIG5aIalEfEXebHY2p5HFGo3pfMTsH5KShFDL-M', '송대훈', 'ios', 'receipt', '[접수] [창원남산고등학교] 노트북 업그레이드', '9', '', now())
bizstory_push: ** 20140219-195025
bizstory_push: ** 20140219-205700
bizstory_push: sender=bizstorycokr@gmail.com, comp_idx=1, part_idx=1, mem_idx=2, receiver=arachi76@naver.com, msg_type=work, message=[업무보고] 전주비전대학교 본교사이트
bizstory_push: sql = select * from push_member where push_id = 'arachi76@naver.com' and del_yn = 'N'
bizstory_push: [arachi76@naver.com] push_device_type = I, message = Y, receipt = Y, work = Y, notice = Y, consult = 
bizstory_push: sql = insert into push_history (send_key, comp_idx, part_idx, mem_idx, receiver_id, push_device_type, push_registration_id, receiver_name, service_type, msg_type, message, state, state_comment, request_time) values ( '20140219205700135038', 1, 1, 2, 'arachi76@naver.com', 'I', '4ac171c71134ac868a9ce0fc22b36a015dee461bf045a22792beff7d6246e27f', '서경원', 'ios', 'work', '[업무보고] 전주비전대학교 본교사이트', '9', '', now())
bizstory_push: sender=bizstorycokr@gmail.com, comp_idx=1, part_idx=1, mem_idx=7, receiver=yukki76@nate.com, msg_type=work, message=[업무보고] 전주비전대학교 본교사이트
bizstory_push: sql = select * from push_member where push_id = 'yukki76@nate.com' and del_yn = 'N'
bizstory_push: [yukki76@nate.com] push_device_type = I, message = Y, receipt = Y, work = Y, notice = Y, consult = N
bizstory_push: sql = insert into push_history (send_key, comp_idx, part_idx, mem_idx, receiver_id, push_device_type, push_registration_id, receiver_name, service_type, msg_type, message, state, state_comment, request_time) values ( '20140219205700896139', 1, 1, 7, 'yukki76@nate.com', 'I', 'f7baf1ed812b2a6ce562a2c25b778dfc4eccf5eb9ec205eacecc533f2144c6b7', '김경화', 'ios', 'work', '[업무보고] 전주비전대학교 본교사이트', '9', '', now())
bizstory_push: sender=bizstorycokr@gmail.com, comp_idx=1, part_idx=1, mem_idx=529, receiver=berbucks@nate.com, msg_type=work, message=[업무보고] 전주비전대학교 본교사이트
bizstory_push: sql = select * from push_member where push_id = 'berbucks@nate.com' and del_yn = 'N'
bizstory_push: [berbucks@nate.com] push_device_type = I, message = Y, receipt = Y, work = Y, notice = Y, consult = 
bizstory_push: sql = insert into push_history (send_key, comp_idx, part_idx, mem_idx, receiver_id, push_device_type, push_registration_id, receiver_name, service_type, msg_type, message, state, state_comment, request_time) values ( '20140219205700111868', 1, 1, 529, 'berbucks@nate.com', 'I', '1efced7c9fbbd2e0cf09aea0abd1eefd00f7e97437531354b77529a62902ae49', '김진오', 'ios', 'work', '[업무보고] 전주비전대학교 본교사이트', '9', '', now())
bizstory_push: sender=bizstorycokr@gmail.com, comp_idx=0, part_idx=0, mem_idx=0, receiver=, msg_type=work, message=[업무보고] 전주비전대학교 본교사이트
bizstory_push: sql = select * from push_member where push_id = '' and del_yn = 'N'
bizstory_push: 등록되지 않은 사용자
bizstory_push: sql = insert into push_history (send_key, comp_idx, part_idx, mem_idx, receiver_id, receiver_name, service_type, msg_type, message, state, state_comment, request_time) values ( '20140219205700862432', 0, 0, 0, '', '', 'ios', 'work', '[업무보고] 전주비전대학교 본교사이트', '0', '등록되지 않은 사용자', now())
