
bizstory_push: ** 20120927-011004
bizstory_push: sender=bizstorycokr@gmail.com, comp_idx=1, part_idx=1, mem_idx=15, receiver=naryong82@nate.com, msg_type=message, message=[쪽지] 추가내용
bizstory_push: sql = select * from push_member where push_id = 'naryong82@nate.com' and del_yn = 'N'
bizstory_push: [naryong82@nate.com] push_device_type = I, message = Y, receipt = Y, work = Y, notice = Y
bizstory_push: APNS PUSH
bizstory_push: [naryong82@nate.com] push_device_type = I, message = Y, receipt = Y, work = Y, notice = Y
bizstory_push: APNS PUSH
bizstory_push: [naryong82@nate.com] push_device_type = I, message = Y, receipt = Y, work = Y, notice = Y
bizstory_push: APNS PUSH
bizstory_push: [naryong82@nate.com] push_device_type = I, message = Y, receipt = Y, work = Y, notice = Y
bizstory_push: APNS PUSH

bizstory_push: ** 20120927-024915
bizstory_push: sender=bizstorycokr@gmail.com, comp_idx=1, part_idx=11, mem_idx=2, receiver=arachi76@naver.com, msg_type=work, message=[업무보고] 뷰스토리 관련 모든업무는 이곳에서 공..
bizstory_push: sql = select * from push_member where push_id = 'arachi76@naver.com' and del_yn = 'N'
bizstory_push: [arachi76@naver.com] push_device_type = I, message = Y, receipt = Y, work = Y, notice = Y
bizstory_push: APNS PUSH
bizstory_push: [arachi76@naver.com] push_device_type = I, message = Y, receipt = Y, work = Y, notice = Y
bizstory_push: APNS PUSH
bizstory_push: [arachi76@naver.com] push_device_type = I, message = Y, receipt = Y, work = Y, notice = Y
bizstory_push: APNS PUSH
bizstory_push: [arachi76@naver.com] push_device_type = I, message = Y, receipt = Y, work = Y, notice = Y
bizstory_push: APNS PUSH
bizstory_push: [arachi76@naver.com] push_device_type = I, message = Y, receipt = Y, work = Y, notice = Y
bizstory_push: APNS PUSH
bizstory_push: [arachi76@naver.com] push_device_type = I, message = Y, receipt = Y, work = Y, notice = Y
bizstory_push: APNS PUSH
bizstory_push: sender=bizstorycokr@gmail.com, comp_idx=1, part_idx=11, mem_idx=2, receiver=, msg_type=work, message=[업무보고] 뷰스토리 관련 모든업무는 이곳에서 공..
bizstory_push: sql = select * from push_member where push_id = '' and del_yn = 'N'
bizstory_push: 등록되지 않은 사용자
bizstory_push: sql = insert into push_history (send_key, comp_idx, part_idx, mem_idx, receiver_id, receiver_name, service_type, msg_type, message, state, state_comment, request_time) values ( '20120927024922869041', 1, 11, 2, '', '', 'ios', 'work', '[업무보고] 뷰스토리 관련 모든업무는 이곳에서 공..', '0', '등록되지 않은 사용자', now())
bizstory_push: sender=bizstorycokr@gmail.com, comp_idx=1, part_idx=11, mem_idx=2, receiver=yukki76@nate.com, msg_type=work, message=[업무보고] 뷰스토리 관련 모든업무는 이곳에서 공..
bizstory_push: sql = select * from push_member where push_id = 'yukki76@nate.com' and del_yn = 'N'
bizstory_push: [yukki76@nate.com] push_device_type = I, message = Y, receipt = Y, work = Y, notice = Y
bizstory_push: APNS PUSH
bizstory_push: [yukki76@nate.com] push_device_type = I, message = Y, receipt = Y, work = Y, notice = Y
bizstory_push: APNS PUSH
bizstory_push: [yukki76@nate.com] push_device_type = I, message = Y, receipt = Y, work = Y, notice = Y
bizstory_push: APNS PUSH
bizstory_push: sender=bizstorycokr@gmail.com, comp_idx=1, part_idx=11, mem_idx=2, receiver=hidesb@naver.com, msg_type=work, message=[업무보고] 뷰스토리 관련 모든업무는 이곳에서 공..
bizstory_push: sql = select * from push_member where push_id = 'hidesb@naver.com' and del_yn = 'N'
bizstory_push: [hidesb@naver.com] push_device_type = I, message = Y, receipt = Y, work = Y, notice = Y
bizstory_push: APNS PUSH
bizstory_push: [hidesb@naver.com] push_device_type = I, message = Y, receipt = Y, work = Y, notice = Y
bizstory_push: APNS PUSH
bizstory_push: sender=bizstorycokr@gmail.com, comp_idx=1, part_idx=11, mem_idx=2, receiver=i2day@naver.com, msg_type=work, message=[업무보고] 뷰스토리 관련 모든업무는 이곳에서 공..
bizstory_push: sql = select * from push_member where push_id = 'i2day@naver.com' and del_yn = 'N'
bizstory_push: [i2day@naver.com] push_device_type = A, message = Y, receipt = Y, work = Y, notice = Y
bizstory_push: [i2day@naver.com] push_device_type = I, message = Y, receipt = Y, work = Y, notice = Y
bizstory_push: APNS PUSH
bizstory_push: sender=bizstorycokr@gmail.com, comp_idx=1, part_idx=11, mem_idx=2, receiver=naryong82@nate.com, msg_type=work, message=[업무보고] 뷰스토리 관련 모든업무는 이곳에서 공..
bizstory_push: sql = select * from push_member where push_id = 'naryong82@nate.com' and del_yn = 'N'
bizstory_push: [naryong82@nate.com] push_device_type = I, message = Y, receipt = Y, work = Y, notice = Y
bizstory_push: APNS PUSH
bizstory_push: [naryong82@nate.com] push_device_type = I, message = Y, receipt = Y, work = Y, notice = Y
bizstory_push: APNS PUSH
bizstory_push: [naryong82@nate.com] push_device_type = I, message = Y, receipt = Y, work = Y, notice = Y
bizstory_push: APNS PUSH
bizstory_push: [naryong82@nate.com] push_device_type = I, message = Y, receipt = Y, work = Y, notice = Y
bizstory_push: APNS PUSH
bizstory_push: sender=bizstorycokr@gmail.com, comp_idx=1, part_idx=11, mem_idx=2, receiver=ahnwhan76@naver.com, msg_type=work, message=[업무보고] 뷰스토리 관련 모든업무는 이곳에서 공..
bizstory_push: sql = select * from push_member where push_id = 'ahnwhan76@naver.com' and del_yn = 'N'
bizstory_push: [ahnwhan76@naver.com] push_device_type = A, message = Y, receipt = Y, work = Y, notice = Y
bizstory_push: [ahnwhan76@naver.com] push_device_type = I, message = Y, receipt = Y, work = Y, notice = Y
bizstory_push: APNS PUSH
bizstory_push: [ahnwhan76@naver.com] push_device_type = I, message = Y, receipt = Y, work = Y, notice = Y
bizstory_push: APNS PUSH
bizstory_push: [ahnwhan76@naver.com] push_device_type = I, message = Y, receipt = Y, work = Y, notice = Y
bizstory_push: APNS PUSH

bizstory_push: ** 20120927-070635
bizstory_push: sender=bizstorycokr@gmail.com, comp_idx=13, part_idx=17, mem_idx=90, receiver=acuana2@naver.com, msg_type=receipt, message=[창원남산고등학교] 부팅 후 TODO에..
bizstory_push: sql = select * from push_member where push_id = 'acuana2@naver.com' and del_yn = 'N'
bizstory_push: [acuana2@naver.com] push_device_type = I, message = Y, receipt = Y, work = Y, notice = N
bizstory_push: APNS PUSH
bizstory_push: [acuana2@naver.com] push_device_type = I, message = Y, receipt = Y, work = Y, notice = N
bizstory_push: APNS PUSH

bizstory_push: ** 20120927-075041
bizstory_push: sender=bizstorycokr@gmail.com, comp_idx=13, part_idx=17, mem_idx=90, receiver=acuana2@naver.com, msg_type=receipt, message=[창원남산고등학교] 컴퓨터 포맷
bizstory_push: sql = select * from push_member where push_id = 'acuana2@naver.com' and del_yn = 'N'
bizstory_push: [acuana2@naver.com] push_device_type = I, message = Y, receipt = Y, work = Y, notice = N
bizstory_push: APNS PUSH
bizstory_push: [acuana2@naver.com] push_device_type = I, message = Y, receipt = Y, work = Y, notice = N
bizstory_push: APNS PUSH

bizstory_push: ** 20120927-082021
bizstory_push: sender=bizstorycokr@gmail.com, comp_idx=5, part_idx=5, mem_idx=45, receiver=west4185@naver.com, msg_type=receipt, message=[경북외국어고등학교] 프린터 토너 신청합..
bizstory_push: sql = select * from push_member where push_id = 'west4185@naver.com' and del_yn = 'N'
bizstory_push: [west4185@naver.com] push_device_type = I, message = Y, receipt = Y, work = Y, notice = Y
bizstory_push: APNS PUSH

bizstory_push: ** 20120927-082537
bizstory_push: sender=bizstorycokr@gmail.com, comp_idx=5, part_idx=5, mem_idx=60, receiver=cndgh0506@naver.com, msg_type=receipt, message=[사곡초등학교] 과학준비실 PC 포..
bizstory_push: sql = select * from push_member where push_id = 'cndgh0506@naver.com' and del_yn = 'N'
bizstory_push: [cndgh0506@naver.com] push_device_type = I, message = Y, receipt = Y, work = Y, notice = Y
bizstory_push: APNS PUSH

bizstory_push: ** 20120927-083501
bizstory_push: sender=bizstorycokr@gmail.com, comp_idx=4, part_idx=4, mem_idx=25, receiver=ljy@naver.com, msg_type=receipt, message=[화성중학교] 2학년 3반 RGB..
bizstory_push: sql = select * from push_member where push_id = 'ljy@naver.com' and del_yn = 'N'
bizstory_push: [ljy@naver.com] push_device_type = A, message = Y, receipt = Y, work = Y, notice = Y

bizstory_push: ** 20120927-083530
bizstory_push: sender=bizstorycokr@gmail.com, comp_idx=13, part_idx=17, mem_idx=132, receiver=acp3748@greatworks.co.kr, msg_type=receipt, message=[창원토월고등학교] 2-1반 TV와 노..
bizstory_push: sql = select * from push_member where push_id = 'acp3748@greatworks.co.kr' and del_yn = 'N'
bizstory_push: [acp3748@greatworks.co.kr] push_device_type = A, message = Y, receipt = Y, work = Y, notice = Y

bizstory_push: ** 20120927-083952
bizstory_push: sender=bizstorycokr@gmail.com, comp_idx=37, part_idx=51, mem_idx=271, receiver=banana0102@nate.com, msg_type=receipt, message=[가정고등학교] 김재행 교무부장님
bizstory_push: sql = select * from push_member where push_id = 'banana0102@nate.com' and del_yn = 'N'
bizstory_push: [banana0102@nate.com] push_device_type = A, message = Y, receipt = Y, work = Y, notice = Y

bizstory_push: ** 20120927-084345
bizstory_push: sender=bizstorycokr@gmail.com, comp_idx=37, part_idx=51, mem_idx=271, receiver=banana0102@nate.com, msg_type=receipt, message=[가정고등학교] 장문석 선생님
bizstory_push: sql = select * from push_member where push_id = 'banana0102@nate.com' and del_yn = 'N'
bizstory_push: [banana0102@nate.com] push_device_type = A, message = Y, receipt = Y, work = Y, notice = Y

bizstory_push: ** 20120927-084405
bizstory_push: sender=bizstorycokr@gmail.com, comp_idx=5, part_idx=5, mem_idx=81, receiver=chamanbok12@hanmail.net, msg_type=work, message=[업무] 왕산초 BR-7336 코팅기 납품
bizstory_push: sql = select * from push_member where push_id = 'chamanbok12@hanmail.net' and del_yn = 'N'
bizstory_push: [chamanbok12@hanmail.net] push_device_type = A, message = Y, receipt = Y, work = Y, notice = Y

bizstory_push: ** 20120927-084438
bizstory_push: sender=bizstorycokr@gmail.com, comp_idx=13, part_idx=17, mem_idx=90, receiver=acuana2@naver.com, msg_type=receipt, message=[창원남산고등학교] 컴퓨터 화면에 세로..
bizstory_push: sql = select * from push_member where push_id = 'acuana2@naver.com' and del_yn = 'N'
bizstory_push: [acuana2@naver.com] push_device_type = I, message = Y, receipt = Y, work = Y, notice = N
bizstory_push: APNS PUSH
bizstory_push: [acuana2@naver.com] push_device_type = I, message = Y, receipt = Y, work = Y, notice = N
bizstory_push: APNS PUSH

bizstory_push: ** 20120927-084441
bizstory_push: sender=bizstorycokr@gmail.com, comp_idx=5, part_idx=5, mem_idx=140, receiver=kty5458@hanmail.net, msg_type=work, message=[업무] 봉곡초 PC 설치
bizstory_push: sql = select * from push_member where push_id = 'kty5458@hanmail.net' and del_yn = 'N'
bizstory_push: [kty5458@hanmail.net] push_device_type = A, message = Y, receipt = Y, work = Y, notice = Y
bizstory_push: sender=bizstorycokr@gmail.com, comp_idx=5, part_idx=5, mem_idx=82, receiver=gongyong129@naver.com, msg_type=work, message=[업무] 봉곡초 PC 설치
bizstory_push: sql = select * from push_member where push_id = 'gongyong129@naver.com' and del_yn = 'N'
bizstory_push: [gongyong129@naver.com] push_device_type = A, message = Y, receipt = Y, work = Y, notice = Y

bizstory_push: ** 20120927-084924
bizstory_push: sender=bizstorycokr@gmail.com, comp_idx=37, part_idx=51, mem_idx=271, receiver=banana0102@nate.com, msg_type=receipt, message=[가정고등학교] 본교무실 박민아 선..
bizstory_push: sql = select * from push_member where push_id = 'banana0102@nate.com' and del_yn = 'N'
bizstory_push: [banana0102@nate.com] push_device_type = A, message = Y, receipt = Y, work = Y, notice = Y

bizstory_push: ** 20120927-085045
bizstory_push: sender=bizstorycokr@gmail.com, comp_idx=37, part_idx=51, mem_idx=271, receiver=banana0102@nate.com, msg_type=receipt, message=[가정고등학교] 1학년부 프린터
bizstory_push: sql = select * from push_member where push_id = 'banana0102@nate.com' and del_yn = 'N'
bizstory_push: [banana0102@nate.com] push_device_type = A, message = Y, receipt = Y, work = Y, notice = Y

bizstory_push: ** 20120927-085148
bizstory_push: sender=bizstorycokr@gmail.com, comp_idx=4, part_idx=4, mem_idx=28, receiver=saladini@nate.com, msg_type=receipt, message=[기안중학교] 어제 어학실건
bizstory_push: sql = select * from push_member where push_id = 'saladini@nate.com' and del_yn = 'N'
bizstory_push: [saladini@nate.com] push_device_type = A, message = Y, receipt = Y, work = Y, notice = Y

bizstory_push: ** 20120927-085155
bizstory_push: sender=bizstorycokr@gmail.com, comp_idx=5, part_idx=5, mem_idx=83, receiver=cpui7@daum.net, msg_type=work, message=[업무] 북삼고 행정실 IR801K 토너 납품
bizstory_push: sql = select * from push_member where push_id = 'cpui7@daum.net' and del_yn = 'N'
bizstory_push: [cpui7@daum.net] push_device_type = A, message = Y, receipt = Y, work = Y, notice = Y

bizstory_push: ** 20120927-085222
bizstory_push: sender=bizstorycokr@gmail.com, comp_idx=5, part_idx=5, mem_idx=81, receiver=chamanbok12@hanmail.net, msg_type=work, message=[업무] 신기초 영양사실 HP1020 토너 납..
bizstory_push: sql = select * from push_member where push_id = 'chamanbok12@hanmail.net' and del_yn = 'N'
bizstory_push: [chamanbok12@hanmail.net] push_device_type = A, message = Y, receipt = Y, work = Y, notice = Y

bizstory_push: ** 20120927-085303
bizstory_push: sender=bizstorycokr@gmail.com, comp_idx=5, part_idx=5, mem_idx=60, receiver=cndgh0506@naver.com, msg_type=work, message=[업무] 정수초 PC 7대 모니터 설치
bizstory_push: sql = select * from push_member where push_id = 'cndgh0506@naver.com' and del_yn = 'N'
bizstory_push: [cndgh0506@naver.com] push_device_type = I, message = Y, receipt = Y, work = Y, notice = Y
bizstory_push: APNS PUSH

bizstory_push: ** 20120927-085311
bizstory_push: sender=bizstorycokr@gmail.com, comp_idx=1, part_idx=11, mem_idx=125, receiver=4004jini@naver.com, msg_type=receipt, message=[동작상도국주도서관] 디지털자료실예약시스..
bizstory_push: sql = select * from push_member where push_id = '4004jini@naver.com' and del_yn = 'N'
bizstory_push: [4004jini@naver.com] push_device_type = A, message = Y, receipt = Y, work = Y, notice = Y
bizstory_push: [4004jini@naver.com] push_device_type = A, message = Y, receipt = Y, work = Y, notice = Y

bizstory_push: ** 20120927-085356
bizstory_push: sender=bizstorycokr@gmail.com, comp_idx=5, part_idx=5, mem_idx=140, receiver=kty5458@hanmail.net, msg_type=work, message=[업무] 사곡초 프로젝터 거치대, 6-4반 E..
bizstory_push: sql = select * from push_member where push_id = 'kty5458@hanmail.net' and del_yn = 'N'
bizstory_push: [kty5458@hanmail.net] push_device_type = A, message = Y, receipt = Y, work = Y, notice = Y

bizstory_push: ** 20120927-085421
bizstory_push: sender=bizstorycokr@gmail.com, comp_idx=7, part_idx=8, mem_idx=42, receiver=alsl2468@nate.com, msg_type=receipt, message=[안양여상고] 본체와 화면
bizstory_push: sql = select * from push_member where push_id = 'alsl2468@nate.com' and del_yn = 'N'
bizstory_push: 등록되지 않은 사용자
bizstory_push: sql = insert into push_history (send_key, comp_idx, part_idx, mem_idx, receiver_id, receiver_name, service_type, msg_type, message, state, state_comment, request_time) values ( '20120927085421618036', 7, 8, 42, 'alsl2468@nate.com', '', 'ios', 'receipt', '[안양여상고] 본체와 화면', '0', '등록되지 않은 사용자', now())

bizstory_push: ** 20120927-085427
bizstory_push: sender=bizstorycokr@gmail.com, comp_idx=37, part_idx=51, mem_idx=271, receiver=banana0102@nate.com, msg_type=receipt, message=[가정고등학교] 1학년부 김민정 선..
bizstory_push: sql = select * from push_member where push_id = 'banana0102@nate.com' and del_yn = 'N'
bizstory_push: [banana0102@nate.com] push_device_type = A, message = Y, receipt = Y, work = Y, notice = Y

bizstory_push: ** 20120927-085433
bizstory_push: sender=bizstorycokr@gmail.com, comp_idx=32, part_idx=39, mem_idx=178, receiver=mindcafe@miraensys.com, msg_type=receipt, message=[가좌고등학교] 노트북 화면 상태가..
bizstory_push: sql = select * from push_member where push_id = 'mindcafe@miraensys.com' and del_yn = 'N'
bizstory_push: [mindcafe@miraensys.com] push_device_type = A, message = Y, receipt = Y, work = Y, notice = Y

bizstory_push: ** 20120927-085845
bizstory_push: sender=bizstorycokr@gmail.com, comp_idx=5, part_idx=5, mem_idx=45, receiver=west4185@naver.com, msg_type=receipt, message=[경북외국어고등학교] 프린터 토너 신청합..
bizstory_push: sql = select * from push_member where push_id = 'west4185@naver.com' and del_yn = 'N'
bizstory_push: [west4185@naver.com] push_device_type = I, message = Y, receipt = Y, work = Y, notice = Y
bizstory_push: APNS PUSH

bizstory_push: ** 20120927-085904
bizstory_push: sender=bizstorycokr@gmail.com, comp_idx=5, part_idx=5, mem_idx=60, receiver=cndgh0506@naver.com, msg_type=receipt, message=[사곡초등학교] 과학준비실 PC 포..
bizstory_push: sql = select * from push_member where push_id = 'cndgh0506@naver.com' and del_yn = 'N'
bizstory_push: [cndgh0506@naver.com] push_device_type = I, message = Y, receipt = Y, work = Y, notice = Y
bizstory_push: APNS PUSH

bizstory_push: ** 20120927-090518
bizstory_push: sender=bizstorycokr@gmail.com, comp_idx=7, part_idx=8, mem_idx=42, receiver=alsl2468@nate.com, msg_type=receipt, message=[산본중학교] 1학년 1반 벽면 ..
bizstory_push: sql = select * from push_member where push_id = 'alsl2468@nate.com' and del_yn = 'N'
bizstory_push: 등록되지 않은 사용자
bizstory_push: sql = insert into push_history (send_key, comp_idx, part_idx, mem_idx, receiver_id, receiver_name, service_type, msg_type, message, state, state_comment, request_time) values ( '20120927090518486120', 7, 8, 42, 'alsl2468@nate.com', '', 'ios', 'receipt', '[산본중학교] 1학년 1반 벽면 ..', '0', '등록되지 않은 사용자', now())

bizstory_push: ** 20120927-090733
bizstory_push: sender=bizstorycokr@gmail.com, comp_idx=7, part_idx=8, mem_idx=42, receiver=alsl2468@nate.com, msg_type=receipt, message=[산본중학교] 시설관리실-바이러스..
bizstory_push: sql = select * from push_member where push_id = 'alsl2468@nate.com' and del_yn = 'N'
bizstory_push: 등록되지 않은 사용자
bizstory_push: sql = insert into push_history (send_key, comp_idx, part_idx, mem_idx, receiver_id, receiver_name, service_type, msg_type, message, state, state_comment, request_time) values ( '20120927090733667314', 7, 8, 42, 'alsl2468@nate.com', '', 'ios', 'receipt', '[산본중학교] 시설관리실-바이러스..', '0', '등록되지 않은 사용자', now())

bizstory_push: ** 20120927-090924
bizstory_push: sender=bizstorycokr@gmail.com, comp_idx=5, part_idx=5, mem_idx=140, receiver=kty5458@hanmail.net, msg_type=work, message=[업무] 경찰서 교통조사계 유민아 프린터a/s
bizstory_push: sql = select * from push_member where push_id = 'kty5458@hanmail.net' and del_yn = 'N'
bizstory_push: [kty5458@hanmail.net] push_device_type = A, message = Y, receipt = Y, work = Y, notice = Y

bizstory_push: ** 20120927-091143
bizstory_push: sender=bizstorycokr@gmail.com, comp_idx=40, part_idx=54, mem_idx=241, receiver=memilmook@nate.com, msg_type=receipt, message=[초등 압해동초등학교] 행정실 헤드셋 납품
bizstory_push: sql = select * from push_member where push_id = 'memilmook@nate.com' and del_yn = 'N'
bizstory_push: [memilmook@nate.com] push_device_type = A, message = Y, receipt = Y, work = Y, notice = Y

bizstory_push: ** 20120927-091209
bizstory_push: sender=bizstorycokr@gmail.com, comp_idx=4, part_idx=4, mem_idx=25, receiver=ljy@naver.com, msg_type=receipt, message=[상촌중학교] 컴퓨터실 인터넷에 ..
bizstory_push: sql = select * from push_member where push_id = 'ljy@naver.com' and del_yn = 'N'
bizstory_push: [ljy@naver.com] push_device_type = A, message = Y, receipt = Y, work = Y, notice = Y

bizstory_push: ** 20120927-091218
bizstory_push: sender=bizstorycokr@gmail.com, comp_idx=40, part_idx=54, mem_idx=241, receiver=memilmook@nate.com, msg_type=receipt, message=[초등 압해동초등학교] 행정실 헤드셋 -3..
bizstory_push: sql = select * from push_member where push_id = 'memilmook@nate.com' and del_yn = 'N'
bizstory_push: [memilmook@nate.com] push_device_type = A, message = Y, receipt = Y, work = Y, notice = Y

bizstory_push: ** 20120927-091242
bizstory_push: sender=bizstorycokr@gmail.com, comp_idx=27, part_idx=33, mem_idx=154, receiver=cyberfos@incomsn.com, msg_type=receipt, message=[과천초등학교] 로그인이나 클릭 시..
bizstory_push: sql = select * from push_member where push_id = 'cyberfos@incomsn.com' and del_yn = 'N'
bizstory_push: [cyberfos@incomsn.com] push_device_type = A, message = Y, receipt = Y, work = Y, notice = Y

bizstory_push: ** 20120927-091321
bizstory_push: sender=bizstorycokr@gmail.com, comp_idx=1, part_idx=11, mem_idx=136, receiver=jhsong21@dasol21.net, msg_type=receipt, message=[가수원도서관] 이용자 로그인이 안..
bizstory_push: sql = select * from push_member where push_id = 'jhsong21@dasol21.net' and del_yn = 'N'
bizstory_push: 등록되지 않은 사용자
bizstory_push: sql = insert into push_history (send_key, comp_idx, part_idx, mem_idx, receiver_id, receiver_name, service_type, msg_type, message, state, state_comment, request_time) values ( '20120927091321138842', 1, 11, 136, 'jhsong21@dasol21.net', '', 'ios', 'receipt', '[가수원도서관] 이용자 로그인이 안..', '0', '등록되지 않은 사용자', now())

bizstory_push: ** 20120927-091442
bizstory_push: sender=bizstorycokr@gmail.com, comp_idx=40, part_idx=54, mem_idx=241, receiver=memilmook@nate.com, msg_type=receipt, message=[기타 공공도서관] 관리실 -- 케이블..
bizstory_push: sql = select * from push_member where push_id = 'memilmook@nate.com' and del_yn = 'N'
bizstory_push: [memilmook@nate.com] push_device_type = A, message = Y, receipt = Y, work = Y, notice = Y

bizstory_push: ** 20120927-091555
bizstory_push: sender=bizstorycokr@gmail.com, comp_idx=40, part_idx=54, mem_idx=241, receiver=memilmook@nate.com, msg_type=receipt, message=[기타 공공도서관] 관리실 -- 케이블..
bizstory_push: sql = select * from push_member where push_id = 'memilmook@nate.com' and del_yn = 'N'
bizstory_push: [memilmook@nate.com] push_device_type = A, message = Y, receipt = Y, work = Y, notice = Y

bizstory_push: ** 20120927-091716
bizstory_push: sender=bizstorycokr@gmail.com, comp_idx=40, part_idx=54, mem_idx=242, receiver=tassman1@daum.net, msg_type=receipt, message=[중등 제일중학교] 행정실 -프린트 잉..
bizstory_push: sql = select * from push_member where push_id = 'tassman1@daum.net' and del_yn = 'N'
bizstory_push: [tassman1@daum.net] push_device_type = A, message = Y, receipt = Y, work = Y, notice = Y

bizstory_push: ** 20120927-091942
bizstory_push: sender=bizstorycokr@gmail.com, comp_idx=40, part_idx=54, mem_idx=242, receiver=tassman1@daum.net, msg_type=receipt, message=[고등 제일여자고등학교] 학생부 PC 출고
bizstory_push: sql = select * from push_member where push_id = 'tassman1@daum.net' and del_yn = 'N'
bizstory_push: [tassman1@daum.net] push_device_type = A, message = Y, receipt = Y, work = Y, notice = Y

bizstory_push: ** 20120927-092000
bizstory_push: sender=bizstorycokr@gmail.com, comp_idx=40, part_idx=54, mem_idx=242, receiver=tassman1@daum.net, msg_type=receipt, message=[고등 제일여자고등학교] 학생부 PC 출고
bizstory_push: sql = select * from push_member where push_id = 'tassman1@daum.net' and del_yn = 'N'
bizstory_push: [tassman1@daum.net] push_device_type = A, message = Y, receipt = Y, work = Y, notice = Y

bizstory_push: ** 20120927-092117
bizstory_push: sender=bizstorycokr@gmail.com, comp_idx=40, part_idx=54, mem_idx=241, receiver=memilmook@nate.com, msg_type=receipt, message=[고등 공업고등학교] 행정실--서류
bizstory_push: sql = select * from push_member where push_id = 'memilmook@nate.com' and del_yn = 'N'
bizstory_push: [memilmook@nate.com] push_device_type = A, message = Y, receipt = Y, work = Y, notice = Y

bizstory_push: ** 20120927-092140
bizstory_push: sender=bizstorycokr@gmail.com, comp_idx=40, part_idx=54, mem_idx=241, receiver=memilmook@nate.com, msg_type=receipt, message=[고등 공업고등학교] 행정실--서류(네트..
bizstory_push: sql = select * from push_member where push_id = 'memilmook@nate.com' and del_yn = 'N'
bizstory_push: [memilmook@nate.com] push_device_type = A, message = Y, receipt = Y, work = Y, notice = Y

bizstory_push: ** 20120927-092249
bizstory_push: sender=bizstorycokr@gmail.com, comp_idx=40, part_idx=54, mem_idx=241, receiver=memilmook@nate.com, msg_type=receipt, message=[기타 목포교육지원청] 목포교육청  PC ..
bizstory_push: sql = select * from push_member where push_id = 'memilmook@nate.com' and del_yn = 'N'
bizstory_push: [memilmook@nate.com] push_device_type = A, message = Y, receipt = Y, work = Y, notice = Y

bizstory_push: ** 20120927-092401
bizstory_push: sender=bizstorycokr@gmail.com, comp_idx=40, part_idx=54, mem_idx=241, receiver=memilmook@nate.com, msg_type=receipt, message=[기타 목포교육지원청] 심진호 장학사 -프..
bizstory_push: sql = select * from push_member where push_id = 'memilmook@nate.com' and del_yn = 'N'
bizstory_push: [memilmook@nate.com] push_device_type = A, message = Y, receipt = Y, work = Y, notice = Y

bizstory_push: ** 20120927-092755
bizstory_push: sender=bizstorycokr@gmail.com, comp_idx=5, part_idx=5, mem_idx=83, receiver=cpui7@daum.net, msg_type=work, message=[업무] 북삼고본체 20대 모니터 20대 사무..
bizstory_push: sql = select * from push_member where push_id = 'cpui7@daum.net' and del_yn = 'N'
bizstory_push: [cpui7@daum.net] push_device_type = A, message = Y, receipt = Y, work = Y, notice = Y

bizstory_push: ** 20120927-092834
bizstory_push: sender=bizstorycokr@gmail.com, comp_idx=5, part_idx=5, mem_idx=45, receiver=west4185@naver.com, msg_type=work, message=[업무] 경북외고 본체1대 모니터 9대 사무실..
bizstory_push: sql = select * from push_member where push_id = 'west4185@naver.com' and del_yn = 'N'
bizstory_push: [west4185@naver.com] push_device_type = I, message = Y, receipt = Y, work = Y, notice = Y
bizstory_push: APNS PUSH

bizstory_push: ** 20120927-092857
bizstory_push: sender=bizstorycokr@gmail.com, comp_idx=5, part_idx=5, mem_idx=83, receiver=cpui7@daum.net, msg_type=receipt, message=[경구고등학교] 오늘 방문시 부탁.
bizstory_push: sql = select * from push_member where push_id = 'cpui7@daum.net' and del_yn = 'N'
bizstory_push: [cpui7@daum.net] push_device_type = A, message = Y, receipt = Y, work = Y, notice = Y

bizstory_push: ** 20120927-092917
bizstory_push: sender=bizstorycokr@gmail.com, comp_idx=5, part_idx=5, mem_idx=82, receiver=gongyong129@naver.com, msg_type=work, message=[업무] 이티샘 복사용지 3BOX 납품
bizstory_push: sql = select * from push_member where push_id = 'gongyong129@naver.com' and del_yn = 'N'
bizstory_push: [gongyong129@naver.com] push_device_type = A, message = Y, receipt = Y, work = Y, notice = Y

bizstory_push: ** 20120927-093045
bizstory_push: sender=bizstorycokr@gmail.com, comp_idx=40, part_idx=54, mem_idx=241, receiver=memilmook@nate.com, msg_type=message, message=[쪽지] 재무과 -노동선-- PC 인터넷 안됨..
bizstory_push: sql = select * from push_member where push_id = 'memilmook@nate.com' and del_yn = 'N'
bizstory_push: [memilmook@nate.com] push_device_type = A, message = Y, receipt = Y, work = Y, notice = Y

bizstory_push: ** 20120927-093047
bizstory_push: sender=bizstorycokr@gmail.com, comp_idx=40, part_idx=54, mem_idx=242, receiver=tassman1@daum.net, msg_type=message, message=[쪽지] 재무과 -노동선-- PC 인터넷 안됨..
bizstory_push: sql = select * from push_member where push_id = 'tassman1@daum.net' and del_yn = 'N'
bizstory_push: [tassman1@daum.net] push_device_type = A, message = Y, receipt = Y, work = Y, notice = Y

bizstory_push: ** 20120927-093143
bizstory_push: sender=bizstorycokr@gmail.com, comp_idx=5, part_idx=5, mem_idx=83, receiver=cpui7@daum.net, msg_type=receipt, message=[경구고등학교] 오늘 방문시 부탁.
bizstory_push: sql = select * from push_member where push_id = 'cpui7@daum.net' and del_yn = 'N'
bizstory_push: [cpui7@daum.net] push_device_type = A, message = Y, receipt = Y, work = Y, notice = Y

bizstory_push: ** 20120927-093501
bizstory_push: sender=bizstorycokr@gmail.com, comp_idx=40, part_idx=54, mem_idx=242, receiver=tassman1@daum.net, msg_type=receipt, message=[고등 제일여자고등학교] 3학년실 -전세윤선..
bizstory_push: sql = select * from push_member where push_id = 'tassman1@daum.net' and del_yn = 'N'
bizstory_push: [tassman1@daum.net] push_device_type = A, message = Y, receipt = Y, work = Y, notice = Y

bizstory_push: ** 20120927-093525
bizstory_push: sender=bizstorycokr@gmail.com, comp_idx=5, part_idx=5, mem_idx=140, receiver=kty5458@hanmail.net, msg_type=work, message=[업무] 봉곡중 행정실 복사기 A/S 에러코드..
bizstory_push: sql = select * from push_member where push_id = 'kty5458@hanmail.net' and del_yn = 'N'
bizstory_push: [kty5458@hanmail.net] push_device_type = A, message = Y, receipt = Y, work = Y, notice = Y

bizstory_push: ** 20120927-093532
bizstory_push: sender=bizstorycokr@gmail.com, comp_idx=40, part_idx=54, mem_idx=242, receiver=tassman1@daum.net, msg_type=receipt, message=[고등 제일여자고등학교] 근지==&gt;3학..
bizstory_push: sql = select * from push_member where push_id = 'tassman1@daum.net' and del_yn = 'N'
bizstory_push: [tassman1@daum.net] push_device_type = A, message = Y, receipt = Y, work = Y, notice = Y

bizstory_push: ** 20120927-094057
bizstory_push: sender=bizstorycokr@gmail.com, comp_idx=5, part_idx=5, mem_idx=140, receiver=kty5458@hanmail.net, msg_type=work, message=[업무] 광평중 본교무실 복사기 A/S
bizstory_push: sql = select * from push_member where push_id = 'kty5458@hanmail.net' and del_yn = 'N'
bizstory_push: [kty5458@hanmail.net] push_device_type = A, message = Y, receipt = Y, work = Y, notice = Y

bizstory_push: ** 20120927-094147
bizstory_push: sender=bizstorycokr@gmail.com, comp_idx=5, part_idx=5, mem_idx=82, receiver=gongyong129@naver.com, msg_type=work, message=[업무] 봉곡중 행정실 복사기 A/S 에러코드..
bizstory_push: sql = select * from push_member where push_id = 'gongyong129@naver.com' and del_yn = 'N'
bizstory_push: [gongyong129@naver.com] push_device_type = A, message = Y, receipt = Y, work = Y, notice = Y

bizstory_push: ** 20120927-094621
bizstory_push: sender=bizstorycokr@gmail.com, comp_idx=13, part_idx=17, mem_idx=90, receiver=acuana2@naver.com, msg_type=receipt, message=[창원남산고등학교] GLC에서 소리가 ..
bizstory_push: sql = select * from push_member where push_id = 'acuana2@naver.com' and del_yn = 'N'
bizstory_push: [acuana2@naver.com] push_device_type = I, message = Y, receipt = Y, work = Y, notice = N
bizstory_push: APNS PUSH
bizstory_push: [acuana2@naver.com] push_device_type = I, message = Y, receipt = Y, work = Y, notice = N
bizstory_push: APNS PUSH

bizstory_push: ** 20120927-095045
bizstory_push: sender=bizstorycokr@gmail.com, comp_idx=1, part_idx=1, mem_idx=2, receiver=arachi76@naver.com, msg_type=work, message=[업무보고] 뷰스토리 관련 모든업무는 이곳에서 공..
bizstory_push: sql = select * from push_member where push_id = 'arachi76@naver.com' and del_yn = 'N'
bizstory_push: [arachi76@naver.com] push_device_type = I, message = Y, receipt = Y, work = Y, notice = Y
bizstory_push: APNS PUSH
bizstory_push: [arachi76@naver.com] push_device_type = I, message = Y, receipt = Y, work = Y, notice = Y
bizstory_push: APNS PUSH
bizstory_push: [arachi76@naver.com] push_device_type = I, message = Y, receipt = Y, work = Y, notice = Y
bizstory_push: APNS PUSH
bizstory_push: [arachi76@naver.com] push_device_type = I, message = Y, receipt = Y, work = Y, notice = Y
bizstory_push: APNS PUSH
bizstory_push: [arachi76@naver.com] push_device_type = I, message = Y, receipt = Y, work = Y, notice = Y
bizstory_push: APNS PUSH
bizstory_push: [arachi76@naver.com] push_device_type = I, message = Y, receipt = Y, work = Y, notice = Y
bizstory_push: APNS PUSH
bizstory_push: sender=bizstorycokr@gmail.com, comp_idx=1, part_idx=1, mem_idx=2, receiver=hidesb@naver.com, msg_type=work, message=[업무보고] 뷰스토리 관련 모든업무는 이곳에서 공..
bizstory_push: sql = select * from push_member where push_id = 'hidesb@naver.com' and del_yn = 'N'
bizstory_push: [hidesb@naver.com] push_device_type = I, message = Y, receipt = Y, work = Y, notice = Y
bizstory_push: APNS PUSH
bizstory_push: [hidesb@naver.com] push_device_type = I, message = Y, receipt = Y, work = Y, notice = Y
bizstory_push: APNS PUSH
bizstory_push: sender=bizstorycokr@gmail.com, comp_idx=1, part_idx=1, mem_idx=2, receiver=i2day@naver.com, msg_type=work, message=[업무보고] 뷰스토리 관련 모든업무는 이곳에서 공..
bizstory_push: sql = select * from push_member where push_id = 'i2day@naver.com' and del_yn = 'N'
bizstory_push: [i2day@naver.com] push_device_type = A, message = Y, receipt = Y, work = Y, notice = Y
bizstory_push: [i2day@naver.com] push_device_type = I, message = Y, receipt = Y, work = Y, notice = Y
bizstory_push: APNS PUSH
bizstory_push: sender=bizstorycokr@gmail.com, comp_idx=1, part_idx=1, mem_idx=2, receiver=naryong82@nate.com, msg_type=work, message=[업무보고] 뷰스토리 관련 모든업무는 이곳에서 공..
bizstory_push: sql = select * from push_member where push_id = 'naryong82@nate.com' and del_yn = 'N'
bizstory_push: [naryong82@nate.com] push_device_type = I, message = Y, receipt = Y, work = Y, notice = Y
bizstory_push: APNS PUSH
bizstory_push: [naryong82@nate.com] push_device_type = I, message = Y, receipt = Y, work = Y, notice = Y
bizstory_push: APNS PUSH
bizstory_push: [naryong82@nate.com] push_device_type = I, message = Y, receipt = Y, work = Y, notice = Y
bizstory_push: APNS PUSH
bizstory_push: [naryong82@nate.com] push_device_type = I, message = Y, receipt = Y, work = Y, notice = Y
bizstory_push: APNS PUSH
bizstory_push: sender=bizstorycokr@gmail.com, comp_idx=1, part_idx=1, mem_idx=2, receiver=ahnwhan76@naver.com, msg_type=work, message=[업무보고] 뷰스토리 관련 모든업무는 이곳에서 공..
bizstory_push: sql = select * from push_member where push_id = 'ahnwhan76@naver.com' and del_yn = 'N'
bizstory_push: [ahnwhan76@naver.com] push_device_type = A, message = Y, receipt = Y, work = Y, notice = Y
bizstory_push: [ahnwhan76@naver.com] push_device_type = I, message = Y, receipt = Y, work = Y, notice = Y
bizstory_push: APNS PUSH
bizstory_push: [ahnwhan76@naver.com] push_device_type = I, message = Y, receipt = Y, work = Y, notice = Y
bizstory_push: APNS PUSH
bizstory_push: [ahnwhan76@naver.com] push_device_type = I, message = Y, receipt = Y, work = Y, notice = Y
bizstory_push: APNS PUSH
bizstory_push: sender=bizstorycokr@gmail.com, comp_idx=1, part_idx=1, mem_idx=2, receiver=ipos21@naver.com, msg_type=work, message=[업무보고] 뷰스토리 관련 모든업무는 이곳에서 공..
bizstory_push: sql = select * from push_member where push_id = 'ipos21@naver.com' and del_yn = 'N'
bizstory_push: [ipos21@naver.com] push_device_type = A, message = Y, receipt = Y, work = Y, notice = Y
bizstory_push: [ipos21@naver.com] push_device_type = I, message = Y, receipt = Y, work = Y, notice = Y
bizstory_push: APNS PUSH
bizstory_push: [ipos21@naver.com] push_device_type = I, message = Y, receipt = Y, work = Y, notice = Y
bizstory_push: APNS PUSH
bizstory_push: [ipos21@naver.com] push_device_type = I, message = Y, receipt = Y, work = Y, notice = Y
bizstory_push: APNS PUSH
bizstory_push: sender=bizstorycokr@gmail.com, comp_idx=1, part_idx=1, mem_idx=2, receiver=, msg_type=work, message=[업무보고] 뷰스토리 관련 모든업무는 이곳에서 공..
bizstory_push: sql = select * from push_member where push_id = '' and del_yn = 'N'
bizstory_push: 등록되지 않은 사용자
bizstory_push: sql = insert into push_history (send_key, comp_idx, part_idx, mem_idx, receiver_id, receiver_name, service_type, msg_type, message, state, state_comment, request_time) values ( '20120927095136464382', 1, 1, 2, '', '', 'ios', 'work', '[업무보고] 뷰스토리 관련 모든업무는 이곳에서 공..', '0', '등록되지 않은 사용자', now())

bizstory_push: ** 20120927-095316
bizstory_push: sender=bizstorycokr@gmail.com, comp_idx=1, part_idx=1, mem_idx=15, receiver=i2day@naver.com, msg_type=work, message=[업무보고] 수향식품_중간보고 이후 사항
bizstory_push: sql = select * from push_member where push_id = 'i2day@naver.com' and del_yn = 'N'
bizstory_push: [i2day@naver.com] push_device_type = A, message = Y, receipt = Y, work = Y, notice = Y
bizstory_push: [i2day@naver.com] push_device_type = I, message = Y, receipt = Y, work = Y, notice = Y
bizstory_push: APNS PUSH
bizstory_push: sender=bizstorycokr@gmail.com, comp_idx=1, part_idx=1, mem_idx=15, receiver=arachi76@naver.com, msg_type=work, message=[업무보고] 수향식품_중간보고 이후 사항
bizstory_push: sql = select * from push_member where push_id = 'arachi76@naver.com' and del_yn = 'N'
bizstory_push: [arachi76@naver.com] push_device_type = I, message = Y, receipt = Y, work = Y, notice = Y
bizstory_push: APNS PUSH
bizstory_push: [arachi76@naver.com] push_device_type = I, message = Y, receipt = Y, work = Y, notice = Y
bizstory_push: APNS PUSH
bizstory_push: [arachi76@naver.com] push_device_type = I, message = Y, receipt = Y, work = Y, notice = Y
bizstory_push: APNS PUSH
bizstory_push: [arachi76@naver.com] push_device_type = I, message = Y, receipt = Y, work = Y, notice = Y
bizstory_push: APNS PUSH
bizstory_push: [arachi76@naver.com] push_device_type = I, message = Y, receipt = Y, work = Y, notice = Y
bizstory_push: APNS PUSH
bizstory_push: [arachi76@naver.com] push_device_type = I, message = Y, receipt = Y, work = Y, notice = Y
bizstory_push: APNS PUSH
bizstory_push: sender=bizstorycokr@gmail.com, comp_idx=1, part_idx=1, mem_idx=15, receiver=wds0119@empal.com, msg_type=work, message=[업무보고] 수향식품_중간보고 이후 사항
bizstory_push: sql = select * from push_member where push_id = 'wds0119@empal.com' and del_yn = 'N'
bizstory_push: [wds0119@empal.com] push_device_type = I, message = Y, receipt = Y, work = Y, notice = Y
bizstory_push: APNS PUSH
bizstory_push: sender=bizstorycokr@gmail.com, comp_idx=1, part_idx=1, mem_idx=15, receiver=, msg_type=work, message=[업무보고] 수향식품_중간보고 이후 사항
bizstory_push: sql = select * from push_member where push_id = '' and del_yn = 'N'
bizstory_push: 등록되지 않은 사용자
bizstory_push: sql = insert into push_history (send_key, comp_idx, part_idx, mem_idx, receiver_id, receiver_name, service_type, msg_type, message, state, state_comment, request_time) values ( '20120927095336866737', 1, 1, 15, '', '', 'ios', 'work', '[업무보고] 수향식품_중간보고 이후 사항', '0', '등록되지 않은 사용자', now())

bizstory_push: ** 20120927-100003
bizstory_push: sender=bizstorycokr@gmail.com, comp_idx=5, part_idx=5, mem_idx=82, receiver=gongyong129@naver.com, msg_type=work, message=[업무] 디케이에스 C252 K토너 납품
bizstory_push: sql = select * from push_member where push_id = 'gongyong129@naver.com' and del_yn = 'N'
bizstory_push: [gongyong129@naver.com] push_device_type = A, message = Y, receipt = Y, work = Y, notice = Y

bizstory_push: ** 20120927-100107
bizstory_push: sender=bizstorycokr@gmail.com, comp_idx=5, part_idx=5, mem_idx=82, receiver=gongyong129@naver.com, msg_type=work, message=[업무] 청람이엔시 결재 청구 전화통화했습니다..
bizstory_push: sql = select * from push_member where push_id = 'gongyong129@naver.com' and del_yn = 'N'
bizstory_push: [gongyong129@naver.com] push_device_type = A, message = Y, receipt = Y, work = Y, notice = Y

bizstory_push: ** 20120927-100239
bizstory_push: sender=bizstorycokr@gmail.com, comp_idx=13, part_idx=17, mem_idx=90, receiver=acuana2@naver.com, msg_type=receipt, message=[안민중학교] npenksvc5...
bizstory_push: sql = select * from push_member where push_id = 'acuana2@naver.com' and del_yn = 'N'
bizstory_push: [acuana2@naver.com] push_device_type = I, message = Y, receipt = Y, work = Y, notice = N
bizstory_push: APNS PUSH
bizstory_push: [acuana2@naver.com] push_device_type = I, message = Y, receipt = Y, work = Y, notice = N
bizstory_push: APNS PUSH

bizstory_push: ** 20120927-100429
bizstory_push: sender=bizstorycokr@gmail.com, comp_idx=37, part_idx=51, mem_idx=271, receiver=banana0102@nate.com, msg_type=receipt, message=[가정고등학교] 영어전용교실
bizstory_push: sql = select * from push_member where push_id = 'banana0102@nate.com' and del_yn = 'N'
bizstory_push: [banana0102@nate.com] push_device_type = A, message = Y, receipt = Y, work = Y, notice = Y

bizstory_push: ** 20120927-100836
bizstory_push: sender=bizstorycokr@gmail.com, comp_idx=32, part_idx=39, mem_idx=176, receiver=woo@miraensys.com, msg_type=receipt, message=[능안초등학교] AD 프로그램제거 ..
bizstory_push: sql = select * from push_member where push_id = 'woo@miraensys.com' and del_yn = 'N'
bizstory_push: [woo@miraensys.com] push_device_type = A, message = Y, receipt = Y, work = Y, notice = Y

bizstory_push: ** 20120927-101103
bizstory_push: sender=bizstorycokr@gmail.com, comp_idx=32, part_idx=39, mem_idx=176, receiver=woo@miraensys.com, msg_type=receipt, message=[능안초등학교] AD 프로그램제거 ..
bizstory_push: sql = select * from push_member where push_id = 'woo@miraensys.com' and del_yn = 'N'
bizstory_push: [woo@miraensys.com] push_device_type = A, message = Y, receipt = Y, work = Y, notice = Y

bizstory_push: ** 20120927-101235
bizstory_push: sender=bizstorycokr@gmail.com, comp_idx=1, part_idx=1, mem_idx=0, receiver=, msg_type=receipt, message=[시흥시청] 알림테스트
bizstory_push: sql = select * from push_member where push_id = '' and del_yn = 'N'
bizstory_push: 등록되지 않은 사용자
bizstory_push: sql = insert into push_history (send_key, comp_idx, part_idx, mem_idx, receiver_id, receiver_name, service_type, msg_type, message, state, state_comment, request_time) values ( '20120927101235886048', 1, 1, 0, '', '', 'ios', 'receipt', '[시흥시청] 알림테스트', '0', '등록되지 않은 사용자', now())

bizstory_push: ** 20120927-101423
bizstory_push: sender=bizstorycokr@gmail.com, comp_idx=5, part_idx=5, mem_idx=83, receiver=cpui7@daum.net, msg_type=receipt, message=[사곡고등학교] 9월 청구서 부탁드..
bizstory_push: sql = select * from push_member where push_id = 'cpui7@daum.net' and del_yn = 'N'
bizstory_push: [cpui7@daum.net] push_device_type = A, message = Y, receipt = Y, work = Y, notice = Y

bizstory_push: ** 20120927-101711
bizstory_push: sender=bizstorycokr@gmail.com, comp_idx=5, part_idx=5, mem_idx=83, receiver=cpui7@daum.net, msg_type=receipt, message=[사곡고등학교] 9월 청구서 부탁드..
bizstory_push: sql = select * from push_member where push_id = 'cpui7@daum.net' and del_yn = 'N'
bizstory_push: [cpui7@daum.net] push_device_type = A, message = Y, receipt = Y, work = Y, notice = Y

bizstory_push: ** 20120927-102503
bizstory_push: sender=bizstorycokr@gmail.com, comp_idx=5, part_idx=5, mem_idx=60, receiver=cndgh0506@naver.com, msg_type=receipt, message=[정수초등학교] 센트리온 세금계산서..
bizstory_push: sql = select * from push_member where push_id = 'cndgh0506@naver.com' and del_yn = 'N'
bizstory_push: [cndgh0506@naver.com] push_device_type = I, message = Y, receipt = Y, work = Y, notice = Y
bizstory_push: APNS PUSH

bizstory_push: ** 20120927-102614
bizstory_push: sender=bizstorycokr@gmail.com, comp_idx=5, part_idx=5, mem_idx=60, receiver=cndgh0506@naver.com, msg_type=receipt, message=[정수초등학교] 센트리온 세금계산서..
bizstory_push: sql = select * from push_member where push_id = 'cndgh0506@naver.com' and del_yn = 'N'
bizstory_push: [cndgh0506@naver.com] push_device_type = I, message = Y, receipt = Y, work = Y, notice = Y
bizstory_push: APNS PUSH

bizstory_push: ** 20120927-102647
bizstory_push: sender=bizstorycokr@gmail.com, comp_idx=5, part_idx=5, mem_idx=83, receiver=cpui7@daum.net, msg_type=receipt, message=[봉곡초등학교] 한글 2010 설치
bizstory_push: sql = select * from push_member where push_id = 'cpui7@daum.net' and del_yn = 'N'
bizstory_push: [cpui7@daum.net] push_device_type = A, message = Y, receipt = Y, work = Y, notice = Y

bizstory_push: ** 20120927-103004
bizstory_push: sender=bizstorycokr@gmail.com, comp_idx=5, part_idx=5, mem_idx=83, receiver=cpui7@daum.net, msg_type=receipt, message=[봉곡초등학교] 한글 2010 설치
bizstory_push: sql = select * from push_member where push_id = 'cpui7@daum.net' and del_yn = 'N'
bizstory_push: [cpui7@daum.net] push_device_type = A, message = Y, receipt = Y, work = Y, notice = Y

bizstory_push: ** 20120927-103839
bizstory_push: sender=bizstorycokr@gmail.com, comp_idx=32, part_idx=39, mem_idx=180, receiver=jw3132@miraensys.com, msg_type=receipt, message=[덕이중학교] 27,28번 컴퓨터..
bizstory_push: sql = select * from push_member where push_id = 'jw3132@miraensys.com' and del_yn = 'N'
bizstory_push: [jw3132@miraensys.com] push_device_type = A, message = Y, receipt = Y, work = Y, notice = Y

bizstory_push: ** 20120927-103948
bizstory_push: sender=bizstorycokr@gmail.com, comp_idx=5, part_idx=5, mem_idx=60, receiver=cndgh0506@naver.com, msg_type=receipt, message=[사곡초등학교] 1-2반 컴퓨터가 ..
bizstory_push: sql = select * from push_member where push_id = 'cndgh0506@naver.com' and del_yn = 'N'
bizstory_push: [cndgh0506@naver.com] push_device_type = I, message = Y, receipt = Y, work = Y, notice = Y
bizstory_push: APNS PUSH

bizstory_push: ** 20120927-104126
bizstory_push: sender=bizstorycokr@gmail.com, comp_idx=5, part_idx=5, mem_idx=60, receiver=cndgh0506@naver.com, msg_type=receipt, message=[사곡초등학교] 1-2반 컴퓨터가 ..
bizstory_push: sql = select * from push_member where push_id = 'cndgh0506@naver.com' and del_yn = 'N'
bizstory_push: [cndgh0506@naver.com] push_device_type = I, message = Y, receipt = Y, work = Y, notice = Y
bizstory_push: APNS PUSH

bizstory_push: ** 20120927-104710
bizstory_push: sender=bizstorycokr@gmail.com, comp_idx=5, part_idx=5, mem_idx=60, receiver=cndgh0506@naver.com, msg_type=receipt, message=[사곡초등학교] 1-2반 컴퓨터 대..
bizstory_push: sql = select * from push_member where push_id = 'cndgh0506@naver.com' and del_yn = 'N'
bizstory_push: [cndgh0506@naver.com] push_device_type = I, message = Y, receipt = Y, work = Y, notice = Y
bizstory_push: APNS PUSH

bizstory_push: ** 20120927-104958
bizstory_push: sender=bizstorycokr@gmail.com, comp_idx=5, part_idx=5, mem_idx=60, receiver=cndgh0506@naver.com, msg_type=receipt, message=[사곡초등학교] 1-2반 컴퓨터 대..
bizstory_push: sql = select * from push_member where push_id = 'cndgh0506@naver.com' and del_yn = 'N'
bizstory_push: [cndgh0506@naver.com] push_device_type = I, message = Y, receipt = Y, work = Y, notice = Y
bizstory_push: APNS PUSH

bizstory_push: ** 20120927-105605
bizstory_push: sender=bizstorycokr@gmail.com, comp_idx=5, part_idx=5, mem_idx=82, receiver=gongyong129@naver.com, msg_type=work, message=[업무] 문장초 6학년연구실 BH363토너 납..
bizstory_push: sql = select * from push_member where push_id = 'gongyong129@naver.com' and del_yn = 'N'
bizstory_push: [gongyong129@naver.com] push_device_type = A, message = Y, receipt = Y, work = Y, notice = Y

bizstory_push: ** 20120927-105737
bizstory_push: sender=bizstorycokr@gmail.com, comp_idx=5, part_idx=5, mem_idx=45, receiver=west4185@naver.com, msg_type=receipt, message=[도송중학교] 컴푸터 꺼짐현상
bizstory_push: sql = select * from push_member where push_id = 'west4185@naver.com' and del_yn = 'N'
bizstory_push: [west4185@naver.com] push_device_type = I, message = Y, receipt = Y, work = Y, notice = Y
bizstory_push: APNS PUSH

bizstory_push: ** 20120927-110112
bizstory_push: sender=bizstorycokr@gmail.com, comp_idx=5, part_idx=5, mem_idx=45, receiver=west4185@naver.com, msg_type=receipt, message=[도송중학교] 카드리더기 에러
bizstory_push: sql = select * from push_member where push_id = 'west4185@naver.com' and del_yn = 'N'
bizstory_push: [west4185@naver.com] push_device_type = I, message = Y, receipt = Y, work = Y, notice = Y
bizstory_push: APNS PUSH

bizstory_push: ** 20120927-110151
bizstory_push: sender=bizstorycokr@gmail.com, comp_idx=5, part_idx=5, mem_idx=45, receiver=west4185@naver.com, msg_type=receipt, message=[도송중학교] 컴푸터 꺼짐현상
bizstory_push: sql = select * from push_member where push_id = 'west4185@naver.com' and del_yn = 'N'
bizstory_push: [west4185@naver.com] push_device_type = I, message = Y, receipt = Y, work = Y, notice = Y
bizstory_push: APNS PUSH

bizstory_push: ** 20120927-110212
bizstory_push: sender=bizstorycokr@gmail.com, comp_idx=5, part_idx=5, mem_idx=45, receiver=west4185@naver.com, msg_type=receipt, message=[도송중학교] 카드리더기 에러
bizstory_push: sql = select * from push_member where push_id = 'west4185@naver.com' and del_yn = 'N'
bizstory_push: [west4185@naver.com] push_device_type = I, message = Y, receipt = Y, work = Y, notice = Y
bizstory_push: APNS PUSH

bizstory_push: ** 20120927-110233
bizstory_push: sender=bizstorycokr@gmail.com, comp_idx=13, part_idx=17, mem_idx=90, receiver=acuana2@naver.com, msg_type=receipt, message=[반송중학교] pc 지키미 설치가..
bizstory_push: sql = select * from push_member where push_id = 'acuana2@naver.com' and del_yn = 'N'
bizstory_push: [acuana2@naver.com] push_device_type = I, message = Y, receipt = Y, work = Y, notice = N
bizstory_push: APNS PUSH
bizstory_push: [acuana2@naver.com] push_device_type = I, message = Y, receipt = Y, work = Y, notice = N
bizstory_push: APNS PUSH

bizstory_push: ** 20120927-111137
bizstory_push: sender=bizstorycokr@gmail.com, comp_idx=4, part_idx=4, mem_idx=21, receiver=jsjjangga@daum.net, msg_type=receipt, message=[반송초등학교] 6학년 3반 컴퓨터
bizstory_push: sql = select * from push_member where push_id = 'jsjjangga@daum.net' and del_yn = 'N'
bizstory_push: [jsjjangga@daum.net] push_device_type = A, message = Y, receipt = Y, work = Y, notice = Y

bizstory_push: ** 20120927-111207
bizstory_push: sender=bizstorycokr@gmail.com, comp_idx=4, part_idx=4, mem_idx=21, receiver=jsjjangga@daum.net, msg_type=receipt, message=[반송초등학교] 도서관 인터넷
bizstory_push: sql = select * from push_member where push_id = 'jsjjangga@daum.net' and del_yn = 'N'
bizstory_push: [jsjjangga@daum.net] push_device_type = A, message = Y, receipt = Y, work = Y, notice = Y

bizstory_push: ** 20120927-111816
bizstory_push: sender=bizstorycokr@gmail.com, comp_idx=4, part_idx=4, mem_idx=19, receiver=bugee09@naver.com, msg_type=receipt, message=[남수원중학교] CLP-611 빨강..
bizstory_push: sql = select * from push_member where push_id = 'bugee09@naver.com' and del_yn = 'N'
bizstory_push: [bugee09@naver.com] push_device_type = A, message = Y, receipt = Y, work = Y, notice = Y

bizstory_push: ** 20120927-111946
bizstory_push: sender=bizstorycokr@gmail.com, comp_idx=13, part_idx=17, mem_idx=94, receiver=starnts@greatworks.co.kr, msg_type=receipt, message=[창원중앙고등학교] 지니 네비게이션 업..
bizstory_push: sql = select * from push_member where push_id = 'starnts@greatworks.co.kr' and del_yn = 'N'
bizstory_push: [starnts@greatworks.co.kr] push_device_type = A, message = Y, receipt = Y, work = Y, notice = Y

bizstory_push: ** 20120927-112324
bizstory_push: sender=bizstorycokr@gmail.com, comp_idx=7, part_idx=8, mem_idx=42, receiver=alsl2468@nate.com, msg_type=receipt, message=[산본중학교] 3학년 2반 교실 ..
bizstory_push: sql = select * from push_member where push_id = 'alsl2468@nate.com' and del_yn = 'N'
bizstory_push: 등록되지 않은 사용자
bizstory_push: sql = insert into push_history (send_key, comp_idx, part_idx, mem_idx, receiver_id, receiver_name, service_type, msg_type, message, state, state_comment, request_time) values ( '20120927112324671672', 7, 8, 42, 'alsl2468@nate.com', '', 'ios', 'receipt', '[산본중학교] 3학년 2반 교실 ..', '0', '등록되지 않은 사용자', now())

bizstory_push: ** 20120927-112645
bizstory_push: sender=bizstorycokr@gmail.com, comp_idx=5, part_idx=5, mem_idx=45, receiver=west4185@naver.com, msg_type=receipt, message=[원호초등학교] 프린터기 점검
bizstory_push: sql = select * from push_member where push_id = 'west4185@naver.com' and del_yn = 'N'
bizstory_push: [west4185@naver.com] push_device_type = I, message = Y, receipt = Y, work = Y, notice = Y
bizstory_push: APNS PUSH

bizstory_push: ** 20120927-113026
bizstory_push: sender=bizstorycokr@gmail.com, comp_idx=5, part_idx=5, mem_idx=45, receiver=west4185@naver.com, msg_type=receipt, message=[원호초등학교] 프린터기 점검
bizstory_push: sql = select * from push_member where push_id = 'west4185@naver.com' and del_yn = 'N'
bizstory_push: [west4185@naver.com] push_device_type = I, message = Y, receipt = Y, work = Y, notice = Y
bizstory_push: APNS PUSH

bizstory_push: ** 20120927-113028
bizstory_push: sender=bizstorycokr@gmail.com, comp_idx=32, part_idx=39, mem_idx=178, receiver=mindcafe@miraensys.com, msg_type=receipt, message=[가좌고등학교] 사이트가 제한되어 ..
bizstory_push: sql = select * from push_member where push_id = 'mindcafe@miraensys.com' and del_yn = 'N'
bizstory_push: [mindcafe@miraensys.com] push_device_type = A, message = Y, receipt = Y, work = Y, notice = Y

bizstory_push: ** 20120927-114255
bizstory_push: sender=bizstorycokr@gmail.com, comp_idx=37, part_idx=51, mem_idx=300, receiver=htug365@nate.com, msg_type=receipt, message=[논곡중학교] pc 안켜짐
bizstory_push: sql = select * from push_member where push_id = 'htug365@nate.com' and del_yn = 'N'
bizstory_push: [htug365@nate.com] push_device_type = A, message = Y, receipt = Y, work = Y, notice = Y

bizstory_push: ** 20120927-114429
bizstory_push: sender=bizstorycokr@gmail.com, comp_idx=1, part_idx=11, mem_idx=125, receiver=4004jini@naver.com, msg_type=receipt, message=[영도도서관] DBMS 쪽지기능 ..
bizstory_push: sql = select * from push_member where push_id = '4004jini@naver.com' and del_yn = 'N'
bizstory_push: [4004jini@naver.com] push_device_type = A, message = Y, receipt = Y, work = Y, notice = Y
bizstory_push: [4004jini@naver.com] push_device_type = A, message = Y, receipt = Y, work = Y, notice = Y

bizstory_push: ** 20120927-115402
bizstory_push: sender=bizstorycokr@gmail.com, comp_idx=37, part_idx=51, mem_idx=301, receiver=kabi27@naver.com, msg_type=receipt, message=[부원여자중학교] TEST
bizstory_push: sql = select * from push_member where push_id = 'kabi27@naver.com' and del_yn = 'N'
bizstory_push: 등록되지 않은 사용자
bizstory_push: sql = insert into push_history (send_key, comp_idx, part_idx, mem_idx, receiver_id, receiver_name, service_type, msg_type, message, state, state_comment, request_time) values ( '20120927115402688334', 37, 51, 301, 'kabi27@naver.com', '', 'ios', 'receipt', '[부원여자중학교] TEST', '0', '등록되지 않은 사용자', now())

bizstory_push: ** 20120927-115921
bizstory_push: sender=bizstorycokr@gmail.com, comp_idx=5, part_idx=5, mem_idx=82, receiver=gongyong129@naver.com, msg_type=work, message=[업무] 인동고 과학실 bh363토너 납품
bizstory_push: sql = select * from push_member where push_id = 'gongyong129@naver.com' and del_yn = 'N'
bizstory_push: [gongyong129@naver.com] push_device_type = A, message = Y, receipt = Y, work = Y, notice = Y

bizstory_push: ** 20120927-120015
bizstory_push: sender=bizstorycokr@gmail.com, comp_idx=1, part_idx=1, mem_idx=0, receiver=, msg_type=receipt, message=[시흥시청] 알림테스트
bizstory_push: sql = select * from push_member where push_id = '' and del_yn = 'N'
bizstory_push: 등록되지 않은 사용자
bizstory_push: sql = insert into push_history (send_key, comp_idx, part_idx, mem_idx, receiver_id, receiver_name, service_type, msg_type, message, state, state_comment, request_time) values ( '20120927120015198200', 1, 1, 0, '', '', 'ios', 'receipt', '[시흥시청] 알림테스트', '0', '등록되지 않은 사용자', now())

bizstory_push: ** 20120927-122139
bizstory_push: sender=bizstorycokr@gmail.com, comp_idx=37, part_idx=51, mem_idx=301, receiver=kabi27@naver.com, msg_type=receipt, message=[부원여자중학교] TEST2
bizstory_push: sql = select * from push_member where push_id = 'kabi27@naver.com' and del_yn = 'N'
bizstory_push: 등록되지 않은 사용자
bizstory_push: sql = insert into push_history (send_key, comp_idx, part_idx, mem_idx, receiver_id, receiver_name, service_type, msg_type, message, state, state_comment, request_time) values ( '20120927122139654708', 37, 51, 301, 'kabi27@naver.com', '', 'ios', 'receipt', '[부원여자중학교] TEST2', '0', '등록되지 않은 사용자', now())

bizstory_push: ** 20120927-122710
bizstory_push: sender=bizstorycokr@gmail.com, comp_idx=5, part_idx=5, mem_idx=81, receiver=chamanbok12@hanmail.net, msg_type=work, message=[업무] 신기초 유치원 잉크 납품, 발명교실 ..
bizstory_push: sql = select * from push_member where push_id = 'chamanbok12@hanmail.net' and del_yn = 'N'
bizstory_push: [chamanbok12@hanmail.net] push_device_type = A, message = Y, receipt = Y, work = Y, notice = Y

bizstory_push: ** 20120927-123819
bizstory_push: sender=bizstorycokr@gmail.com, comp_idx=5, part_idx=5, mem_idx=45, receiver=west4185@naver.com, msg_type=work, message=[업무] 문장초 6학년연구실 BH363토너 납..
bizstory_push: sql = select * from push_member where push_id = 'west4185@naver.com' and del_yn = 'N'
bizstory_push: [west4185@naver.com] push_device_type = I, message = Y, receipt = Y, work = Y, notice = Y
bizstory_push: APNS PUSH

bizstory_push: ** 20120927-124425
bizstory_push: sender=bizstorycokr@gmail.com, comp_idx=5, part_idx=5, mem_idx=17, receiver=tssh2003@hanmail.net, msg_type=work, message=[업무보고] 정수초 PC 7대 모니터 설치, 서류
bizstory_push: sql = select * from push_member where push_id = 'tssh2003@hanmail.net' and del_yn = 'N'
bizstory_push: [tssh2003@hanmail.net] push_device_type = A, message = Y, receipt = Y, work = Y, notice = Y
bizstory_push: sender=bizstorycokr@gmail.com, comp_idx=5, part_idx=5, mem_idx=17, receiver=, msg_type=work, message=[업무보고] 정수초 PC 7대 모니터 설치, 서류
bizstory_push: sql = select * from push_member where push_id = '' and del_yn = 'N'
bizstory_push: 등록되지 않은 사용자
bizstory_push: sql = insert into push_history (send_key, comp_idx, part_idx, mem_idx, receiver_id, receiver_name, service_type, msg_type, message, state, state_comment, request_time) values ( '20120927124429684027', 5, 5, 17, '', '', 'ios', 'work', '[업무보고] 정수초 PC 7대 모니터 설치, 서류', '0', '등록되지 않은 사용자', now())

bizstory_push: ** 20120927-125015
bizstory_push: sender=bizstorycokr@gmail.com, comp_idx=40, part_idx=54, mem_idx=242, receiver=tassman1@daum.net, msg_type=receipt, message=[기타 행정과] 이미소 복사기 안됨
bizstory_push: sql = select * from push_member where push_id = 'tassman1@daum.net' and del_yn = 'N'
bizstory_push: [tassman1@daum.net] push_device_type = A, message = Y, receipt = Y, work = Y, notice = Y

bizstory_push: ** 20120927-125031
bizstory_push: sender=bizstorycokr@gmail.com, comp_idx=40, part_idx=54, mem_idx=242, receiver=tassman1@daum.net, msg_type=receipt, message=[기타 행정과] 점검요청
bizstory_push: sql = select * from push_member where push_id = 'tassman1@daum.net' and del_yn = 'N'
bizstory_push: [tassman1@daum.net] push_device_type = A, message = Y, receipt = Y, work = Y, notice = Y

bizstory_push: ** 20120927-125056
bizstory_push: sender=bizstorycokr@gmail.com, comp_idx=5, part_idx=5, mem_idx=17, receiver=tssh2003@hanmail.net, msg_type=work, message=[업무보고] 신기초 영양사실 HP1020 토너 납..
bizstory_push: sql = select * from push_member where push_id = 'tssh2003@hanmail.net' and del_yn = 'N'
bizstory_push: [tssh2003@hanmail.net] push_device_type = A, message = Y, receipt = Y, work = Y, notice = Y

bizstory_push: ** 20120927-125059
bizstory_push: sender=bizstorycokr@gmail.com, comp_idx=40, part_idx=54, mem_idx=242, receiver=tassman1@daum.net, msg_type=receipt, message=[기타 재무과] 엑셀안되요
bizstory_push: sql = select * from push_member where push_id = 'tassman1@daum.net' and del_yn = 'N'
bizstory_push: [tassman1@daum.net] push_device_type = A, message = Y, receipt = Y, work = Y, notice = Y
bizstory_push: sender=bizstorycokr@gmail.com, comp_idx=5, part_idx=5, mem_idx=17, receiver=, msg_type=work, message=[업무보고] 신기초 영양사실 HP1020 토너 납..
bizstory_push: sql = select * from push_member where push_id = '' and del_yn = 'N'
bizstory_push: 등록되지 않은 사용자
bizstory_push: sql = insert into push_history (send_key, comp_idx, part_idx, mem_idx, receiver_id, receiver_name, service_type, msg_type, message, state, state_comment, request_time) values ( '20120927125100967931', 5, 5, 17, '', '', 'ios', 'work', '[업무보고] 신기초 영양사실 HP1020 토너 납..', '0', '등록되지 않은 사용자', now())

bizstory_push: ** 20120927-125124
bizstory_push: sender=bizstorycokr@gmail.com, comp_idx=40, part_idx=54, mem_idx=242, receiver=tassman1@daum.net, msg_type=receipt, message=[기타 재무과] 엑셀안도요
bizstory_push: sql = select * from push_member where push_id = 'tassman1@daum.net' and del_yn = 'N'
bizstory_push: [tassman1@daum.net] push_device_type = A, message = Y, receipt = Y, work = Y, notice = Y

bizstory_push: ** 20120927-125202
bizstory_push: sender=bizstorycokr@gmail.com, comp_idx=40, part_idx=54, mem_idx=241, receiver=memilmook@nate.com, msg_type=receipt, message=[기타 공공도서관] 오석식 케이블이 이..
bizstory_push: sql = select * from push_member where push_id = 'memilmook@nate.com' and del_yn = 'N'
bizstory_push: [memilmook@nate.com] push_device_type = A, message = Y, receipt = Y, work = Y, notice = Y

bizstory_push: ** 20120927-125237
bizstory_push: sender=bizstorycokr@gmail.com, comp_idx=40, part_idx=54, mem_idx=239, receiver=talta5@hanmail.net, msg_type=receipt, message=[초등 석현초등학교] 교무실 컴 2대 재..
bizstory_push: sql = select * from push_member where push_id = 'talta5@hanmail.net' and del_yn = 'N'
bizstory_push: [talta5@hanmail.net] push_device_type = A, message = Y, receipt = Y, work = Y, notice = Y

bizstory_push: ** 20120927-125313
bizstory_push: sender=bizstorycokr@gmail.com, comp_idx=40, part_idx=54, mem_idx=242, receiver=tassman1@daum.net, msg_type=receipt, message=[초등 청호초등학교] 학교전체 인터넷이 ..
bizstory_push: sql = select * from push_member where push_id = 'tassman1@daum.net' and del_yn = 'N'
bizstory_push: [tassman1@daum.net] push_device_type = A, message = Y, receipt = Y, work = Y, notice = Y

bizstory_push: ** 20120927-125343
bizstory_push: sender=bizstorycokr@gmail.com, comp_idx=40, part_idx=54, mem_idx=239, receiver=talta5@hanmail.net, msg_type=receipt, message=[초등 삼호서초등학교] 행정실 컴 점검요청
bizstory_push: sql = select * from push_member where push_id = 'talta5@hanmail.net' and del_yn = 'N'
bizstory_push: [talta5@hanmail.net] push_device_type = A, message = Y, receipt = Y, work = Y, notice = Y

bizstory_push: ** 20120927-125409
bizstory_push: sender=bizstorycokr@gmail.com, comp_idx=40, part_idx=54, mem_idx=242, receiver=tassman1@daum.net, msg_type=receipt, message=[초등 옥암초등학교] 4-2반 컴 포맷
bizstory_push: sql = select * from push_member where push_id = 'tassman1@daum.net' and del_yn = 'N'
bizstory_push: [tassman1@daum.net] push_device_type = A, message = Y, receipt = Y, work = Y, notice = Y

bizstory_push: ** 20120927-130131
bizstory_push: sender=bizstorycokr@gmail.com, comp_idx=4, part_idx=4, mem_idx=20, receiver=babosarang@hanmail.net, msg_type=receipt, message=[명인중학교] 인터넷 장애 관련 ..
bizstory_push: sql = select * from push_member where push_id = 'babosarang@hanmail.net' and del_yn = 'N'
bizstory_push: [babosarang@hanmail.net] push_device_type = A, message = Y, receipt = Y, work = Y, notice = Y

bizstory_push: ** 20120927-130229
bizstory_push: sender=bizstorycokr@gmail.com, comp_idx=13, part_idx=17, mem_idx=90, receiver=acuana2@naver.com, msg_type=receipt, message=[창원남산고등학교] 3학년 5반 pc ..
bizstory_push: sql = select * from push_member where push_id = 'acuana2@naver.com' and del_yn = 'N'
bizstory_push: [acuana2@naver.com] push_device_type = I, message = Y, receipt = Y, work = Y, notice = N
bizstory_push: APNS PUSH
bizstory_push: [acuana2@naver.com] push_device_type = I, message = Y, receipt = Y, work = Y, notice = N
bizstory_push: APNS PUSH

bizstory_push: ** 20120927-132039
bizstory_push: sender=bizstorycokr@gmail.com, comp_idx=13, part_idx=17, mem_idx=90, receiver=acuana2@naver.com, msg_type=receipt, message=[반송중학교] 백업 및 pc지키미..
bizstory_push: sql = select * from push_member where push_id = 'acuana2@naver.com' and del_yn = 'N'
bizstory_push: [acuana2@naver.com] push_device_type = I, message = Y, receipt = Y, work = Y, notice = N
bizstory_push: APNS PUSH
bizstory_push: [acuana2@naver.com] push_device_type = I, message = Y, receipt = Y, work = Y, notice = N
bizstory_push: APNS PUSH

bizstory_push: ** 20120927-132226
bizstory_push: sender=bizstorycokr@gmail.com, comp_idx=1, part_idx=1, mem_idx=0, receiver=, msg_type=receipt, message=[시흥시청] 알림테스트
bizstory_push: sql = select * from push_member where push_id = '' and del_yn = 'N'
bizstory_push: 등록되지 않은 사용자
bizstory_push: sql = insert into push_history (send_key, comp_idx, part_idx, mem_idx, receiver_id, receiver_name, service_type, msg_type, message, state, state_comment, request_time) values ( '20120927132226933426', 1, 1, 0, '', '', 'ios', 'receipt', '[시흥시청] 알림테스트', '0', '등록되지 않은 사용자', now())

bizstory_push: ** 20120927-132236
bizstory_push: sender=bizstorycokr@gmail.com, comp_idx=32, part_idx=39, mem_idx=175, receiver=kclee@miraensys.com, msg_type=receipt, message=[저현고등학교] 키보드 이상
bizstory_push: sql = select * from push_member where push_id = 'kclee@miraensys.com' and del_yn = 'N'
bizstory_push: [kclee@miraensys.com] push_device_type = I, message = Y, receipt = Y, work = Y, notice = Y
bizstory_push: APNS PUSH

bizstory_push: ** 20120927-132645
bizstory_push: sender=bizstorycokr@gmail.com, comp_idx=1, part_idx=1, mem_idx=0, receiver=, msg_type=receipt, message=[시흥시청] 알림테스트
bizstory_push: sql = select * from push_member where push_id = '' and del_yn = 'N'
bizstory_push: 등록되지 않은 사용자
bizstory_push: sql = insert into push_history (send_key, comp_idx, part_idx, mem_idx, receiver_id, receiver_name, service_type, msg_type, message, state, state_comment, request_time) values ( '20120927132645923327', 1, 1, 0, '', '', 'ios', 'receipt', '[시흥시청] 알림테스트', '0', '등록되지 않은 사용자', now())

bizstory_push: ** 20120927-133529
bizstory_push: sender=bizstorycokr@gmail.com, comp_idx=1, part_idx=1, mem_idx=0, receiver=, msg_type=receipt, message=[시흥시청] 알림테스트
bizstory_push: sql = select * from push_member where push_id = '' and del_yn = 'N'
bizstory_push: 등록되지 않은 사용자
bizstory_push: sql = insert into push_history (send_key, comp_idx, part_idx, mem_idx, receiver_id, receiver_name, service_type, msg_type, message, state, state_comment, request_time) values ( '20120927133529623753', 1, 1, 0, '', '', 'ios', 'receipt', '[시흥시청] 알림테스트', '0', '등록되지 않은 사용자', now())

bizstory_push: ** 20120927-135255
bizstory_push: sender=bizstorycokr@gmail.com, comp_idx=13, part_idx=17, mem_idx=190, receiver=hcmoon@greatworks.co.kr, msg_type=receipt, message=[창원용호고등학교] 컴퓨터실 컴퓨터 인..
bizstory_push: sql = select * from push_member where push_id = 'hcmoon@greatworks.co.kr' and del_yn = 'N'
bizstory_push: [hcmoon@greatworks.co.kr] push_device_type = A, message = Y, receipt = Y, work = Y, notice = Y

bizstory_push: ** 20120927-135635
bizstory_push: sender=bizstorycokr@gmail.com, comp_idx=1, part_idx=1, mem_idx=0, receiver=, msg_type=receipt, message=[시흥시청] 알림테스트
bizstory_push: sql = select * from push_member where push_id = '' and del_yn = 'N'
bizstory_push: 등록되지 않은 사용자
bizstory_push: sql = insert into push_history (send_key, comp_idx, part_idx, mem_idx, receiver_id, receiver_name, service_type, msg_type, message, state, state_comment, request_time) values ( '20120927135635187400', 1, 1, 0, '', '', 'ios', 'receipt', '[시흥시청] 알림테스트', '0', '등록되지 않은 사용자', now())

bizstory_push: ** 20120927-140812
bizstory_push: sender=bizstorycokr@gmail.com, comp_idx=1, part_idx=11, mem_idx=86, receiver=hidesb@naver.com, msg_type=work, message=[업무] 영주도서관 쪽지오류에 관한 업무요청
bizstory_push: sql = select * from push_member where push_id = 'hidesb@naver.com' and del_yn = 'N'
bizstory_push: [hidesb@naver.com] push_device_type = I, message = Y, receipt = Y, work = Y, notice = Y
bizstory_push: APNS PUSH
bizstory_push: [hidesb@naver.com] push_device_type = I, message = Y, receipt = Y, work = Y, notice = Y
bizstory_push: APNS PUSH

bizstory_push: ** 20120927-140959
bizstory_push: sender=bizstorycokr@gmail.com, comp_idx=13, part_idx=17, mem_idx=191, receiver=hsg1028@greatworks.co.kr, msg_type=receipt, message=[창원명지여자고등학교] 모니터가 노랗게 나..
bizstory_push: sql = select * from push_member where push_id = 'hsg1028@greatworks.co.kr' and del_yn = 'N'
bizstory_push: [hsg1028@greatworks.co.kr] push_device_type = A, message = Y, receipt = Y, work = Y, notice = Y

bizstory_push: ** 20120927-141535
bizstory_push: sender=bizstorycokr@gmail.com, comp_idx=13, part_idx=17, mem_idx=191, receiver=hsg1028@greatworks.co.kr, msg_type=receipt, message=[창원명지여자고등학교] 전자교탁 모니터 터..
bizstory_push: sql = select * from push_member where push_id = 'hsg1028@greatworks.co.kr' and del_yn = 'N'
bizstory_push: [hsg1028@greatworks.co.kr] push_device_type = A, message = Y, receipt = Y, work = Y, notice = Y

bizstory_push: ** 20120927-142248
bizstory_push: sender=bizstorycokr@gmail.com, comp_idx=5, part_idx=5, mem_idx=81, receiver=chamanbok12@hanmail.net, msg_type=work, message=[업무] 구미초영재교육원 토너및 잉크 납품
bizstory_push: sql = select * from push_member where push_id = 'chamanbok12@hanmail.net' and del_yn = 'N'
bizstory_push: [chamanbok12@hanmail.net] push_device_type = A, message = Y, receipt = Y, work = Y, notice = Y

bizstory_push: ** 20120927-142355
bizstory_push: sender=bizstorycokr@gmail.com, comp_idx=13, part_idx=17, mem_idx=191, receiver=hsg1028@greatworks.co.kr, msg_type=receipt, message=[창원명지여자고등학교] 2학년 7반 교실 ..
bizstory_push: sql = select * from push_member where push_id = 'hsg1028@greatworks.co.kr' and del_yn = 'N'
bizstory_push: [hsg1028@greatworks.co.kr] push_device_type = A, message = Y, receipt = Y, work = Y, notice = Y

bizstory_push: ** 20120927-145816
bizstory_push: sender=bizstorycokr@gmail.com, comp_idx=13, part_idx=17, mem_idx=90, receiver=acuana2@naver.com, msg_type=receipt, message=[안남중학교] 프로그램 오류
bizstory_push: sql = select * from push_member where push_id = 'acuana2@naver.com' and del_yn = 'N'
bizstory_push: [acuana2@naver.com] push_device_type = I, message = Y, receipt = Y, work = Y, notice = N
bizstory_push: APNS PUSH
bizstory_push: [acuana2@naver.com] push_device_type = I, message = Y, receipt = Y, work = Y, notice = N
bizstory_push: APNS PUSH

bizstory_push: ** 20120927-150037
bizstory_push: sender=bizstorycokr@gmail.com, comp_idx=7, part_idx=8, mem_idx=42, receiver=alsl2468@nate.com, msg_type=receipt, message=[산본중학교] 케이블 납품 요청
bizstory_push: sql = select * from push_member where push_id = 'alsl2468@nate.com' and del_yn = 'N'
bizstory_push: 등록되지 않은 사용자
bizstory_push: sql = insert into push_history (send_key, comp_idx, part_idx, mem_idx, receiver_id, receiver_name, service_type, msg_type, message, state, state_comment, request_time) values ( '20120927150037870311', 7, 8, 42, 'alsl2468@nate.com', '', 'ios', 'receipt', '[산본중학교] 케이블 납품 요청', '0', '등록되지 않은 사용자', now())

bizstory_push: ** 20120927-150131
bizstory_push: sender=bizstorycokr@gmail.com, comp_idx=7, part_idx=8, mem_idx=42, receiver=alsl2468@nate.com, msg_type=receipt, message=[산본중학교] 견적서 메일 발송,..
bizstory_push: sql = select * from push_member where push_id = 'alsl2468@nate.com' and del_yn = 'N'
bizstory_push: 등록되지 않은 사용자
bizstory_push: sql = insert into push_history (send_key, comp_idx, part_idx, mem_idx, receiver_id, receiver_name, service_type, msg_type, message, state, state_comment, request_time) values ( '20120927150131222870', 7, 8, 42, 'alsl2468@nate.com', '', 'ios', 'receipt', '[산본중학교] 견적서 메일 발송,..', '0', '등록되지 않은 사용자', now())

bizstory_push: ** 20120927-150400
bizstory_push: sender=bizstorycokr@gmail.com, comp_idx=45, part_idx=81, mem_idx=285, receiver=louder@chol.com, msg_type=receipt, message=[포천일고등학교] 포천일고등학교 노트..
bizstory_push: sql = select * from push_member where push_id = 'louder@chol.com' and del_yn = 'N'
bizstory_push: [louder@chol.com] push_device_type = I, message = Y, receipt = Y, work = Y, notice = Y
bizstory_push: APNS PUSH
bizstory_push: [louder@chol.com] push_device_type = I, message = Y, receipt = Y, work = Y, notice = Y
bizstory_push: APNS PUSH

bizstory_push: ** 20120927-151152
bizstory_push: sender=bizstorycokr@gmail.com, comp_idx=37, part_idx=51, mem_idx=224, receiver=j_amjjang@naver.com, msg_type=receipt, message=[부평서중학교] 멀티실
bizstory_push: sql = select * from push_member where push_id = 'j_amjjang@naver.com' and del_yn = 'N'
bizstory_push: [j_amjjang@naver.com] push_device_type = A, message = Y, receipt = Y, work = Y, notice = Y

bizstory_push: ** 20120927-153309
bizstory_push: sender=bizstorycokr@gmail.com, comp_idx=1, part_idx=1, mem_idx=14, receiver=i2day@naver.com, msg_type=work, message=[업무보고] 회사소개 브로셔(마케팅자료) & 지명..
bizstory_push: sql = select * from push_member where push_id = 'i2day@naver.com' and del_yn = 'N'
bizstory_push: [i2day@naver.com] push_device_type = A, message = Y, receipt = Y, work = Y, notice = Y
bizstory_push: [i2day@naver.com] push_device_type = I, message = Y, receipt = Y, work = Y, notice = Y
bizstory_push: APNS PUSH
bizstory_push: sender=bizstorycokr@gmail.com, comp_idx=1, part_idx=1, mem_idx=14, receiver=i2day@naver.com, msg_type=work, message=[업무보고] 회사소개 브로셔(마케팅자료) & 지명..
bizstory_push: sql = select * from push_member where push_id = 'i2day@naver.com' and del_yn = 'N'
bizstory_push: [i2day@naver.com] push_device_type = A, message = Y, receipt = Y, work = Y, notice = Y
bizstory_push: [i2day@naver.com] push_device_type = I, message = Y, receipt = Y, work = Y, notice = Y
bizstory_push: APNS PUSH
bizstory_push: sender=bizstorycokr@gmail.com, comp_idx=1, part_idx=1, mem_idx=14, receiver=, msg_type=work, message=[업무보고] 회사소개 브로셔(마케팅자료) & 지명..
bizstory_push: sql = select * from push_member where push_id = '' and del_yn = 'N'
bizstory_push: 등록되지 않은 사용자
bizstory_push: sql = insert into push_history (send_key, comp_idx, part_idx, mem_idx, receiver_id, receiver_name, service_type, msg_type, message, state, state_comment, request_time) values ( '20120927153317558025', 1, 1, 14, '', '', 'ios', 'work', '[업무보고] 회사소개 브로셔(마케팅자료) & 지명..', '0', '등록되지 않은 사용자', now())

bizstory_push: ** 20120927-153440
bizstory_push: sender=bizstorycokr@gmail.com, comp_idx=5, part_idx=5, mem_idx=83, receiver=cpui7@daum.net, msg_type=receipt, message=[사곡고등학교] 강당
bizstory_push: sql = select * from push_member where push_id = 'cpui7@daum.net' and del_yn = 'N'
bizstory_push: [cpui7@daum.net] push_device_type = A, message = Y, receipt = Y, work = Y, notice = Y

bizstory_push: ** 20120927-153529
bizstory_push: sender=bizstorycokr@gmail.com, comp_idx=5, part_idx=5, mem_idx=83, receiver=cpui7@daum.net, msg_type=receipt, message=[사곡고등학교] 화학실-컴퓨터
bizstory_push: sql = select * from push_member where push_id = 'cpui7@daum.net' and del_yn = 'N'
bizstory_push: [cpui7@daum.net] push_device_type = A, message = Y, receipt = Y, work = Y, notice = Y

bizstory_push: ** 20120927-153804
bizstory_push: sender=bizstorycokr@gmail.com, comp_idx=5, part_idx=5, mem_idx=83, receiver=cpui7@daum.net, msg_type=receipt, message=[사곡고등학교] 강당
bizstory_push: sql = select * from push_member where push_id = 'cpui7@daum.net' and del_yn = 'N'
bizstory_push: [cpui7@daum.net] push_device_type = A, message = Y, receipt = Y, work = Y, notice = Y

bizstory_push: ** 20120927-153830
bizstory_push: sender=bizstorycokr@gmail.com, comp_idx=5, part_idx=5, mem_idx=83, receiver=cpui7@daum.net, msg_type=receipt, message=[사곡고등학교] 화학실-컴퓨터
bizstory_push: sql = select * from push_member where push_id = 'cpui7@daum.net' and del_yn = 'N'
bizstory_push: [cpui7@daum.net] push_device_type = A, message = Y, receipt = Y, work = Y, notice = Y

bizstory_push: ** 20120927-154626
bizstory_push: sender=bizstorycokr@gmail.com, comp_idx=5, part_idx=5, mem_idx=45, receiver=west4185@naver.com, msg_type=receipt, message=[원호초등학교] 교무실,과학실 선 ..
bizstory_push: sql = select * from push_member where push_id = 'west4185@naver.com' and del_yn = 'N'
bizstory_push: [west4185@naver.com] push_device_type = I, message = Y, receipt = Y, work = Y, notice = Y
bizstory_push: APNS PUSH

bizstory_push: ** 20120927-154922
bizstory_push: sender=bizstorycokr@gmail.com, comp_idx=32, part_idx=39, mem_idx=180, receiver=jw3132@miraensys.com, msg_type=receipt, message=[대화초등학교] CD ROM 작동 ..
bizstory_push: sql = select * from push_member where push_id = 'jw3132@miraensys.com' and del_yn = 'N'
bizstory_push: [jw3132@miraensys.com] push_device_type = A, message = Y, receipt = Y, work = Y, notice = Y

bizstory_push: ** 20120927-155108
bizstory_push: sender=bizstorycokr@gmail.com, comp_idx=5, part_idx=5, mem_idx=45, receiver=west4185@naver.com, msg_type=receipt, message=[원호초등학교] 교무실,과학실 선 ..
bizstory_push: sql = select * from push_member where push_id = 'west4185@naver.com' and del_yn = 'N'
bizstory_push: [west4185@naver.com] push_device_type = I, message = Y, receipt = Y, work = Y, notice = Y
bizstory_push: APNS PUSH

bizstory_push: ** 20120927-155920
bizstory_push: sender=bizstorycokr@gmail.com, comp_idx=13, part_idx=17, mem_idx=90, receiver=acuana2@naver.com, msg_type=receipt, message=[반송중학교] 백업 및 pc지키미..
bizstory_push: sql = select * from push_member where push_id = 'acuana2@naver.com' and del_yn = 'N'
bizstory_push: [acuana2@naver.com] push_device_type = I, message = Y, receipt = Y, work = Y, notice = N
bizstory_push: APNS PUSH
bizstory_push: [acuana2@naver.com] push_device_type = I, message = Y, receipt = Y, work = Y, notice = N
bizstory_push: APNS PUSH

bizstory_push: ** 20120927-160613
bizstory_push: sender=bizstorycokr@gmail.com, comp_idx=5, part_idx=5, mem_idx=60, receiver=cndgh0506@naver.com, msg_type=receipt, message=[정수초등학교] 실물화상기 렌즈가 ..
bizstory_push: sql = select * from push_member where push_id = 'cndgh0506@naver.com' and del_yn = 'N'
bizstory_push: [cndgh0506@naver.com] push_device_type = I, message = Y, receipt = Y, work = Y, notice = Y
bizstory_push: APNS PUSH

bizstory_push: ** 20120927-162204
bizstory_push: sender=bizstorycokr@gmail.com, comp_idx=37, part_idx=51, mem_idx=301, receiver=kabi27@naver.com, msg_type=receipt, message=[관교초등학교] TEST
bizstory_push: sql = select * from push_member where push_id = 'kabi27@naver.com' and del_yn = 'N'
bizstory_push: 등록되지 않은 사용자
bizstory_push: sql = insert into push_history (send_key, comp_idx, part_idx, mem_idx, receiver_id, receiver_name, service_type, msg_type, message, state, state_comment, request_time) values ( '20120927162204228836', 37, 51, 301, 'kabi27@naver.com', '', 'ios', 'receipt', '[관교초등학교] TEST', '0', '등록되지 않은 사용자', now())

bizstory_push: ** 20120927-162908
bizstory_push: sender=bizstorycokr@gmail.com, comp_idx=7, part_idx=8, mem_idx=42, receiver=alsl2468@nate.com, msg_type=receipt, message=[산본중학교] USB에 있는 인증..
bizstory_push: sql = select * from push_member where push_id = 'alsl2468@nate.com' and del_yn = 'N'
bizstory_push: 등록되지 않은 사용자
bizstory_push: sql = insert into push_history (send_key, comp_idx, part_idx, mem_idx, receiver_id, receiver_name, service_type, msg_type, message, state, state_comment, request_time) values ( '20120927162908343489', 7, 8, 42, 'alsl2468@nate.com', '', 'ios', 'receipt', '[산본중학교] USB에 있는 인증..', '0', '등록되지 않은 사용자', now())

bizstory_push: ** 20120927-163517
bizstory_push: sender=bizstorycokr@gmail.com, comp_idx=5, part_idx=5, mem_idx=60, receiver=cndgh0506@naver.com, msg_type=receipt, message=[정수초등학교] 실물화상기 렌즈가 ..
bizstory_push: sql = select * from push_member where push_id = 'cndgh0506@naver.com' and del_yn = 'N'
bizstory_push: [cndgh0506@naver.com] push_device_type = I, message = Y, receipt = Y, work = Y, notice = Y
bizstory_push: APNS PUSH

bizstory_push: ** 20120927-165006
bizstory_push: sender=bizstorycokr@gmail.com, comp_idx=40, part_idx=54, mem_idx=239, receiver=talta5@hanmail.net, msg_type=receipt, message=[중등 옥암중학교] 카드리더기 프로그램..
bizstory_push: sql = select * from push_member where push_id = 'talta5@hanmail.net' and del_yn = 'N'
bizstory_push: [talta5@hanmail.net] push_device_type = A, message = Y, receipt = Y, work = Y, notice = Y

bizstory_push: ** 20120927-165035
bizstory_push: sender=bizstorycokr@gmail.com, comp_idx=40, part_idx=54, mem_idx=239, receiver=talta5@hanmail.net, msg_type=receipt, message=[고등  낭주고등학교] 교실컴이랑 텔레비 ..
bizstory_push: sql = select * from push_member where push_id = 'talta5@hanmail.net' and del_yn = 'N'
bizstory_push: [talta5@hanmail.net] push_device_type = A, message = Y, receipt = Y, work = Y, notice = Y

bizstory_push: ** 20120927-165122
bizstory_push: sender=bizstorycokr@gmail.com, comp_idx=40, part_idx=54, mem_idx=239, receiver=talta5@hanmail.net, msg_type=receipt, message=[기타 옥암유치원] 프린트기 연결요청
bizstory_push: sql = select * from push_member where push_id = 'talta5@hanmail.net' and del_yn = 'N'
bizstory_push: [talta5@hanmail.net] push_device_type = A, message = Y, receipt = Y, work = Y, notice = Y

bizstory_push: ** 20120927-165156
bizstory_push: sender=bizstorycokr@gmail.com, comp_idx=40, part_idx=54, mem_idx=242, receiver=tassman1@daum.net, msg_type=receipt, message=[초등 청계초등학교] 네트웤작업
bizstory_push: sql = select * from push_member where push_id = 'tassman1@daum.net' and del_yn = 'N'
bizstory_push: [tassman1@daum.net] push_device_type = A, message = Y, receipt = Y, work = Y, notice = Y

bizstory_push: ** 20120927-170411
bizstory_push: sender=bizstorycokr@gmail.com, comp_idx=5, part_idx=5, mem_idx=17, receiver=tssh2003@hanmail.net, msg_type=work, message=[업무보고] 구미초영재교육원 토너및 잉크 납품
bizstory_push: sql = select * from push_member where push_id = 'tssh2003@hanmail.net' and del_yn = 'N'
bizstory_push: [tssh2003@hanmail.net] push_device_type = A, message = Y, receipt = Y, work = Y, notice = Y
bizstory_push: sender=bizstorycokr@gmail.com, comp_idx=5, part_idx=5, mem_idx=17, receiver=, msg_type=work, message=[업무보고] 구미초영재교육원 토너및 잉크 납품
bizstory_push: sql = select * from push_member where push_id = '' and del_yn = 'N'
bizstory_push: 등록되지 않은 사용자
bizstory_push: sql = insert into push_history (send_key, comp_idx, part_idx, mem_idx, receiver_id, receiver_name, service_type, msg_type, message, state, state_comment, request_time) values ( '20120927170415531671', 5, 5, 17, '', '', 'ios', 'work', '[업무보고] 구미초영재교육원 토너및 잉크 납품', '0', '등록되지 않은 사용자', now())

bizstory_push: ** 20120927-170449
bizstory_push: sender=bizstorycokr@gmail.com, comp_idx=5, part_idx=5, mem_idx=17, receiver=tssh2003@hanmail.net, msg_type=work, message=[업무보고] 신기초 유치원 잉크 납품, 발명교실 ..
bizstory_push: sql = select * from push_member where push_id = 'tssh2003@hanmail.net' and del_yn = 'N'
bizstory_push: [tssh2003@hanmail.net] push_device_type = A, message = Y, receipt = Y, work = Y, notice = Y
bizstory_push: sender=bizstorycokr@gmail.com, comp_idx=5, part_idx=5, mem_idx=17, receiver=, msg_type=work, message=[업무보고] 신기초 유치원 잉크 납품, 발명교실 ..
bizstory_push: sql = select * from push_member where push_id = '' and del_yn = 'N'
bizstory_push: 등록되지 않은 사용자
bizstory_push: sql = insert into push_history (send_key, comp_idx, part_idx, mem_idx, receiver_id, receiver_name, service_type, msg_type, message, state, state_comment, request_time) values ( '20120927170457849022', 5, 5, 17, '', '', 'ios', 'work', '[업무보고] 신기초 유치원 잉크 납품, 발명교실 ..', '0', '등록되지 않은 사용자', now())

bizstory_push: ** 20120927-170534
bizstory_push: sender=bizstorycokr@gmail.com, comp_idx=5, part_idx=5, mem_idx=17, receiver=tssh2003@hanmail.net, msg_type=work, message=[업무보고] 왕산초 BR-7336 코팅기 납품
bizstory_push: sql = select * from push_member where push_id = 'tssh2003@hanmail.net' and del_yn = 'N'
bizstory_push: [tssh2003@hanmail.net] push_device_type = A, message = Y, receipt = Y, work = Y, notice = Y
bizstory_push: sender=bizstorycokr@gmail.com, comp_idx=5, part_idx=5, mem_idx=17, receiver=, msg_type=work, message=[업무보고] 왕산초 BR-7336 코팅기 납품
bizstory_push: sql = select * from push_member where push_id = '' and del_yn = 'N'
bizstory_push: 등록되지 않은 사용자
bizstory_push: sql = insert into push_history (send_key, comp_idx, part_idx, mem_idx, receiver_id, receiver_name, service_type, msg_type, message, state, state_comment, request_time) values ( '20120927170536982202', 5, 5, 17, '', '', 'ios', 'work', '[업무보고] 왕산초 BR-7336 코팅기 납품', '0', '등록되지 않은 사용자', now())

bizstory_push: ** 20120927-170904
bizstory_push: sender=bizstorycokr@gmail.com, comp_idx=5, part_idx=5, mem_idx=17, receiver=tssh2003@hanmail.net, msg_type=work, message=[업무코멘트] 경북외고 본체1대 모니터 9대 사무실..
bizstory_push: sql = select * from push_member where push_id = 'tssh2003@hanmail.net' and del_yn = 'N'
bizstory_push: [tssh2003@hanmail.net] push_device_type = A, message = Y, receipt = Y, work = Y, notice = Y
bizstory_push: sender=bizstorycokr@gmail.com, comp_idx=5, part_idx=5, mem_idx=17, receiver=, msg_type=work, message=[업무코멘트] 경북외고 본체1대 모니터 9대 사무실..
bizstory_push: sql = select * from push_member where push_id = '' and del_yn = 'N'
bizstory_push: 등록되지 않은 사용자
bizstory_push: sql = insert into push_history (send_key, comp_idx, part_idx, mem_idx, receiver_id, receiver_name, service_type, msg_type, message, state, state_comment, request_time) values ( '20120927170906783493', 5, 5, 17, '', '', 'ios', 'work', '[업무코멘트] 경북외고 본체1대 모니터 9대 사무실..', '0', '등록되지 않은 사용자', now())

bizstory_push: ** 20120927-171000
bizstory_push: sender=bizstorycokr@gmail.com, comp_idx=5, part_idx=5, mem_idx=17, receiver=tssh2003@hanmail.net, msg_type=work, message=[업무보고] 문장초 6학년연구실 BH363토너 납..
bizstory_push: sql = select * from push_member where push_id = 'tssh2003@hanmail.net' and del_yn = 'N'
bizstory_push: [tssh2003@hanmail.net] push_device_type = A, message = Y, receipt = Y, work = Y, notice = Y
bizstory_push: sender=bizstorycokr@gmail.com, comp_idx=5, part_idx=5, mem_idx=17, receiver=, msg_type=work, message=[업무보고] 문장초 6학년연구실 BH363토너 납..
bizstory_push: sql = select * from push_member where push_id = '' and del_yn = 'N'
bizstory_push: 등록되지 않은 사용자
bizstory_push: sql = insert into push_history (send_key, comp_idx, part_idx, mem_idx, receiver_id, receiver_name, service_type, msg_type, message, state, state_comment, request_time) values ( '20120927171003760430', 5, 5, 17, '', '', 'ios', 'work', '[업무보고] 문장초 6학년연구실 BH363토너 납..', '0', '등록되지 않은 사용자', now())

bizstory_push: ** 20120927-171934
bizstory_push: sender=bizstorycokr@gmail.com, comp_idx=7, part_idx=8, mem_idx=42, receiver=alsl2468@nate.com, msg_type=receipt, message=[산본중학교] 인터넷이 안되어 사..
bizstory_push: sql = select * from push_member where push_id = 'alsl2468@nate.com' and del_yn = 'N'
bizstory_push: 등록되지 않은 사용자
bizstory_push: sql = insert into push_history (send_key, comp_idx, part_idx, mem_idx, receiver_id, receiver_name, service_type, msg_type, message, state, state_comment, request_time) values ( '20120927171934145129', 7, 8, 42, 'alsl2468@nate.com', '', 'ios', 'receipt', '[산본중학교] 인터넷이 안되어 사..', '0', '등록되지 않은 사용자', now())

bizstory_push: ** 20120927-172056
bizstory_push: sender=bizstorycokr@gmail.com, comp_idx=1, part_idx=29, mem_idx=2, receiver=arachi76@naver.com, msg_type=work, message=[업무보고] 앱으로관리하는 자판기 시스템 개발관련..
bizstory_push: sql = select * from push_member where push_id = 'arachi76@naver.com' and del_yn = 'N'
bizstory_push: [arachi76@naver.com] push_device_type = I, message = Y, receipt = Y, work = Y, notice = Y
bizstory_push: APNS PUSH
bizstory_push: [arachi76@naver.com] push_device_type = I, message = Y, receipt = Y, work = Y, notice = Y
bizstory_push: APNS PUSH
bizstory_push: [arachi76@naver.com] push_device_type = I, message = Y, receipt = Y, work = Y, notice = Y
bizstory_push: APNS PUSH
bizstory_push: [arachi76@naver.com] push_device_type = I, message = Y, receipt = Y, work = Y, notice = Y
bizstory_push: APNS PUSH
bizstory_push: [arachi76@naver.com] push_device_type = I, message = Y, receipt = Y, work = Y, notice = Y
bizstory_push: APNS PUSH
bizstory_push: [arachi76@naver.com] push_device_type = I, message = Y, receipt = Y, work = Y, notice = Y
bizstory_push: APNS PUSH
bizstory_push: sender=bizstorycokr@gmail.com, comp_idx=1, part_idx=29, mem_idx=2, receiver=, msg_type=work, message=[업무보고] 앱으로관리하는 자판기 시스템 개발관련..
bizstory_push: sql = select * from push_member where push_id = '' and del_yn = 'N'
bizstory_push: 등록되지 않은 사용자
bizstory_push: sql = insert into push_history (send_key, comp_idx, part_idx, mem_idx, receiver_id, receiver_name, service_type, msg_type, message, state, state_comment, request_time) values ( '20120927172103809515', 1, 29, 2, '', '', 'ios', 'work', '[업무보고] 앱으로관리하는 자판기 시스템 개발관련..', '0', '등록되지 않은 사용자', now())

bizstory_push: ** 20120927-172830
bizstory_push: sender=bizstorycokr@gmail.com, comp_idx=4, part_idx=4, mem_idx=19, receiver=bugee09@naver.com, msg_type=receipt, message=[곡선초등학교] pc랑 TV가 연결..
bizstory_push: sql = select * from push_member where push_id = 'bugee09@naver.com' and del_yn = 'N'
bizstory_push: [bugee09@naver.com] push_device_type = A, message = Y, receipt = Y, work = Y, notice = Y
