bizstory_push: ** 20140228-034703
bizstory_push: sender=bizstorycokr@gmail.com, comp_idx=1, part_idx=1, mem_idx=2, receiver=arachi76@naver.com, msg_type=work, message=[업무코멘트] 전주비전대학교 본교사이트
bizstory_push: sql = select * from push_member where push_id = 'arachi76@naver.com' and del_yn = 'N'
bizstory_push: [arachi76@naver.com] push_device_type = I, message = Y, receipt = Y, work = Y, notice = Y, consult = 
bizstory_push: sql = insert into push_history (send_key, comp_idx, part_idx, mem_idx, receiver_id, push_device_type, push_registration_id, receiver_name, service_type, msg_type, message, state, state_comment, request_time) values ( '20140228034703486639', 1, 1, 2, 'arachi76@naver.com', 'I', '4ac171c71134ac868a9ce0fc22b36a015dee461bf045a22792beff7d6246e27f', '서경원', 'ios', 'work', '[업무코멘트] 전주비전대학교 본교사이트', '9', '', now())
bizstory_push: sender=bizstorycokr@gmail.com, comp_idx=1, part_idx=1, mem_idx=7, receiver=yukki76@nate.com, msg_type=work, message=[업무코멘트] 전주비전대학교 본교사이트
bizstory_push: sql = select * from push_member where push_id = 'yukki76@nate.com' and del_yn = 'N'
bizstory_push: [yukki76@nate.com] push_device_type = I, message = Y, receipt = Y, work = Y, notice = Y, consult = N
bizstory_push: sql = insert into push_history (send_key, comp_idx, part_idx, mem_idx, receiver_id, push_device_type, push_registration_id, receiver_name, service_type, msg_type, message, state, state_comment, request_time) values ( '20140228034703754640', 1, 1, 7, 'yukki76@nate.com', 'I', 'f7baf1ed812b2a6ce562a2c25b778dfc4eccf5eb9ec205eacecc533f2144c6b7', '김경화', 'ios', 'work', '[업무코멘트] 전주비전대학교 본교사이트', '9', '', now())
bizstory_push: sender=bizstorycokr@gmail.com, comp_idx=1, part_idx=1, mem_idx=529, receiver=berbucks@nate.com, msg_type=work, message=[업무코멘트] 전주비전대학교 본교사이트
bizstory_push: sql = select * from push_member where push_id = 'berbucks@nate.com' and del_yn = 'N'
bizstory_push: [berbucks@nate.com] push_device_type = I, message = Y, receipt = Y, work = Y, notice = Y, consult = 
bizstory_push: sql = insert into push_history (send_key, comp_idx, part_idx, mem_idx, receiver_id, push_device_type, push_registration_id, receiver_name, service_type, msg_type, message, state, state_comment, request_time) values ( '20140228034703861555', 1, 1, 529, 'berbucks@nate.com', 'I', '1efced7c9fbbd2e0cf09aea0abd1eefd00f7e97437531354b77529a62902ae49', '김진오', 'ios', 'work', '[업무코멘트] 전주비전대학교 본교사이트', '9', '', now())
bizstory_push: sender=bizstorycokr@gmail.com, comp_idx=0, part_idx=0, mem_idx=0, receiver=, msg_type=work, message=[업무코멘트] 전주비전대학교 본교사이트
bizstory_push: sql = select * from push_member where push_id = '' and del_yn = 'N'
bizstory_push: 등록되지 않은 사용자
bizstory_push: sql = insert into push_history (send_key, comp_idx, part_idx, mem_idx, receiver_id, receiver_name, service_type, msg_type, message, state, state_comment, request_time) values ( '20140228034703237183', 0, 0, 0, '', '', 'ios', 'work', '[업무코멘트] 전주비전대학교 본교사이트', '0', '등록되지 않은 사용자', now())
bizstory_push: ** 20140228-034900
bizstory_push: sender=bizstorycokr@gmail.com, comp_idx=1, part_idx=1, mem_idx=2, receiver=arachi76@naver.com, msg_type=work, message=[업무보고] 전주비전대학교 본교사이트
bizstory_push: sql = select * from push_member where push_id = 'arachi76@naver.com' and del_yn = 'N'
bizstory_push: [arachi76@naver.com] push_device_type = I, message = Y, receipt = Y, work = Y, notice = Y, consult = 
bizstory_push: sql = insert into push_history (send_key, comp_idx, part_idx, mem_idx, receiver_id, push_device_type, push_registration_id, receiver_name, service_type, msg_type, message, state, state_comment, request_time) values ( '20140228034900701665', 1, 1, 2, 'arachi76@naver.com', 'I', '4ac171c71134ac868a9ce0fc22b36a015dee461bf045a22792beff7d6246e27f', '서경원', 'ios', 'work', '[업무보고] 전주비전대학교 본교사이트', '9', '', now())
bizstory_push: sender=bizstorycokr@gmail.com, comp_idx=1, part_idx=1, mem_idx=7, receiver=yukki76@nate.com, msg_type=work, message=[업무보고] 전주비전대학교 본교사이트
bizstory_push: sql = select * from push_member where push_id = 'yukki76@nate.com' and del_yn = 'N'
bizstory_push: [yukki76@nate.com] push_device_type = I, message = Y, receipt = Y, work = Y, notice = Y, consult = N
bizstory_push: sql = insert into push_history (send_key, comp_idx, part_idx, mem_idx, receiver_id, push_device_type, push_registration_id, receiver_name, service_type, msg_type, message, state, state_comment, request_time) values ( '20140228034900614226', 1, 1, 7, 'yukki76@nate.com', 'I', 'f7baf1ed812b2a6ce562a2c25b778dfc4eccf5eb9ec205eacecc533f2144c6b7', '김경화', 'ios', 'work', '[업무보고] 전주비전대학교 본교사이트', '9', '', now())
bizstory_push: sender=bizstorycokr@gmail.com, comp_idx=1, part_idx=1, mem_idx=529, receiver=berbucks@nate.com, msg_type=work, message=[업무보고] 전주비전대학교 본교사이트
bizstory_push: sql = select * from push_member where push_id = 'berbucks@nate.com' and del_yn = 'N'
bizstory_push: [berbucks@nate.com] push_device_type = I, message = Y, receipt = Y, work = Y, notice = Y, consult = 
bizstory_push: sql = insert into push_history (send_key, comp_idx, part_idx, mem_idx, receiver_id, push_device_type, push_registration_id, receiver_name, service_type, msg_type, message, state, state_comment, request_time) values ( '20140228034900960667', 1, 1, 529, 'berbucks@nate.com', 'I', '1efced7c9fbbd2e0cf09aea0abd1eefd00f7e97437531354b77529a62902ae49', '김진오', 'ios', 'work', '[업무보고] 전주비전대학교 본교사이트', '9', '', now())
bizstory_push: sender=bizstorycokr@gmail.com, comp_idx=0, part_idx=0, mem_idx=0, receiver=, msg_type=work, message=[업무보고] 전주비전대학교 본교사이트
bizstory_push: sql = select * from push_member where push_id = '' and del_yn = 'N'
bizstory_push: 등록되지 않은 사용자
bizstory_push: sql = insert into push_history (send_key, comp_idx, part_idx, mem_idx, receiver_id, receiver_name, service_type, msg_type, message, state, state_comment, request_time) values ( '20140228034900844829', 0, 0, 0, '', '', 'ios', 'work', '[업무보고] 전주비전대학교 본교사이트', '0', '등록되지 않은 사용자', now())
bizstory_push: ** 20140228-080148
bizstory_push: sender=bizstorycokr@gmail.com, comp_idx=13, part_idx=17, mem_idx=94, receiver=starnts@greatworks.co.kr, msg_type=receipt, message=[창원명지여자고등학교] 쿨메신져 수정 및 ..
bizstory_push: sql = select * from push_member where push_id = 'starnts@greatworks.co.kr' and del_yn = 'N'
bizstory_push: [starnts@greatworks.co.kr] push_device_type = A, message = Y, receipt = Y, work = Y, notice = Y, consult = 
bizstory_push: sql = insert into push_history (send_key, comp_idx, part_idx, mem_idx, receiver_id, push_device_type, push_registration_id, receiver_name, service_type, msg_type, message, state, state_comment, request_time) values ( '20140228080148410462', 13, 17, 92, 'starnts@greatworks.co.kr', 'A', 'APA91bHiOAbj3tzoiWBwyrdNRjREW3CrfDwm_tkfl2bVl88NEEz643nLe2n2PmHKhO2TjZQn2okD6QTstELDojuCJxctI2iOL5qtV-d4uQPaeyHUr6O-lQMvtCJ3wRRqmzeKWstt_iWPF-RzsEchBHWUpZ3gBOQqpw', '노태성', 'ios', 'receipt', '[창원명지여자고등학교] 쿨메신져 수정 및 ..', '9', '', now())
bizstory_push: ** 20140228-081323
bizstory_push: sender=bizstorycokr@gmail.com, comp_idx=7, part_idx=8, mem_idx=36, receiver=neoggt@naver.com, msg_type=receipt, message=[접수] [안양여상고] 나이스 공람 안됨
bizstory_push: sql = select * from push_member where push_id = 'neoggt@naver.com' and del_yn = 'N'
bizstory_push: [neoggt@naver.com] push_device_type = A, message = Y, receipt = Y, work = Y, notice = Y, consult = 
bizstory_push: sql = insert into push_history (send_key, comp_idx, part_idx, mem_idx, receiver_id, push_device_type, push_registration_id, receiver_name, service_type, msg_type, message, state, state_comment, request_time) values ( '20140228081323614446', 7, 8, 36, 'neoggt@naver.com', 'A', 'APA91bEq6XuBBVBtmK1bxKQ12i2ZC6hUnNgFTeUUl-AYxZbXSytM5udM2EbZAuPTS0k66ulwDg_BHvFRAQIhDacrlkkTqbyNI6SMPGafKbkl4_eECwo1jExBadVR2rXER0bMKVXwNdgIJ8Ov8kwLL3Pjg5PhLAPmf4s7DCHNek7CQ4vmiGuJVAo', '고광태', 'ios', 'receipt', '[접수] [안양여상고] 나이스 공람 안됨', '9', '', now())
bizstory_push: ** 20140228-081323
bizstory_push: ** 20140228-083421
bizstory_push: sender=bizstorycokr@gmail.com, comp_idx=5, part_idx=5, mem_idx=83, receiver=cpui7@daum.net, msg_type=receipt, message=[봉곡초등학교] 교장선생님 자료 이..
bizstory_push: sql = select * from push_member where push_id = 'cpui7@daum.net' and del_yn = 'N'
bizstory_push: [cpui7@daum.net] push_device_type = A, message = Y, receipt = Y, work = Y, notice = Y, consult = 
bizstory_push: sql = insert into push_history (send_key, comp_idx, part_idx, mem_idx, receiver_id, push_device_type, push_registration_id, receiver_name, service_type, msg_type, message, state, state_comment, request_time) values ( '20140228083421913402', 5, 5, 83, 'cpui7@daum.net', 'A', 'APA91bEnh3lsA-Vk0Ps2_lF-3RA8DReacx8bjG_YFOvJD_Jqp30qEhjwqriJyjwcjmuenhpQTmfd2RgTvVQmR1gP0CE4Mp8-9MYKQW69uJ2WMjjzTFnr4ONmwR_Lxj-reU1DAHS6xbOVlHjw1SQPEZmvY-VK9hNPQWQ8byhRzn72jap0TCMkJpI', '황진섭', 'ios', 'receipt', '[봉곡초등학교] 교장선생님 자료 이..', '9', '', now())
bizstory_push: ** 20140228-085649
bizstory_push: sender=bizstorycokr@gmail.com, comp_idx=58, part_idx=109, mem_idx=387, receiver=cctvc@korea.kr, msg_type=receipt, message=[접수] [백운초등학교] 3-2
bizstory_push: sql = select * from push_member where push_id = 'cctvc@korea.kr' and del_yn = 'N'
bizstory_push: [cctvc@korea.kr] push_device_type = A, message = Y, receipt = Y, work = Y, notice = Y, consult = Y
bizstory_push: sql = insert into push_history (send_key, comp_idx, part_idx, mem_idx, receiver_id, push_device_type, push_registration_id, receiver_name, service_type, msg_type, message, state, state_comment, request_time) values ( '20140228085649640365', 58, 109, 387, 'cctvc@korea.kr', 'A', 'APA91bEvsYNT1037VP3hB-q6VWfTxx0hBSSIKQ894ACNnv6rCBUhfpNxHVvz-HDflWNMCyCzfYCW-yv6hISBT3BdUpE1aMsdiA31A3ZX6M6djY9-qEVTnaWFHFNG1lr-GJNr4DpadOScdKzKtiHcd3KhzdAMG0IU0v6BUM-p6wbuW7KY8-b2wbs', '최세훈', 'ios', 'receipt', '[접수] [백운초등학교] 3-2', '9', '', now())
bizstory_push: ** 20140228-085649
bizstory_push: ** 20140228-090201
bizstory_push: sender=bizstorycokr@gmail.com, comp_idx=4, part_idx=4, mem_idx=369, receiver=choidh73@hanmail.net, msg_type=receipt, message=[접수] [영화초등학교] 수석실
bizstory_push: sql = select * from push_member where push_id = 'choidh73@hanmail.net' and del_yn = 'N'
bizstory_push: [choidh73@hanmail.net] push_device_type = A, message = Y, receipt = Y, work = Y, notice = Y, consult = 
bizstory_push: sql = insert into push_history (send_key, comp_idx, part_idx, mem_idx, receiver_id, push_device_type, push_registration_id, receiver_name, service_type, msg_type, message, state, state_comment, request_time) values ( '20140228090201605029', 4, 4, 369, 'choidh73@hanmail.net', 'A', 'APA91bFX1VbttWRGFNnlmf5ZlV05J1vJotNLwfzczQcNzBQs6v3_crjGRcAtv55zzqZod9VWtdRzgs0jpyGDeP7mr8A2esjQak5Ye_GzKIAHFYiT-4sXFqEyC4qCRTyVUxCPJSpmqVfrr8XTkardyXOvsqcKPZVT7g', '최동호', 'ios', 'receipt', '[접수] [영화초등학교] 수석실', '9', '', now())
bizstory_push: ** 20140228-090201
bizstory_push: ** 20140228-091121
bizstory_push: sender=bizstorycokr@gmail.com, comp_idx=1, part_idx=1, mem_idx=2, receiver=arachi76@naver.com, msg_type=receipt, message=[전주비전대학교] 국문홈페이지 요구분..
bizstory_push: sql = select * from push_member where push_id = 'arachi76@naver.com' and del_yn = 'N'
bizstory_push: [arachi76@naver.com] push_device_type = I, message = Y, receipt = Y, work = Y, notice = Y, consult = 
bizstory_push: sql = insert into push_history (send_key, comp_idx, part_idx, mem_idx, receiver_id, push_device_type, push_registration_id, receiver_name, service_type, msg_type, message, state, state_comment, request_time) values ( '20140228091121113756', 1, 1, 2, 'arachi76@naver.com', 'I', '4ac171c71134ac868a9ce0fc22b36a015dee461bf045a22792beff7d6246e27f', '서경원', 'ios', 'receipt', '[전주비전대학교] 국문홈페이지 요구분..', '9', '', now())
bizstory_push: ** 20140228-092349
bizstory_push: sender=bizstorycokr@gmail.com, comp_idx=4, part_idx=4, mem_idx=369, receiver=choidh73@hanmail.net, msg_type=receipt, message=[접수] [서호초등학교] 프린터 인쇄오류
bizstory_push: sql = select * from push_member where push_id = 'choidh73@hanmail.net' and del_yn = 'N'
bizstory_push: [choidh73@hanmail.net] push_device_type = A, message = Y, receipt = Y, work = Y, notice = Y, consult = 
bizstory_push: sql = insert into push_history (send_key, comp_idx, part_idx, mem_idx, receiver_id, push_device_type, push_registration_id, receiver_name, service_type, msg_type, message, state, state_comment, request_time) values ( '20140228092349964887', 4, 4, 369, 'choidh73@hanmail.net', 'A', 'APA91bFX1VbttWRGFNnlmf5ZlV05J1vJotNLwfzczQcNzBQs6v3_crjGRcAtv55zzqZod9VWtdRzgs0jpyGDeP7mr8A2esjQak5Ye_GzKIAHFYiT-4sXFqEyC4qCRTyVUxCPJSpmqVfrr8XTkardyXOvsqcKPZVT7g', '최동호', 'ios', 'receipt', '[접수] [서호초등학교] 프린터 인쇄오류', '9', '', now())
bizstory_push: ** 20140228-092349
bizstory_push: ** 20140228-092419
bizstory_push: sender=bizstorycokr@gmail.com, comp_idx=36, part_idx=50, mem_idx=244, receiver=cds6809@hanmail.net, msg_type=receipt, message=[접수] [문산여자고등학교] 음윤정 선생님 인..
bizstory_push: sql = select * from push_member where push_id = 'cds6809@hanmail.net' and del_yn = 'N'
bizstory_push: [cds6809@hanmail.net] push_device_type = A, message = Y, receipt = Y, work = Y, notice = Y, consult = 
bizstory_push: sql = insert into push_history (send_key, comp_idx, part_idx, mem_idx, receiver_id, push_device_type, push_registration_id, receiver_name, service_type, msg_type, message, state, state_comment, request_time) values ( '20140228092419291756', 36, 50, 244, 'cds6809@hanmail.net', 'A', 'APA91bHMaliZUpRcxTTYXZhQD2MVAmtGis4z_bbjKIzwFc9BqYqjklwENMy3HjdwTcksrvn0FLB2IjqivwnJJipxgUPUaEiAQon_jZvtlDF87D-FxWKhPGM2ccCGUj84DZnde5DVrhiuvH8nVdc72HEjMMt-Ve2w4Q', '최동식', 'ios', 'receipt', '[접수] [문산여자고등학교] 음윤정 선생님 인..', '9', '', now())
bizstory_push: ** 20140228-092419
bizstory_push: ** 20140228-092431
bizstory_push: sender=bizstorycokr@gmail.com, comp_idx=44, part_idx=80, mem_idx=292, receiver=semtl97@naver.com, msg_type=receipt, message=[접수] [의정부효자초등학교] 대리님~
bizstory_push: sql = select * from push_member where push_id = 'semtl97@naver.com' and del_yn = 'N'
bizstory_push: [semtl97@naver.com] push_device_type = A, message = Y, receipt = Y, work = Y, notice = Y, consult = 
bizstory_push: sql = insert into push_history (send_key, comp_idx, part_idx, mem_idx, receiver_id, push_device_type, push_registration_id, receiver_name, service_type, msg_type, message, state, state_comment, request_time) values ( '20140228092431292836', 44, 80, 292, 'semtl97@naver.com', 'A', 'APA91bGVq32gchPt3WoGAEetxkQEczhbZ9qKkA9MBXQhJAuYiXxY6i8mrdhwGhKbOEp5pPiCOfP-y765LTxgzTXQqeskEydjkjaz5-0YEGW9fnPY5jC4-ZNHSZEYnCM3MK9g_zkON8mb3dv7aN-OreA0GrLeHJSI3Q', '전재욱', 'ios', 'receipt', '[접수] [의정부효자초등학교] 대리님~', '9', '', now())
bizstory_push: ** 20140228-092431
bizstory_push: ** 20140228-092612
bizstory_push: sender=bizstorycokr@gmail.com, comp_idx=32, part_idx=39, mem_idx=411, receiver=jowsgo@miraensys.com, msg_type=receipt, message=[접수] [성사초등학교] 1학년 8반 컴퓨터...
bizstory_push: sql = select * from push_member where push_id = 'jowsgo@miraensys.com' and del_yn = 'N'
bizstory_push: 등록되지 않은 사용자
bizstory_push: sql = insert into push_history (send_key, comp_idx, part_idx, mem_idx, receiver_id, receiver_name, service_type, msg_type, message, state, state_comment, request_time) values ( '20140228092612477521', 32, 39, 411, 'jowsgo@miraensys.com', '', 'ios', 'receipt', '[접수] [성사초등학교] 1학년 8반 컴퓨터...', '0', '등록되지 않은 사용자', now())
bizstory_push: ** 20140228-092612
bizstory_push: ** 20140228-093400
bizstory_push: sender=bizstorycokr@gmail.com, comp_idx=58, part_idx=109, mem_idx=387, receiver=cctvc@korea.kr, msg_type=receipt, message=[접수] [백운초등학교] 1-7
bizstory_push: sql = select * from push_member where push_id = 'cctvc@korea.kr' and del_yn = 'N'
bizstory_push: [cctvc@korea.kr] push_device_type = A, message = Y, receipt = Y, work = Y, notice = Y, consult = Y
bizstory_push: sql = insert into push_history (send_key, comp_idx, part_idx, mem_idx, receiver_id, push_device_type, push_registration_id, receiver_name, service_type, msg_type, message, state, state_comment, request_time) values ( '20140228093400812609', 58, 109, 387, 'cctvc@korea.kr', 'A', 'APA91bEvsYNT1037VP3hB-q6VWfTxx0hBSSIKQ894ACNnv6rCBUhfpNxHVvz-HDflWNMCyCzfYCW-yv6hISBT3BdUpE1aMsdiA31A3ZX6M6djY9-qEVTnaWFHFNG1lr-GJNr4DpadOScdKzKtiHcd3KhzdAMG0IU0v6BUM-p6wbuW7KY8-b2wbs', '최세훈', 'ios', 'receipt', '[접수] [백운초등학교] 1-7', '9', '', now())
bizstory_push: ** 20140228-093400
bizstory_push: ** 20140228-094712
bizstory_push: sender=bizstorycokr@gmail.com, comp_idx=58, part_idx=109, mem_idx=387, receiver=cctvc@korea.kr, msg_type=receipt, message=[접수] [백운초등학교] 교무실
bizstory_push: sql = select * from push_member where push_id = 'cctvc@korea.kr' and del_yn = 'N'
bizstory_push: [cctvc@korea.kr] push_device_type = A, message = Y, receipt = Y, work = Y, notice = Y, consult = Y
bizstory_push: sql = insert into push_history (send_key, comp_idx, part_idx, mem_idx, receiver_id, push_device_type, push_registration_id, receiver_name, service_type, msg_type, message, state, state_comment, request_time) values ( '20140228094712433957', 58, 109, 387, 'cctvc@korea.kr', 'A', 'APA91bEvsYNT1037VP3hB-q6VWfTxx0hBSSIKQ894ACNnv6rCBUhfpNxHVvz-HDflWNMCyCzfYCW-yv6hISBT3BdUpE1aMsdiA31A3ZX6M6djY9-qEVTnaWFHFNG1lr-GJNr4DpadOScdKzKtiHcd3KhzdAMG0IU0v6BUM-p6wbuW7KY8-b2wbs', '최세훈', 'ios', 'receipt', '[접수] [백운초등학교] 교무실', '9', '', now())
bizstory_push: ** 20140228-094712
bizstory_push: ** 20140228-094725
bizstory_push: sender=bizstorycokr@gmail.com, comp_idx=13, part_idx=17, mem_idx=517, receiver=ksh6969@greatworks.co.kr, msg_type=receipt, message=[접수] [반림중학교] 중감에 멈춤
bizstory_push: sql = select * from push_member where push_id = 'ksh6969@greatworks.co.kr' and del_yn = 'N'
bizstory_push: [ksh6969@greatworks.co.kr] push_device_type = I, message = Y, receipt = Y, work = Y, notice = Y, consult = 
bizstory_push: sql = insert into push_history (send_key, comp_idx, part_idx, mem_idx, receiver_id, push_device_type, push_registration_id, receiver_name, service_type, msg_type, message, state, state_comment, request_time) values ( '20140228094725749655', 13, 17, 517, 'ksh6969@greatworks.co.kr', 'I', '3db048dddedc374b54a6787d117b2f1728bbe535a5c06b37c24fd8ee186cb6a8', '강신호', 'ios', 'receipt', '[접수] [반림중학교] 중감에 멈춤', '9', '', now())
bizstory_push: ** 20140228-094725
bizstory_push: ** 20140228-095901
bizstory_push: sender=bizstorycokr@gmail.com, comp_idx=69, part_idx=147, mem_idx=488, receiver=griunnimhun@hanmail.net, msg_type=work, message=[업무] 2/28 송금내역입니다
bizstory_push: sql = select * from push_member where push_id = 'griunnimhun@hanmail.net' and del_yn = 'N'
bizstory_push: [griunnimhun@hanmail.net] push_device_type = A, message = Y, receipt = Y, work = Y, notice = Y, consult = 
bizstory_push: sql = insert into push_history (send_key, comp_idx, part_idx, mem_idx, receiver_id, push_device_type, push_registration_id, receiver_name, service_type, msg_type, message, state, state_comment, request_time) values ( '20140228095901322613', 69, 147, 488, 'griunnimhun@hanmail.net', 'A', 'APA91bHreDRWqqCL-X3KBc2EQDGPuEWMPUu1AqIZOCfp0lqsf0dD97JOLMU3Dj2t0PSRmaCr4yomJPw5lWbKaiKdHclOZTS2l48qWgA-z371ueOSZR2JWp-hNEt8pu_SQnmtAlcEZ4c386q2x71qTQzPm-D3jPgNvw', '정성훈', 'ios', 'work', '[업무] 2/28 송금내역입니다', '9', '', now())
bizstory_push: ** 20140228-100539
bizstory_push: sender=bizstorycokr@gmail.com, comp_idx=36, part_idx=50, mem_idx=244, receiver=cds6809@hanmail.net, msg_type=receipt, message=[접수] [문산여자고등학교] 이지현선생님 인터..
bizstory_push: sql = select * from push_member where push_id = 'cds6809@hanmail.net' and del_yn = 'N'
bizstory_push: [cds6809@hanmail.net] push_device_type = A, message = Y, receipt = Y, work = Y, notice = Y, consult = 
bizstory_push: sql = insert into push_history (send_key, comp_idx, part_idx, mem_idx, receiver_id, push_device_type, push_registration_id, receiver_name, service_type, msg_type, message, state, state_comment, request_time) values ( '20140228100539221178', 36, 50, 244, 'cds6809@hanmail.net', 'A', 'APA91bHMaliZUpRcxTTYXZhQD2MVAmtGis4z_bbjKIzwFc9BqYqjklwENMy3HjdwTcksrvn0FLB2IjqivwnJJipxgUPUaEiAQon_jZvtlDF87D-FxWKhPGM2ccCGUj84DZnde5DVrhiuvH8nVdc72HEjMMt-Ve2w4Q', '최동식', 'ios', 'receipt', '[접수] [문산여자고등학교] 이지현선생님 인터..', '9', '', now())
bizstory_push: ** 20140228-100539
bizstory_push: ** 20140228-100546
bizstory_push: sender=bizstorycokr@gmail.com, comp_idx=69, part_idx=147, mem_idx=488, receiver=griunnimhun@hanmail.net, msg_type=work, message=[업무] 2/28송금내역입니다
bizstory_push: sql = select * from push_member where push_id = 'griunnimhun@hanmail.net' and del_yn = 'N'
bizstory_push: [griunnimhun@hanmail.net] push_device_type = A, message = Y, receipt = Y, work = Y, notice = Y, consult = 
bizstory_push: sql = insert into push_history (send_key, comp_idx, part_idx, mem_idx, receiver_id, push_device_type, push_registration_id, receiver_name, service_type, msg_type, message, state, state_comment, request_time) values ( '20140228100546138809', 69, 147, 488, 'griunnimhun@hanmail.net', 'A', 'APA91bHreDRWqqCL-X3KBc2EQDGPuEWMPUu1AqIZOCfp0lqsf0dD97JOLMU3Dj2t0PSRmaCr4yomJPw5lWbKaiKdHclOZTS2l48qWgA-z371ueOSZR2JWp-hNEt8pu_SQnmtAlcEZ4c386q2x71qTQzPm-D3jPgNvw', '정성훈', 'ios', 'work', '[업무] 2/28송금내역입니다', '9', '', now())
bizstory_push: ** 20140228-102050
bizstory_push: sender=bizstorycokr@gmail.com, comp_idx=32, part_idx=39, mem_idx=411, receiver=jowsgo@miraensys.com, msg_type=receipt, message=[접수] [성사초등학교] 내 pc지킴이 서버...
bizstory_push: sql = select * from push_member where push_id = 'jowsgo@miraensys.com' and del_yn = 'N'
bizstory_push: 등록되지 않은 사용자
bizstory_push: sql = insert into push_history (send_key, comp_idx, part_idx, mem_idx, receiver_id, receiver_name, service_type, msg_type, message, state, state_comment, request_time) values ( '20140228102050231409', 32, 39, 411, 'jowsgo@miraensys.com', '', 'ios', 'receipt', '[접수] [성사초등학교] 내 pc지킴이 서버...', '0', '등록되지 않은 사용자', now())
bizstory_push: ** 20140228-102050
bizstory_push: ** 20140228-102705
bizstory_push: sender=bizstorycokr@gmail.com, comp_idx=36, part_idx=50, mem_idx=244, receiver=cds6809@hanmail.net, msg_type=receipt, message=[접수] [문산여자고등학교] 김진환선생님 인터..
bizstory_push: sql = select * from push_member where push_id = 'cds6809@hanmail.net' and del_yn = 'N'
bizstory_push: [cds6809@hanmail.net] push_device_type = A, message = Y, receipt = Y, work = Y, notice = Y, consult = 
bizstory_push: sql = insert into push_history (send_key, comp_idx, part_idx, mem_idx, receiver_id, push_device_type, push_registration_id, receiver_name, service_type, msg_type, message, state, state_comment, request_time) values ( '20140228102705835787', 36, 50, 244, 'cds6809@hanmail.net', 'A', 'APA91bHMaliZUpRcxTTYXZhQD2MVAmtGis4z_bbjKIzwFc9BqYqjklwENMy3HjdwTcksrvn0FLB2IjqivwnJJipxgUPUaEiAQon_jZvtlDF87D-FxWKhPGM2ccCGUj84DZnde5DVrhiuvH8nVdc72HEjMMt-Ve2w4Q', '최동식', 'ios', 'receipt', '[접수] [문산여자고등학교] 김진환선생님 인터..', '9', '', now())
bizstory_push: ** 20140228-102705
bizstory_push: ** 20140228-102840
bizstory_push: sender=bizstorycokr@gmail.com, comp_idx=4, part_idx=4, mem_idx=369, receiver=choidh73@hanmail.net, msg_type=receipt, message=[접수] [화서초등학교] 본관2층 본관3층 ...
bizstory_push: sql = select * from push_member where push_id = 'choidh73@hanmail.net' and del_yn = 'N'
bizstory_push: [choidh73@hanmail.net] push_device_type = A, message = Y, receipt = Y, work = Y, notice = Y, consult = 
bizstory_push: sql = insert into push_history (send_key, comp_idx, part_idx, mem_idx, receiver_id, push_device_type, push_registration_id, receiver_name, service_type, msg_type, message, state, state_comment, request_time) values ( '20140228102840707246', 4, 4, 369, 'choidh73@hanmail.net', 'A', 'APA91bFX1VbttWRGFNnlmf5ZlV05J1vJotNLwfzczQcNzBQs6v3_crjGRcAtv55zzqZod9VWtdRzgs0jpyGDeP7mr8A2esjQak5Ye_GzKIAHFYiT-4sXFqEyC4qCRTyVUxCPJSpmqVfrr8XTkardyXOvsqcKPZVT7g', '최동호', 'ios', 'receipt', '[접수] [화서초등학교] 본관2층 본관3층 ...', '9', '', now())
bizstory_push: ** 20140228-102840
bizstory_push: ** 20140228-102926
bizstory_push: sender=bizstorycokr@gmail.com, comp_idx=4, part_idx=4, mem_idx=369, receiver=choidh73@hanmail.net, msg_type=receipt, message=[접수] [화서초등학교] 후관2층 영어회화실
bizstory_push: sql = select * from push_member where push_id = 'choidh73@hanmail.net' and del_yn = 'N'
bizstory_push: [choidh73@hanmail.net] push_device_type = A, message = Y, receipt = Y, work = Y, notice = Y, consult = 
bizstory_push: sql = insert into push_history (send_key, comp_idx, part_idx, mem_idx, receiver_id, push_device_type, push_registration_id, receiver_name, service_type, msg_type, message, state, state_comment, request_time) values ( '20140228102926252404', 4, 4, 369, 'choidh73@hanmail.net', 'A', 'APA91bFX1VbttWRGFNnlmf5ZlV05J1vJotNLwfzczQcNzBQs6v3_crjGRcAtv55zzqZod9VWtdRzgs0jpyGDeP7mr8A2esjQak5Ye_GzKIAHFYiT-4sXFqEyC4qCRTyVUxCPJSpmqVfrr8XTkardyXOvsqcKPZVT7g', '최동호', 'ios', 'receipt', '[접수] [화서초등학교] 후관2층 영어회화실', '9', '', now())
bizstory_push: ** 20140228-102926
bizstory_push: ** 20140228-103025
bizstory_push: sender=bizstorycokr@gmail.com, comp_idx=58, part_idx=109, mem_idx=388, receiver=yoonhyunjoon@naver.com, msg_type=receipt, message=[접수] [흥진초등학교] 나이스  유통필터 ...
bizstory_push: sql = select * from push_member where push_id = 'yoonhyunjoon@naver.com' and del_yn = 'N'
bizstory_push: [yoonhyunjoon@naver.com] push_device_type = A, message = Y, receipt = Y, work = Y, notice = Y, consult = 
bizstory_push: sql = insert into push_history (send_key, comp_idx, part_idx, mem_idx, receiver_id, push_device_type, push_registration_id, receiver_name, service_type, msg_type, message, state, state_comment, request_time) values ( '20140228103025317202', 58, 109, 388, 'yoonhyunjoon@naver.com', 'A', 'APA91bFXSBYvMwLmzwBpuNLYJUeXbmhIdokJqyN8dci3aqmFt9dFaH0D8UMLm67n1l8ntGpT5JyTMDyjJfv2UXFshmiLjCbOA7S4GxfzeMIWpTrqO1iFvSEpPVtg229wXt6C9nxDD1KKLKEVPa6EvEdd8H2aRiq7xA', '윤현준', 'ios', 'receipt', '[접수] [흥진초등학교] 나이스  유통필터 ...', '9', '', now())
bizstory_push: ** 20140228-103025
bizstory_push: ** 20140228-105410
bizstory_push: sender=bizstorycokr@gmail.com, comp_idx=36, part_idx=50, mem_idx=245, receiver=yangkie76@hanmail.net, msg_type=receipt, message=[접수] [한가람초등학교] 업무포털 EPKI...
bizstory_push: sql = select * from push_member where push_id = 'yangkie76@hanmail.net' and del_yn = 'N'
bizstory_push: [yangkie76@hanmail.net] push_device_type = A, message = Y, receipt = Y, work = Y, notice = Y, consult = 
bizstory_push: sql = insert into push_history (send_key, comp_idx, part_idx, mem_idx, receiver_id, push_device_type, push_registration_id, receiver_name, service_type, msg_type, message, state, state_comment, request_time) values ( '20140228105410781154', 36, 50, 245, 'yangkie76@hanmail.net', 'A', 'APA91bE3QxOxLwjQLj6e6hG0mqSYz4QZfDMLdyAeBsAuRY5d_9dR7bNwvS8BJPsDwdL8zeN-3FRu0P8EyqdQgBemPWwn-4dA6POVLSUjJwqygAyWud7Zgw196vFPUuP0P5o58YzDJYtkr-HbkaK37fExzP2DJ7Nd2O5dl7pX3x711atrQoXSDho', '양태명', 'ios', 'receipt', '[접수] [한가람초등학교] 업무포털 EPKI...', '9', '', now())
bizstory_push: ** 20140228-105410
bizstory_push: ** 20140228-110803
bizstory_push: sender=bizstorycokr@gmail.com, comp_idx=69, part_idx=147, mem_idx=488, receiver=griunnimhun@hanmail.net, msg_type=work, message=[업무] 품절안내
bizstory_push: sql = select * from push_member where push_id = 'griunnimhun@hanmail.net' and del_yn = 'N'
bizstory_push: [griunnimhun@hanmail.net] push_device_type = A, message = Y, receipt = Y, work = Y, notice = Y, consult = 
bizstory_push: sql = insert into push_history (send_key, comp_idx, part_idx, mem_idx, receiver_id, push_device_type, push_registration_id, receiver_name, service_type, msg_type, message, state, state_comment, request_time) values ( '20140228110803395150', 69, 147, 488, 'griunnimhun@hanmail.net', 'A', 'APA91bHreDRWqqCL-X3KBc2EQDGPuEWMPUu1AqIZOCfp0lqsf0dD97JOLMU3Dj2t0PSRmaCr4yomJPw5lWbKaiKdHclOZTS2l48qWgA-z371ueOSZR2JWp-hNEt8pu_SQnmtAlcEZ4c386q2x71qTQzPm-D3jPgNvw', '정성훈', 'ios', 'work', '[업무] 품절안내', '9', '', now())
bizstory_push: ** 20140228-111308
bizstory_push: sender=bizstorycokr@gmail.com, comp_idx=5, part_idx=5, mem_idx=60, receiver=cndgh0506@naver.com, msg_type=receipt, message=[접수] [인평초등학교] 프린터 고장
bizstory_push: sql = select * from push_member where push_id = 'cndgh0506@naver.com' and del_yn = 'N'
bizstory_push: [cndgh0506@naver.com] push_device_type = I, message = Y, receipt = Y, work = Y, notice = Y, consult = 
bizstory_push: sql = insert into push_history (send_key, comp_idx, part_idx, mem_idx, receiver_id, push_device_type, push_registration_id, receiver_name, service_type, msg_type, message, state, state_comment, request_time) values ( '20140228111308254677', 5, 5, 60, 'cndgh0506@naver.com', 'I', 'dc9650c20972f1bcfb7cbf6b4899d2e78469e202a6b548da1214a572294dcb1c', '박충호', 'ios', 'receipt', '[접수] [인평초등학교] 프린터 고장', '9', '', now())
bizstory_push: ** 20140228-111308
bizstory_push: ** 20140228-111501
bizstory_push: sender=bizstorycokr@gmail.com, comp_idx=5, part_idx=5, mem_idx=60, receiver=cndgh0506@naver.com, msg_type=receipt, message=[접수] [인평초등학교] 방송실 인터넷 연결
bizstory_push: sql = select * from push_member where push_id = 'cndgh0506@naver.com' and del_yn = 'N'
bizstory_push: [cndgh0506@naver.com] push_device_type = I, message = Y, receipt = Y, work = Y, notice = Y, consult = 
bizstory_push: sql = insert into push_history (send_key, comp_idx, part_idx, mem_idx, receiver_id, push_device_type, push_registration_id, receiver_name, service_type, msg_type, message, state, state_comment, request_time) values ( '20140228111501200946', 5, 5, 60, 'cndgh0506@naver.com', 'I', 'dc9650c20972f1bcfb7cbf6b4899d2e78469e202a6b548da1214a572294dcb1c', '박충호', 'ios', 'receipt', '[접수] [인평초등학교] 방송실 인터넷 연결', '9', '', now())
bizstory_push: ** 20140228-111501
bizstory_push: ** 20140228-111601
bizstory_push: sender=bizstorycokr@gmail.com, comp_idx=4, part_idx=4, mem_idx=24, receiver=jhcrim@naver.com, msg_type=receipt, message=[접수] [병점중학교] 2층 교무실 임대 ..
bizstory_push: sql = select * from push_member where push_id = 'jhcrim@naver.com' and del_yn = 'N'
bizstory_push: [jhcrim@naver.com] push_device_type = I, message = Y, receipt = Y, work = Y, notice = Y, consult = 
bizstory_push: sql = insert into push_history (send_key, comp_idx, part_idx, mem_idx, receiver_id, push_device_type, push_registration_id, receiver_name, service_type, msg_type, message, state, state_comment, request_time) values ( '20140228111601805248', 4, 4, 24, 'jhcrim@naver.com', 'I', '52eaf554b8dd0a34046dcb19cde2d45449940c11f7d9c44c113b3db46d4d4cde', '이주형', 'ios', 'receipt', '[접수] [병점중학교] 2층 교무실 임대 ..', '9', '', now())
bizstory_push: ** 20140228-111601
bizstory_push: ** 20140228-112021
bizstory_push: sender=bizstorycokr@gmail.com, comp_idx=4, part_idx=4, mem_idx=369, receiver=choidh73@hanmail.net, msg_type=receipt, message=[접수] [천일초등학교] 프린터 오작동
bizstory_push: sql = select * from push_member where push_id = 'choidh73@hanmail.net' and del_yn = 'N'
bizstory_push: [choidh73@hanmail.net] push_device_type = A, message = Y, receipt = Y, work = Y, notice = Y, consult = 
bizstory_push: sql = insert into push_history (send_key, comp_idx, part_idx, mem_idx, receiver_id, push_device_type, push_registration_id, receiver_name, service_type, msg_type, message, state, state_comment, request_time) values ( '20140228112021710511', 4, 4, 369, 'choidh73@hanmail.net', 'A', 'APA91bFX1VbttWRGFNnlmf5ZlV05J1vJotNLwfzczQcNzBQs6v3_crjGRcAtv55zzqZod9VWtdRzgs0jpyGDeP7mr8A2esjQak5Ye_GzKIAHFYiT-4sXFqEyC4qCRTyVUxCPJSpmqVfrr8XTkardyXOvsqcKPZVT7g', '최동호', 'ios', 'receipt', '[접수] [천일초등학교] 프린터 오작동', '9', '', now())
bizstory_push: ** 20140228-112021
bizstory_push: ** 20140228-113353
bizstory_push: sender=bizstorycokr@gmail.com, comp_idx=32, part_idx=39, mem_idx=178, receiver=mindcafe@miraensys.com, msg_type=receipt, message=[접수] [가좌고등학교] 무선네트워크 잡아주...
bizstory_push: sql = select * from push_member where push_id = 'mindcafe@miraensys.com' and del_yn = 'N'
bizstory_push: [mindcafe@miraensys.com] push_device_type = A, message = Y, receipt = Y, work = Y, notice = Y, consult = 
bizstory_push: sql = insert into push_history (send_key, comp_idx, part_idx, mem_idx, receiver_id, push_device_type, push_registration_id, receiver_name, service_type, msg_type, message, state, state_comment, request_time) values ( '20140228113353515740', 32, 39, 178, 'mindcafe@miraensys.com', 'A', 'APA91bHrN7uDNmev_suUb96TJ7KceXRBAqePyZ99s3CDXFfXkLs7xVZ5zqr4QZLCRxl73aGNB0BvKtPtg7Bfrj2b6ZomBCYq1YNIdDkJ5Pm0bkEIIU89Cqf2dXKVSNke9F5jeXn-F_s3Fq-7uBonMlDmJovV3k6glA', '최우성', 'ios', 'receipt', '[접수] [가좌고등학교] 무선네트워크 잡아주...', '9', '', now())
bizstory_push: ** 20140228-113353
bizstory_push: ** 20140228-113922
bizstory_push: sender=bizstorycokr@gmail.com, comp_idx=4, part_idx=4, mem_idx=433, receiver=neojigu@naver.com, msg_type=receipt, message=[접수] [세류중학교] usb놓고가셨어요~..
bizstory_push: sql = select * from push_member where push_id = 'neojigu@naver.com' and del_yn = 'N'
bizstory_push: [neojigu@naver.com] push_device_type = A, message = Y, receipt = Y, work = Y, notice = Y, consult = 
bizstory_push: sql = insert into push_history (send_key, comp_idx, part_idx, mem_idx, receiver_id, push_device_type, push_registration_id, receiver_name, service_type, msg_type, message, state, state_comment, request_time) values ( '20140228113922103381', 4, 4, 433, 'neojigu@naver.com', 'A', 'APA91bEulVHJfbT9tj2FTsDMOHPr4Opzhkwc72VIkrNYxquOmhmEkbvIkfb-cctRIquEza4efDAX8Ar_Ycx40b6RdSU4k3z4XvokAZU36HBYUsEgUd0NbEPNwCS22CU2ipgjuO8O0clBxmd49378ne2nOJq4MTvZQg', '김영수', 'ios', 'receipt', '[접수] [세류중학교] usb놓고가셨어요~..', '9', '', now())
bizstory_push: ** 20140228-113922
bizstory_push: ** 20140228-113927
bizstory_push: sender=bizstorycokr@gmail.com, comp_idx=32, part_idx=39, mem_idx=174, receiver=pantera0219@miraensys.com, msg_type=receipt, message=[접수] [고양교육지원청] 컴퓨터 작업시, 계..
bizstory_push: sql = select * from push_member where push_id = 'pantera0219@miraensys.com' and del_yn = 'N'
bizstory_push: [pantera0219@miraensys.com] push_device_type = A, message = Y, receipt = Y, work = Y, notice = Y, consult = 
bizstory_push: sql = insert into push_history (send_key, comp_idx, part_idx, mem_idx, receiver_id, push_device_type, push_registration_id, receiver_name, service_type, msg_type, message, state, state_comment, request_time) values ( '20140228113927852060', 32, 39, 174, 'pantera0219@miraensys.com', 'A', 'APA91bHT7MW6-FIPFs8jjpVYou4NqqlQKRHeiwe27GptnFQ82p8Zg1M-jhx97XCDyQVUWiKAI27DXswN5mlIAUpXIumoMDGrtOW1Gg0bwa9wGT8UM4T37cNif2t75VhnZMx12XmKGMNRgW_dG-Ja32gbOX3djVCQfg', '신철혁', 'ios', 'receipt', '[접수] [고양교육지원청] 컴퓨터 작업시, 계..', '9', '', now())
bizstory_push: ** 20140228-113927
bizstory_push: ** 20140228-120321
bizstory_push: sender=bizstorycokr@gmail.com, comp_idx=5, part_idx=5, mem_idx=60, receiver=cndgh0506@naver.com, msg_type=receipt, message=[인평초등학교] 프린터 고장
bizstory_push: sql = select * from push_member where push_id = 'cndgh0506@naver.com' and del_yn = 'N'
bizstory_push: [cndgh0506@naver.com] push_device_type = I, message = Y, receipt = Y, work = Y, notice = Y, consult = 
bizstory_push: sql = insert into push_history (send_key, comp_idx, part_idx, mem_idx, receiver_id, push_device_type, push_registration_id, receiver_name, service_type, msg_type, message, state, state_comment, request_time) values ( '20140228120321866409', 5, 5, 60, 'cndgh0506@naver.com', 'I', 'dc9650c20972f1bcfb7cbf6b4899d2e78469e202a6b548da1214a572294dcb1c', '박충호', 'ios', 'receipt', '[인평초등학교] 프린터 고장', '9', '', now())
bizstory_push: ** 20140228-121430
bizstory_push: sender=bizstorycokr@gmail.com, comp_idx=58, part_idx=109, mem_idx=380, receiver=ora4206@hanmail.net, msg_type=receipt, message=[접수] [도장초등학교] 교감선생님 업무포털...
bizstory_push: sql = select * from push_member where push_id = 'ora4206@hanmail.net' and del_yn = 'N'
bizstory_push: [ora4206@hanmail.net] push_device_type = A, message = Y, receipt = Y, work = Y, notice = Y, consult = 
bizstory_push: sql = insert into push_history (send_key, comp_idx, part_idx, mem_idx, receiver_id, push_device_type, push_registration_id, receiver_name, service_type, msg_type, message, state, state_comment, request_time) values ( '20140228121430927010', 58, 109, 380, 'ora4206@hanmail.net', 'A', 'APA91bEI8RGd2C4Jou0zefol3fjgCYGabyzeVrrg9CWaaDfQYWMpWXKsnwNbanhg3fZJYBzZGl0Z9kLQSoVRpAHUIZSaQOVa9RGCg5g3od0-4ZeiqfN6OfqECAUdEytuvHCnPKERjp89-mBsR2v6Uvp2-l700L9yghRVZmXHsD3fmnqdSLkaCLI', '이민수', 'ios', 'receipt', '[접수] [도장초등학교] 교감선생님 업무포털...', '9', '', now())
bizstory_push: ** 20140228-121430
bizstory_push: ** 20140228-121553
bizstory_push: sender=bizstorycokr@gmail.com, comp_idx=58, part_idx=109, mem_idx=380, receiver=ora4206@hanmail.net, msg_type=receipt, message=[접수] [도장초등학교] 영어실 TV 연결 ...
bizstory_push: sql = select * from push_member where push_id = 'ora4206@hanmail.net' and del_yn = 'N'
bizstory_push: [ora4206@hanmail.net] push_device_type = A, message = Y, receipt = Y, work = Y, notice = Y, consult = 
bizstory_push: sql = insert into push_history (send_key, comp_idx, part_idx, mem_idx, receiver_id, push_device_type, push_registration_id, receiver_name, service_type, msg_type, message, state, state_comment, request_time) values ( '20140228121553881683', 58, 109, 380, 'ora4206@hanmail.net', 'A', 'APA91bEI8RGd2C4Jou0zefol3fjgCYGabyzeVrrg9CWaaDfQYWMpWXKsnwNbanhg3fZJYBzZGl0Z9kLQSoVRpAHUIZSaQOVa9RGCg5g3od0-4ZeiqfN6OfqECAUdEytuvHCnPKERjp89-mBsR2v6Uvp2-l700L9yghRVZmXHsD3fmnqdSLkaCLI', '이민수', 'ios', 'receipt', '[접수] [도장초등학교] 영어실 TV 연결 ...', '9', '', now())
bizstory_push: ** 20140228-121553
bizstory_push: ** 20140228-121645
bizstory_push: sender=bizstorycokr@gmail.com, comp_idx=58, part_idx=109, mem_idx=380, receiver=ora4206@hanmail.net, msg_type=receipt, message=[접수] [도장초등학교] 4-1반 컴퓨터 백...
bizstory_push: sql = select * from push_member where push_id = 'ora4206@hanmail.net' and del_yn = 'N'
bizstory_push: [ora4206@hanmail.net] push_device_type = A, message = Y, receipt = Y, work = Y, notice = Y, consult = 
bizstory_push: sql = insert into push_history (send_key, comp_idx, part_idx, mem_idx, receiver_id, push_device_type, push_registration_id, receiver_name, service_type, msg_type, message, state, state_comment, request_time) values ( '20140228121645705718', 58, 109, 380, 'ora4206@hanmail.net', 'A', 'APA91bEI8RGd2C4Jou0zefol3fjgCYGabyzeVrrg9CWaaDfQYWMpWXKsnwNbanhg3fZJYBzZGl0Z9kLQSoVRpAHUIZSaQOVa9RGCg5g3od0-4ZeiqfN6OfqECAUdEytuvHCnPKERjp89-mBsR2v6Uvp2-l700L9yghRVZmXHsD3fmnqdSLkaCLI', '이민수', 'ios', 'receipt', '[접수] [도장초등학교] 4-1반 컴퓨터 백...', '9', '', now())
bizstory_push: ** 20140228-121645
bizstory_push: ** 20140228-121706
bizstory_push: sender=bizstorycokr@gmail.com, comp_idx=58, part_idx=109, mem_idx=380, receiver=ora4206@hanmail.net, msg_type=receipt, message=[접수] [도장초등학교] 4-2반 컴퓨터 백...
bizstory_push: sql = select * from push_member where push_id = 'ora4206@hanmail.net' and del_yn = 'N'
bizstory_push: [ora4206@hanmail.net] push_device_type = A, message = Y, receipt = Y, work = Y, notice = Y, consult = 
bizstory_push: sql = insert into push_history (send_key, comp_idx, part_idx, mem_idx, receiver_id, push_device_type, push_registration_id, receiver_name, service_type, msg_type, message, state, state_comment, request_time) values ( '20140228121706851798', 58, 109, 380, 'ora4206@hanmail.net', 'A', 'APA91bEI8RGd2C4Jou0zefol3fjgCYGabyzeVrrg9CWaaDfQYWMpWXKsnwNbanhg3fZJYBzZGl0Z9kLQSoVRpAHUIZSaQOVa9RGCg5g3od0-4ZeiqfN6OfqECAUdEytuvHCnPKERjp89-mBsR2v6Uvp2-l700L9yghRVZmXHsD3fmnqdSLkaCLI', '이민수', 'ios', 'receipt', '[접수] [도장초등학교] 4-2반 컴퓨터 백...', '9', '', now())
bizstory_push: ** 20140228-121706
bizstory_push: ** 20140228-121918
bizstory_push: sender=bizstorycokr@gmail.com, comp_idx=58, part_idx=109, mem_idx=380, receiver=ora4206@hanmail.net, msg_type=receipt, message=[접수] [도장초등학교] 프린트 잉크 주문
bizstory_push: sql = select * from push_member where push_id = 'ora4206@hanmail.net' and del_yn = 'N'
bizstory_push: [ora4206@hanmail.net] push_device_type = A, message = Y, receipt = Y, work = Y, notice = Y, consult = 
bizstory_push: sql = insert into push_history (send_key, comp_idx, part_idx, mem_idx, receiver_id, push_device_type, push_registration_id, receiver_name, service_type, msg_type, message, state, state_comment, request_time) values ( '20140228121918425570', 58, 109, 380, 'ora4206@hanmail.net', 'A', 'APA91bEI8RGd2C4Jou0zefol3fjgCYGabyzeVrrg9CWaaDfQYWMpWXKsnwNbanhg3fZJYBzZGl0Z9kLQSoVRpAHUIZSaQOVa9RGCg5g3od0-4ZeiqfN6OfqECAUdEytuvHCnPKERjp89-mBsR2v6Uvp2-l700L9yghRVZmXHsD3fmnqdSLkaCLI', '이민수', 'ios', 'receipt', '[접수] [도장초등학교] 프린트 잉크 주문', '9', '', now())
bizstory_push: ** 20140228-121918
bizstory_push: ** 20140228-123927
bizstory_push: sender=bizstorycokr@gmail.com, comp_idx=44, part_idx=80, mem_idx=298, receiver=yak815@daum.net, msg_type=receipt, message=[접수] [의정부호원초등학교] 프린터 잉크 주..
bizstory_push: sql = select * from push_member where push_id = 'yak815@daum.net' and del_yn = 'N'
bizstory_push: [yak815@daum.net] push_device_type = A, message = Y, receipt = Y, work = Y, notice = Y, consult = 
bizstory_push: sql = insert into push_history (send_key, comp_idx, part_idx, mem_idx, receiver_id, push_device_type, push_registration_id, receiver_name, service_type, msg_type, message, state, state_comment, request_time) values ( '20140228123927517222', 44, 80, 298, 'yak815@daum.net', 'A', 'APA91bHCO7krjkg7stCvjB1TRB0yTiCrILclr0SSa_Tly8NNWixJ1mcd21O1oUO02THBe4mkNK8fpzgqC9xMW_ZkAHsaXENzgvzJXbvRHhcybHVbrur4sb2WIDIVctsCyiyq4g16q0aZouoOPoVEwbtShWPehA-tOg', '노원종', 'ios', 'receipt', '[접수] [의정부호원초등학교] 프린터 잉크 주..', '9', '', now())
bizstory_push: ** 20140228-123927
bizstory_push: ** 20140228-124711
bizstory_push: sender=bizstorycokr@gmail.com, comp_idx=4, part_idx=4, mem_idx=369, receiver=choidh73@hanmail.net, msg_type=receipt, message=[접수] [서호초등학교] 서관 2층 체육전담...
bizstory_push: sql = select * from push_member where push_id = 'choidh73@hanmail.net' and del_yn = 'N'
bizstory_push: [choidh73@hanmail.net] push_device_type = A, message = Y, receipt = Y, work = Y, notice = Y, consult = 
bizstory_push: sql = insert into push_history (send_key, comp_idx, part_idx, mem_idx, receiver_id, push_device_type, push_registration_id, receiver_name, service_type, msg_type, message, state, state_comment, request_time) values ( '20140228124711460831', 4, 4, 369, 'choidh73@hanmail.net', 'A', 'APA91bFX1VbttWRGFNnlmf5ZlV05J1vJotNLwfzczQcNzBQs6v3_crjGRcAtv55zzqZod9VWtdRzgs0jpyGDeP7mr8A2esjQak5Ye_GzKIAHFYiT-4sXFqEyC4qCRTyVUxCPJSpmqVfrr8XTkardyXOvsqcKPZVT7g', '최동호', 'ios', 'receipt', '[접수] [서호초등학교] 서관 2층 체육전담...', '9', '', now())
bizstory_push: ** 20140228-124711
bizstory_push: ** 20140228-125441
bizstory_push: sender=bizstorycokr@gmail.com, comp_idx=32, part_idx=39, mem_idx=176, receiver=woo@miraensys.com, msg_type=receipt, message=[접수] [능곡고등학교] 노트북 99GB라 ...
bizstory_push: sql = select * from push_member where push_id = 'woo@miraensys.com' and del_yn = 'N'
bizstory_push: [woo@miraensys.com] push_device_type = A, message = Y, receipt = Y, work = Y, notice = Y, consult = 
bizstory_push: sql = insert into push_history (send_key, comp_idx, part_idx, mem_idx, receiver_id, push_device_type, push_registration_id, receiver_name, service_type, msg_type, message, state, state_comment, request_time) values ( '20140228125441933810', 32, 39, 176, 'woo@miraensys.com', 'A', 'APA91bF_z3c7G0eq8XS9gXgzmU-JTuiKWFyqEaf1ocSLNx2H3DWGlzPliIoTyYYBNSgh4DKTawXkpkGIeQRg8c13TrbJbU6z4raCIj3ZEL0cCgnmSGoRmOvs9R91Doq7iGfA5SSeCZAQDI-aOqAXDYOc9bU_UNjbDg', '우영근', 'ios', 'receipt', '[접수] [능곡고등학교] 노트북 99GB라 ...', '9', '', now())
bizstory_push: ** 20140228-125441
bizstory_push: ** 20140228-132129
bizstory_push: sender=bizstorycokr@gmail.com, comp_idx=44, part_idx=80, mem_idx=292, receiver=semtl97@naver.com, msg_type=receipt, message=[접수] [어룡초등학교] 어학실 TV화면 출...
bizstory_push: sql = select * from push_member where push_id = 'semtl97@naver.com' and del_yn = 'N'
bizstory_push: [semtl97@naver.com] push_device_type = A, message = Y, receipt = Y, work = Y, notice = Y, consult = 
bizstory_push: sql = insert into push_history (send_key, comp_idx, part_idx, mem_idx, receiver_id, push_device_type, push_registration_id, receiver_name, service_type, msg_type, message, state, state_comment, request_time) values ( '20140228132129283209', 44, 80, 292, 'semtl97@naver.com', 'A', 'APA91bGVq32gchPt3WoGAEetxkQEczhbZ9qKkA9MBXQhJAuYiXxY6i8mrdhwGhKbOEp5pPiCOfP-y765LTxgzTXQqeskEydjkjaz5-0YEGW9fnPY5jC4-ZNHSZEYnCM3MK9g_zkON8mb3dv7aN-OreA0GrLeHJSI3Q', '전재욱', 'ios', 'receipt', '[접수] [어룡초등학교] 어학실 TV화면 출...', '9', '', now())
bizstory_push: ** 20140228-132129
bizstory_push: ** 20140228-133121
bizstory_push: sender=bizstorycokr@gmail.com, comp_idx=13, part_idx=17, mem_idx=517, receiver=ksh6969@greatworks.co.kr, msg_type=receipt, message=[접수] [창원여자고등학교] 데스크탑 8대 설..
bizstory_push: sql = select * from push_member where push_id = 'ksh6969@greatworks.co.kr' and del_yn = 'N'
bizstory_push: [ksh6969@greatworks.co.kr] push_device_type = I, message = Y, receipt = Y, work = Y, notice = Y, consult = 
bizstory_push: sql = insert into push_history (send_key, comp_idx, part_idx, mem_idx, receiver_id, push_device_type, push_registration_id, receiver_name, service_type, msg_type, message, state, state_comment, request_time) values ( '20140228133121603473', 13, 17, 517, 'ksh6969@greatworks.co.kr', 'I', '3db048dddedc374b54a6787d117b2f1728bbe535a5c06b37c24fd8ee186cb6a8', '강신호', 'ios', 'receipt', '[접수] [창원여자고등학교] 데스크탑 8대 설..', '9', '', now())
bizstory_push: ** 20140228-133121
bizstory_push: ** 20140228-135056
bizstory_push: sender=bizstorycokr@gmail.com, comp_idx=1, part_idx=1, mem_idx=15, receiver=naryong82@nate.com, msg_type=message, message=[쪽지] 벌써 2월이 후딱~지나간 ㅜ0ㅜ;;;..
bizstory_push: sql = select * from push_member where push_id = 'naryong82@nate.com' and del_yn = 'N'
bizstory_push: [naryong82@nate.com] push_device_type = A, message = Y, receipt = Y, work = Y, notice = Y, consult = 
bizstory_push: sql = insert into push_history (send_key, comp_idx, part_idx, mem_idx, receiver_id, push_device_type, push_registration_id, receiver_name, service_type, msg_type, message, state, state_comment, request_time) values ( '20140228135056842140', 1, 1, 15, 'naryong82@nate.com', 'A', 'APA91bFnDKOgvIE0VcFKm_MCcfTlL8s5RacuOJ2hIc-YLQT62KLh2qescudxh9Fn_hlo8-xsartrIiSN_txHoM2khirrNK0n2wTnHfbo1Z40iWYgMqMqwLPVpmPGDxjGRnESCwDmDRBZC0JOQsFFMBjvpkTBZv56Ag', '김나영', 'ios', 'message', '[쪽지] 벌써 2월이 후딱~지나간 ㅜ0ㅜ;;;..', '9', '', now())
bizstory_push: ** 20140228-135844
bizstory_push: sender=bizstorycokr@gmail.com, comp_idx=36, part_idx=50, mem_idx=244, receiver=cds6809@hanmail.net, msg_type=receipt, message=[접수] [문산여자고등학교] 김연옥선생님 인터..
bizstory_push: sql = select * from push_member where push_id = 'cds6809@hanmail.net' and del_yn = 'N'
bizstory_push: [cds6809@hanmail.net] push_device_type = A, message = Y, receipt = Y, work = Y, notice = Y, consult = 
bizstory_push: sql = insert into push_history (send_key, comp_idx, part_idx, mem_idx, receiver_id, push_device_type, push_registration_id, receiver_name, service_type, msg_type, message, state, state_comment, request_time) values ( '20140228135844316527', 36, 50, 244, 'cds6809@hanmail.net', 'A', 'APA91bHMaliZUpRcxTTYXZhQD2MVAmtGis4z_bbjKIzwFc9BqYqjklwENMy3HjdwTcksrvn0FLB2IjqivwnJJipxgUPUaEiAQon_jZvtlDF87D-FxWKhPGM2ccCGUj84DZnde5DVrhiuvH8nVdc72HEjMMt-Ve2w4Q', '최동식', 'ios', 'receipt', '[접수] [문산여자고등학교] 김연옥선생님 인터..', '9', '', now())
bizstory_push: ** 20140228-135844
bizstory_push: ** 20140228-140131
bizstory_push: sender=bizstorycokr@gmail.com, comp_idx=58, part_idx=109, mem_idx=380, receiver=ora4206@hanmail.net, msg_type=receipt, message=[접수] [도장초등학교] 5-2반 PC 화면...
bizstory_push: sql = select * from push_member where push_id = 'ora4206@hanmail.net' and del_yn = 'N'
bizstory_push: [ora4206@hanmail.net] push_device_type = A, message = Y, receipt = Y, work = Y, notice = Y, consult = 
bizstory_push: sql = insert into push_history (send_key, comp_idx, part_idx, mem_idx, receiver_id, push_device_type, push_registration_id, receiver_name, service_type, msg_type, message, state, state_comment, request_time) values ( '20140228140131238434', 58, 109, 380, 'ora4206@hanmail.net', 'A', 'APA91bEI8RGd2C4Jou0zefol3fjgCYGabyzeVrrg9CWaaDfQYWMpWXKsnwNbanhg3fZJYBzZGl0Z9kLQSoVRpAHUIZSaQOVa9RGCg5g3od0-4ZeiqfN6OfqECAUdEytuvHCnPKERjp89-mBsR2v6Uvp2-l700L9yghRVZmXHsD3fmnqdSLkaCLI', '이민수', 'ios', 'receipt', '[접수] [도장초등학교] 5-2반 PC 화면...', '9', '', now())
bizstory_push: ** 20140228-140131
bizstory_push: ** 20140228-141234
bizstory_push: sender=bizstorycokr@gmail.com, comp_idx=58, part_idx=109, mem_idx=388, receiver=yoonhyunjoon@naver.com, msg_type=receipt, message=[접수] [둔전초등학교] 인터넷불
bizstory_push: sql = select * from push_member where push_id = 'yoonhyunjoon@naver.com' and del_yn = 'N'
bizstory_push: [yoonhyunjoon@naver.com] push_device_type = A, message = Y, receipt = Y, work = Y, notice = Y, consult = 
bizstory_push: sql = insert into push_history (send_key, comp_idx, part_idx, mem_idx, receiver_id, push_device_type, push_registration_id, receiver_name, service_type, msg_type, message, state, state_comment, request_time) values ( '20140228141234533745', 58, 109, 388, 'yoonhyunjoon@naver.com', 'A', 'APA91bFXSBYvMwLmzwBpuNLYJUeXbmhIdokJqyN8dci3aqmFt9dFaH0D8UMLm67n1l8ntGpT5JyTMDyjJfv2UXFshmiLjCbOA7S4GxfzeMIWpTrqO1iFvSEpPVtg229wXt6C9nxDD1KKLKEVPa6EvEdd8H2aRiq7xA', '윤현준', 'ios', 'receipt', '[접수] [둔전초등학교] 인터넷불', '9', '', now())
bizstory_push: ** 20140228-141234
bizstory_push: ** 20140228-141429
bizstory_push: sender=bizstorycokr@gmail.com, comp_idx=44, part_idx=80, mem_idx=292, receiver=semtl97@naver.com, msg_type=receipt, message=[접수] [어룡초등학교] 프린터 토너 교체
bizstory_push: sql = select * from push_member where push_id = 'semtl97@naver.com' and del_yn = 'N'
bizstory_push: [semtl97@naver.com] push_device_type = A, message = Y, receipt = Y, work = Y, notice = Y, consult = 
bizstory_push: sql = insert into push_history (send_key, comp_idx, part_idx, mem_idx, receiver_id, push_device_type, push_registration_id, receiver_name, service_type, msg_type, message, state, state_comment, request_time) values ( '20140228141429223839', 44, 80, 292, 'semtl97@naver.com', 'A', 'APA91bGVq32gchPt3WoGAEetxkQEczhbZ9qKkA9MBXQhJAuYiXxY6i8mrdhwGhKbOEp5pPiCOfP-y765LTxgzTXQqeskEydjkjaz5-0YEGW9fnPY5jC4-ZNHSZEYnCM3MK9g_zkON8mb3dv7aN-OreA0GrLeHJSI3Q', '전재욱', 'ios', 'receipt', '[접수] [어룡초등학교] 프린터 토너 교체', '9', '', now())
bizstory_push: ** 20140228-141429
bizstory_push: ** 20140228-141751
bizstory_push: sender=bizstorycokr@gmail.com, comp_idx=44, part_idx=80, mem_idx=298, receiver=yak815@daum.net, msg_type=receipt, message=[접수] [의정부호원초등학교] 프린터 토너 주..
bizstory_push: sql = select * from push_member where push_id = 'yak815@daum.net' and del_yn = 'N'
bizstory_push: [yak815@daum.net] push_device_type = A, message = Y, receipt = Y, work = Y, notice = Y, consult = 
bizstory_push: sql = insert into push_history (send_key, comp_idx, part_idx, mem_idx, receiver_id, push_device_type, push_registration_id, receiver_name, service_type, msg_type, message, state, state_comment, request_time) values ( '20140228141751846851', 44, 80, 298, 'yak815@daum.net', 'A', 'APA91bHCO7krjkg7stCvjB1TRB0yTiCrILclr0SSa_Tly8NNWixJ1mcd21O1oUO02THBe4mkNK8fpzgqC9xMW_ZkAHsaXENzgvzJXbvRHhcybHVbrur4sb2WIDIVctsCyiyq4g16q0aZouoOPoVEwbtShWPehA-tOg', '노원종', 'ios', 'receipt', '[접수] [의정부호원초등학교] 프린터 토너 주..', '9', '', now())
bizstory_push: ** 20140228-141751
bizstory_push: ** 20140228-142422
bizstory_push: sender=bizstorycokr@gmail.com, comp_idx=32, part_idx=39, mem_idx=176, receiver=woo@miraensys.com, msg_type=receipt, message=[접수] [능곡고등학교] 윈도우가 깨져서 부...
bizstory_push: sql = select * from push_member where push_id = 'woo@miraensys.com' and del_yn = 'N'
bizstory_push: [woo@miraensys.com] push_device_type = A, message = Y, receipt = Y, work = Y, notice = Y, consult = 
bizstory_push: sql = insert into push_history (send_key, comp_idx, part_idx, mem_idx, receiver_id, push_device_type, push_registration_id, receiver_name, service_type, msg_type, message, state, state_comment, request_time) values ( '20140228142422939975', 32, 39, 176, 'woo@miraensys.com', 'A', 'APA91bF_z3c7G0eq8XS9gXgzmU-JTuiKWFyqEaf1ocSLNx2H3DWGlzPliIoTyYYBNSgh4DKTawXkpkGIeQRg8c13TrbJbU6z4raCIj3ZEL0cCgnmSGoRmOvs9R91Doq7iGfA5SSeCZAQDI-aOqAXDYOc9bU_UNjbDg', '우영근', 'ios', 'receipt', '[접수] [능곡고등학교] 윈도우가 깨져서 부...', '9', '', now())
bizstory_push: ** 20140228-142422
bizstory_push: ** 20140228-143331
bizstory_push: sender=bizstorycokr@gmail.com, comp_idx=1, part_idx=1, mem_idx=2, receiver=arachi76@naver.com, msg_type=message, message=[쪽지] 안양방과후학교 파일교체건 대표님하고 ..
bizstory_push: sql = select * from push_member where push_id = 'arachi76@naver.com' and del_yn = 'N'
bizstory_push: [arachi76@naver.com] push_device_type = I, message = Y, receipt = Y, work = Y, notice = Y, consult = 
bizstory_push: sql = insert into push_history (send_key, comp_idx, part_idx, mem_idx, receiver_id, push_device_type, push_registration_id, receiver_name, service_type, msg_type, message, state, state_comment, request_time) values ( '20140228143331904190', 1, 1, 2, 'arachi76@naver.com', 'I', '4ac171c71134ac868a9ce0fc22b36a015dee461bf045a22792beff7d6246e27f', '서경원', 'ios', 'message', '[쪽지] 안양방과후학교 파일교체건 대표님하고 ..', '9', '', now())
bizstory_push: ** 20140228-143518
bizstory_push: sender=bizstorycokr@gmail.com, comp_idx=32, part_idx=39, mem_idx=175, receiver=kclee@miraensys.com, msg_type=receipt, message=[접수] [고양고등학교] 컴퓨터 에러문제 및...
bizstory_push: sql = select * from push_member where push_id = 'kclee@miraensys.com' and del_yn = 'N'
bizstory_push: [kclee@miraensys.com] push_device_type = I, message = Y, receipt = Y, work = Y, notice = Y, consult = 
bizstory_push: sql = insert into push_history (send_key, comp_idx, part_idx, mem_idx, receiver_id, push_device_type, push_registration_id, receiver_name, service_type, msg_type, message, state, state_comment, request_time) values ( '20140228143518307425', 32, 39, 175, 'kclee@miraensys.com', 'I', '4c276a0f5bbc835989c925dfc111482e73abaf37d7d5af8dbec003e748d05b21', '이경춘', 'ios', 'receipt', '[접수] [고양고등학교] 컴퓨터 에러문제 및...', '9', '', now())
bizstory_push: ** 20140228-143518
bizstory_push: ** 20140228-143922
bizstory_push: sender=bizstorycokr@gmail.com, comp_idx=58, part_idx=109, mem_idx=562, receiver=sky33man@nate.com, msg_type=receipt, message=[접수] [용호고등학교] 칼라프린터인쇄시 문...
bizstory_push: sql = select * from push_member where push_id = 'sky33man@nate.com' and del_yn = 'N'
bizstory_push: [sky33man@nate.com] push_device_type = A, message = Y, receipt = Y, work = Y, notice = Y, consult = 
bizstory_push: sql = insert into push_history (send_key, comp_idx, part_idx, mem_idx, receiver_id, push_device_type, push_registration_id, receiver_name, service_type, msg_type, message, state, state_comment, request_time) values ( '20140228143922105452', 58, 109, 562, 'sky33man@nate.com', 'A', 'APA91bH1J-3anxdkUmXasQV301qN90NpNB5YYcm28xqIR7dcjpRr0Y-XwsJ5S8DNXy9xPNMLNJUnzXwSkEz7xpHSrenVeseo5LmDdj6KrGlawrde94pG1rLpkU2sFihMEwNf4rs0wYrCu1rO7jGoDzj7dQziUv2YAyK6qx4io7MnI14RM15XcoQ', '김민수', 'ios', 'receipt', '[접수] [용호고등학교] 칼라프린터인쇄시 문...', '9', '', now())
bizstory_push: ** 20140228-143922
bizstory_push: ** 20140228-144245
bizstory_push: sender=bizstorycokr@gmail.com, comp_idx=7, part_idx=8, mem_idx=36, receiver=neoggt@naver.com, msg_type=receipt, message=[접수] [산본중학교] 인터넷잭이 빠질려고..
bizstory_push: sql = select * from push_member where push_id = 'neoggt@naver.com' and del_yn = 'N'
bizstory_push: [neoggt@naver.com] push_device_type = A, message = Y, receipt = Y, work = Y, notice = Y, consult = 
bizstory_push: sql = insert into push_history (send_key, comp_idx, part_idx, mem_idx, receiver_id, push_device_type, push_registration_id, receiver_name, service_type, msg_type, message, state, state_comment, request_time) values ( '20140228144245435896', 7, 8, 36, 'neoggt@naver.com', 'A', 'APA91bEq6XuBBVBtmK1bxKQ12i2ZC6hUnNgFTeUUl-AYxZbXSytM5udM2EbZAuPTS0k66ulwDg_BHvFRAQIhDacrlkkTqbyNI6SMPGafKbkl4_eECwo1jExBadVR2rXER0bMKVXwNdgIJ8Ov8kwLL3Pjg5PhLAPmf4s7DCHNek7CQ4vmiGuJVAo', '고광태', 'ios', 'receipt', '[접수] [산본중학교] 인터넷잭이 빠질려고..', '9', '', now())
bizstory_push: ** 20140228-144245
bizstory_push: ** 20140228-144747
bizstory_push: sender=bizstorycokr@gmail.com, comp_idx=4, part_idx=4, mem_idx=24, receiver=jhcrim@naver.com, msg_type=receipt, message=[접수] [병점중학교] 2층 교무실 840..
bizstory_push: sql = select * from push_member where push_id = 'jhcrim@naver.com' and del_yn = 'N'
bizstory_push: [jhcrim@naver.com] push_device_type = I, message = Y, receipt = Y, work = Y, notice = Y, consult = 
bizstory_push: sql = insert into push_history (send_key, comp_idx, part_idx, mem_idx, receiver_id, push_device_type, push_registration_id, receiver_name, service_type, msg_type, message, state, state_comment, request_time) values ( '20140228144747658266', 4, 4, 24, 'jhcrim@naver.com', 'I', '52eaf554b8dd0a34046dcb19cde2d45449940c11f7d9c44c113b3db46d4d4cde', '이주형', 'ios', 'receipt', '[접수] [병점중학교] 2층 교무실 840..', '9', '', now())
bizstory_push: ** 20140228-144747
bizstory_push: ** 20140228-145548
bizstory_push: sender=bizstorycokr@gmail.com, comp_idx=7, part_idx=8, mem_idx=36, receiver=neoggt@naver.com, msg_type=work, message=[업무코멘트] [조달건] 산본중 2014.2.25 ..
bizstory_push: sql = select * from push_member where push_id = 'neoggt@naver.com' and del_yn = 'N'
bizstory_push: [neoggt@naver.com] push_device_type = A, message = Y, receipt = Y, work = Y, notice = Y, consult = 
bizstory_push: sql = insert into push_history (send_key, comp_idx, part_idx, mem_idx, receiver_id, push_device_type, push_registration_id, receiver_name, service_type, msg_type, message, state, state_comment, request_time) values ( '20140228145548614758', 7, 8, 36, 'neoggt@naver.com', 'A', 'APA91bEq6XuBBVBtmK1bxKQ12i2ZC6hUnNgFTeUUl-AYxZbXSytM5udM2EbZAuPTS0k66ulwDg_BHvFRAQIhDacrlkkTqbyNI6SMPGafKbkl4_eECwo1jExBadVR2rXER0bMKVXwNdgIJ8Ov8kwLL3Pjg5PhLAPmf4s7DCHNek7CQ4vmiGuJVAo', '고광태', 'ios', 'work', '[업무코멘트] [조달건] 산본중 2014.2.25 ..', '9', '', now())
bizstory_push: sender=bizstorycokr@gmail.com, comp_idx=0, part_idx=0, mem_idx=0, receiver=, msg_type=work, message=[업무코멘트] [조달건] 산본중 2014.2.25 ..
bizstory_push: sql = select * from push_member where push_id = '' and del_yn = 'N'
bizstory_push: 등록되지 않은 사용자
bizstory_push: sql = insert into push_history (send_key, comp_idx, part_idx, mem_idx, receiver_id, receiver_name, service_type, msg_type, message, state, state_comment, request_time) values ( '20140228145548572622', 0, 0, 0, '', '', 'ios', 'work', '[업무코멘트] [조달건] 산본중 2014.2.25 ..', '0', '등록되지 않은 사용자', now())
bizstory_push: ** 20140228-145728
bizstory_push: sender=bizstorycokr@gmail.com, comp_idx=7, part_idx=8, mem_idx=36, receiver=neoggt@naver.com, msg_type=receipt, message=[산본중학교] 교장선생님 컴퓨터 ..
bizstory_push: sql = select * from push_member where push_id = 'neoggt@naver.com' and del_yn = 'N'
bizstory_push: [neoggt@naver.com] push_device_type = A, message = Y, receipt = Y, work = Y, notice = Y, consult = 
bizstory_push: sql = insert into push_history (send_key, comp_idx, part_idx, mem_idx, receiver_id, push_device_type, push_registration_id, receiver_name, service_type, msg_type, message, state, state_comment, request_time) values ( '20140228145728815119', 7, 8, 36, 'neoggt@naver.com', 'A', 'APA91bEq6XuBBVBtmK1bxKQ12i2ZC6hUnNgFTeUUl-AYxZbXSytM5udM2EbZAuPTS0k66ulwDg_BHvFRAQIhDacrlkkTqbyNI6SMPGafKbkl4_eECwo1jExBadVR2rXER0bMKVXwNdgIJ8Ov8kwLL3Pjg5PhLAPmf4s7DCHNek7CQ4vmiGuJVAo', '고광태', 'ios', 'receipt', '[산본중학교] 교장선생님 컴퓨터 ..', '9', '', now())
bizstory_push: ** 20140228-150136
bizstory_push: ** 20140228-150331
bizstory_push: ** 20140228-150420
bizstory_push: sender=bizstorycokr@gmail.com, comp_idx=32, part_idx=39, mem_idx=175, receiver=kclee@miraensys.com, msg_type=receipt, message=[접수] [가람초등학교] 인터넷연결/프린트
bizstory_push: sql = select * from push_member where push_id = 'kclee@miraensys.com' and del_yn = 'N'
bizstory_push: [kclee@miraensys.com] push_device_type = I, message = Y, receipt = Y, work = Y, notice = Y, consult = 
bizstory_push: sql = insert into push_history (send_key, comp_idx, part_idx, mem_idx, receiver_id, push_device_type, push_registration_id, receiver_name, service_type, msg_type, message, state, state_comment, request_time) values ( '20140228150420395236', 32, 39, 175, 'kclee@miraensys.com', 'I', '4c276a0f5bbc835989c925dfc111482e73abaf37d7d5af8dbec003e748d05b21', '이경춘', 'ios', 'receipt', '[접수] [가람초등학교] 인터넷연결/프린트', '9', '', now())
bizstory_push: ** 20140228-150420
bizstory_push: ** 20140228-150422
bizstory_push: sender=bizstorycokr@gmail.com, comp_idx=32, part_idx=39, mem_idx=430, receiver=lwj1910@miraensys.com, msg_type=receipt, message=[접수] [냉천초등학교] 5-1 프린터 연결...
bizstory_push: sql = select * from push_member where push_id = 'lwj1910@miraensys.com' and del_yn = 'N'
bizstory_push: [lwj1910@miraensys.com] push_device_type = A, message = Y, receipt = Y, work = Y, notice = Y, consult = 
bizstory_push: sql = insert into push_history (send_key, comp_idx, part_idx, mem_idx, receiver_id, push_device_type, push_registration_id, receiver_name, service_type, msg_type, message, state, state_comment, request_time) values ( '20140228150422718696', 32, 39, 430, 'lwj1910@miraensys.com', 'A', 'APA91bHHVgPo1bg402tAU36Ep1Q_5U_omBrFD7qQb1r_67If50EHS0PuaJmxiZwKIyMTfVNX5MCpNbVMSc8PnfiBDWwkk9HGcYsl7jlsuLyewvsyBJK4ONp2I8EzCC6tUX4RF3LzGuJOyM2sIlbGK2rP2GwNP_y9kw', '이운재', 'ios', 'receipt', '[접수] [냉천초등학교] 5-1 프린터 연결...', '9', '', now())
bizstory_push: ** 20140228-150422
bizstory_push: ** 20140228-150445
bizstory_push: sender=bizstorycokr@gmail.com, comp_idx=32, part_idx=39, mem_idx=430, receiver=lwj1910@miraensys.com, msg_type=receipt, message=[접수] [냉천초등학교] 4-3 프린터 이상
bizstory_push: sql = select * from push_member where push_id = 'lwj1910@miraensys.com' and del_yn = 'N'
bizstory_push: [lwj1910@miraensys.com] push_device_type = A, message = Y, receipt = Y, work = Y, notice = Y, consult = 
bizstory_push: sql = insert into push_history (send_key, comp_idx, part_idx, mem_idx, receiver_id, push_device_type, push_registration_id, receiver_name, service_type, msg_type, message, state, state_comment, request_time) values ( '20140228150445956516', 32, 39, 430, 'lwj1910@miraensys.com', 'A', 'APA91bHHVgPo1bg402tAU36Ep1Q_5U_omBrFD7qQb1r_67If50EHS0PuaJmxiZwKIyMTfVNX5MCpNbVMSc8PnfiBDWwkk9HGcYsl7jlsuLyewvsyBJK4ONp2I8EzCC6tUX4RF3LzGuJOyM2sIlbGK2rP2GwNP_y9kw', '이운재', 'ios', 'receipt', '[접수] [냉천초등학교] 4-3 프린터 이상', '9', '', now())
bizstory_push: ** 20140228-150445
bizstory_push: ** 20140228-150456
bizstory_push: sender=bizstorycokr@gmail.com, comp_idx=32, part_idx=39, mem_idx=175, receiver=kclee@miraensys.com, msg_type=receipt, message=[가람초등학교] 인터넷연결/프린트
bizstory_push: sql = select * from push_member where push_id = 'kclee@miraensys.com' and del_yn = 'N'
bizstory_push: [kclee@miraensys.com] push_device_type = I, message = Y, receipt = Y, work = Y, notice = Y, consult = 
bizstory_push: sql = insert into push_history (send_key, comp_idx, part_idx, mem_idx, receiver_id, push_device_type, push_registration_id, receiver_name, service_type, msg_type, message, state, state_comment, request_time) values ( '20140228150456154699', 32, 39, 175, 'kclee@miraensys.com', 'I', '4c276a0f5bbc835989c925dfc111482e73abaf37d7d5af8dbec003e748d05b21', '이경춘', 'ios', 'receipt', '[가람초등학교] 인터넷연결/프린트', '9', '', now())
bizstory_push: ** 20140228-151603
bizstory_push: sender=bizstorycokr@gmail.com, comp_idx=32, part_idx=39, mem_idx=175, receiver=kclee@miraensys.com, msg_type=receipt, message=[접수] [고양고등학교] 애완동물부 노트북 ...
bizstory_push: sql = select * from push_member where push_id = 'kclee@miraensys.com' and del_yn = 'N'
bizstory_push: [kclee@miraensys.com] push_device_type = I, message = Y, receipt = Y, work = Y, notice = Y, consult = 
bizstory_push: sql = insert into push_history (send_key, comp_idx, part_idx, mem_idx, receiver_id, push_device_type, push_registration_id, receiver_name, service_type, msg_type, message, state, state_comment, request_time) values ( '20140228151603728304', 32, 39, 175, 'kclee@miraensys.com', 'I', '4c276a0f5bbc835989c925dfc111482e73abaf37d7d5af8dbec003e748d05b21', '이경춘', 'ios', 'receipt', '[접수] [고양고등학교] 애완동물부 노트북 ...', '9', '', now())
bizstory_push: ** 20140228-151603
bizstory_push: ** 20140228-151758
bizstory_push: sender=bizstorycokr@gmail.com, comp_idx=4, part_idx=4, mem_idx=21, receiver=jsjjangga@daum.net, msg_type=receipt, message=[접수] [경기도발안도서관] 3월 3일 컴퓨터..
bizstory_push: sql = select * from push_member where push_id = 'jsjjangga@daum.net' and del_yn = 'N'
bizstory_push: [jsjjangga@daum.net] push_device_type = A, message = Y, receipt = Y, work = Y, notice = Y, consult = 
bizstory_push: sql = insert into push_history (send_key, comp_idx, part_idx, mem_idx, receiver_id, push_device_type, push_registration_id, receiver_name, service_type, msg_type, message, state, state_comment, request_time) values ( '20140228151758867722', 4, 4, 21, 'jsjjangga@daum.net', 'A', 'APA91bGBQpmLbHiYrho6L6q-804WSxRWk-PFP49-kAD43hTvlsVbP006X8-XHzY7mlZ59X64OsNPij9BRo_gMmTKfFzVBhK9CV2jMygABEpY-XvhjJBbT_qAVoVQgbVvfDbg-AdQwbQo5s0vLSMzLam3Pay3Dp-00A', '권준성', 'ios', 'receipt', '[접수] [경기도발안도서관] 3월 3일 컴퓨터..', '9', '', now())
bizstory_push: ** 20140228-151758
bizstory_push: ** 20140228-153038
bizstory_push: sender=bizstorycokr@gmail.com, comp_idx=4, part_idx=4, mem_idx=22, receiver=651038@naver.com, msg_type=receipt, message=[접수] [화성동화중학교] 1학년 3건, 2학..
bizstory_push: sql = select * from push_member where push_id = '651038@naver.com' and del_yn = 'N'
bizstory_push: [651038@naver.com] push_device_type = A, message = Y, receipt = Y, work = Y, notice = Y, consult = 
bizstory_push: sql = insert into push_history (send_key, comp_idx, part_idx, mem_idx, receiver_id, push_device_type, push_registration_id, receiver_name, service_type, msg_type, message, state, state_comment, request_time) values ( '20140228153038458920', 4, 4, 22, '651038@naver.com', 'A', 'APA91bGWO7CvuxcsLMDvy_NevlbFxy3MQNypcDoVnuY_bNFGx-mBRsgpcF6g2_fRfkEv0Jm3X9vTO_JEEoNnw6Hn03xiF1WZSc9Bt1iYd0fPP0_ic0NhULq0DNPqtjFI6dxY9NWb8KM8tXOfDDDwR4hUK4ENayJBEQ', '이원익', 'ios', 'receipt', '[접수] [화성동화중학교] 1학년 3건, 2학..', '9', '', now())
bizstory_push: ** 20140228-153038
bizstory_push: ** 20140228-153318
bizstory_push: sender=bizstorycokr@gmail.com, comp_idx=32, part_idx=39, mem_idx=175, receiver=kclee@miraensys.com, msg_type=receipt, message=[접수] [신원중학교] 3층교무실 랜선 신..
bizstory_push: sql = select * from push_member where push_id = 'kclee@miraensys.com' and del_yn = 'N'
bizstory_push: [kclee@miraensys.com] push_device_type = I, message = Y, receipt = Y, work = Y, notice = Y, consult = 
bizstory_push: sql = insert into push_history (send_key, comp_idx, part_idx, mem_idx, receiver_id, push_device_type, push_registration_id, receiver_name, service_type, msg_type, message, state, state_comment, request_time) values ( '20140228153318919767', 32, 39, 175, 'kclee@miraensys.com', 'I', '4c276a0f5bbc835989c925dfc111482e73abaf37d7d5af8dbec003e748d05b21', '이경춘', 'ios', 'receipt', '[접수] [신원중학교] 3층교무실 랜선 신..', '9', '', now())
bizstory_push: ** 20140228-153318
bizstory_push: ** 20140228-153800
bizstory_push: sender=bizstorycokr@gmail.com, comp_idx=5, part_idx=5, mem_idx=140, receiver=kty5458@hanmail.net, msg_type=receipt, message=[접수] [왕산초등학교] TV 영상이 나오지...
bizstory_push: sql = select * from push_member where push_id = 'kty5458@hanmail.net' and del_yn = 'N'
bizstory_push: [kty5458@hanmail.net] push_device_type = A, message = Y, receipt = Y, work = Y, notice = Y, consult = 
bizstory_push: sql = insert into push_history (send_key, comp_idx, part_idx, mem_idx, receiver_id, push_device_type, push_registration_id, receiver_name, service_type, msg_type, message, state, state_comment, request_time) values ( '20140228153800272605', 5, 5, 140, 'kty5458@hanmail.net', 'A', 'APA91bFAJu5UJ_kY99MSOG5-E1RMNWCLk4-Jj62Lu0wG8MNodntQEkyqT0qZBj313pXl8e0CR44cLykQjwnqBqP31i2euKFbcR0no9D7mSKmZQk_1AOf7Ok9smMncqh6nEdFjTj5vY6gAaRd8mpNnUIpDLJuvNRX_J_XBZIw8nCg593SIL0JQLg', '김태영', 'ios', 'receipt', '[접수] [왕산초등학교] TV 영상이 나오지...', '9', '', now())
bizstory_push: ** 20140228-153800
bizstory_push: ** 20140228-153903
bizstory_push: sender=bizstorycokr@gmail.com, comp_idx=5, part_idx=5, mem_idx=60, receiver=cndgh0506@naver.com, msg_type=receipt, message=[접수] [인평초등학교] 네트워크 오류 및 ...
bizstory_push: sql = select * from push_member where push_id = 'cndgh0506@naver.com' and del_yn = 'N'
bizstory_push: [cndgh0506@naver.com] push_device_type = I, message = Y, receipt = Y, work = Y, notice = Y, consult = 
bizstory_push: sql = insert into push_history (send_key, comp_idx, part_idx, mem_idx, receiver_id, push_device_type, push_registration_id, receiver_name, service_type, msg_type, message, state, state_comment, request_time) values ( '20140228153903369446', 5, 5, 60, 'cndgh0506@naver.com', 'I', 'dc9650c20972f1bcfb7cbf6b4899d2e78469e202a6b548da1214a572294dcb1c', '박충호', 'ios', 'receipt', '[접수] [인평초등학교] 네트워크 오류 및 ...', '9', '', now())
bizstory_push: ** 20140228-153903
bizstory_push: ** 20140228-154539
bizstory_push: sender=bizstorycokr@gmail.com, comp_idx=5, part_idx=5, mem_idx=60, receiver=cndgh0506@naver.com, msg_type=receipt, message=[인평초등학교] 방송실 인터넷 연결
bizstory_push: sql = select * from push_member where push_id = 'cndgh0506@naver.com' and del_yn = 'N'
bizstory_push: [cndgh0506@naver.com] push_device_type = I, message = Y, receipt = Y, work = Y, notice = Y, consult = 
bizstory_push: sql = insert into push_history (send_key, comp_idx, part_idx, mem_idx, receiver_id, push_device_type, push_registration_id, receiver_name, service_type, msg_type, message, state, state_comment, request_time) values ( '20140228154539652770', 5, 5, 60, 'cndgh0506@naver.com', 'I', 'dc9650c20972f1bcfb7cbf6b4899d2e78469e202a6b548da1214a572294dcb1c', '박충호', 'ios', 'receipt', '[인평초등학교] 방송실 인터넷 연결', '9', '', now())
bizstory_push: ** 20140228-154557
bizstory_push: sender=bizstorycokr@gmail.com, comp_idx=5, part_idx=5, mem_idx=140, receiver=kty5458@hanmail.net, msg_type=receipt, message=[왕산초등학교] TV 영상이 나오지..
bizstory_push: sql = select * from push_member where push_id = 'kty5458@hanmail.net' and del_yn = 'N'
bizstory_push: [kty5458@hanmail.net] push_device_type = A, message = Y, receipt = Y, work = Y, notice = Y, consult = 
bizstory_push: sql = insert into push_history (send_key, comp_idx, part_idx, mem_idx, receiver_id, push_device_type, push_registration_id, receiver_name, service_type, msg_type, message, state, state_comment, request_time) values ( '20140228154557729902', 5, 5, 140, 'kty5458@hanmail.net', 'A', 'APA91bFAJu5UJ_kY99MSOG5-E1RMNWCLk4-Jj62Lu0wG8MNodntQEkyqT0qZBj313pXl8e0CR44cLykQjwnqBqP31i2euKFbcR0no9D7mSKmZQk_1AOf7Ok9smMncqh6nEdFjTj5vY6gAaRd8mpNnUIpDLJuvNRX_J_XBZIw8nCg593SIL0JQLg', '김태영', 'ios', 'receipt', '[왕산초등학교] TV 영상이 나오지..', '9', '', now())
bizstory_push: ** 20140228-154601
bizstory_push: sender=bizstorycokr@gmail.com, comp_idx=5, part_idx=5, mem_idx=60, receiver=cndgh0506@naver.com, msg_type=receipt, message=[인평초등학교] 네트워크 오류 및 ..
bizstory_push: sql = select * from push_member where push_id = 'cndgh0506@naver.com' and del_yn = 'N'
bizstory_push: [cndgh0506@naver.com] push_device_type = I, message = Y, receipt = Y, work = Y, notice = Y, consult = 
bizstory_push: sql = insert into push_history (send_key, comp_idx, part_idx, mem_idx, receiver_id, push_device_type, push_registration_id, receiver_name, service_type, msg_type, message, state, state_comment, request_time) values ( '20140228154601928115', 5, 5, 60, 'cndgh0506@naver.com', 'I', 'dc9650c20972f1bcfb7cbf6b4899d2e78469e202a6b548da1214a572294dcb1c', '박충호', 'ios', 'receipt', '[인평초등학교] 네트워크 오류 및 ..', '9', '', now())
bizstory_push: ** 20140228-154717
bizstory_push: sender=bizstorycokr@gmail.com, comp_idx=44, part_idx=80, mem_idx=292, receiver=semtl97@naver.com, msg_type=receipt, message=[접수] [어룡초등학교] 6-화성 USB2....
bizstory_push: sql = select * from push_member where push_id = 'semtl97@naver.com' and del_yn = 'N'
bizstory_push: [semtl97@naver.com] push_device_type = A, message = Y, receipt = Y, work = Y, notice = Y, consult = 
bizstory_push: sql = insert into push_history (send_key, comp_idx, part_idx, mem_idx, receiver_id, push_device_type, push_registration_id, receiver_name, service_type, msg_type, message, state, state_comment, request_time) values ( '20140228154717865586', 44, 80, 292, 'semtl97@naver.com', 'A', 'APA91bGVq32gchPt3WoGAEetxkQEczhbZ9qKkA9MBXQhJAuYiXxY6i8mrdhwGhKbOEp5pPiCOfP-y765LTxgzTXQqeskEydjkjaz5-0YEGW9fnPY5jC4-ZNHSZEYnCM3MK9g_zkON8mb3dv7aN-OreA0GrLeHJSI3Q', '전재욱', 'ios', 'receipt', '[접수] [어룡초등학교] 6-화성 USB2....', '9', '', now())
bizstory_push: ** 20140228-154717
bizstory_push: ** 20140228-155010
bizstory_push: sender=bizstorycokr@gmail.com, comp_idx=32, part_idx=39, mem_idx=180, receiver=jw3132@miraensys.com, msg_type=receipt, message=[접수] [신일초등학교] 4연구실 오른쪽 컴...
bizstory_push: sql = select * from push_member where push_id = 'jw3132@miraensys.com' and del_yn = 'N'
bizstory_push: [jw3132@miraensys.com] push_device_type = A, message = N, receipt = N, work = N, notice = N, consult = N
bizstory_push: sql = insert into push_history (send_key, comp_idx, part_idx, mem_idx, receiver_id, push_device_type, push_registration_id, receiver_name, service_type, msg_type, message, state, state_comment, request_time) values ( '20140228155011789010', 32, 39, 180, 'jw3132@miraensys.com', 'A', 'APA91bH0_m5cFOGJEF5Wp5X-3BpzW0nZ3GAcpTsM0_fTsaqH0O5t70I3juLmqteUxmyQvstC2lu0DulL9dKvRTGFEzjhSsSqv2trWnCP8T8RvA3uuoJ_pYrARyRyaw149FkGo2Jo-J1tstdKHqv0-YK0qZEud2o5hw', '이진우', 'ios', 'receipt', '[접수] [신일초등학교] 4연구실 오른쪽 컴...', '9', '', now())
bizstory_push: ** 20140228-155011
bizstory_push: ** 20140228-160123
bizstory_push: sender=bizstorycokr@gmail.com, comp_idx=4, part_idx=4, mem_idx=369, receiver=choidh73@hanmail.net, msg_type=receipt, message=[접수] [서호초등학교] 포토샵
bizstory_push: sql = select * from push_member where push_id = 'choidh73@hanmail.net' and del_yn = 'N'
bizstory_push: [choidh73@hanmail.net] push_device_type = A, message = Y, receipt = Y, work = Y, notice = Y, consult = 
bizstory_push: sql = insert into push_history (send_key, comp_idx, part_idx, mem_idx, receiver_id, push_device_type, push_registration_id, receiver_name, service_type, msg_type, message, state, state_comment, request_time) values ( '20140228160123389828', 4, 4, 369, 'choidh73@hanmail.net', 'A', 'APA91bFX1VbttWRGFNnlmf5ZlV05J1vJotNLwfzczQcNzBQs6v3_crjGRcAtv55zzqZod9VWtdRzgs0jpyGDeP7mr8A2esjQak5Ye_GzKIAHFYiT-4sXFqEyC4qCRTyVUxCPJSpmqVfrr8XTkardyXOvsqcKPZVT7g', '최동호', 'ios', 'receipt', '[접수] [서호초등학교] 포토샵', '9', '', now())
bizstory_push: ** 20140228-160123
bizstory_push: ** 20140228-161740
bizstory_push: sender=bizstorycokr@gmail.com, comp_idx=58, part_idx=109, mem_idx=380, receiver=ora4206@hanmail.net, msg_type=receipt, message=[도장초등학교] 5-2반 PC 화면..
bizstory_push: sql = select * from push_member where push_id = 'ora4206@hanmail.net' and del_yn = 'N'
bizstory_push: [ora4206@hanmail.net] push_device_type = A, message = Y, receipt = Y, work = Y, notice = Y, consult = 
bizstory_push: sql = insert into push_history (send_key, comp_idx, part_idx, mem_idx, receiver_id, push_device_type, push_registration_id, receiver_name, service_type, msg_type, message, state, state_comment, request_time) values ( '20140228161740192779', 58, 109, 380, 'ora4206@hanmail.net', 'A', 'APA91bEI8RGd2C4Jou0zefol3fjgCYGabyzeVrrg9CWaaDfQYWMpWXKsnwNbanhg3fZJYBzZGl0Z9kLQSoVRpAHUIZSaQOVa9RGCg5g3od0-4ZeiqfN6OfqECAUdEytuvHCnPKERjp89-mBsR2v6Uvp2-l700L9yghRVZmXHsD3fmnqdSLkaCLI', '이민수', 'ios', 'receipt', '[도장초등학교] 5-2반 PC 화면..', '9', '', now())
bizstory_push: ** 20140228-162638
bizstory_push: sender=bizstorycokr@gmail.com, comp_idx=32, part_idx=39, mem_idx=175, receiver=kclee@miraensys.com, msg_type=receipt, message=[접수] [가람초등학교] 백업하라고 오류나면...
bizstory_push: sql = select * from push_member where push_id = 'kclee@miraensys.com' and del_yn = 'N'
bizstory_push: [kclee@miraensys.com] push_device_type = I, message = Y, receipt = Y, work = Y, notice = Y, consult = 
bizstory_push: sql = insert into push_history (send_key, comp_idx, part_idx, mem_idx, receiver_id, push_device_type, push_registration_id, receiver_name, service_type, msg_type, message, state, state_comment, request_time) values ( '20140228162638791110', 32, 39, 175, 'kclee@miraensys.com', 'I', '4c276a0f5bbc835989c925dfc111482e73abaf37d7d5af8dbec003e748d05b21', '이경춘', 'ios', 'receipt', '[접수] [가람초등학교] 백업하라고 오류나면...', '9', '', now())
bizstory_push: ** 20140228-162638
bizstory_push: ** 20140228-162726
bizstory_push: sender=bizstorycokr@gmail.com, comp_idx=44, part_idx=80, mem_idx=298, receiver=yak815@daum.net, msg_type=receipt, message=[접수] [의정부호원초등학교] 5-3반 프린터..
bizstory_push: sql = select * from push_member where push_id = 'yak815@daum.net' and del_yn = 'N'
bizstory_push: [yak815@daum.net] push_device_type = A, message = Y, receipt = Y, work = Y, notice = Y, consult = 
bizstory_push: sql = insert into push_history (send_key, comp_idx, part_idx, mem_idx, receiver_id, push_device_type, push_registration_id, receiver_name, service_type, msg_type, message, state, state_comment, request_time) values ( '20140228162726431432', 44, 80, 298, 'yak815@daum.net', 'A', 'APA91bHCO7krjkg7stCvjB1TRB0yTiCrILclr0SSa_Tly8NNWixJ1mcd21O1oUO02THBe4mkNK8fpzgqC9xMW_ZkAHsaXENzgvzJXbvRHhcybHVbrur4sb2WIDIVctsCyiyq4g16q0aZouoOPoVEwbtShWPehA-tOg', '노원종', 'ios', 'receipt', '[접수] [의정부호원초등학교] 5-3반 프린터..', '9', '', now())
bizstory_push: ** 20140228-162726
bizstory_push: ** 20140228-163500
bizstory_push: sender=bizstorycokr@gmail.com, comp_idx=58, part_idx=109, mem_idx=395, receiver=ljk0910@hanmail.net, msg_type=receipt, message=[접수] [범계초등학교] 5학년 4반 인터넷...
bizstory_push: sql = select * from push_member where push_id = 'ljk0910@hanmail.net' and del_yn = 'N'
bizstory_push: [ljk0910@hanmail.net] push_device_type = A, message = Y, receipt = Y, work = Y, notice = Y, consult = 
bizstory_push: sql = insert into push_history (send_key, comp_idx, part_idx, mem_idx, receiver_id, push_device_type, push_registration_id, receiver_name, service_type, msg_type, message, state, state_comment, request_time) values ( '20140228163500963355', 58, 109, 395, 'ljk0910@hanmail.net', 'A', 'APA91bH7R-gnDi9W_vZwx7qhd8mic7-QvfmY2TBdbBU6z_hPKHh8e4RP1VEYSjHe9PAQKb78ulRf0qgC9LslPu7woKb03w1WVvdT4EMcvEoW7SmawLo59zFWDw2NC0WhJd92LprHU_SX2r7J6b-MyDZ6YXaygp6DMg', '이진규', 'ios', 'receipt', '[접수] [범계초등학교] 5학년 4반 인터넷...', '9', '', now())
bizstory_push: ** 20140228-163500
bizstory_push: ** 20140228-164310
bizstory_push: sender=bizstorycokr@gmail.com, comp_idx=58, part_idx=109, mem_idx=380, receiver=ora4206@hanmail.net, msg_type=receipt, message=[접수] [도장초등학교] 1-3반 교내메신저...
bizstory_push: sql = select * from push_member where push_id = 'ora4206@hanmail.net' and del_yn = 'N'
bizstory_push: [ora4206@hanmail.net] push_device_type = A, message = Y, receipt = Y, work = Y, notice = Y, consult = 
bizstory_push: sql = insert into push_history (send_key, comp_idx, part_idx, mem_idx, receiver_id, push_device_type, push_registration_id, receiver_name, service_type, msg_type, message, state, state_comment, request_time) values ( '20140228164310967400', 58, 109, 380, 'ora4206@hanmail.net', 'A', 'APA91bEI8RGd2C4Jou0zefol3fjgCYGabyzeVrrg9CWaaDfQYWMpWXKsnwNbanhg3fZJYBzZGl0Z9kLQSoVRpAHUIZSaQOVa9RGCg5g3od0-4ZeiqfN6OfqECAUdEytuvHCnPKERjp89-mBsR2v6Uvp2-l700L9yghRVZmXHsD3fmnqdSLkaCLI', '이민수', 'ios', 'receipt', '[접수] [도장초등학교] 1-3반 교내메신저...', '9', '', now())
bizstory_push: ** 20140228-164310
bizstory_push: ** 20140228-164940
bizstory_push: sender=bizstorycokr@gmail.com, comp_idx=7, part_idx=8, mem_idx=36, receiver=neoggt@naver.com, msg_type=receipt, message=[접수] [안양외고] 본관1층 입학부 홍..
bizstory_push: sql = select * from push_member where push_id = 'neoggt@naver.com' and del_yn = 'N'
bizstory_push: [neoggt@naver.com] push_device_type = A, message = Y, receipt = Y, work = Y, notice = Y, consult = 
bizstory_push: sql = insert into push_history (send_key, comp_idx, part_idx, mem_idx, receiver_id, push_device_type, push_registration_id, receiver_name, service_type, msg_type, message, state, state_comment, request_time) values ( '20140228164940718706', 7, 8, 36, 'neoggt@naver.com', 'A', 'APA91bEq6XuBBVBtmK1bxKQ12i2ZC6hUnNgFTeUUl-AYxZbXSytM5udM2EbZAuPTS0k66ulwDg_BHvFRAQIhDacrlkkTqbyNI6SMPGafKbkl4_eECwo1jExBadVR2rXER0bMKVXwNdgIJ8Ov8kwLL3Pjg5PhLAPmf4s7DCHNek7CQ4vmiGuJVAo', '고광태', 'ios', 'receipt', '[접수] [안양외고] 본관1층 입학부 홍..', '9', '', now())
bizstory_push: ** 20140228-164940
bizstory_push: ** 20140228-164955
bizstory_push: sender=bizstorycokr@gmail.com, comp_idx=4, part_idx=4, mem_idx=369, receiver=choidh73@hanmail.net, msg_type=receipt, message=[접수] [서호초등학교] 컬러프린터
bizstory_push: sql = select * from push_member where push_id = 'choidh73@hanmail.net' and del_yn = 'N'
bizstory_push: [choidh73@hanmail.net] push_device_type = A, message = Y, receipt = Y, work = Y, notice = Y, consult = 
bizstory_push: sql = insert into push_history (send_key, comp_idx, part_idx, mem_idx, receiver_id, push_device_type, push_registration_id, receiver_name, service_type, msg_type, message, state, state_comment, request_time) values ( '20140228164955766414', 4, 4, 369, 'choidh73@hanmail.net', 'A', 'APA91bFX1VbttWRGFNnlmf5ZlV05J1vJotNLwfzczQcNzBQs6v3_crjGRcAtv55zzqZod9VWtdRzgs0jpyGDeP7mr8A2esjQak5Ye_GzKIAHFYiT-4sXFqEyC4qCRTyVUxCPJSpmqVfrr8XTkardyXOvsqcKPZVT7g', '최동호', 'ios', 'receipt', '[접수] [서호초등학교] 컬러프린터', '9', '', now())
bizstory_push: ** 20140228-164955
bizstory_push: ** 20140228-165022
bizstory_push: sender=bizstorycokr@gmail.com, comp_idx=7, part_idx=8, mem_idx=36, receiver=neoggt@naver.com, msg_type=receipt, message=[접수] [안양외고] 본관2층 2학년 교..
bizstory_push: sql = select * from push_member where push_id = 'neoggt@naver.com' and del_yn = 'N'
bizstory_push: [neoggt@naver.com] push_device_type = A, message = Y, receipt = Y, work = Y, notice = Y, consult = 
bizstory_push: sql = insert into push_history (send_key, comp_idx, part_idx, mem_idx, receiver_id, push_device_type, push_registration_id, receiver_name, service_type, msg_type, message, state, state_comment, request_time) values ( '20140228165022370627', 7, 8, 36, 'neoggt@naver.com', 'A', 'APA91bEq6XuBBVBtmK1bxKQ12i2ZC6hUnNgFTeUUl-AYxZbXSytM5udM2EbZAuPTS0k66ulwDg_BHvFRAQIhDacrlkkTqbyNI6SMPGafKbkl4_eECwo1jExBadVR2rXER0bMKVXwNdgIJ8Ov8kwLL3Pjg5PhLAPmf4s7DCHNek7CQ4vmiGuJVAo', '고광태', 'ios', 'receipt', '[접수] [안양외고] 본관2층 2학년 교..', '9', '', now())
bizstory_push: ** 20140228-165022
bizstory_push: ** 20140228-165438
bizstory_push: sender=bizstorycokr@gmail.com, comp_idx=7, part_idx=8, mem_idx=36, receiver=neoggt@naver.com, msg_type=receipt, message=[접수] [안양외고] 본관1층 국제교육부..
bizstory_push: sql = select * from push_member where push_id = 'neoggt@naver.com' and del_yn = 'N'
bizstory_push: [neoggt@naver.com] push_device_type = A, message = Y, receipt = Y, work = Y, notice = Y, consult = 
bizstory_push: sql = insert into push_history (send_key, comp_idx, part_idx, mem_idx, receiver_id, push_device_type, push_registration_id, receiver_name, service_type, msg_type, message, state, state_comment, request_time) values ( '20140228165438402485', 7, 8, 36, 'neoggt@naver.com', 'A', 'APA91bEq6XuBBVBtmK1bxKQ12i2ZC6hUnNgFTeUUl-AYxZbXSytM5udM2EbZAuPTS0k66ulwDg_BHvFRAQIhDacrlkkTqbyNI6SMPGafKbkl4_eECwo1jExBadVR2rXER0bMKVXwNdgIJ8Ov8kwLL3Pjg5PhLAPmf4s7DCHNek7CQ4vmiGuJVAo', '고광태', 'ios', 'receipt', '[접수] [안양외고] 본관1층 국제교육부..', '9', '', now())
bizstory_push: ** 20140228-165438
bizstory_push: ** 20140228-165541
bizstory_push: sender=bizstorycokr@gmail.com, comp_idx=7, part_idx=8, mem_idx=36, receiver=neoggt@naver.com, msg_type=receipt, message=[접수] [안양외고] 컴퓨터 포맷 바랍니..
bizstory_push: sql = select * from push_member where push_id = 'neoggt@naver.com' and del_yn = 'N'
bizstory_push: [neoggt@naver.com] push_device_type = A, message = Y, receipt = Y, work = Y, notice = Y, consult = 
bizstory_push: sql = insert into push_history (send_key, comp_idx, part_idx, mem_idx, receiver_id, push_device_type, push_registration_id, receiver_name, service_type, msg_type, message, state, state_comment, request_time) values ( '20140228165541826727', 7, 8, 36, 'neoggt@naver.com', 'A', 'APA91bEq6XuBBVBtmK1bxKQ12i2ZC6hUnNgFTeUUl-AYxZbXSytM5udM2EbZAuPTS0k66ulwDg_BHvFRAQIhDacrlkkTqbyNI6SMPGafKbkl4_eECwo1jExBadVR2rXER0bMKVXwNdgIJ8Ov8kwLL3Pjg5PhLAPmf4s7DCHNek7CQ4vmiGuJVAo', '고광태', 'ios', 'receipt', '[접수] [안양외고] 컴퓨터 포맷 바랍니..', '9', '', now())
bizstory_push: ** 20140228-165541
bizstory_push: ** 20140228-173105
bizstory_push: sender=bizstorycokr@gmail.com, comp_idx=13, part_idx=17, mem_idx=517, receiver=ksh6969@greatworks.co.kr, msg_type=receipt, message=[접수] [반림중학교] 인터넷접속중단
bizstory_push: sql = select * from push_member where push_id = 'ksh6969@greatworks.co.kr' and del_yn = 'N'
bizstory_push: [ksh6969@greatworks.co.kr] push_device_type = I, message = Y, receipt = Y, work = Y, notice = Y, consult = 
bizstory_push: sql = insert into push_history (send_key, comp_idx, part_idx, mem_idx, receiver_id, push_device_type, push_registration_id, receiver_name, service_type, msg_type, message, state, state_comment, request_time) values ( '20140228173105987366', 13, 17, 517, 'ksh6969@greatworks.co.kr', 'I', '3db048dddedc374b54a6787d117b2f1728bbe535a5c06b37c24fd8ee186cb6a8', '강신호', 'ios', 'receipt', '[접수] [반림중학교] 인터넷접속중단', '9', '', now())
bizstory_push: ** 20140228-173105
bizstory_push: ** 20140228-173329
bizstory_push: sender=bizstorycokr@gmail.com, comp_idx=36, part_idx=50, mem_idx=246, receiver=theskun@naver.com, msg_type=receipt, message=[접수] [금촌고등학교] 스피커 소리가 너무...
bizstory_push: sql = select * from push_member where push_id = 'theskun@naver.com' and del_yn = 'N'
bizstory_push: [theskun@naver.com] push_device_type = A, message = Y, receipt = Y, work = Y, notice = Y, consult = 
bizstory_push: sql = insert into push_history (send_key, comp_idx, part_idx, mem_idx, receiver_id, push_device_type, push_registration_id, receiver_name, service_type, msg_type, message, state, state_comment, request_time) values ( '20140228173329866064', 36, 50, 246, 'theskun@naver.com', 'A', 'APA91bHAW651ptqB0X__iY4VrHf1vrJaBqYYt6qRteLGEazSC_csagziUOSRLeV7_sgZCkYdQwvh1yUFD6Rl_MUUduwmjOOPF87C7N9g_vGoBmo6wKbGfEy7rpMyKNSNWAAaiTZ3nKqgk9DlNcujzzg1ThvL_yQ4WTA3D3Auu4a_flzA4grsOUM', '신부근', 'ios', 'receipt', '[접수] [금촌고등학교] 스피커 소리가 너무...', '9', '', now())
bizstory_push: ** 20140228-173329
bizstory_push: ** 20140228-175030
bizstory_push: sender=bizstorycokr@gmail.com, comp_idx=7, part_idx=8, mem_idx=36, receiver=neoggt@naver.com, msg_type=receipt, message=[접수] [안양외고] 신관1층 진학부실 ..
bizstory_push: sql = select * from push_member where push_id = 'neoggt@naver.com' and del_yn = 'N'
bizstory_push: [neoggt@naver.com] push_device_type = A, message = Y, receipt = Y, work = Y, notice = Y, consult = 
bizstory_push: sql = insert into push_history (send_key, comp_idx, part_idx, mem_idx, receiver_id, push_device_type, push_registration_id, receiver_name, service_type, msg_type, message, state, state_comment, request_time) values ( '20140228175030177597', 7, 8, 36, 'neoggt@naver.com', 'A', 'APA91bEq6XuBBVBtmK1bxKQ12i2ZC6hUnNgFTeUUl-AYxZbXSytM5udM2EbZAuPTS0k66ulwDg_BHvFRAQIhDacrlkkTqbyNI6SMPGafKbkl4_eECwo1jExBadVR2rXER0bMKVXwNdgIJ8Ov8kwLL3Pjg5PhLAPmf4s7DCHNek7CQ4vmiGuJVAo', '고광태', 'ios', 'receipt', '[접수] [안양외고] 신관1층 진학부실 ..', '9', '', now())
bizstory_push: ** 20140228-175030
bizstory_push: ** 20140228-175428
bizstory_push: sender=bizstorycokr@gmail.com, comp_idx=59, part_idx=110, mem_idx=383, receiver=phw1579@naver.com, msg_type=receipt, message=[상주초등학교] 교무실 8600파란..
bizstory_push: sql = select * from push_member where push_id = 'phw1579@naver.com' and del_yn = 'N'
bizstory_push: 등록되지 않은 사용자
bizstory_push: sql = insert into push_history (send_key, comp_idx, part_idx, mem_idx, receiver_id, receiver_name, service_type, msg_type, message, state, state_comment, request_time) values ( '20140228175428628469', 59, 110, 383, 'phw1579@naver.com', '', 'ios', 'receipt', '[상주초등학교] 교무실 8600파란..', '0', '등록되지 않은 사용자', now())
bizstory_push: ** 20140228-175545
bizstory_push: sender=bizstorycokr@gmail.com, comp_idx=7, part_idx=8, mem_idx=36, receiver=neoggt@naver.com, msg_type=receipt, message=[접수] [안양외고] 신규설치 PC들 I..
bizstory_push: sql = select * from push_member where push_id = 'neoggt@naver.com' and del_yn = 'N'
bizstory_push: [neoggt@naver.com] push_device_type = A, message = Y, receipt = Y, work = Y, notice = Y, consult = 
bizstory_push: sql = insert into push_history (send_key, comp_idx, part_idx, mem_idx, receiver_id, push_device_type, push_registration_id, receiver_name, service_type, msg_type, message, state, state_comment, request_time) values ( '20140228175545332878', 7, 8, 36, 'neoggt@naver.com', 'A', 'APA91bEq6XuBBVBtmK1bxKQ12i2ZC6hUnNgFTeUUl-AYxZbXSytM5udM2EbZAuPTS0k66ulwDg_BHvFRAQIhDacrlkkTqbyNI6SMPGafKbkl4_eECwo1jExBadVR2rXER0bMKVXwNdgIJ8Ov8kwLL3Pjg5PhLAPmf4s7DCHNek7CQ4vmiGuJVAo', '고광태', 'ios', 'receipt', '[접수] [안양외고] 신규설치 PC들 I..', '9', '', now())
bizstory_push: ** 20140228-175545
bizstory_push: ** 20140228-181931
bizstory_push: sender=bizstorycokr@gmail.com, comp_idx=13, part_idx=17, mem_idx=517, receiver=ksh6969@greatworks.co.kr, msg_type=receipt, message=[접수] [창원신월고등학교] 프린트가 안잡힙니..
bizstory_push: sql = select * from push_member where push_id = 'ksh6969@greatworks.co.kr' and del_yn = 'N'
bizstory_push: [ksh6969@greatworks.co.kr] push_device_type = I, message = Y, receipt = Y, work = Y, notice = Y, consult = 
bizstory_push: sql = insert into push_history (send_key, comp_idx, part_idx, mem_idx, receiver_id, push_device_type, push_registration_id, receiver_name, service_type, msg_type, message, state, state_comment, request_time) values ( '20140228181931923834', 13, 17, 517, 'ksh6969@greatworks.co.kr', 'I', '3db048dddedc374b54a6787d117b2f1728bbe535a5c06b37c24fd8ee186cb6a8', '강신호', 'ios', 'receipt', '[접수] [창원신월고등학교] 프린트가 안잡힙니..', '9', '', now())
bizstory_push: ** 20140228-181931
bizstory_push: ** 20140228-183530
bizstory_push: sender=bizstorycokr@gmail.com, comp_idx=1, part_idx=1, mem_idx=2, receiver=arachi76@naver.com, msg_type=receipt, message=[담당자변경] 파일 바꿔주세요
bizstory_push: sql = select * from push_member where push_id = 'arachi76@naver.com' and del_yn = 'N'
bizstory_push: [arachi76@naver.com] push_device_type = I, message = Y, receipt = Y, work = Y, notice = Y, consult = 
bizstory_push: sql = insert into push_history (send_key, comp_idx, part_idx, mem_idx, receiver_id, push_device_type, push_registration_id, receiver_name, service_type, msg_type, message, state, state_comment, request_time) values ( '20140228183530217594', 1, 1, 2, 'arachi76@naver.com', 'I', '4ac171c71134ac868a9ce0fc22b36a015dee461bf045a22792beff7d6246e27f', '서경원', 'ios', 'receipt', '[담당자변경] 파일 바꿔주세요', '9', '', now())
bizstory_push: ** 20140228-183555
bizstory_push: sender=bizstorycokr@gmail.com, comp_idx=1, part_idx=1, mem_idx=2, receiver=arachi76@naver.com, msg_type=receipt, message=[담당자변경] 회원등급 일괄 조정 요청(긴급)
bizstory_push: sql = select * from push_member where push_id = 'arachi76@naver.com' and del_yn = 'N'
bizstory_push: [arachi76@naver.com] push_device_type = I, message = Y, receipt = Y, work = Y, notice = Y, consult = 
bizstory_push: sql = insert into push_history (send_key, comp_idx, part_idx, mem_idx, receiver_id, push_device_type, push_registration_id, receiver_name, service_type, msg_type, message, state, state_comment, request_time) values ( '20140228183555362807', 1, 1, 2, 'arachi76@naver.com', 'I', '4ac171c71134ac868a9ce0fc22b36a015dee461bf045a22792beff7d6246e27f', '서경원', 'ios', 'receipt', '[담당자변경] 회원등급 일괄 조정 요청(긴급)', '9', '', now())
