bizstory_push: ** 20140221-082647
bizstory_push: sender=bizstorycokr@gmail.com, comp_idx=13, part_idx=17, mem_idx=94, receiver=starnts@greatworks.co.kr, msg_type=receipt, message=[안남중학교] 행정실 PC 장애 ..
bizstory_push: sql = select * from push_member where push_id = 'starnts@greatworks.co.kr' and del_yn = 'N'
bizstory_push: [starnts@greatworks.co.kr] push_device_type = A, message = Y, receipt = Y, work = Y, notice = Y, consult = 
bizstory_push: sql = insert into push_history (send_key, comp_idx, part_idx, mem_idx, receiver_id, push_device_type, push_registration_id, receiver_name, service_type, msg_type, message, state, state_comment, request_time) values ( '20140221082647710019', 13, 17, 92, 'starnts@greatworks.co.kr', 'A', 'APA91bHiOAbj3tzoiWBwyrdNRjREW3CrfDwm_tkfl2bVl88NEEz643nLe2n2PmHKhO2TjZQn2okD6QTstELDojuCJxctI2iOL5qtV-d4uQPaeyHUr6O-lQMvtCJ3wRRqmzeKWstt_iWPF-RzsEchBHWUpZ3gBOQqpw', '노태성', 'ios', 'receipt', '[안남중학교] 행정실 PC 장애 ..', '9', '', now())
bizstory_push: ** 20140221-084703
bizstory_push: sender=bizstorycokr@gmail.com, comp_idx=5, part_idx=5, mem_idx=45, receiver=west4185@naver.com, msg_type=receipt, message=[경북외국어고등학교] 3학년실 토너
bizstory_push: sql = select * from push_member where push_id = 'west4185@naver.com' and del_yn = 'N'
bizstory_push: [west4185@naver.com] push_device_type = I, message = Y, receipt = Y, work = Y, notice = Y, consult = 
bizstory_push: sql = insert into push_history (send_key, comp_idx, part_idx, mem_idx, receiver_id, push_device_type, push_registration_id, receiver_name, service_type, msg_type, message, state, state_comment, request_time) values ( '20140221084703469921', 5, 5, 45, 'west4185@naver.com', 'I', '8d65554edcef8491652d4630dc25c90fa30263d3fb105b40c687829cedb7548a', '이재응', 'ios', 'receipt', '[경북외국어고등학교] 3학년실 토너', '9', '', now())
bizstory_push: [west4185@naver.com] push_device_type = I, message = Y, receipt = Y, work = Y, notice = Y, consult = 
bizstory_push: sql = insert into push_history (send_key, comp_idx, part_idx, mem_idx, receiver_id, push_device_type, push_registration_id, receiver_name, service_type, msg_type, message, state, state_comment, request_time) values ( '20140221084703750804', 5, 5, 45, 'west4185@naver.com', 'I', '8d65554edcef8491652d4630dc25c90fa30263d3fb105b40c687829cedb7548a', '이재응', 'ios', 'receipt', '[경북외국어고등학교] 3학년실 토너', '9', '', now())
bizstory_push: [west4185@naver.com] push_device_type = I, message = Y, receipt = Y, work = Y, notice = Y, consult = 
bizstory_push: sql = insert into push_history (send_key, comp_idx, part_idx, mem_idx, receiver_id, push_device_type, push_registration_id, receiver_name, service_type, msg_type, message, state, state_comment, request_time) values ( '20140221084703842125', 5, 5, 45, 'west4185@naver.com', 'I', '8d65554edcef8491652d4630dc25c90fa30263d3fb105b40c687829cedb7548a', '이재응', 'ios', 'receipt', '[경북외국어고등학교] 3학년실 토너', '9', '', now())
bizstory_push: ** 20140221-084755
bizstory_push: sender=bizstorycokr@gmail.com, comp_idx=4, part_idx=4, mem_idx=22, receiver=651038@naver.com, msg_type=receipt, message=[접수] [가온초등학교] 행정실 컴퓨터 에러
bizstory_push: sql = select * from push_member where push_id = '651038@naver.com' and del_yn = 'N'
bizstory_push: [651038@naver.com] push_device_type = A, message = Y, receipt = Y, work = Y, notice = Y, consult = 
bizstory_push: sql = insert into push_history (send_key, comp_idx, part_idx, mem_idx, receiver_id, push_device_type, push_registration_id, receiver_name, service_type, msg_type, message, state, state_comment, request_time) values ( '20140221084755157829', 4, 4, 22, '651038@naver.com', 'A', 'APA91bGWO7CvuxcsLMDvy_NevlbFxy3MQNypcDoVnuY_bNFGx-mBRsgpcF6g2_fRfkEv0Jm3X9vTO_JEEoNnw6Hn03xiF1WZSc9Bt1iYd0fPP0_ic0NhULq0DNPqtjFI6dxY9NWb8KM8tXOfDDDwR4hUK4ENayJBEQ', '이원익', 'ios', 'receipt', '[접수] [가온초등학교] 행정실 컴퓨터 에러', '9', '', now())
bizstory_push: ** 20140221-084755
bizstory_push: ** 20140221-084810
bizstory_push: sender=bizstorycokr@gmail.com, comp_idx=4, part_idx=4, mem_idx=24, receiver=jhcrim@naver.com, msg_type=receipt, message=[접수] [동탄국제고등학교] 배터리 교체
bizstory_push: sql = select * from push_member where push_id = 'jhcrim@naver.com' and del_yn = 'N'
bizstory_push: [jhcrim@naver.com] push_device_type = I, message = Y, receipt = Y, work = Y, notice = Y, consult = 
bizstory_push: sql = insert into push_history (send_key, comp_idx, part_idx, mem_idx, receiver_id, push_device_type, push_registration_id, receiver_name, service_type, msg_type, message, state, state_comment, request_time) values ( '20140221084810335779', 4, 4, 24, 'jhcrim@naver.com', 'I', '52eaf554b8dd0a34046dcb19cde2d45449940c11f7d9c44c113b3db46d4d4cde', '이주형', 'ios', 'receipt', '[접수] [동탄국제고등학교] 배터리 교체', '9', '', now())
bizstory_push: ** 20140221-084810
bizstory_push: ** 20140221-084816
bizstory_push: sender=bizstorycokr@gmail.com, comp_idx=58, part_idx=109, mem_idx=387, receiver=cctvc@korea.kr, msg_type=receipt, message=[접수] [안양예술고등학교] (서버 컴퓨터) ..
bizstory_push: sql = select * from push_member where push_id = 'cctvc@korea.kr' and del_yn = 'N'
bizstory_push: [cctvc@korea.kr] push_device_type = A, message = Y, receipt = Y, work = Y, notice = Y, consult = Y
bizstory_push: sql = insert into push_history (send_key, comp_idx, part_idx, mem_idx, receiver_id, push_device_type, push_registration_id, receiver_name, service_type, msg_type, message, state, state_comment, request_time) values ( '20140221084816264763', 58, 109, 387, 'cctvc@korea.kr', 'A', 'APA91bEvsYNT1037VP3hB-q6VWfTxx0hBSSIKQ894ACNnv6rCBUhfpNxHVvz-HDflWNMCyCzfYCW-yv6hISBT3BdUpE1aMsdiA31A3ZX6M6djY9-qEVTnaWFHFNG1lr-GJNr4DpadOScdKzKtiHcd3KhzdAMG0IU0v6BUM-p6wbuW7KY8-b2wbs', '최세훈', 'ios', 'receipt', '[접수] [안양예술고등학교] (서버 컴퓨터) ..', '9', '', now())
bizstory_push: ** 20140221-084816
bizstory_push: ** 20140221-085638
bizstory_push: sender=bizstorycokr@gmail.com, comp_idx=4, part_idx=4, mem_idx=369, receiver=choidh73@hanmail.net, msg_type=receipt, message=[접수] [송죽초등학교] 프로그램 점검
bizstory_push: sql = select * from push_member where push_id = 'choidh73@hanmail.net' and del_yn = 'N'
bizstory_push: [choidh73@hanmail.net] push_device_type = A, message = Y, receipt = Y, work = Y, notice = Y, consult = 
bizstory_push: sql = insert into push_history (send_key, comp_idx, part_idx, mem_idx, receiver_id, push_device_type, push_registration_id, receiver_name, service_type, msg_type, message, state, state_comment, request_time) values ( '20140221085638937014', 4, 4, 369, 'choidh73@hanmail.net', 'A', 'APA91bFX1VbttWRGFNnlmf5ZlV05J1vJotNLwfzczQcNzBQs6v3_crjGRcAtv55zzqZod9VWtdRzgs0jpyGDeP7mr8A2esjQak5Ye_GzKIAHFYiT-4sXFqEyC4qCRTyVUxCPJSpmqVfrr8XTkardyXOvsqcKPZVT7g', '최동호', 'ios', 'receipt', '[접수] [송죽초등학교] 프로그램 점검', '9', '', now())
bizstory_push: ** 20140221-085638
bizstory_push: ** 20140221-085723
bizstory_push: sender=bizstorycokr@gmail.com, comp_idx=4, part_idx=4, mem_idx=369, receiver=choidh73@hanmail.net, msg_type=receipt, message=[접수] [송죽초등학교] 컴퓨터 교체
bizstory_push: sql = select * from push_member where push_id = 'choidh73@hanmail.net' and del_yn = 'N'
bizstory_push: [choidh73@hanmail.net] push_device_type = A, message = Y, receipt = Y, work = Y, notice = Y, consult = 
bizstory_push: sql = insert into push_history (send_key, comp_idx, part_idx, mem_idx, receiver_id, push_device_type, push_registration_id, receiver_name, service_type, msg_type, message, state, state_comment, request_time) values ( '20140221085723360478', 4, 4, 369, 'choidh73@hanmail.net', 'A', 'APA91bFX1VbttWRGFNnlmf5ZlV05J1vJotNLwfzczQcNzBQs6v3_crjGRcAtv55zzqZod9VWtdRzgs0jpyGDeP7mr8A2esjQak5Ye_GzKIAHFYiT-4sXFqEyC4qCRTyVUxCPJSpmqVfrr8XTkardyXOvsqcKPZVT7g', '최동호', 'ios', 'receipt', '[접수] [송죽초등학교] 컴퓨터 교체', '9', '', now())
bizstory_push: ** 20140221-085723
bizstory_push: ** 20140221-090744
bizstory_push: sender=bizstorycokr@gmail.com, comp_idx=7, part_idx=8, mem_idx=36, receiver=neoggt@naver.com, msg_type=receipt, message=[접수] [안양외고] 본관 1층 학생자치..
bizstory_push: sql = select * from push_member where push_id = 'neoggt@naver.com' and del_yn = 'N'
bizstory_push: [neoggt@naver.com] push_device_type = A, message = Y, receipt = Y, work = Y, notice = Y, consult = 
bizstory_push: sql = insert into push_history (send_key, comp_idx, part_idx, mem_idx, receiver_id, push_device_type, push_registration_id, receiver_name, service_type, msg_type, message, state, state_comment, request_time) values ( '20140221090744506247', 7, 8, 36, 'neoggt@naver.com', 'A', 'APA91bEq6XuBBVBtmK1bxKQ12i2ZC6hUnNgFTeUUl-AYxZbXSytM5udM2EbZAuPTS0k66ulwDg_BHvFRAQIhDacrlkkTqbyNI6SMPGafKbkl4_eECwo1jExBadVR2rXER0bMKVXwNdgIJ8Ov8kwLL3Pjg5PhLAPmf4s7DCHNek7CQ4vmiGuJVAo', '고광태', 'ios', 'receipt', '[접수] [안양외고] 본관 1층 학생자치..', '9', '', now())
bizstory_push: ** 20140221-090744
bizstory_push: ** 20140221-090947
bizstory_push: sender=bizstorycokr@gmail.com, comp_idx=5, part_idx=5, mem_idx=60, receiver=cndgh0506@naver.com, msg_type=receipt, message=[접수] [북삼초등학교] 자료 저장
bizstory_push: sql = select * from push_member where push_id = 'cndgh0506@naver.com' and del_yn = 'N'
bizstory_push: [cndgh0506@naver.com] push_device_type = I, message = Y, receipt = Y, work = Y, notice = Y, consult = 
bizstory_push: sql = insert into push_history (send_key, comp_idx, part_idx, mem_idx, receiver_id, push_device_type, push_registration_id, receiver_name, service_type, msg_type, message, state, state_comment, request_time) values ( '20140221090947599632', 5, 5, 60, 'cndgh0506@naver.com', 'I', 'dc9650c20972f1bcfb7cbf6b4899d2e78469e202a6b548da1214a572294dcb1c', '박충호', 'ios', 'receipt', '[접수] [북삼초등학교] 자료 저장', '9', '', now())
bizstory_push: ** 20140221-090947
bizstory_push: ** 20140221-091122
bizstory_push: sender=bizstorycokr@gmail.com, comp_idx=4, part_idx=4, mem_idx=369, receiver=choidh73@hanmail.net, msg_type=receipt, message=[접수] [송림초등학교] 프린터기에서 소리나...
bizstory_push: sql = select * from push_member where push_id = 'choidh73@hanmail.net' and del_yn = 'N'
bizstory_push: [choidh73@hanmail.net] push_device_type = A, message = Y, receipt = Y, work = Y, notice = Y, consult = 
bizstory_push: sql = insert into push_history (send_key, comp_idx, part_idx, mem_idx, receiver_id, push_device_type, push_registration_id, receiver_name, service_type, msg_type, message, state, state_comment, request_time) values ( '20140221091122351032', 4, 4, 369, 'choidh73@hanmail.net', 'A', 'APA91bFX1VbttWRGFNnlmf5ZlV05J1vJotNLwfzczQcNzBQs6v3_crjGRcAtv55zzqZod9VWtdRzgs0jpyGDeP7mr8A2esjQak5Ye_GzKIAHFYiT-4sXFqEyC4qCRTyVUxCPJSpmqVfrr8XTkardyXOvsqcKPZVT7g', '최동호', 'ios', 'receipt', '[접수] [송림초등학교] 프린터기에서 소리나...', '9', '', now())
bizstory_push: ** 20140221-091122
bizstory_push: ** 20140221-092705
bizstory_push: sender=bizstorycokr@gmail.com, comp_idx=13, part_idx=17, mem_idx=94, receiver=starnts@greatworks.co.kr, msg_type=receipt, message=[접수] [대방중학교] 스캐너 문서공급장치
bizstory_push: sql = select * from push_member where push_id = 'starnts@greatworks.co.kr' and del_yn = 'N'
bizstory_push: [starnts@greatworks.co.kr] push_device_type = A, message = Y, receipt = Y, work = Y, notice = Y, consult = 
bizstory_push: sql = insert into push_history (send_key, comp_idx, part_idx, mem_idx, receiver_id, push_device_type, push_registration_id, receiver_name, service_type, msg_type, message, state, state_comment, request_time) values ( '20140221092705191866', 13, 17, 92, 'starnts@greatworks.co.kr', 'A', 'APA91bHiOAbj3tzoiWBwyrdNRjREW3CrfDwm_tkfl2bVl88NEEz643nLe2n2PmHKhO2TjZQn2okD6QTstELDojuCJxctI2iOL5qtV-d4uQPaeyHUr6O-lQMvtCJ3wRRqmzeKWstt_iWPF-RzsEchBHWUpZ3gBOQqpw', '노태성', 'ios', 'receipt', '[접수] [대방중학교] 스캐너 문서공급장치', '9', '', now())
bizstory_push: ** 20140221-092705
bizstory_push: ** 20140221-093504
bizstory_push: sender=bizstorycokr@gmail.com, comp_idx=4, part_idx=4, mem_idx=24, receiver=jhcrim@naver.com, msg_type=receipt, message=[접수] [동탄국제고등학교] 노트북 충전이 안..
bizstory_push: sql = select * from push_member where push_id = 'jhcrim@naver.com' and del_yn = 'N'
bizstory_push: [jhcrim@naver.com] push_device_type = I, message = Y, receipt = Y, work = Y, notice = Y, consult = 
bizstory_push: sql = insert into push_history (send_key, comp_idx, part_idx, mem_idx, receiver_id, push_device_type, push_registration_id, receiver_name, service_type, msg_type, message, state, state_comment, request_time) values ( '20140221093504897356', 4, 4, 24, 'jhcrim@naver.com', 'I', '52eaf554b8dd0a34046dcb19cde2d45449940c11f7d9c44c113b3db46d4d4cde', '이주형', 'ios', 'receipt', '[접수] [동탄국제고등학교] 노트북 충전이 안..', '9', '', now())
bizstory_push: ** 20140221-093505
bizstory_push: ** 20140221-093517
bizstory_push: sender=bizstorycokr@gmail.com, comp_idx=1, part_idx=1, mem_idx=2, receiver=arachi76@naver.com, msg_type=work, message=[업무] 창원 대형웍스 요청사항
bizstory_push: sql = select * from push_member where push_id = 'arachi76@naver.com' and del_yn = 'N'
bizstory_push: [arachi76@naver.com] push_device_type = I, message = Y, receipt = Y, work = Y, notice = Y, consult = 
bizstory_push: sql = insert into push_history (send_key, comp_idx, part_idx, mem_idx, receiver_id, push_device_type, push_registration_id, receiver_name, service_type, msg_type, message, state, state_comment, request_time) values ( '20140221093517411753', 1, 1, 2, 'arachi76@naver.com', 'I', '4ac171c71134ac868a9ce0fc22b36a015dee461bf045a22792beff7d6246e27f', '서경원', 'ios', 'work', '[업무] 창원 대형웍스 요청사항', '9', '', now())
bizstory_push: ** 20140221-094928
bizstory_push: sender=bizstorycokr@gmail.com, comp_idx=58, part_idx=109, mem_idx=436, receiver=hwancc@gmail.com, msg_type=receipt, message=[접수] [부흥고등학교] 3-13 선몰딩
bizstory_push: sql = select * from push_member where push_id = 'hwancc@gmail.com' and del_yn = 'N'
bizstory_push: [hwancc@gmail.com] push_device_type = A, message = Y, receipt = Y, work = Y, notice = Y, consult = 
bizstory_push: sql = insert into push_history (send_key, comp_idx, part_idx, mem_idx, receiver_id, push_device_type, push_registration_id, receiver_name, service_type, msg_type, message, state, state_comment, request_time) values ( '20140221094928330341', 58, 109, 436, 'hwancc@gmail.com', 'A', 'APA91bEEFZZPDvdBukWNNRQnBPsb7zso3pvphkMXNM5nWh_BkyhQ97NbjJ5EDCE8eygL38Z6Lm44dNcKcWUe3OeH95AxjblDjV5Intr6jcyp666UyHX0YV3TKza7uDDS-yTq4al9t6_AJuciL9hKpHJfT7_8AQE2Pw', '최철환', 'ios', 'receipt', '[접수] [부흥고등학교] 3-13 선몰딩', '9', '', now())
bizstory_push: ** 20140221-094928
bizstory_push: ** 20140221-094948
bizstory_push: sender=bizstorycokr@gmail.com, comp_idx=58, part_idx=109, mem_idx=387, receiver=cctvc@korea.kr, msg_type=receipt, message=[접수] [안양양지초등학교] 6-3 쿨메신져
bizstory_push: sql = select * from push_member where push_id = 'cctvc@korea.kr' and del_yn = 'N'
bizstory_push: [cctvc@korea.kr] push_device_type = A, message = Y, receipt = Y, work = Y, notice = Y, consult = Y
bizstory_push: sql = insert into push_history (send_key, comp_idx, part_idx, mem_idx, receiver_id, push_device_type, push_registration_id, receiver_name, service_type, msg_type, message, state, state_comment, request_time) values ( '20140221094948952594', 58, 109, 387, 'cctvc@korea.kr', 'A', 'APA91bEvsYNT1037VP3hB-q6VWfTxx0hBSSIKQ894ACNnv6rCBUhfpNxHVvz-HDflWNMCyCzfYCW-yv6hISBT3BdUpE1aMsdiA31A3ZX6M6djY9-qEVTnaWFHFNG1lr-GJNr4DpadOScdKzKtiHcd3KhzdAMG0IU0v6BUM-p6wbuW7KY8-b2wbs', '최세훈', 'ios', 'receipt', '[접수] [안양양지초등학교] 6-3 쿨메신져', '9', '', now())
bizstory_push: ** 20140221-094948
bizstory_push: ** 20140221-095000
bizstory_push: sender=bizstorycokr@gmail.com, comp_idx=58, part_idx=109, mem_idx=436, receiver=hwancc@gmail.com, msg_type=receipt, message=[접수] [부흥고등학교] 본교무실 프린터기,...
bizstory_push: sql = select * from push_member where push_id = 'hwancc@gmail.com' and del_yn = 'N'
bizstory_push: [hwancc@gmail.com] push_device_type = A, message = Y, receipt = Y, work = Y, notice = Y, consult = 
bizstory_push: sql = insert into push_history (send_key, comp_idx, part_idx, mem_idx, receiver_id, push_device_type, push_registration_id, receiver_name, service_type, msg_type, message, state, state_comment, request_time) values ( '20140221095000278723', 58, 109, 436, 'hwancc@gmail.com', 'A', 'APA91bEEFZZPDvdBukWNNRQnBPsb7zso3pvphkMXNM5nWh_BkyhQ97NbjJ5EDCE8eygL38Z6Lm44dNcKcWUe3OeH95AxjblDjV5Intr6jcyp666UyHX0YV3TKza7uDDS-yTq4al9t6_AJuciL9hKpHJfT7_8AQE2Pw', '최철환', 'ios', 'receipt', '[접수] [부흥고등학교] 본교무실 프린터기,...', '9', '', now())
bizstory_push: ** 20140221-095000
bizstory_push: ** 20140221-095925
bizstory_push: sender=bizstorycokr@gmail.com, comp_idx=51, part_idx=87, mem_idx=338, receiver=kthy@chol.com, msg_type=receipt, message=[접수] [안동고등학교] 보안프로그램 로그인...
bizstory_push: sql = select * from push_member where push_id = 'kthy@chol.com' and del_yn = 'N'
bizstory_push: [kthy@chol.com] push_device_type = I, message = Y, receipt = Y, work = Y, notice = Y, consult = 
bizstory_push: sql = insert into push_history (send_key, comp_idx, part_idx, mem_idx, receiver_id, push_device_type, push_registration_id, receiver_name, service_type, msg_type, message, state, state_comment, request_time) values ( '20140221095925872580', 51, 87, 338, 'kthy@chol.com', 'I', 'cc3a508b2833d61f3598b726a4e0e36bf530b795a5d70e68a1d15c6035811b1b', '김태형', 'ios', 'receipt', '[접수] [안동고등학교] 보안프로그램 로그인...', '9', '', now())
bizstory_push: ** 20140221-095925
bizstory_push: ** 20140221-100616
bizstory_push: sender=bizstorycokr@gmail.com, comp_idx=69, part_idx=147, mem_idx=488, receiver=griunnimhun@hanmail.net, msg_type=work, message=[업무] 2/21송금분입니다
bizstory_push: sql = select * from push_member where push_id = 'griunnimhun@hanmail.net' and del_yn = 'N'
bizstory_push: [griunnimhun@hanmail.net] push_device_type = A, message = Y, receipt = Y, work = Y, notice = Y, consult = 
bizstory_push: sql = insert into push_history (send_key, comp_idx, part_idx, mem_idx, receiver_id, push_device_type, push_registration_id, receiver_name, service_type, msg_type, message, state, state_comment, request_time) values ( '20140221100616755958', 69, 147, 488, 'griunnimhun@hanmail.net', 'A', 'APA91bHreDRWqqCL-X3KBc2EQDGPuEWMPUu1AqIZOCfp0lqsf0dD97JOLMU3Dj2t0PSRmaCr4yomJPw5lWbKaiKdHclOZTS2l48qWgA-z371ueOSZR2JWp-hNEt8pu_SQnmtAlcEZ4c386q2x71qTQzPm-D3jPgNvw', '정성훈', 'ios', 'work', '[업무] 2/21송금분입니다', '9', '', now())
bizstory_push: ** 20140221-100747
bizstory_push: sender=bizstorycokr@gmail.com, comp_idx=13, part_idx=17, mem_idx=452, receiver=holybell1@naver.com, msg_type=receipt, message=[접수] [창원남중학교] PC 및 스캐너 설...
bizstory_push: sql = select * from push_member where push_id = 'holybell1@naver.com' and del_yn = 'N'
bizstory_push: [holybell1@naver.com] push_device_type = A, message = Y, receipt = Y, work = Y, notice = Y, consult = 
bizstory_push: sql = insert into push_history (send_key, comp_idx, part_idx, mem_idx, receiver_id, push_device_type, push_registration_id, receiver_name, service_type, msg_type, message, state, state_comment, request_time) values ( '20140221100747139213', 13, 17, 452, 'holybell1@naver.com', 'A', 'APA91bHzHSAoI1J36FX_EO9yoxfMFDwH730EKdyAqMAKj2b6cZejgXhprzShMYU_7Lf3IapzC6go_ZMxKIpGAHB7I24ehNd0BzpxWF0TzPkmxBvXbr-G1ZsdDTBITprFDgpeArj1oaxlMF9aO7rx0IoNSTq7kUTgZQ', '박지훈', 'ios', 'receipt', '[접수] [창원남중학교] PC 및 스캐너 설...', '9', '', now())
bizstory_push: ** 20140221-100747
bizstory_push: ** 20140221-100828
bizstory_push: sender=bizstorycokr@gmail.com, comp_idx=58, part_idx=109, mem_idx=388, receiver=yoonhyunjoon@naver.com, msg_type=receipt, message=[접수] [흥진초등학교] 테스트
bizstory_push: sql = select * from push_member where push_id = 'yoonhyunjoon@naver.com' and del_yn = 'N'
bizstory_push: [yoonhyunjoon@naver.com] push_device_type = A, message = Y, receipt = Y, work = Y, notice = Y, consult = 
bizstory_push: sql = insert into push_history (send_key, comp_idx, part_idx, mem_idx, receiver_id, push_device_type, push_registration_id, receiver_name, service_type, msg_type, message, state, state_comment, request_time) values ( '20140221100828979363', 58, 109, 388, 'yoonhyunjoon@naver.com', 'A', 'APA91bFXSBYvMwLmzwBpuNLYJUeXbmhIdokJqyN8dci3aqmFt9dFaH0D8UMLm67n1l8ntGpT5JyTMDyjJfv2UXFshmiLjCbOA7S4GxfzeMIWpTrqO1iFvSEpPVtg229wXt6C9nxDD1KKLKEVPa6EvEdd8H2aRiq7xA', '윤현준', 'ios', 'receipt', '[접수] [흥진초등학교] 테스트', '9', '', now())
bizstory_push: ** 20140221-100828
bizstory_push: ** 20140221-102156
bizstory_push: sender=bizstorycokr@gmail.com, comp_idx=5, part_idx=5, mem_idx=60, receiver=cndgh0506@naver.com, msg_type=receipt, message=[접수] [북삼초등학교] 브라이언샘 컴퓨터 ...
bizstory_push: sql = select * from push_member where push_id = 'cndgh0506@naver.com' and del_yn = 'N'
bizstory_push: [cndgh0506@naver.com] push_device_type = I, message = Y, receipt = Y, work = Y, notice = Y, consult = 
bizstory_push: sql = insert into push_history (send_key, comp_idx, part_idx, mem_idx, receiver_id, push_device_type, push_registration_id, receiver_name, service_type, msg_type, message, state, state_comment, request_time) values ( '20140221102156657963', 5, 5, 60, 'cndgh0506@naver.com', 'I', 'dc9650c20972f1bcfb7cbf6b4899d2e78469e202a6b548da1214a572294dcb1c', '박충호', 'ios', 'receipt', '[접수] [북삼초등학교] 브라이언샘 컴퓨터 ...', '9', '', now())
bizstory_push: ** 20140221-102156
bizstory_push: ** 20140221-103604
bizstory_push: sender=bizstorycokr@gmail.com, comp_idx=58, part_idx=109, mem_idx=436, receiver=hwancc@gmail.com, msg_type=receipt, message=[접수] [부흥고등학교] 2-2 영상선 이상
bizstory_push: sql = select * from push_member where push_id = 'hwancc@gmail.com' and del_yn = 'N'
bizstory_push: [hwancc@gmail.com] push_device_type = A, message = Y, receipt = Y, work = Y, notice = Y, consult = 
bizstory_push: sql = insert into push_history (send_key, comp_idx, part_idx, mem_idx, receiver_id, push_device_type, push_registration_id, receiver_name, service_type, msg_type, message, state, state_comment, request_time) values ( '20140221103604167861', 58, 109, 436, 'hwancc@gmail.com', 'A', 'APA91bEEFZZPDvdBukWNNRQnBPsb7zso3pvphkMXNM5nWh_BkyhQ97NbjJ5EDCE8eygL38Z6Lm44dNcKcWUe3OeH95AxjblDjV5Intr6jcyp666UyHX0YV3TKza7uDDS-yTq4al9t6_AJuciL9hKpHJfT7_8AQE2Pw', '최철환', 'ios', 'receipt', '[접수] [부흥고등학교] 2-2 영상선 이상', '9', '', now())
bizstory_push: ** 20140221-103604
bizstory_push: ** 20140221-103641
bizstory_push: sender=bizstorycokr@gmail.com, comp_idx=58, part_idx=109, mem_idx=436, receiver=hwancc@gmail.com, msg_type=receipt, message=[접수] [부흥고등학교] 2-14 멀티함 이...
bizstory_push: sql = select * from push_member where push_id = 'hwancc@gmail.com' and del_yn = 'N'
bizstory_push: [hwancc@gmail.com] push_device_type = A, message = Y, receipt = Y, work = Y, notice = Y, consult = 
bizstory_push: sql = insert into push_history (send_key, comp_idx, part_idx, mem_idx, receiver_id, push_device_type, push_registration_id, receiver_name, service_type, msg_type, message, state, state_comment, request_time) values ( '20140221103641437659', 58, 109, 436, 'hwancc@gmail.com', 'A', 'APA91bEEFZZPDvdBukWNNRQnBPsb7zso3pvphkMXNM5nWh_BkyhQ97NbjJ5EDCE8eygL38Z6Lm44dNcKcWUe3OeH95AxjblDjV5Intr6jcyp666UyHX0YV3TKza7uDDS-yTq4al9t6_AJuciL9hKpHJfT7_8AQE2Pw', '최철환', 'ios', 'receipt', '[접수] [부흥고등학교] 2-14 멀티함 이...', '9', '', now())
bizstory_push: ** 20140221-103641
bizstory_push: ** 20140221-103710
bizstory_push: sender=bizstorycokr@gmail.com, comp_idx=58, part_idx=109, mem_idx=436, receiver=hwancc@gmail.com, msg_type=receipt, message=[접수] [부흥고등학교] 1-4 TV 소리 ...
bizstory_push: sql = select * from push_member where push_id = 'hwancc@gmail.com' and del_yn = 'N'
bizstory_push: [hwancc@gmail.com] push_device_type = A, message = Y, receipt = Y, work = Y, notice = Y, consult = 
bizstory_push: sql = insert into push_history (send_key, comp_idx, part_idx, mem_idx, receiver_id, push_device_type, push_registration_id, receiver_name, service_type, msg_type, message, state, state_comment, request_time) values ( '20140221103710771253', 58, 109, 436, 'hwancc@gmail.com', 'A', 'APA91bEEFZZPDvdBukWNNRQnBPsb7zso3pvphkMXNM5nWh_BkyhQ97NbjJ5EDCE8eygL38Z6Lm44dNcKcWUe3OeH95AxjblDjV5Intr6jcyp666UyHX0YV3TKza7uDDS-yTq4al9t6_AJuciL9hKpHJfT7_8AQE2Pw', '최철환', 'ios', 'receipt', '[접수] [부흥고등학교] 1-4 TV 소리 ...', '9', '', now())
bizstory_push: ** 20140221-103710
bizstory_push: ** 20140221-103758
bizstory_push: sender=bizstorycokr@gmail.com, comp_idx=4, part_idx=4, mem_idx=24, receiver=jhcrim@naver.com, msg_type=receipt, message=[접수] [동탄국제고등학교] 포맷
bizstory_push: sql = select * from push_member where push_id = 'jhcrim@naver.com' and del_yn = 'N'
bizstory_push: [jhcrim@naver.com] push_device_type = I, message = Y, receipt = Y, work = Y, notice = Y, consult = 
bizstory_push: sql = insert into push_history (send_key, comp_idx, part_idx, mem_idx, receiver_id, push_device_type, push_registration_id, receiver_name, service_type, msg_type, message, state, state_comment, request_time) values ( '20140221103758113214', 4, 4, 24, 'jhcrim@naver.com', 'I', '52eaf554b8dd0a34046dcb19cde2d45449940c11f7d9c44c113b3db46d4d4cde', '이주형', 'ios', 'receipt', '[접수] [동탄국제고등학교] 포맷', '9', '', now())
bizstory_push: ** 20140221-103758
bizstory_push: ** 20140221-104031
bizstory_push: sender=bizstorycokr@gmail.com, comp_idx=58, part_idx=109, mem_idx=388, receiver=yoonhyunjoon@naver.com, msg_type=receipt, message=[접수] [둔전초등학교] 프린터고장
bizstory_push: sql = select * from push_member where push_id = 'yoonhyunjoon@naver.com' and del_yn = 'N'
bizstory_push: [yoonhyunjoon@naver.com] push_device_type = A, message = Y, receipt = Y, work = Y, notice = Y, consult = 
bizstory_push: sql = insert into push_history (send_key, comp_idx, part_idx, mem_idx, receiver_id, push_device_type, push_registration_id, receiver_name, service_type, msg_type, message, state, state_comment, request_time) values ( '20140221104031295952', 58, 109, 388, 'yoonhyunjoon@naver.com', 'A', 'APA91bFXSBYvMwLmzwBpuNLYJUeXbmhIdokJqyN8dci3aqmFt9dFaH0D8UMLm67n1l8ntGpT5JyTMDyjJfv2UXFshmiLjCbOA7S4GxfzeMIWpTrqO1iFvSEpPVtg229wXt6C9nxDD1KKLKEVPa6EvEdd8H2aRiq7xA', '윤현준', 'ios', 'receipt', '[접수] [둔전초등학교] 프린터고장', '9', '', now())
bizstory_push: ** 20140221-104031
bizstory_push: ** 20140221-104136
bizstory_push: sender=bizstorycokr@gmail.com, comp_idx=32, part_idx=39, mem_idx=175, receiver=kclee@miraensys.com, msg_type=receipt, message=[접수] [동산초등학교] [5-3]컴퓨터 포...
bizstory_push: sql = select * from push_member where push_id = 'kclee@miraensys.com' and del_yn = 'N'
bizstory_push: [kclee@miraensys.com] push_device_type = I, message = Y, receipt = Y, work = Y, notice = Y, consult = 
bizstory_push: sql = insert into push_history (send_key, comp_idx, part_idx, mem_idx, receiver_id, push_device_type, push_registration_id, receiver_name, service_type, msg_type, message, state, state_comment, request_time) values ( '20140221104136186173', 32, 39, 175, 'kclee@miraensys.com', 'I', '4c276a0f5bbc835989c925dfc111482e73abaf37d7d5af8dbec003e748d05b21', '이경춘', 'ios', 'receipt', '[접수] [동산초등학교] [5-3]컴퓨터 포...', '9', '', now())
bizstory_push: ** 20140221-104136
bizstory_push: ** 20140221-104214
bizstory_push: sender=bizstorycokr@gmail.com, comp_idx=32, part_idx=39, mem_idx=175, receiver=kclee@miraensys.com, msg_type=receipt, message=[접수] [동산초등학교] [유치원 특수교실]...
bizstory_push: sql = select * from push_member where push_id = 'kclee@miraensys.com' and del_yn = 'N'
bizstory_push: [kclee@miraensys.com] push_device_type = I, message = Y, receipt = Y, work = Y, notice = Y, consult = 
bizstory_push: sql = insert into push_history (send_key, comp_idx, part_idx, mem_idx, receiver_id, push_device_type, push_registration_id, receiver_name, service_type, msg_type, message, state, state_comment, request_time) values ( '20140221104214232375', 32, 39, 175, 'kclee@miraensys.com', 'I', '4c276a0f5bbc835989c925dfc111482e73abaf37d7d5af8dbec003e748d05b21', '이경춘', 'ios', 'receipt', '[접수] [동산초등학교] [유치원 특수교실]...', '9', '', now())
bizstory_push: ** 20140221-104214
bizstory_push: ** 20140221-104221
bizstory_push: sender=bizstorycokr@gmail.com, comp_idx=5, part_idx=5, mem_idx=60, receiver=cndgh0506@naver.com, msg_type=receipt, message=[북삼초등학교] 자료 저장
bizstory_push: sql = select * from push_member where push_id = 'cndgh0506@naver.com' and del_yn = 'N'
bizstory_push: [cndgh0506@naver.com] push_device_type = I, message = Y, receipt = Y, work = Y, notice = Y, consult = 
bizstory_push: sql = insert into push_history (send_key, comp_idx, part_idx, mem_idx, receiver_id, push_device_type, push_registration_id, receiver_name, service_type, msg_type, message, state, state_comment, request_time) values ( '20140221104221508401', 5, 5, 60, 'cndgh0506@naver.com', 'I', 'dc9650c20972f1bcfb7cbf6b4899d2e78469e202a6b548da1214a572294dcb1c', '박충호', 'ios', 'receipt', '[북삼초등학교] 자료 저장', '9', '', now())
bizstory_push: ** 20140221-104555
bizstory_push: sender=bizstorycokr@gmail.com, comp_idx=4, part_idx=4, mem_idx=369, receiver=choidh73@hanmail.net, msg_type=receipt, message=[송죽초등학교] TV연결
bizstory_push: sql = select * from push_member where push_id = 'choidh73@hanmail.net' and del_yn = 'N'
bizstory_push: [choidh73@hanmail.net] push_device_type = A, message = Y, receipt = Y, work = Y, notice = Y, consult = 
bizstory_push: sql = insert into push_history (send_key, comp_idx, part_idx, mem_idx, receiver_id, push_device_type, push_registration_id, receiver_name, service_type, msg_type, message, state, state_comment, request_time) values ( '20140221104555179469', 4, 4, 369, 'choidh73@hanmail.net', 'A', 'APA91bFX1VbttWRGFNnlmf5ZlV05J1vJotNLwfzczQcNzBQs6v3_crjGRcAtv55zzqZod9VWtdRzgs0jpyGDeP7mr8A2esjQak5Ye_GzKIAHFYiT-4sXFqEyC4qCRTyVUxCPJSpmqVfrr8XTkardyXOvsqcKPZVT7g', '최동호', 'ios', 'receipt', '[송죽초등학교] TV연결', '9', '', now())
bizstory_push: ** 20140221-110039
bizstory_push: sender=bizstorycokr@gmail.com, comp_idx=58, part_idx=109, mem_idx=387, receiver=cctvc@korea.kr, msg_type=receipt, message=[접수] [안양양지초등학교] 결재전 교무실 들..
bizstory_push: sql = select * from push_member where push_id = 'cctvc@korea.kr' and del_yn = 'N'
bizstory_push: [cctvc@korea.kr] push_device_type = A, message = Y, receipt = Y, work = Y, notice = Y, consult = Y
bizstory_push: sql = insert into push_history (send_key, comp_idx, part_idx, mem_idx, receiver_id, push_device_type, push_registration_id, receiver_name, service_type, msg_type, message, state, state_comment, request_time) values ( '20140221110039796688', 58, 109, 387, 'cctvc@korea.kr', 'A', 'APA91bEvsYNT1037VP3hB-q6VWfTxx0hBSSIKQ894ACNnv6rCBUhfpNxHVvz-HDflWNMCyCzfYCW-yv6hISBT3BdUpE1aMsdiA31A3ZX6M6djY9-qEVTnaWFHFNG1lr-GJNr4DpadOScdKzKtiHcd3KhzdAMG0IU0v6BUM-p6wbuW7KY8-b2wbs', '최세훈', 'ios', 'receipt', '[접수] [안양양지초등학교] 결재전 교무실 들..', '9', '', now())
bizstory_push: ** 20140221-110039
bizstory_push: ** 20140221-110623
bizstory_push: sender=bizstorycokr@gmail.com, comp_idx=4, part_idx=4, mem_idx=369, receiver=choidh73@hanmail.net, msg_type=receipt, message=[접수] [송죽초등학교] 컴퓨터 화면이 흐리...
bizstory_push: sql = select * from push_member where push_id = 'choidh73@hanmail.net' and del_yn = 'N'
bizstory_push: [choidh73@hanmail.net] push_device_type = A, message = Y, receipt = Y, work = Y, notice = Y, consult = 
bizstory_push: sql = insert into push_history (send_key, comp_idx, part_idx, mem_idx, receiver_id, push_device_type, push_registration_id, receiver_name, service_type, msg_type, message, state, state_comment, request_time) values ( '20140221110623640530', 4, 4, 369, 'choidh73@hanmail.net', 'A', 'APA91bFX1VbttWRGFNnlmf5ZlV05J1vJotNLwfzczQcNzBQs6v3_crjGRcAtv55zzqZod9VWtdRzgs0jpyGDeP7mr8A2esjQak5Ye_GzKIAHFYiT-4sXFqEyC4qCRTyVUxCPJSpmqVfrr8XTkardyXOvsqcKPZVT7g', '최동호', 'ios', 'receipt', '[접수] [송죽초등학교] 컴퓨터 화면이 흐리...', '9', '', now())
bizstory_push: ** 20140221-110623
bizstory_push: ** 20140221-111001
bizstory_push: sender=bizstorycokr@gmail.com, comp_idx=4, part_idx=4, mem_idx=369, receiver=choidh73@hanmail.net, msg_type=receipt, message=[송죽초등학교] TV연결
bizstory_push: sql = select * from push_member where push_id = 'choidh73@hanmail.net' and del_yn = 'N'
bizstory_push: [choidh73@hanmail.net] push_device_type = A, message = Y, receipt = Y, work = Y, notice = Y, consult = 
bizstory_push: sql = insert into push_history (send_key, comp_idx, part_idx, mem_idx, receiver_id, push_device_type, push_registration_id, receiver_name, service_type, msg_type, message, state, state_comment, request_time) values ( '20140221111001223270', 4, 4, 369, 'choidh73@hanmail.net', 'A', 'APA91bFX1VbttWRGFNnlmf5ZlV05J1vJotNLwfzczQcNzBQs6v3_crjGRcAtv55zzqZod9VWtdRzgs0jpyGDeP7mr8A2esjQak5Ye_GzKIAHFYiT-4sXFqEyC4qCRTyVUxCPJSpmqVfrr8XTkardyXOvsqcKPZVT7g', '최동호', 'ios', 'receipt', '[송죽초등학교] TV연결', '9', '', now())
bizstory_push: ** 20140221-112854
bizstory_push: sender=bizstorycokr@gmail.com, comp_idx=4, part_idx=4, mem_idx=24, receiver=jhcrim@naver.com, msg_type=receipt, message=[접수] [성호초등학교] 3-2 프린터 고장
bizstory_push: sql = select * from push_member where push_id = 'jhcrim@naver.com' and del_yn = 'N'
bizstory_push: [jhcrim@naver.com] push_device_type = I, message = Y, receipt = Y, work = Y, notice = Y, consult = 
bizstory_push: sql = insert into push_history (send_key, comp_idx, part_idx, mem_idx, receiver_id, push_device_type, push_registration_id, receiver_name, service_type, msg_type, message, state, state_comment, request_time) values ( '20140221112854829427', 4, 4, 24, 'jhcrim@naver.com', 'I', '52eaf554b8dd0a34046dcb19cde2d45449940c11f7d9c44c113b3db46d4d4cde', '이주형', 'ios', 'receipt', '[접수] [성호초등학교] 3-2 프린터 고장', '9', '', now())
bizstory_push: ** 20140221-112854
bizstory_push: ** 20140221-113026
bizstory_push: sender=bizstorycokr@gmail.com, comp_idx=4, part_idx=4, mem_idx=369, receiver=choidh73@hanmail.net, msg_type=receipt, message=[접수] [송죽초등학교] 윈도우7로 포맷, ...
bizstory_push: sql = select * from push_member where push_id = 'choidh73@hanmail.net' and del_yn = 'N'
bizstory_push: [choidh73@hanmail.net] push_device_type = A, message = Y, receipt = Y, work = Y, notice = Y, consult = 
bizstory_push: sql = insert into push_history (send_key, comp_idx, part_idx, mem_idx, receiver_id, push_device_type, push_registration_id, receiver_name, service_type, msg_type, message, state, state_comment, request_time) values ( '20140221113026716436', 4, 4, 369, 'choidh73@hanmail.net', 'A', 'APA91bFX1VbttWRGFNnlmf5ZlV05J1vJotNLwfzczQcNzBQs6v3_crjGRcAtv55zzqZod9VWtdRzgs0jpyGDeP7mr8A2esjQak5Ye_GzKIAHFYiT-4sXFqEyC4qCRTyVUxCPJSpmqVfrr8XTkardyXOvsqcKPZVT7g', '최동호', 'ios', 'receipt', '[접수] [송죽초등학교] 윈도우7로 포맷, ...', '9', '', now())
bizstory_push: ** 20140221-113026
bizstory_push: ** 20140221-114029
bizstory_push: sender=bizstorycokr@gmail.com, comp_idx=5, part_idx=5, mem_idx=60, receiver=cndgh0506@naver.com, msg_type=receipt, message=[북삼초등학교] 브라이언샘 컴퓨터 ..
bizstory_push: sql = select * from push_member where push_id = 'cndgh0506@naver.com' and del_yn = 'N'
bizstory_push: [cndgh0506@naver.com] push_device_type = I, message = Y, receipt = Y, work = Y, notice = Y, consult = 
bizstory_push: sql = insert into push_history (send_key, comp_idx, part_idx, mem_idx, receiver_id, push_device_type, push_registration_id, receiver_name, service_type, msg_type, message, state, state_comment, request_time) values ( '20140221114029906950', 5, 5, 60, 'cndgh0506@naver.com', 'I', 'dc9650c20972f1bcfb7cbf6b4899d2e78469e202a6b548da1214a572294dcb1c', '박충호', 'ios', 'receipt', '[북삼초등학교] 브라이언샘 컴퓨터 ..', '9', '', now())
bizstory_push: ** 20140221-114420
bizstory_push: sender=bizstorycokr@gmail.com, comp_idx=7, part_idx=8, mem_idx=36, receiver=neoggt@naver.com, msg_type=receipt, message=[접수] [안양외고] 입학홍보부 이정석 ..
bizstory_push: sql = select * from push_member where push_id = 'neoggt@naver.com' and del_yn = 'N'
bizstory_push: [neoggt@naver.com] push_device_type = A, message = Y, receipt = Y, work = Y, notice = Y, consult = 
bizstory_push: sql = insert into push_history (send_key, comp_idx, part_idx, mem_idx, receiver_id, push_device_type, push_registration_id, receiver_name, service_type, msg_type, message, state, state_comment, request_time) values ( '20140221114420491111', 7, 8, 36, 'neoggt@naver.com', 'A', 'APA91bEq6XuBBVBtmK1bxKQ12i2ZC6hUnNgFTeUUl-AYxZbXSytM5udM2EbZAuPTS0k66ulwDg_BHvFRAQIhDacrlkkTqbyNI6SMPGafKbkl4_eECwo1jExBadVR2rXER0bMKVXwNdgIJ8Ov8kwLL3Pjg5PhLAPmf4s7DCHNek7CQ4vmiGuJVAo', '고광태', 'ios', 'receipt', '[접수] [안양외고] 입학홍보부 이정석 ..', '9', '', now())
bizstory_push: ** 20140221-114420
bizstory_push: ** 20140221-115357
bizstory_push: sender=bizstorycokr@gmail.com, comp_idx=32, part_idx=39, mem_idx=175, receiver=kclee@miraensys.com, msg_type=receipt, message=[접수] [용정초등학교] 컴퓨터 켤때 '네트...
bizstory_push: sql = select * from push_member where push_id = 'kclee@miraensys.com' and del_yn = 'N'
bizstory_push: [kclee@miraensys.com] push_device_type = I, message = Y, receipt = Y, work = Y, notice = Y, consult = 
bizstory_push: sql = insert into push_history (send_key, comp_idx, part_idx, mem_idx, receiver_id, push_device_type, push_registration_id, receiver_name, service_type, msg_type, message, state, state_comment, request_time) values ( '20140221115357306337', 32, 39, 175, 'kclee@miraensys.com', 'I', '4c276a0f5bbc835989c925dfc111482e73abaf37d7d5af8dbec003e748d05b21', '이경춘', 'ios', 'receipt', '[접수] [용정초등학교] 컴퓨터 켤때 '네트...', '9', '', now())
bizstory_push: ** 20140221-125813
bizstory_push: sender=bizstorycokr@gmail.com, comp_idx=4, part_idx=4, mem_idx=369, receiver=choidh73@hanmail.net, msg_type=receipt, message=[접수] [송죽초등학교] 5-1, 5-3 컴...
bizstory_push: sql = select * from push_member where push_id = 'choidh73@hanmail.net' and del_yn = 'N'
bizstory_push: [choidh73@hanmail.net] push_device_type = A, message = Y, receipt = Y, work = Y, notice = Y, consult = 
bizstory_push: sql = insert into push_history (send_key, comp_idx, part_idx, mem_idx, receiver_id, push_device_type, push_registration_id, receiver_name, service_type, msg_type, message, state, state_comment, request_time) values ( '20140221125813217084', 4, 4, 369, 'choidh73@hanmail.net', 'A', 'APA91bFX1VbttWRGFNnlmf5ZlV05J1vJotNLwfzczQcNzBQs6v3_crjGRcAtv55zzqZod9VWtdRzgs0jpyGDeP7mr8A2esjQak5Ye_GzKIAHFYiT-4sXFqEyC4qCRTyVUxCPJSpmqVfrr8XTkardyXOvsqcKPZVT7g', '최동호', 'ios', 'receipt', '[접수] [송죽초등학교] 5-1, 5-3 컴...', '9', '', now())
bizstory_push: ** 20140221-125813
bizstory_push: ** 20140221-133737
bizstory_push: sender=bizstorycokr@gmail.com, comp_idx=7, part_idx=8, mem_idx=36, receiver=neoggt@naver.com, msg_type=receipt, message=[접수] [산본중학교] 점검요청
bizstory_push: sql = select * from push_member where push_id = 'neoggt@naver.com' and del_yn = 'N'
bizstory_push: [neoggt@naver.com] push_device_type = A, message = Y, receipt = Y, work = Y, notice = Y, consult = 
bizstory_push: sql = insert into push_history (send_key, comp_idx, part_idx, mem_idx, receiver_id, push_device_type, push_registration_id, receiver_name, service_type, msg_type, message, state, state_comment, request_time) values ( '20140221133737920266', 7, 8, 36, 'neoggt@naver.com', 'A', 'APA91bEq6XuBBVBtmK1bxKQ12i2ZC6hUnNgFTeUUl-AYxZbXSytM5udM2EbZAuPTS0k66ulwDg_BHvFRAQIhDacrlkkTqbyNI6SMPGafKbkl4_eECwo1jExBadVR2rXER0bMKVXwNdgIJ8Ov8kwLL3Pjg5PhLAPmf4s7DCHNek7CQ4vmiGuJVAo', '고광태', 'ios', 'receipt', '[접수] [산본중학교] 점검요청', '9', '', now())
bizstory_push: ** 20140221-133737
bizstory_push: ** 20140221-134738
bizstory_push: sender=bizstorycokr@gmail.com, comp_idx=44, part_idx=80, mem_idx=283, receiver=crack75@nate.com, msg_type=receipt, message=[접수] [의정부부용초등학교] 1연구실 인터넷..
bizstory_push: sql = select * from push_member where push_id = 'crack75@nate.com' and del_yn = 'N'
bizstory_push: [crack75@nate.com] push_device_type = A, message = Y, receipt = Y, work = Y, notice = Y, consult = Y
bizstory_push: sql = insert into push_history (send_key, comp_idx, part_idx, mem_idx, receiver_id, push_device_type, push_registration_id, receiver_name, service_type, msg_type, message, state, state_comment, request_time) values ( '20140221134738755957', 44, 80, 283, 'crack75@nate.com', 'A', 'APA91bES_skfv1yeCZ4RMclr872As0q44MOp1-LuwsLDQw-J9Pv3YMcLGO9RIjl8Ht_9TXMXr8q6cb9tW3AxgYpJvc3d9ZXJQf9PctMyDVWvwVskFv8gmVKrWH12Un0Z-Yw6Rzyh4HKt1PsRyqEFBwMaNc-H_fOhUg', '김재철', 'ios', 'receipt', '[접수] [의정부부용초등학교] 1연구실 인터넷..', '9', '', now())
bizstory_push: ** 20140221-134738
bizstory_push: ** 20140221-134858
bizstory_push: sender=bizstorycokr@gmail.com, comp_idx=44, part_idx=80, mem_idx=283, receiver=crack75@nate.com, msg_type=receipt, message=[접수] [의정부부용초등학교] 6-8 컴퓨터 ..
bizstory_push: sql = select * from push_member where push_id = 'crack75@nate.com' and del_yn = 'N'
bizstory_push: [crack75@nate.com] push_device_type = A, message = Y, receipt = Y, work = Y, notice = Y, consult = Y
bizstory_push: sql = insert into push_history (send_key, comp_idx, part_idx, mem_idx, receiver_id, push_device_type, push_registration_id, receiver_name, service_type, msg_type, message, state, state_comment, request_time) values ( '20140221134858499950', 44, 80, 283, 'crack75@nate.com', 'A', 'APA91bES_skfv1yeCZ4RMclr872As0q44MOp1-LuwsLDQw-J9Pv3YMcLGO9RIjl8Ht_9TXMXr8q6cb9tW3AxgYpJvc3d9ZXJQf9PctMyDVWvwVskFv8gmVKrWH12Un0Z-Yw6Rzyh4HKt1PsRyqEFBwMaNc-H_fOhUg', '김재철', 'ios', 'receipt', '[접수] [의정부부용초등학교] 6-8 컴퓨터 ..', '9', '', now())
bizstory_push: ** 20140221-134858
bizstory_push: ** 20140221-135543
bizstory_push: sender=bizstorycokr@gmail.com, comp_idx=4, part_idx=4, mem_idx=369, receiver=choidh73@hanmail.net, msg_type=receipt, message=[접수] [송죽초등학교] 6-3 인쇄 문제 ...
bizstory_push: sql = select * from push_member where push_id = 'choidh73@hanmail.net' and del_yn = 'N'
bizstory_push: [choidh73@hanmail.net] push_device_type = A, message = Y, receipt = Y, work = Y, notice = Y, consult = 
bizstory_push: sql = insert into push_history (send_key, comp_idx, part_idx, mem_idx, receiver_id, push_device_type, push_registration_id, receiver_name, service_type, msg_type, message, state, state_comment, request_time) values ( '20140221135543322918', 4, 4, 369, 'choidh73@hanmail.net', 'A', 'APA91bFX1VbttWRGFNnlmf5ZlV05J1vJotNLwfzczQcNzBQs6v3_crjGRcAtv55zzqZod9VWtdRzgs0jpyGDeP7mr8A2esjQak5Ye_GzKIAHFYiT-4sXFqEyC4qCRTyVUxCPJSpmqVfrr8XTkardyXOvsqcKPZVT7g', '최동호', 'ios', 'receipt', '[접수] [송죽초등학교] 6-3 인쇄 문제 ...', '9', '', now())
bizstory_push: ** 20140221-135543
bizstory_push: ** 20140221-140713
bizstory_push: sender=bizstorycokr@gmail.com, comp_idx=4, part_idx=4, mem_idx=24, receiver=jhcrim@naver.com, msg_type=receipt, message=[접수] [동탄국제고등학교] 2층 1학년교무실..
bizstory_push: sql = select * from push_member where push_id = 'jhcrim@naver.com' and del_yn = 'N'
bizstory_push: [jhcrim@naver.com] push_device_type = I, message = Y, receipt = Y, work = Y, notice = Y, consult = 
bizstory_push: sql = insert into push_history (send_key, comp_idx, part_idx, mem_idx, receiver_id, push_device_type, push_registration_id, receiver_name, service_type, msg_type, message, state, state_comment, request_time) values ( '20140221140713583801', 4, 4, 24, 'jhcrim@naver.com', 'I', '52eaf554b8dd0a34046dcb19cde2d45449940c11f7d9c44c113b3db46d4d4cde', '이주형', 'ios', 'receipt', '[접수] [동탄국제고등학교] 2층 1학년교무실..', '9', '', now())
bizstory_push: ** 20140221-140713
bizstory_push: ** 20140221-140900
bizstory_push: sender=bizstorycokr@gmail.com, comp_idx=5, part_idx=5, mem_idx=60, receiver=cndgh0506@naver.com, msg_type=receipt, message=[접수] [정수초등학교] PC설치
bizstory_push: sql = select * from push_member where push_id = 'cndgh0506@naver.com' and del_yn = 'N'
bizstory_push: [cndgh0506@naver.com] push_device_type = I, message = Y, receipt = Y, work = Y, notice = Y, consult = 
bizstory_push: sql = insert into push_history (send_key, comp_idx, part_idx, mem_idx, receiver_id, push_device_type, push_registration_id, receiver_name, service_type, msg_type, message, state, state_comment, request_time) values ( '20140221140900526935', 5, 5, 60, 'cndgh0506@naver.com', 'I', 'dc9650c20972f1bcfb7cbf6b4899d2e78469e202a6b548da1214a572294dcb1c', '박충호', 'ios', 'receipt', '[접수] [정수초등학교] PC설치', '9', '', now())
bizstory_push: ** 20140221-140900
bizstory_push: ** 20140221-141356
bizstory_push: sender=bizstorycokr@gmail.com, comp_idx=1, part_idx=1, mem_idx=7, receiver=yukki76@nate.com, msg_type=receipt, message=[담당자변경] 청렴동영상 홈페이지 게시 요청합니다.
bizstory_push: sql = select * from push_member where push_id = 'yukki76@nate.com' and del_yn = 'N'
bizstory_push: [yukki76@nate.com] push_device_type = I, message = Y, receipt = Y, work = Y, notice = Y, consult = N
bizstory_push: sql = insert into push_history (send_key, comp_idx, part_idx, mem_idx, receiver_id, push_device_type, push_registration_id, receiver_name, service_type, msg_type, message, state, state_comment, request_time) values ( '20140221141356496338', 1, 1, 7, 'yukki76@nate.com', 'I', 'f7baf1ed812b2a6ce562a2c25b778dfc4eccf5eb9ec205eacecc533f2144c6b7', '김경화', 'ios', 'receipt', '[담당자변경] 청렴동영상 홈페이지 게시 요청합니다.', '9', '', now())
bizstory_push: ** 20140221-142110
bizstory_push: sender=bizstorycokr@gmail.com, comp_idx=32, part_idx=39, mem_idx=179, receiver=sjh850405@miraensys.com, msg_type=receipt, message=[접수] [무원중학교] 도서실 프린터 고장
bizstory_push: sql = select * from push_member where push_id = 'sjh850405@miraensys.com' and del_yn = 'N'
bizstory_push: [sjh850405@miraensys.com] push_device_type = A, message = Y, receipt = Y, work = Y, notice = Y, consult = Y
bizstory_push: sql = insert into push_history (send_key, comp_idx, part_idx, mem_idx, receiver_id, push_device_type, push_registration_id, receiver_name, service_type, msg_type, message, state, state_comment, request_time) values ( '20140221142110349610', 32, 39, 179, 'sjh850405@miraensys.com', 'A', 'APA91bHfLfUXpk18QVqyiZaWQrtTNFPZSLXvotgb6D8G3mxL-93XDhZUPBGOjbJApJZE4Lxc-GxguMSLh8IQqWS_62JJIyP5r7B_sudfK72zxUqeLVJg-CDY1b1ex5SvHPgVzftTWaA24r4gVpzl4lNX_DKoVktcZw', '송진호', 'ios', 'receipt', '[접수] [무원중학교] 도서실 프린터 고장', '9', '', now())
bizstory_push: ** 20140221-142110
bizstory_push: ** 20140221-142114
bizstory_push: sender=bizstorycokr@gmail.com, comp_idx=44, part_idx=80, mem_idx=283, receiver=crack75@nate.com, msg_type=receipt, message=[접수] [충의중학교] 2층 본교무실 노트..
bizstory_push: sql = select * from push_member where push_id = 'crack75@nate.com' and del_yn = 'N'
bizstory_push: [crack75@nate.com] push_device_type = A, message = Y, receipt = Y, work = Y, notice = Y, consult = Y
bizstory_push: sql = insert into push_history (send_key, comp_idx, part_idx, mem_idx, receiver_id, push_device_type, push_registration_id, receiver_name, service_type, msg_type, message, state, state_comment, request_time) values ( '20140221142114899166', 44, 80, 283, 'crack75@nate.com', 'A', 'APA91bES_skfv1yeCZ4RMclr872As0q44MOp1-LuwsLDQw-J9Pv3YMcLGO9RIjl8Ht_9TXMXr8q6cb9tW3AxgYpJvc3d9ZXJQf9PctMyDVWvwVskFv8gmVKrWH12Un0Z-Yw6Rzyh4HKt1PsRyqEFBwMaNc-H_fOhUg', '김재철', 'ios', 'receipt', '[접수] [충의중학교] 2층 본교무실 노트..', '9', '', now())
bizstory_push: ** 20140221-142114
bizstory_push: ** 20140221-144837
bizstory_push: sender=bizstorycokr@gmail.com, comp_idx=58, part_idx=109, mem_idx=388, receiver=yoonhyunjoon@naver.com, msg_type=receipt, message=[접수] [둔전초등학교] 6학년 연구실 프린...
bizstory_push: sql = select * from push_member where push_id = 'yoonhyunjoon@naver.com' and del_yn = 'N'
bizstory_push: [yoonhyunjoon@naver.com] push_device_type = A, message = Y, receipt = Y, work = Y, notice = Y, consult = 
bizstory_push: sql = insert into push_history (send_key, comp_idx, part_idx, mem_idx, receiver_id, push_device_type, push_registration_id, receiver_name, service_type, msg_type, message, state, state_comment, request_time) values ( '20140221144837253700', 58, 109, 388, 'yoonhyunjoon@naver.com', 'A', 'APA91bFXSBYvMwLmzwBpuNLYJUeXbmhIdokJqyN8dci3aqmFt9dFaH0D8UMLm67n1l8ntGpT5JyTMDyjJfv2UXFshmiLjCbOA7S4GxfzeMIWpTrqO1iFvSEpPVtg229wXt6C9nxDD1KKLKEVPa6EvEdd8H2aRiq7xA', '윤현준', 'ios', 'receipt', '[접수] [둔전초등학교] 6학년 연구실 프린...', '9', '', now())
bizstory_push: ** 20140221-144837
bizstory_push: ** 20140221-145438
bizstory_push: sender=bizstorycokr@gmail.com, comp_idx=44, part_idx=80, mem_idx=298, receiver=yak815@daum.net, msg_type=receipt, message=[접수] [의정부호원초등학교] ds
bizstory_push: sql = select * from push_member where push_id = 'yak815@daum.net' and del_yn = 'N'
bizstory_push: [yak815@daum.net] push_device_type = A, message = Y, receipt = Y, work = Y, notice = Y, consult = 
bizstory_push: sql = insert into push_history (send_key, comp_idx, part_idx, mem_idx, receiver_id, push_device_type, push_registration_id, receiver_name, service_type, msg_type, message, state, state_comment, request_time) values ( '20140221145438975813', 44, 80, 298, 'yak815@daum.net', 'A', 'APA91bHCO7krjkg7stCvjB1TRB0yTiCrILclr0SSa_Tly8NNWixJ1mcd21O1oUO02THBe4mkNK8fpzgqC9xMW_ZkAHsaXENzgvzJXbvRHhcybHVbrur4sb2WIDIVctsCyiyq4g16q0aZouoOPoVEwbtShWPehA-tOg', '노원종', 'ios', 'receipt', '[접수] [의정부호원초등학교] ds', '9', '', now())
bizstory_push: ** 20140221-145438
bizstory_push: ** 20140221-145657
bizstory_push: ** 20140221-145946
bizstory_push: sender=bizstorycokr@gmail.com, comp_idx=44, part_idx=80, mem_idx=298, receiver=yak815@daum.net, msg_type=receipt, message=[접수] [의정부호원초등학교] hgvhjb
bizstory_push: sql = select * from push_member where push_id = 'yak815@daum.net' and del_yn = 'N'
bizstory_push: [yak815@daum.net] push_device_type = A, message = Y, receipt = Y, work = Y, notice = Y, consult = 
bizstory_push: sql = insert into push_history (send_key, comp_idx, part_idx, mem_idx, receiver_id, push_device_type, push_registration_id, receiver_name, service_type, msg_type, message, state, state_comment, request_time) values ( '20140221145946697441', 44, 80, 298, 'yak815@daum.net', 'A', 'APA91bHCO7krjkg7stCvjB1TRB0yTiCrILclr0SSa_Tly8NNWixJ1mcd21O1oUO02THBe4mkNK8fpzgqC9xMW_ZkAHsaXENzgvzJXbvRHhcybHVbrur4sb2WIDIVctsCyiyq4g16q0aZouoOPoVEwbtShWPehA-tOg', '노원종', 'ios', 'receipt', '[접수] [의정부호원초등학교] hgvhjb', '9', '', now())
bizstory_push: ** 20140221-145946
bizstory_push: ** 20140221-151312
bizstory_push: sender=bizstorycokr@gmail.com, comp_idx=1, part_idx=1, mem_idx=2, receiver=arachi76@naver.com, msg_type=receipt, message=[접수] [전주비전대학교] 홈페이지 수정요청
bizstory_push: sql = select * from push_member where push_id = 'arachi76@naver.com' and del_yn = 'N'
bizstory_push: [arachi76@naver.com] push_device_type = I, message = Y, receipt = Y, work = Y, notice = Y, consult = 
bizstory_push: sql = insert into push_history (send_key, comp_idx, part_idx, mem_idx, receiver_id, push_device_type, push_registration_id, receiver_name, service_type, msg_type, message, state, state_comment, request_time) values ( '20140221151312227664', 1, 1, 2, 'arachi76@naver.com', 'I', '4ac171c71134ac868a9ce0fc22b36a015dee461bf045a22792beff7d6246e27f', '서경원', 'ios', 'receipt', '[접수] [전주비전대학교] 홈페이지 수정요청', '9', '', now())
bizstory_push: ** 20140221-151312
bizstory_push: ** 20140221-151717
bizstory_push: sender=bizstorycokr@gmail.com, comp_idx=58, part_idx=109, mem_idx=387, receiver=cctvc@korea.kr, msg_type=receipt, message=[접수] [안양양지초등학교] 컴퓨터 이동
bizstory_push: sql = select * from push_member where push_id = 'cctvc@korea.kr' and del_yn = 'N'
bizstory_push: [cctvc@korea.kr] push_device_type = A, message = Y, receipt = Y, work = Y, notice = Y, consult = Y
bizstory_push: sql = insert into push_history (send_key, comp_idx, part_idx, mem_idx, receiver_id, push_device_type, push_registration_id, receiver_name, service_type, msg_type, message, state, state_comment, request_time) values ( '20140221151717290894', 58, 109, 387, 'cctvc@korea.kr', 'A', 'APA91bEvsYNT1037VP3hB-q6VWfTxx0hBSSIKQ894ACNnv6rCBUhfpNxHVvz-HDflWNMCyCzfYCW-yv6hISBT3BdUpE1aMsdiA31A3ZX6M6djY9-qEVTnaWFHFNG1lr-GJNr4DpadOScdKzKtiHcd3KhzdAMG0IU0v6BUM-p6wbuW7KY8-b2wbs', '최세훈', 'ios', 'receipt', '[접수] [안양양지초등학교] 컴퓨터 이동', '9', '', now())
bizstory_push: ** 20140221-151717
bizstory_push: ** 20140221-154020
bizstory_push: sender=bizstorycokr@gmail.com, comp_idx=4, part_idx=4, mem_idx=369, receiver=choidh73@hanmail.net, msg_type=receipt, message=[접수] [송죽초등학교] 윈도우7으로 포맷
bizstory_push: sql = select * from push_member where push_id = 'choidh73@hanmail.net' and del_yn = 'N'
bizstory_push: [choidh73@hanmail.net] push_device_type = A, message = Y, receipt = Y, work = Y, notice = Y, consult = 
bizstory_push: sql = insert into push_history (send_key, comp_idx, part_idx, mem_idx, receiver_id, push_device_type, push_registration_id, receiver_name, service_type, msg_type, message, state, state_comment, request_time) values ( '20140221154020927677', 4, 4, 369, 'choidh73@hanmail.net', 'A', 'APA91bFX1VbttWRGFNnlmf5ZlV05J1vJotNLwfzczQcNzBQs6v3_crjGRcAtv55zzqZod9VWtdRzgs0jpyGDeP7mr8A2esjQak5Ye_GzKIAHFYiT-4sXFqEyC4qCRTyVUxCPJSpmqVfrr8XTkardyXOvsqcKPZVT7g', '최동호', 'ios', 'receipt', '[접수] [송죽초등학교] 윈도우7으로 포맷', '9', '', now())
bizstory_push: ** 20140221-154020
bizstory_push: ** 20140221-154959
bizstory_push: sender=bizstorycokr@gmail.com, comp_idx=13, part_idx=17, mem_idx=132, receiver=acp3748@greatworks.co.kr, msg_type=receipt, message=[접수] [창원남산고등학교] 프린터 설치
bizstory_push: sql = select * from push_member where push_id = 'acp3748@greatworks.co.kr' and del_yn = 'N'
bizstory_push: [acp3748@greatworks.co.kr] push_device_type = A, message = Y, receipt = Y, work = Y, notice = Y, consult = 
bizstory_push: sql = insert into push_history (send_key, comp_idx, part_idx, mem_idx, receiver_id, push_device_type, push_registration_id, receiver_name, service_type, msg_type, message, state, state_comment, request_time) values ( '20140221154959672676', 13, 17, 132, 'acp3748@greatworks.co.kr', 'A', 'APA91bFsP5_e0qv131gG_xdjgNaNlEuzear58Wn6ET4WKqDQVIpmpXG_vfgRPOp_3TNpI-nFv26PXofatq5mUvbp5E4i36ndYx9I_CUn1Y7dyeTiXbntvZUWtu6NOmuBGoSK24wT337LSwMpVIG5aIalEfEXebHY2p5HFGo3pfMTsH5KShFDL-M', '송대훈', 'ios', 'receipt', '[접수] [창원남산고등학교] 프린터 설치', '9', '', now())
bizstory_push: ** 20140221-154959
bizstory_push: ** 20140221-155324
bizstory_push: sender=bizstorycokr@gmail.com, comp_idx=32, part_idx=39, mem_idx=175, receiver=kclee@miraensys.com, msg_type=receipt, message=[접수] [용정초등학교] USB 인식이 안됩...
bizstory_push: sql = select * from push_member where push_id = 'kclee@miraensys.com' and del_yn = 'N'
bizstory_push: [kclee@miraensys.com] push_device_type = I, message = Y, receipt = Y, work = Y, notice = Y, consult = 
bizstory_push: sql = insert into push_history (send_key, comp_idx, part_idx, mem_idx, receiver_id, push_device_type, push_registration_id, receiver_name, service_type, msg_type, message, state, state_comment, request_time) values ( '20140221155324950098', 32, 39, 175, 'kclee@miraensys.com', 'I', '4c276a0f5bbc835989c925dfc111482e73abaf37d7d5af8dbec003e748d05b21', '이경춘', 'ios', 'receipt', '[접수] [용정초등학교] USB 인식이 안됩...', '9', '', now())
bizstory_push: ** 20140221-155324
bizstory_push: ** 20140221-155515
bizstory_push: sender=bizstorycokr@gmail.com, comp_idx=13, part_idx=17, mem_idx=132, receiver=acp3748@greatworks.co.kr, msg_type=receipt, message=[접수] [창원남산고등학교] 충전 잭 가격?
bizstory_push: sql = select * from push_member where push_id = 'acp3748@greatworks.co.kr' and del_yn = 'N'
bizstory_push: [acp3748@greatworks.co.kr] push_device_type = A, message = Y, receipt = Y, work = Y, notice = Y, consult = 
bizstory_push: sql = insert into push_history (send_key, comp_idx, part_idx, mem_idx, receiver_id, push_device_type, push_registration_id, receiver_name, service_type, msg_type, message, state, state_comment, request_time) values ( '20140221155515849718', 13, 17, 132, 'acp3748@greatworks.co.kr', 'A', 'APA91bFsP5_e0qv131gG_xdjgNaNlEuzear58Wn6ET4WKqDQVIpmpXG_vfgRPOp_3TNpI-nFv26PXofatq5mUvbp5E4i36ndYx9I_CUn1Y7dyeTiXbntvZUWtu6NOmuBGoSK24wT337LSwMpVIG5aIalEfEXebHY2p5HFGo3pfMTsH5KShFDL-M', '송대훈', 'ios', 'receipt', '[접수] [창원남산고등학교] 충전 잭 가격?', '9', '', now())
bizstory_push: ** 20140221-155515
bizstory_push: ** 20140221-155834
bizstory_push: sender=bizstorycokr@gmail.com, comp_idx=32, part_idx=39, mem_idx=430, receiver=lwj1910@miraensys.com, msg_type=receipt, message=[접수] [냉천초등학교] 교무실-포맷요
bizstory_push: sql = select * from push_member where push_id = 'lwj1910@miraensys.com' and del_yn = 'N'
bizstory_push: [lwj1910@miraensys.com] push_device_type = A, message = Y, receipt = Y, work = Y, notice = Y, consult = 
bizstory_push: sql = insert into push_history (send_key, comp_idx, part_idx, mem_idx, receiver_id, push_device_type, push_registration_id, receiver_name, service_type, msg_type, message, state, state_comment, request_time) values ( '20140221155834298407', 32, 39, 430, 'lwj1910@miraensys.com', 'A', 'APA91bHHVgPo1bg402tAU36Ep1Q_5U_omBrFD7qQb1r_67If50EHS0PuaJmxiZwKIyMTfVNX5MCpNbVMSc8PnfiBDWwkk9HGcYsl7jlsuLyewvsyBJK4ONp2I8EzCC6tUX4RF3LzGuJOyM2sIlbGK2rP2GwNP_y9kw', '이운재', 'ios', 'receipt', '[접수] [냉천초등학교] 교무실-포맷요', '9', '', now())
bizstory_push: ** 20140221-155834
bizstory_push: ** 20140221-155901
bizstory_push: sender=bizstorycokr@gmail.com, comp_idx=13, part_idx=17, mem_idx=517, receiver=ksh6969@greatworks.co.kr, msg_type=receipt, message=[접수] [창원여자고등학교] 노트북 아답터 신..
bizstory_push: sql = select * from push_member where push_id = 'ksh6969@greatworks.co.kr' and del_yn = 'N'
bizstory_push: [ksh6969@greatworks.co.kr] push_device_type = I, message = Y, receipt = Y, work = Y, notice = Y, consult = 
bizstory_push: sql = insert into push_history (send_key, comp_idx, part_idx, mem_idx, receiver_id, push_device_type, push_registration_id, receiver_name, service_type, msg_type, message, state, state_comment, request_time) values ( '20140221155901506135', 13, 17, 517, 'ksh6969@greatworks.co.kr', 'I', '3db048dddedc374b54a6787d117b2f1728bbe535a5c06b37c24fd8ee186cb6a8', '강신호', 'ios', 'receipt', '[접수] [창원여자고등학교] 노트북 아답터 신..', '9', '', now())
bizstory_push: ** 20140221-155901
bizstory_push: ** 20140221-155905
bizstory_push: sender=bizstorycokr@gmail.com, comp_idx=32, part_idx=39, mem_idx=430, receiver=lwj1910@miraensys.com, msg_type=receipt, message=[접수] [냉천초등학교] 영어실에서 교무실로...
bizstory_push: sql = select * from push_member where push_id = 'lwj1910@miraensys.com' and del_yn = 'N'
bizstory_push: [lwj1910@miraensys.com] push_device_type = A, message = Y, receipt = Y, work = Y, notice = Y, consult = 
bizstory_push: sql = insert into push_history (send_key, comp_idx, part_idx, mem_idx, receiver_id, push_device_type, push_registration_id, receiver_name, service_type, msg_type, message, state, state_comment, request_time) values ( '20140221155905861538', 32, 39, 430, 'lwj1910@miraensys.com', 'A', 'APA91bHHVgPo1bg402tAU36Ep1Q_5U_omBrFD7qQb1r_67If50EHS0PuaJmxiZwKIyMTfVNX5MCpNbVMSc8PnfiBDWwkk9HGcYsl7jlsuLyewvsyBJK4ONp2I8EzCC6tUX4RF3LzGuJOyM2sIlbGK2rP2GwNP_y9kw', '이운재', 'ios', 'receipt', '[접수] [냉천초등학교] 영어실에서 교무실로...', '9', '', now())
bizstory_push: ** 20140221-155905
bizstory_push: ** 20140221-155930
bizstory_push: sender=bizstorycokr@gmail.com, comp_idx=32, part_idx=39, mem_idx=430, receiver=lwj1910@miraensys.com, msg_type=receipt, message=[접수] [냉천초등학교] 2학년 프린터 연결...
bizstory_push: sql = select * from push_member where push_id = 'lwj1910@miraensys.com' and del_yn = 'N'
bizstory_push: [lwj1910@miraensys.com] push_device_type = A, message = Y, receipt = Y, work = Y, notice = Y, consult = 
bizstory_push: sql = insert into push_history (send_key, comp_idx, part_idx, mem_idx, receiver_id, push_device_type, push_registration_id, receiver_name, service_type, msg_type, message, state, state_comment, request_time) values ( '20140221155930113572', 32, 39, 430, 'lwj1910@miraensys.com', 'A', 'APA91bHHVgPo1bg402tAU36Ep1Q_5U_omBrFD7qQb1r_67If50EHS0PuaJmxiZwKIyMTfVNX5MCpNbVMSc8PnfiBDWwkk9HGcYsl7jlsuLyewvsyBJK4ONp2I8EzCC6tUX4RF3LzGuJOyM2sIlbGK2rP2GwNP_y9kw', '이운재', 'ios', 'receipt', '[접수] [냉천초등학교] 2학년 프린터 연결...', '9', '', now())
bizstory_push: ** 20140221-155930
bizstory_push: ** 20140221-160240
bizstory_push: sender=bizstorycokr@gmail.com, comp_idx=4, part_idx=4, mem_idx=369, receiver=choidh73@hanmail.net, msg_type=receipt, message=[접수] [송죽초등학교] 용지걸림
bizstory_push: sql = select * from push_member where push_id = 'choidh73@hanmail.net' and del_yn = 'N'
bizstory_push: [choidh73@hanmail.net] push_device_type = A, message = Y, receipt = Y, work = Y, notice = Y, consult = 
bizstory_push: sql = insert into push_history (send_key, comp_idx, part_idx, mem_idx, receiver_id, push_device_type, push_registration_id, receiver_name, service_type, msg_type, message, state, state_comment, request_time) values ( '20140221160240520086', 4, 4, 369, 'choidh73@hanmail.net', 'A', 'APA91bFX1VbttWRGFNnlmf5ZlV05J1vJotNLwfzczQcNzBQs6v3_crjGRcAtv55zzqZod9VWtdRzgs0jpyGDeP7mr8A2esjQak5Ye_GzKIAHFYiT-4sXFqEyC4qCRTyVUxCPJSpmqVfrr8XTkardyXOvsqcKPZVT7g', '최동호', 'ios', 'receipt', '[접수] [송죽초등학교] 용지걸림', '9', '', now())
bizstory_push: ** 20140221-160240
bizstory_push: ** 20140221-160706
bizstory_push: sender=bizstorycokr@gmail.com, comp_idx=32, part_idx=39, mem_idx=177, receiver=chanikr@miraensys.com, msg_type=receipt, message=[접수] [중산초등학교] 프린터드라이버 설정...
bizstory_push: sql = select * from push_member where push_id = 'chanikr@miraensys.com' and del_yn = 'N'
bizstory_push: [chanikr@miraensys.com] push_device_type = A, message = Y, receipt = Y, work = Y, notice = Y, consult = 
bizstory_push: sql = insert into push_history (send_key, comp_idx, part_idx, mem_idx, receiver_id, push_device_type, push_registration_id, receiver_name, service_type, msg_type, message, state, state_comment, request_time) values ( '20140221160706358636', 32, 39, 177, 'chanikr@miraensys.com', 'A', 'APA91bFw7GJKTnrluJ6DHF5OzkahXu1mLYvW7CNxn_pNV6g0RxoepuzuJXmMdfsX6uZVzSj_nO9Lm5iR4CdA1wQx3kHq3yjiZ0SLtSsWZhD0qFMI23jQ8nC8H8QzMYidBUcjWiZZWUrSjbjDm1Q2cf8SSooNdGNILA', '임경찬', 'ios', 'receipt', '[접수] [중산초등학교] 프린터드라이버 설정...', '9', '', now())
bizstory_push: ** 20140221-160706
bizstory_push: ** 20140221-160827
bizstory_push: sender=bizstorycokr@gmail.com, comp_idx=32, part_idx=39, mem_idx=177, receiver=chanikr@miraensys.com, msg_type=receipt, message=[접수] [중산초등학교] 컴퓨터 2대 포맷 ...
bizstory_push: sql = select * from push_member where push_id = 'chanikr@miraensys.com' and del_yn = 'N'
bizstory_push: [chanikr@miraensys.com] push_device_type = A, message = Y, receipt = Y, work = Y, notice = Y, consult = 
bizstory_push: sql = insert into push_history (send_key, comp_idx, part_idx, mem_idx, receiver_id, push_device_type, push_registration_id, receiver_name, service_type, msg_type, message, state, state_comment, request_time) values ( '20140221160827951284', 32, 39, 177, 'chanikr@miraensys.com', 'A', 'APA91bFw7GJKTnrluJ6DHF5OzkahXu1mLYvW7CNxn_pNV6g0RxoepuzuJXmMdfsX6uZVzSj_nO9Lm5iR4CdA1wQx3kHq3yjiZ0SLtSsWZhD0qFMI23jQ8nC8H8QzMYidBUcjWiZZWUrSjbjDm1Q2cf8SSooNdGNILA', '임경찬', 'ios', 'receipt', '[접수] [중산초등학교] 컴퓨터 2대 포맷 ...', '9', '', now())
bizstory_push: ** 20140221-160827
bizstory_push: ** 20140221-161043
bizstory_push: sender=bizstorycokr@gmail.com, comp_idx=32, part_idx=39, mem_idx=177, receiver=chanikr@miraensys.com, msg_type=receipt, message=[접수] [중산초등학교] 프린터를 공유하여 ...
bizstory_push: sql = select * from push_member where push_id = 'chanikr@miraensys.com' and del_yn = 'N'
bizstory_push: [chanikr@miraensys.com] push_device_type = A, message = Y, receipt = Y, work = Y, notice = Y, consult = 
bizstory_push: sql = insert into push_history (send_key, comp_idx, part_idx, mem_idx, receiver_id, push_device_type, push_registration_id, receiver_name, service_type, msg_type, message, state, state_comment, request_time) values ( '20140221161043555247', 32, 39, 177, 'chanikr@miraensys.com', 'A', 'APA91bFw7GJKTnrluJ6DHF5OzkahXu1mLYvW7CNxn_pNV6g0RxoepuzuJXmMdfsX6uZVzSj_nO9Lm5iR4CdA1wQx3kHq3yjiZ0SLtSsWZhD0qFMI23jQ8nC8H8QzMYidBUcjWiZZWUrSjbjDm1Q2cf8SSooNdGNILA', '임경찬', 'ios', 'receipt', '[접수] [중산초등학교] 프린터를 공유하여 ...', '9', '', now())
bizstory_push: ** 20140221-161043
bizstory_push: ** 20140221-161637
bizstory_push: sender=bizstorycokr@gmail.com, comp_idx=58, part_idx=109, mem_idx=387, receiver=cctvc@korea.kr, msg_type=receipt, message=[접수] [안양양지초등학교] 상담실
bizstory_push: sql = select * from push_member where push_id = 'cctvc@korea.kr' and del_yn = 'N'
bizstory_push: [cctvc@korea.kr] push_device_type = A, message = Y, receipt = Y, work = Y, notice = Y, consult = Y
bizstory_push: sql = insert into push_history (send_key, comp_idx, part_idx, mem_idx, receiver_id, push_device_type, push_registration_id, receiver_name, service_type, msg_type, message, state, state_comment, request_time) values ( '20140221161637317575', 58, 109, 387, 'cctvc@korea.kr', 'A', 'APA91bEvsYNT1037VP3hB-q6VWfTxx0hBSSIKQ894ACNnv6rCBUhfpNxHVvz-HDflWNMCyCzfYCW-yv6hISBT3BdUpE1aMsdiA31A3ZX6M6djY9-qEVTnaWFHFNG1lr-GJNr4DpadOScdKzKtiHcd3KhzdAMG0IU0v6BUM-p6wbuW7KY8-b2wbs', '최세훈', 'ios', 'receipt', '[접수] [안양양지초등학교] 상담실', '9', '', now())
bizstory_push: ** 20140221-161637
bizstory_push: ** 20140221-162452
bizstory_push: sender=bizstorycokr@gmail.com, comp_idx=5, part_idx=5, mem_idx=83, receiver=cpui7@daum.net, msg_type=receipt, message=[접수] [사곡고등학교] 라벨지
bizstory_push: sql = select * from push_member where push_id = 'cpui7@daum.net' and del_yn = 'N'
bizstory_push: [cpui7@daum.net] push_device_type = A, message = Y, receipt = Y, work = Y, notice = Y, consult = 
bizstory_push: sql = insert into push_history (send_key, comp_idx, part_idx, mem_idx, receiver_id, push_device_type, push_registration_id, receiver_name, service_type, msg_type, message, state, state_comment, request_time) values ( '20140221162452402079', 5, 5, 83, 'cpui7@daum.net', 'A', 'APA91bEnh3lsA-Vk0Ps2_lF-3RA8DReacx8bjG_YFOvJD_Jqp30qEhjwqriJyjwcjmuenhpQTmfd2RgTvVQmR1gP0CE4Mp8-9MYKQW69uJ2WMjjzTFnr4ONmwR_Lxj-reU1DAHS6xbOVlHjw1SQPEZmvY-VK9hNPQWQ8byhRzn72jap0TCMkJpI', '황진섭', 'ios', 'receipt', '[접수] [사곡고등학교] 라벨지', '9', '', now())
bizstory_push: ** 20140221-162452
bizstory_push: ** 20140221-162803
bizstory_push: sender=bizstorycokr@gmail.com, comp_idx=13, part_idx=17, mem_idx=132, receiver=acp3748@greatworks.co.kr, msg_type=receipt, message=[접수] [창원남산고등학교] 프린터 확인 함.
bizstory_push: sql = select * from push_member where push_id = 'acp3748@greatworks.co.kr' and del_yn = 'N'
bizstory_push: [acp3748@greatworks.co.kr] push_device_type = A, message = Y, receipt = Y, work = Y, notice = Y, consult = 
bizstory_push: sql = insert into push_history (send_key, comp_idx, part_idx, mem_idx, receiver_id, push_device_type, push_registration_id, receiver_name, service_type, msg_type, message, state, state_comment, request_time) values ( '20140221162803642265', 13, 17, 132, 'acp3748@greatworks.co.kr', 'A', 'APA91bFsP5_e0qv131gG_xdjgNaNlEuzear58Wn6ET4WKqDQVIpmpXG_vfgRPOp_3TNpI-nFv26PXofatq5mUvbp5E4i36ndYx9I_CUn1Y7dyeTiXbntvZUWtu6NOmuBGoSK24wT337LSwMpVIG5aIalEfEXebHY2p5HFGo3pfMTsH5KShFDL-M', '송대훈', 'ios', 'receipt', '[접수] [창원남산고등학교] 프린터 확인 함.', '9', '', now())
bizstory_push: ** 20140221-162803
bizstory_push: ** 20140221-163319
bizstory_push: sender=bizstorycokr@gmail.com, comp_idx=32, part_idx=39, mem_idx=411, receiver=jowsgo@miraensys.com, msg_type=receipt, message=[접수] [풍동초등학교] 이지에듀 프로그램이...
bizstory_push: sql = select * from push_member where push_id = 'jowsgo@miraensys.com' and del_yn = 'N'
bizstory_push: 등록되지 않은 사용자
bizstory_push: sql = insert into push_history (send_key, comp_idx, part_idx, mem_idx, receiver_id, receiver_name, service_type, msg_type, message, state, state_comment, request_time) values ( '20140221163319439360', 32, 39, 411, 'jowsgo@miraensys.com', '', 'ios', 'receipt', '[접수] [풍동초등학교] 이지에듀 프로그램이...', '0', '등록되지 않은 사용자', now())
bizstory_push: ** 20140221-163319
bizstory_push: ** 20140221-164752
bizstory_push: sender=bizstorycokr@gmail.com, comp_idx=13, part_idx=17, mem_idx=94, receiver=starnts@greatworks.co.kr, msg_type=receipt, message=[접수] [창원명지여자고등학교] 교무실 CCT..
bizstory_push: sql = select * from push_member where push_id = 'starnts@greatworks.co.kr' and del_yn = 'N'
bizstory_push: [starnts@greatworks.co.kr] push_device_type = A, message = Y, receipt = Y, work = Y, notice = Y, consult = 
bizstory_push: sql = insert into push_history (send_key, comp_idx, part_idx, mem_idx, receiver_id, push_device_type, push_registration_id, receiver_name, service_type, msg_type, message, state, state_comment, request_time) values ( '20140221164752398839', 13, 17, 92, 'starnts@greatworks.co.kr', 'A', 'APA91bHiOAbj3tzoiWBwyrdNRjREW3CrfDwm_tkfl2bVl88NEEz643nLe2n2PmHKhO2TjZQn2okD6QTstELDojuCJxctI2iOL5qtV-d4uQPaeyHUr6O-lQMvtCJ3wRRqmzeKWstt_iWPF-RzsEchBHWUpZ3gBOQqpw', '노태성', 'ios', 'receipt', '[접수] [창원명지여자고등학교] 교무실 CCT..', '9', '', now())
bizstory_push: ** 20140221-164752
bizstory_push: ** 20140221-174152
bizstory_push: sender=bizstorycokr@gmail.com, comp_idx=1, part_idx=1, mem_idx=2, receiver=arachi76@naver.com, msg_type=work, message=[업무보고] 입학안내 홈페이지
bizstory_push: sql = select * from push_member where push_id = 'arachi76@naver.com' and del_yn = 'N'
bizstory_push: [arachi76@naver.com] push_device_type = I, message = Y, receipt = Y, work = Y, notice = Y, consult = 
bizstory_push: sql = insert into push_history (send_key, comp_idx, part_idx, mem_idx, receiver_id, push_device_type, push_registration_id, receiver_name, service_type, msg_type, message, state, state_comment, request_time) values ( '20140221174152436032', 1, 1, 2, 'arachi76@naver.com', 'I', '4ac171c71134ac868a9ce0fc22b36a015dee461bf045a22792beff7d6246e27f', '서경원', 'ios', 'work', '[업무보고] 입학안내 홈페이지', '9', '', now())
bizstory_push: sender=bizstorycokr@gmail.com, comp_idx=1, part_idx=1, mem_idx=529, receiver=berbucks@nate.com, msg_type=work, message=[업무보고] 입학안내 홈페이지
bizstory_push: sql = select * from push_member where push_id = 'berbucks@nate.com' and del_yn = 'N'
bizstory_push: [berbucks@nate.com] push_device_type = I, message = Y, receipt = Y, work = Y, notice = Y, consult = 
bizstory_push: sql = insert into push_history (send_key, comp_idx, part_idx, mem_idx, receiver_id, push_device_type, push_registration_id, receiver_name, service_type, msg_type, message, state, state_comment, request_time) values ( '20140221174152493510', 1, 1, 529, 'berbucks@nate.com', 'I', '1efced7c9fbbd2e0cf09aea0abd1eefd00f7e97437531354b77529a62902ae49', '김진오', 'ios', 'work', '[업무보고] 입학안내 홈페이지', '9', '', now())
bizstory_push: sender=bizstorycokr@gmail.com, comp_idx=0, part_idx=0, mem_idx=0, receiver=, msg_type=work, message=[업무보고] 입학안내 홈페이지
bizstory_push: sql = select * from push_member where push_id = '' and del_yn = 'N'
bizstory_push: 등록되지 않은 사용자
bizstory_push: sql = insert into push_history (send_key, comp_idx, part_idx, mem_idx, receiver_id, receiver_name, service_type, msg_type, message, state, state_comment, request_time) values ( '20140221174152568000', 0, 0, 0, '', '', 'ios', 'work', '[업무보고] 입학안내 홈페이지', '0', '등록되지 않은 사용자', now())
bizstory_push: ** 20140221-181653
bizstory_push: sender=bizstorycokr@gmail.com, comp_idx=1, part_idx=1, mem_idx=7, receiver=yukki76@nate.com, msg_type=project, message=[프로젝트업무] 완료보고회 준비
bizstory_push: sql = select * from push_member where push_id = 'yukki76@nate.com' and del_yn = 'N'
bizstory_push: [yukki76@nate.com] push_device_type = I, message = Y, receipt = Y, work = Y, notice = Y, consult = N
bizstory_push: sql = insert into push_history (send_key, comp_idx, part_idx, mem_idx, receiver_id, push_device_type, push_registration_id, receiver_name, service_type, msg_type, message, state, state_comment, request_time) values ( '20140221181653720573', 1, 1, 7, 'yukki76@nate.com', 'I', 'f7baf1ed812b2a6ce562a2c25b778dfc4eccf5eb9ec205eacecc533f2144c6b7', '김경화', 'ios', 'project', '[프로젝트업무] 완료보고회 준비', '9', '', now())
bizstory_push: sender=bizstorycokr@gmail.com, comp_idx=1, part_idx=1, mem_idx=15, receiver=naryong82@nate.com, msg_type=project, message=[프로젝트업무] 완료보고회 준비
bizstory_push: sql = select * from push_member where push_id = 'naryong82@nate.com' and del_yn = 'N'
bizstory_push: [naryong82@nate.com] push_device_type = A, message = Y, receipt = Y, work = Y, notice = Y, consult = 
bizstory_push: sql = insert into push_history (send_key, comp_idx, part_idx, mem_idx, receiver_id, push_device_type, push_registration_id, receiver_name, service_type, msg_type, message, state, state_comment, request_time) values ( '20140221181653948992', 1, 1, 15, 'naryong82@nate.com', 'A', 'APA91bFnDKOgvIE0VcFKm_MCcfTlL8s5RacuOJ2hIc-YLQT62KLh2qescudxh9Fn_hlo8-xsartrIiSN_txHoM2khirrNK0n2wTnHfbo1Z40iWYgMqMqwLPVpmPGDxjGRnESCwDmDRBZC0JOQsFFMBjvpkTBZv56Ag', '김나영', 'ios', 'project', '[프로젝트업무] 완료보고회 준비', '9', '', now())
bizstory_push: sender=bizstorycokr@gmail.com, comp_idx=1, part_idx=1, mem_idx=195, receiver=kyunni@naver.com, msg_type=project, message=[프로젝트업무] 완료보고회 준비
bizstory_push: sql = select * from push_member where push_id = 'kyunni@naver.com' and del_yn = 'N'
bizstory_push: [kyunni@naver.com] push_device_type = I, message = Y, receipt = Y, work = Y, notice = Y, consult = 
bizstory_push: sql = insert into push_history (send_key, comp_idx, part_idx, mem_idx, receiver_id, push_device_type, push_registration_id, receiver_name, service_type, msg_type, message, state, state_comment, request_time) values ( '20140221181653933286', 1, 1, 195, 'kyunni@naver.com', 'I', '0502603e2a72386cb810f11191531b9e41cec340f798416d2a57959044c38925', '고동원', 'ios', 'project', '[프로젝트업무] 완료보고회 준비', '9', '', now())
bizstory_push: sender=bizstorycokr@gmail.com, comp_idx=1, part_idx=1, mem_idx=529, receiver=berbucks@nate.com, msg_type=project, message=[프로젝트업무] 완료보고회 준비
bizstory_push: sql = select * from push_member where push_id = 'berbucks@nate.com' and del_yn = 'N'
bizstory_push: [berbucks@nate.com] push_device_type = I, message = Y, receipt = Y, work = Y, notice = Y, consult = 
bizstory_push: sql = insert into push_history (send_key, comp_idx, part_idx, mem_idx, receiver_id, push_device_type, push_registration_id, receiver_name, service_type, msg_type, message, state, state_comment, request_time) values ( '20140221181653244093', 1, 1, 529, 'berbucks@nate.com', 'I', '1efced7c9fbbd2e0cf09aea0abd1eefd00f7e97437531354b77529a62902ae49', '김진오', 'ios', 'project', '[프로젝트업무] 완료보고회 준비', '9', '', now())
bizstory_push: ** 20140221-182245
bizstory_push: sender=bizstorycokr@gmail.com, comp_idx=0, part_idx=0, mem_idx=0, receiver=, msg_type=work, message=[업무] 완료보고회 준비
bizstory_push: sql = select * from push_member where push_id = '' and del_yn = 'N'
bizstory_push: 등록되지 않은 사용자
bizstory_push: sql = insert into push_history (send_key, comp_idx, part_idx, mem_idx, receiver_id, receiver_name, service_type, msg_type, message, state, state_comment, request_time) values ( '20140221182245235483', 0, 0, 0, '', '', 'ios', 'work', '[업무] 완료보고회 준비', '0', '등록되지 않은 사용자', now())
bizstory_push: ** 20140221-182348
bizstory_push: sender=bizstorycokr@gmail.com, comp_idx=1, part_idx=1, mem_idx=2, receiver=arachi76@naver.com, msg_type=receipt, message=[전주비전대학교] 홈페이지 수정요청
bizstory_push: sql = select * from push_member where push_id = 'arachi76@naver.com' and del_yn = 'N'
bizstory_push: [arachi76@naver.com] push_device_type = I, message = Y, receipt = Y, work = Y, notice = Y, consult = 
bizstory_push: sql = insert into push_history (send_key, comp_idx, part_idx, mem_idx, receiver_id, push_device_type, push_registration_id, receiver_name, service_type, msg_type, message, state, state_comment, request_time) values ( '20140221182348399267', 1, 1, 2, 'arachi76@naver.com', 'I', '4ac171c71134ac868a9ce0fc22b36a015dee461bf045a22792beff7d6246e27f', '서경원', 'ios', 'receipt', '[전주비전대학교] 홈페이지 수정요청', '9', '', now())
bizstory_push: ** 20140221-182428
bizstory_push: sender=bizstorycokr@gmail.com, comp_idx=1, part_idx=1, mem_idx=528, receiver=ubman@ubstory.net, msg_type=receipt, message=[경기도교육청학부모지원] 전화번호 오류 수정..
bizstory_push: sql = select * from push_member where push_id = 'ubman@ubstory.net' and del_yn = 'N'
bizstory_push: [ubman@ubstory.net] push_device_type = I, message = Y, receipt = Y, work = Y, notice = Y, consult = 
bizstory_push: sql = insert into push_history (send_key, comp_idx, part_idx, mem_idx, receiver_id, push_device_type, push_registration_id, receiver_name, service_type, msg_type, message, state, state_comment, request_time) values ( '20140221182428450301', 1, 1, 528, 'ubman@ubstory.net', 'I', 'eb74a58ff4ca7312a88f871acf0e88ced22d528ed841241ce169ef11f1bedab5', '고정균', 'ios', 'receipt', '[경기도교육청학부모지원] 전화번호 오류 수정..', '9', '', now())
bizstory_push: ** 20140221-182536
bizstory_push: sender=bizstorycokr@gmail.com, comp_idx=1, part_idx=1, mem_idx=528, receiver=ubman@ubstory.net, msg_type=receipt, message=[경기도교육청학부모지원] 게시판 글
bizstory_push: sql = select * from push_member where push_id = 'ubman@ubstory.net' and del_yn = 'N'
bizstory_push: [ubman@ubstory.net] push_device_type = I, message = Y, receipt = Y, work = Y, notice = Y, consult = 
bizstory_push: sql = insert into push_history (send_key, comp_idx, part_idx, mem_idx, receiver_id, push_device_type, push_registration_id, receiver_name, service_type, msg_type, message, state, state_comment, request_time) values ( '20140221182536205343', 1, 1, 528, 'ubman@ubstory.net', 'I', 'eb74a58ff4ca7312a88f871acf0e88ced22d528ed841241ce169ef11f1bedab5', '고정균', 'ios', 'receipt', '[경기도교육청학부모지원] 게시판 글', '9', '', now())
bizstory_push: ** 20140221-183236
bizstory_push: sender=bizstorycokr@gmail.com, comp_idx=1, part_idx=11, mem_idx=169, receiver=neoggt@bizstory.co.kr, msg_type=work, message=[업무코멘트] 창원 대형웍스 요청사항
bizstory_push: sql = select * from push_member where push_id = 'neoggt@bizstory.co.kr' and del_yn = 'N'
bizstory_push: 등록되지 않은 사용자
bizstory_push: sql = insert into push_history (send_key, comp_idx, part_idx, mem_idx, receiver_id, receiver_name, service_type, msg_type, message, state, state_comment, request_time) values ( '20140221183236640424', 1, 11, 169, 'neoggt@bizstory.co.kr', '', 'ios', 'work', '[업무코멘트] 창원 대형웍스 요청사항', '0', '등록되지 않은 사용자', now())
bizstory_push: sender=bizstorycokr@gmail.com, comp_idx=0, part_idx=0, mem_idx=0, receiver=, msg_type=work, message=[업무코멘트] 창원 대형웍스 요청사항
bizstory_push: sql = select * from push_member where push_id = '' and del_yn = 'N'
bizstory_push: 등록되지 않은 사용자
bizstory_push: sql = insert into push_history (send_key, comp_idx, part_idx, mem_idx, receiver_id, receiver_name, service_type, msg_type, message, state, state_comment, request_time) values ( '20140221183236301703', 0, 0, 0, '', '', 'ios', 'work', '[업무코멘트] 창원 대형웍스 요청사항', '0', '등록되지 않은 사용자', now())
