bizstory_push: ** 20140518-143104
bizstory_push: sender=bizstorycokr@gmail.com, comp_idx=32, part_idx=39, mem_idx=180, receiver=jw3132@miraensys.com, msg_type=receipt, message=[접수] [신일초등학교] 컴상황~
bizstory_push: sql = select * from push_member where push_id = 'jw3132@miraensys.com' and del_yn = 'N'
bizstory_push: [jw3132@miraensys.com] push_device_type = A, message = N, receipt = N, work = N, notice = N, consult = N
bizstory_push: sql = insert into push_history (send_key, comp_idx, part_idx, mem_idx, receiver_id, push_device_type, push_registration_id, receiver_name, service_type, msg_type, message, state, state_comment, request_time) values ( '20140518143104954719', 32, 39, 180, 'jw3132@miraensys.com', 'A', 'APA91bH0_m5cFOGJEF5Wp5X-3BpzW0nZ3GAcpTsM0_fTsaqH0O5t70I3juLmqteUxmyQvstC2lu0DulL9dKvRTGFEzjhSsSqv2trWnCP8T8RvA3uuoJ_pYrARyRyaw149FkGo2Jo-J1tstdKHqv0-YK0qZEud2o5hw', '이진우', 'ios', 'receipt', '[접수] [신일초등학교] 컴상황~', '9', '', now())
bizstory_push: ** 20140518-143104
bizstory_push: ** 20140518-154516
bizstory_push: sender=bizstorycokr@gmail.com, comp_idx=1, part_idx=1, mem_idx=528, receiver=ubman@ubstory.net, msg_type=receipt, message=[안양창조산업진흥원] 알림마다 밑에 카테..
bizstory_push: sql = select * from push_member where push_id = 'ubman@ubstory.net' and del_yn = 'N'
bizstory_push: [ubman@ubstory.net] push_device_type = I, message = Y, receipt = Y, work = Y, notice = Y, consult = 
bizstory_push: sql = insert into push_history (send_key, comp_idx, part_idx, mem_idx, receiver_id, push_device_type, push_registration_id, receiver_name, service_type, msg_type, message, state, state_comment, request_time) values ( '20140518154516369103', 1, 1, 528, 'ubman@ubstory.net', 'I', 'eb74a58ff4ca7312a88f871acf0e88ced22d528ed841241ce169ef11f1bedab5', '고정균', 'ios', 'receipt', '[안양창조산업진흥원] 알림마다 밑에 카테..', '9', '', now())
bizstory_push: ** 20140518-154540
bizstory_push: sender=bizstorycokr@gmail.com, comp_idx=1, part_idx=1, mem_idx=528, receiver=ubman@ubstory.net, msg_type=receipt, message=[평택보건소(다현)] 홈페지 수정
bizstory_push: sql = select * from push_member where push_id = 'ubman@ubstory.net' and del_yn = 'N'
bizstory_push: [ubman@ubstory.net] push_device_type = I, message = Y, receipt = Y, work = Y, notice = Y, consult = 
bizstory_push: sql = insert into push_history (send_key, comp_idx, part_idx, mem_idx, receiver_id, push_device_type, push_registration_id, receiver_name, service_type, msg_type, message, state, state_comment, request_time) values ( '20140518154540934781', 1, 1, 528, 'ubman@ubstory.net', 'I', 'eb74a58ff4ca7312a88f871acf0e88ced22d528ed841241ce169ef11f1bedab5', '고정균', 'ios', 'receipt', '[평택보건소(다현)] 홈페지 수정', '9', '', now())
bizstory_push: ** 20140518-154601
bizstory_push: sender=bizstorycokr@gmail.com, comp_idx=1, part_idx=1, mem_idx=528, receiver=ubman@ubstory.net, msg_type=receipt, message=[평택보건소(다현)] 홈페지 수정
bizstory_push: sql = select * from push_member where push_id = 'ubman@ubstory.net' and del_yn = 'N'
bizstory_push: [ubman@ubstory.net] push_device_type = I, message = Y, receipt = Y, work = Y, notice = Y, consult = 
bizstory_push: sql = insert into push_history (send_key, comp_idx, part_idx, mem_idx, receiver_id, push_device_type, push_registration_id, receiver_name, service_type, msg_type, message, state, state_comment, request_time) values ( '20140518154601869838', 1, 1, 528, 'ubman@ubstory.net', 'I', 'eb74a58ff4ca7312a88f871acf0e88ced22d528ed841241ce169ef11f1bedab5', '고정균', 'ios', 'receipt', '[평택보건소(다현)] 홈페지 수정', '9', '', now())
bizstory_push: ** 20140518-154633
bizstory_push: sender=bizstorycokr@gmail.com, comp_idx=1, part_idx=1, mem_idx=528, receiver=ubman@ubstory.net, msg_type=receipt, message=[안양창조산업진흥원] 지방규제개혁신문고 ..
bizstory_push: sql = select * from push_member where push_id = 'ubman@ubstory.net' and del_yn = 'N'
bizstory_push: [ubman@ubstory.net] push_device_type = I, message = Y, receipt = Y, work = Y, notice = Y, consult = 
bizstory_push: sql = insert into push_history (send_key, comp_idx, part_idx, mem_idx, receiver_id, push_device_type, push_registration_id, receiver_name, service_type, msg_type, message, state, state_comment, request_time) values ( '20140518154633862008', 1, 1, 528, 'ubman@ubstory.net', 'I', 'eb74a58ff4ca7312a88f871acf0e88ced22d528ed841241ce169ef11f1bedab5', '고정균', 'ios', 'receipt', '[안양창조산업진흥원] 지방규제개혁신문고 ..', '9', '', now())
bizstory_push: ** 20140518-154720
bizstory_push: sender=bizstorycokr@gmail.com, comp_idx=1, part_idx=1, mem_idx=528, receiver=ubman@ubstory.net, msg_type=receipt, message=[(주)북션커뮤니케이션] 기존회원 재가입시 ..
bizstory_push: sql = select * from push_member where push_id = 'ubman@ubstory.net' and del_yn = 'N'
bizstory_push: [ubman@ubstory.net] push_device_type = I, message = Y, receipt = Y, work = Y, notice = Y, consult = 
bizstory_push: sql = insert into push_history (send_key, comp_idx, part_idx, mem_idx, receiver_id, push_device_type, push_registration_id, receiver_name, service_type, msg_type, message, state, state_comment, request_time) values ( '20140518154720491459', 1, 1, 528, 'ubman@ubstory.net', 'I', 'eb74a58ff4ca7312a88f871acf0e88ced22d528ed841241ce169ef11f1bedab5', '고정균', 'ios', 'receipt', '[(주)북션커뮤니케이션] 기존회원 재가입시 ..', '9', '', now())
bizstory_push: ** 20140518-154754
bizstory_push: sender=bizstorycokr@gmail.com, comp_idx=1, part_idx=1, mem_idx=528, receiver=ubman@ubstory.net, msg_type=receipt, message=[평택대학교] 작업 진행 사항입니..
bizstory_push: sql = select * from push_member where push_id = 'ubman@ubstory.net' and del_yn = 'N'
bizstory_push: [ubman@ubstory.net] push_device_type = I, message = Y, receipt = Y, work = Y, notice = Y, consult = 
bizstory_push: sql = insert into push_history (send_key, comp_idx, part_idx, mem_idx, receiver_id, push_device_type, push_registration_id, receiver_name, service_type, msg_type, message, state, state_comment, request_time) values ( '20140518154754208003', 1, 1, 528, 'ubman@ubstory.net', 'I', 'eb74a58ff4ca7312a88f871acf0e88ced22d528ed841241ce169ef11f1bedab5', '고정균', 'ios', 'receipt', '[평택대학교] 작업 진행 사항입니..', '9', '', now())
bizstory_push: ** 20140518-154831
bizstory_push: sender=bizstorycokr@gmail.com, comp_idx=1, part_idx=1, mem_idx=195, receiver=kyunni@naver.com, msg_type=receipt, message=[중랑구립정보도서관] 에러
bizstory_push: sql = select * from push_member where push_id = 'kyunni@naver.com' and del_yn = 'N'
bizstory_push: [kyunni@naver.com] push_device_type = I, message = Y, receipt = Y, work = Y, notice = Y, consult = 
bizstory_push: sql = insert into push_history (send_key, comp_idx, part_idx, mem_idx, receiver_id, push_device_type, push_registration_id, receiver_name, service_type, msg_type, message, state, state_comment, request_time) values ( '20140518154831254145', 1, 1, 195, 'kyunni@naver.com', 'I', '0502603e2a72386cb810f11191531b9e41cec340f798416d2a57959044c38925', '고동원', 'ios', 'receipt', '[중랑구립정보도서관] 에러', '9', '', now())
bizstory_push: ** 20140518-154842
bizstory_push: sender=bizstorycokr@gmail.com, comp_idx=1, part_idx=1, mem_idx=195, receiver=kyunni@naver.com, msg_type=receipt, message=[중랑구립정보도서관] 에러
bizstory_push: sql = select * from push_member where push_id = 'kyunni@naver.com' and del_yn = 'N'
bizstory_push: [kyunni@naver.com] push_device_type = I, message = Y, receipt = Y, work = Y, notice = Y, consult = 
bizstory_push: sql = insert into push_history (send_key, comp_idx, part_idx, mem_idx, receiver_id, push_device_type, push_registration_id, receiver_name, service_type, msg_type, message, state, state_comment, request_time) values ( '20140518154842651236', 1, 1, 195, 'kyunni@naver.com', 'I', '0502603e2a72386cb810f11191531b9e41cec340f798416d2a57959044c38925', '고동원', 'ios', 'receipt', '[중랑구립정보도서관] 에러', '9', '', now())
bizstory_push: ** 20140518-154859
bizstory_push: sender=bizstorycokr@gmail.com, comp_idx=1, part_idx=1, mem_idx=528, receiver=ubman@ubstory.net, msg_type=receipt, message=[경기도립중앙도서관] (민원인요청사항)어..
bizstory_push: sql = select * from push_member where push_id = 'ubman@ubstory.net' and del_yn = 'N'
bizstory_push: [ubman@ubstory.net] push_device_type = I, message = Y, receipt = Y, work = Y, notice = Y, consult = 
bizstory_push: sql = insert into push_history (send_key, comp_idx, part_idx, mem_idx, receiver_id, push_device_type, push_registration_id, receiver_name, service_type, msg_type, message, state, state_comment, request_time) values ( '20140518154859594469', 1, 1, 528, 'ubman@ubstory.net', 'I', 'eb74a58ff4ca7312a88f871acf0e88ced22d528ed841241ce169ef11f1bedab5', '고정균', 'ios', 'receipt', '[경기도립중앙도서관] (민원인요청사항)어..', '9', '', now())
bizstory_push: ** 20140518-154947
bizstory_push: sender=bizstorycokr@gmail.com, comp_idx=1, part_idx=1, mem_idx=528, receiver=ubman@ubstory.net, msg_type=receipt, message=[안양과천교육지원청(웅일)] 물품구매공개 - 첨..
bizstory_push: sql = select * from push_member where push_id = 'ubman@ubstory.net' and del_yn = 'N'
bizstory_push: [ubman@ubstory.net] push_device_type = I, message = Y, receipt = Y, work = Y, notice = Y, consult = 
bizstory_push: sql = insert into push_history (send_key, comp_idx, part_idx, mem_idx, receiver_id, push_device_type, push_registration_id, receiver_name, service_type, msg_type, message, state, state_comment, request_time) values ( '20140518154947399502', 1, 1, 528, 'ubman@ubstory.net', 'I', 'eb74a58ff4ca7312a88f871acf0e88ced22d528ed841241ce169ef11f1bedab5', '고정균', 'ios', 'receipt', '[안양과천교육지원청(웅일)] 물품구매공개 - 첨..', '9', '', now())
bizstory_push: ** 20140518-155038
bizstory_push: sender=bizstorycokr@gmail.com, comp_idx=1, part_idx=1, mem_idx=528, receiver=ubman@ubstory.net, msg_type=receipt, message=[평택대학교] 대학안내 연혁
bizstory_push: sql = select * from push_member where push_id = 'ubman@ubstory.net' and del_yn = 'N'
bizstory_push: [ubman@ubstory.net] push_device_type = I, message = Y, receipt = Y, work = Y, notice = Y, consult = 
bizstory_push: sql = insert into push_history (send_key, comp_idx, part_idx, mem_idx, receiver_id, push_device_type, push_registration_id, receiver_name, service_type, msg_type, message, state, state_comment, request_time) values ( '20140518155038850095', 1, 1, 528, 'ubman@ubstory.net', 'I', 'eb74a58ff4ca7312a88f871acf0e88ced22d528ed841241ce169ef11f1bedab5', '고정균', 'ios', 'receipt', '[평택대학교] 대학안내 연혁', '9', '', now())
bizstory_push: ** 20140518-161953
bizstory_push: sender=bizstorycokr@gmail.com, comp_idx=1, part_idx=1, mem_idx=561, receiver=4004jini@ubstory.net, msg_type=work, message=[업무코멘트] 2014년 입찰공고 정보보고
bizstory_push: sql = select * from push_member where push_id = '4004jini@ubstory.net' and del_yn = 'N'
bizstory_push: [4004jini@ubstory.net] push_device_type = A, message = Y, receipt = Y, work = Y, notice = Y, consult = 
bizstory_push: sql = insert into push_history (send_key, comp_idx, part_idx, mem_idx, receiver_id, push_device_type, push_registration_id, receiver_name, service_type, msg_type, message, state, state_comment, request_time) values ( '20140518161953375429', 1, 1, 561, '4004jini@ubstory.net', 'A', 'APA91bE5tQzTeLD61wG26VxF9v4QFcCUVtFY6BjtnZZ5mVjOVljXqiC3hAUjtToPI5aA41CMB3EH2ehudxTaAsIvRrbwKqzmpeMqsG70tRGzPJn53MBfsHF0f929NRy_54HK_lTxmqhruBGg3Fx9kASPJweCoQzH1EsKz7t_HDCOTsPAqpRXnwI', '이호진', 'ios', 'work', '[업무코멘트] 2014년 입찰공고 정보보고', '9', '', now())
bizstory_push: sender=bizstorycokr@gmail.com, comp_idx=1, part_idx=1, mem_idx=15, receiver=naryong82@nate.com, msg_type=work, message=[업무코멘트] 2014년 입찰공고 정보보고
bizstory_push: sql = select * from push_member where push_id = 'naryong82@nate.com' and del_yn = 'N'
bizstory_push: [naryong82@nate.com] push_device_type = A, message = Y, receipt = Y, work = Y, notice = Y, consult = 
bizstory_push: sql = insert into push_history (send_key, comp_idx, part_idx, mem_idx, receiver_id, push_device_type, push_registration_id, receiver_name, service_type, msg_type, message, state, state_comment, request_time) values ( '20140518161953584472', 1, 1, 15, 'naryong82@nate.com', 'A', 'APA91bFnDKOgvIE0VcFKm_MCcfTlL8s5RacuOJ2hIc-YLQT62KLh2qescudxh9Fn_hlo8-xsartrIiSN_txHoM2khirrNK0n2wTnHfbo1Z40iWYgMqMqwLPVpmPGDxjGRnESCwDmDRBZC0JOQsFFMBjvpkTBZv56Ag', '김나영', 'ios', 'work', '[업무코멘트] 2014년 입찰공고 정보보고', '9', '', now())
bizstory_push: ** 20140518-162205
bizstory_push: sender=bizstorycokr@gmail.com, comp_idx=1, part_idx=1, mem_idx=7, receiver=yukki76@nate.com, msg_type=work, message=[업무코멘트] 2014년_김경화_업무보고
bizstory_push: sql = select * from push_member where push_id = 'yukki76@nate.com' and del_yn = 'N'
bizstory_push: [yukki76@nate.com] push_device_type = I, message = Y, receipt = Y, work = Y, notice = Y, consult = N
bizstory_push: sql = insert into push_history (send_key, comp_idx, part_idx, mem_idx, receiver_id, push_device_type, push_registration_id, receiver_name, service_type, msg_type, message, state, state_comment, request_time) values ( '20140518162205397126', 1, 1, 7, 'yukki76@nate.com', 'I', 'f7baf1ed812b2a6ce562a2c25b778dfc4eccf5eb9ec205eacecc533f2144c6b7', '김경화', 'ios', 'work', '[업무코멘트] 2014년_김경화_업무보고', '9', '', now())
bizstory_push: ** 20140518-162433
bizstory_push: ** 20140518-165150
bizstory_push: sender=bizstorycokr@gmail.com, comp_idx=1, part_idx=1, mem_idx=15, receiver=naryong82@nate.com, msg_type=work, message=[업무] 진흥원 전자결제관련 공문작성
bizstory_push: sql = select * from push_member where push_id = 'naryong82@nate.com' and del_yn = 'N'
bizstory_push: [naryong82@nate.com] push_device_type = A, message = Y, receipt = Y, work = Y, notice = Y, consult = 
bizstory_push: sql = insert into push_history (send_key, comp_idx, part_idx, mem_idx, receiver_id, push_device_type, push_registration_id, receiver_name, service_type, msg_type, message, state, state_comment, request_time) values ( '20140518165150545260', 1, 1, 15, 'naryong82@nate.com', 'A', 'APA91bFnDKOgvIE0VcFKm_MCcfTlL8s5RacuOJ2hIc-YLQT62KLh2qescudxh9Fn_hlo8-xsartrIiSN_txHoM2khirrNK0n2wTnHfbo1Z40iWYgMqMqwLPVpmPGDxjGRnESCwDmDRBZC0JOQsFFMBjvpkTBZv56Ag', '김나영', 'ios', 'work', '[업무] 진흥원 전자결제관련 공문작성', '9', '', now())
bizstory_push: sender=bizstorycokr@gmail.com, comp_idx=1, part_idx=1, mem_idx=561, receiver=4004jini@ubstory.net, msg_type=work, message=[업무] 진흥원 전자결제관련 공문작성
bizstory_push: sql = select * from push_member where push_id = '4004jini@ubstory.net' and del_yn = 'N'
bizstory_push: [4004jini@ubstory.net] push_device_type = A, message = Y, receipt = Y, work = Y, notice = Y, consult = 
bizstory_push: sql = insert into push_history (send_key, comp_idx, part_idx, mem_idx, receiver_id, push_device_type, push_registration_id, receiver_name, service_type, msg_type, message, state, state_comment, request_time) values ( '20140518165150736722', 1, 1, 561, '4004jini@ubstory.net', 'A', 'APA91bE5tQzTeLD61wG26VxF9v4QFcCUVtFY6BjtnZZ5mVjOVljXqiC3hAUjtToPI5aA41CMB3EH2ehudxTaAsIvRrbwKqzmpeMqsG70tRGzPJn53MBfsHF0f929NRy_54HK_lTxmqhruBGg3Fx9kASPJweCoQzH1EsKz7t_HDCOTsPAqpRXnwI', '이호진', 'ios', 'work', '[업무] 진흥원 전자결제관련 공문작성', '9', '', now())
bizstory_push: ** 20140518-203845
bizstory_push: sender=bizstorycokr@gmail.com, comp_idx=1, part_idx=1, mem_idx=528, receiver=ubman@ubstory.net, msg_type=receipt, message=[평택대학교] 게시판 테스트 보고..
bizstory_push: sql = select * from push_member where push_id = 'ubman@ubstory.net' and del_yn = 'N'
bizstory_push: [ubman@ubstory.net] push_device_type = I, message = Y, receipt = Y, work = Y, notice = Y, consult = 
bizstory_push: sql = insert into push_history (send_key, comp_idx, part_idx, mem_idx, receiver_id, push_device_type, push_registration_id, receiver_name, service_type, msg_type, message, state, state_comment, request_time) values ( '20140518203845489215', 1, 1, 528, 'ubman@ubstory.net', 'I', 'eb74a58ff4ca7312a88f871acf0e88ced22d528ed841241ce169ef11f1bedab5', '고정균', 'ios', 'receipt', '[평택대학교] 게시판 테스트 보고..', '9', '', now())
bizstory_push: ** 20140518-224124
bizstory_push: sender=bizstorycokr@gmail.com, comp_idx=1, part_idx=1, mem_idx=2, receiver=arachi76@naver.com, msg_type=work, message=[업무보고] 2014_이호진_업무보고
bizstory_push: sql = select * from push_member where push_id = 'arachi76@naver.com' and del_yn = 'N'
bizstory_push: [arachi76@naver.com] push_device_type = I, message = Y, receipt = Y, work = Y, notice = Y, consult = 
bizstory_push: sql = insert into push_history (send_key, comp_idx, part_idx, mem_idx, receiver_id, push_device_type, push_registration_id, receiver_name, service_type, msg_type, message, state, state_comment, request_time) values ( '20140518224124948255', 1, 1, 2, 'arachi76@naver.com', 'I', '4ac171c71134ac868a9ce0fc22b36a015dee461bf045a22792beff7d6246e27f', '서경원', 'ios', 'work', '[업무보고] 2014_이호진_업무보고', '9', '', now())
