bizstory_push: ** 20140610-095851
bizstory_push: sender=bizstorycokr@gmail.com, comp_idx=5, part_idx=5, mem_idx=567, receiver=netguy21c@naver.com, msg_type=receipt, message=[송정여자중학교] 교무실 칼라프린터
bizstory_push: sql = select * from push_member where push_id = 'netguy21c@naver.com' and del_yn = 'N'
bizstory_push: [netguy21c@naver.com] push_device_type = A, message = Y, receipt = Y, work = Y, notice = Y, consult = 
bizstory_push: sql = insert into push_history (send_key, comp_idx, part_idx, mem_idx, receiver_id, push_device_type, push_registration_id, receiver_name, service_type, msg_type, message, state, state_comment, request_time) values ( '20140610095851592605', 5, 5, 567, 'netguy21c@naver.com', 'A', 'APA91bHBgwnFirQmTz4KVTDvUQFqOTQyOE8SQIqJm7z63RSmSmGgE2wbXh20yUxoQ6_5ybV0TIvN6mTiK4UmGveFM-PeWJ4whZc3nyj78_633PGZyojn_wINFbvGF0hAo2fB-HaDwRVt7tMkt7PG9uxcPMjjCLN3ew', '신원재', 'ios', 'receipt', '[송정여자중학교] 교무실 칼라프린터', '9', '', now())
bizstory_push: ** 20140610-104334
bizstory_push: sender=bizstorycokr@gmail.com, comp_idx=1, part_idx=1, mem_idx=528, receiver=ubman@ubstory.net, msg_type=receipt, message=[안양창조산업진흥원] 홈페이지 수정 건
bizstory_push: sql = select * from push_member where push_id = 'ubman@ubstory.net' and del_yn = 'N'
bizstory_push: [ubman@ubstory.net] push_device_type = I, message = Y, receipt = Y, work = Y, notice = Y, consult = 
bizstory_push: sql = insert into push_history (send_key, comp_idx, part_idx, mem_idx, receiver_id, push_device_type, push_registration_id, receiver_name, service_type, msg_type, message, state, state_comment, request_time) values ( '20140610104334412951', 1, 1, 528, 'ubman@ubstory.net', 'I', 'eb74a58ff4ca7312a88f871acf0e88ced22d528ed841241ce169ef11f1bedab5', '고정균', 'ios', 'receipt', '[안양창조산업진흥원] 홈페이지 수정 건', '9', '', now())
bizstory_push: ** 20140610-104704
bizstory_push: sender=bizstorycokr@gmail.com, comp_idx=13, part_idx=17, mem_idx=563, receiver=kjw@greatworks.co.kr, msg_type=receipt, message=[창원용호고등학교] 본관1층 방송실 컴..
bizstory_push: sql = select * from push_member where push_id = 'kjw@greatworks.co.kr' and del_yn = 'N'
bizstory_push: [kjw@greatworks.co.kr] push_device_type = A, message = Y, receipt = Y, work = Y, notice = N, consult = N
bizstory_push: sql = insert into push_history (send_key, comp_idx, part_idx, mem_idx, receiver_id, push_device_type, push_registration_id, receiver_name, service_type, msg_type, message, state, state_comment, request_time) values ( '20140610104704141245', 13, 17, 563, 'kjw@greatworks.co.kr', 'A', 'APA91bFf3k7mP-nvaRVXaSJpbU8OTSoI2SVilouFmwXkFZBT4vv6ikLHk0KE6xotoPH0cJZskREyXeG7Rn_soj4a65-S1O5_fq9SuoJbkFXJ_MSU1tSlojinRstCYwpqqWl4MNIYxxDCrlMKwA0CeqeA11JXuhh8O-5C943SX_eSBaU2g9PQ66A', '김진우', 'ios', 'receipt', '[창원용호고등학교] 본관1층 방송실 컴..', '9', '', now())
bizstory_push: ** 20140610-105957
bizstory_push: sender=bizstorycokr@gmail.com, comp_idx=1, part_idx=1, mem_idx=528, receiver=ubman@ubstory.net, msg_type=receipt, message=[평택대학교] 5월 26일 테스트..
bizstory_push: sql = select * from push_member where push_id = 'ubman@ubstory.net' and del_yn = 'N'
bizstory_push: [ubman@ubstory.net] push_device_type = I, message = Y, receipt = Y, work = Y, notice = Y, consult = 
bizstory_push: sql = insert into push_history (send_key, comp_idx, part_idx, mem_idx, receiver_id, push_device_type, push_registration_id, receiver_name, service_type, msg_type, message, state, state_comment, request_time) values ( '20140610105957474950', 1, 1, 528, 'ubman@ubstory.net', 'I', 'eb74a58ff4ca7312a88f871acf0e88ced22d528ed841241ce169ef11f1bedab5', '고정균', 'ios', 'receipt', '[평택대학교] 5월 26일 테스트..', '9', '', now())
bizstory_push: ** 20140610-113412
bizstory_push: sender=bizstorycokr@gmail.com, comp_idx=1, part_idx=1, mem_idx=528, receiver=ubman@ubstory.net, msg_type=receipt, message=[안양창조산업진흥원] 홈페이지 수정 건
bizstory_push: sql = select * from push_member where push_id = 'ubman@ubstory.net' and del_yn = 'N'
bizstory_push: [ubman@ubstory.net] push_device_type = I, message = Y, receipt = Y, work = Y, notice = Y, consult = 
bizstory_push: sql = insert into push_history (send_key, comp_idx, part_idx, mem_idx, receiver_id, push_device_type, push_registration_id, receiver_name, service_type, msg_type, message, state, state_comment, request_time) values ( '20140610113412247799', 1, 1, 528, 'ubman@ubstory.net', 'I', 'eb74a58ff4ca7312a88f871acf0e88ced22d528ed841241ce169ef11f1bedab5', '고정균', 'ios', 'receipt', '[안양창조산업진흥원] 홈페이지 수정 건', '9', '', now())
bizstory_push: ** 20140610-130716
bizstory_push: sender=bizstorycokr@gmail.com, comp_idx=1, part_idx=1, mem_idx=528, receiver=ubman@ubstory.net, msg_type=receipt, message=[평택대학교] 이전 다음글 순서
bizstory_push: sql = select * from push_member where push_id = 'ubman@ubstory.net' and del_yn = 'N'
bizstory_push: [ubman@ubstory.net] push_device_type = I, message = Y, receipt = Y, work = Y, notice = Y, consult = 
bizstory_push: sql = insert into push_history (send_key, comp_idx, part_idx, mem_idx, receiver_id, push_device_type, push_registration_id, receiver_name, service_type, msg_type, message, state, state_comment, request_time) values ( '20140610130716803149', 1, 1, 528, 'ubman@ubstory.net', 'I', 'eb74a58ff4ca7312a88f871acf0e88ced22d528ed841241ce169ef11f1bedab5', '고정균', 'ios', 'receipt', '[평택대학교] 이전 다음글 순서', '9', '', now())
bizstory_push: ** 20140610-131233
bizstory_push: sender=bizstorycokr@gmail.com, comp_idx=1, part_idx=1, mem_idx=528, receiver=ubman@ubstory.net, msg_type=receipt, message=[평택대학교] 이미지 대체텍스트,..
bizstory_push: sql = select * from push_member where push_id = 'ubman@ubstory.net' and del_yn = 'N'
bizstory_push: [ubman@ubstory.net] push_device_type = I, message = Y, receipt = Y, work = Y, notice = Y, consult = 
bizstory_push: sql = insert into push_history (send_key, comp_idx, part_idx, mem_idx, receiver_id, push_device_type, push_registration_id, receiver_name, service_type, msg_type, message, state, state_comment, request_time) values ( '20140610131233686063', 1, 1, 528, 'ubman@ubstory.net', 'I', 'eb74a58ff4ca7312a88f871acf0e88ced22d528ed841241ce169ef11f1bedab5', '고정균', 'ios', 'receipt', '[평택대학교] 이미지 대체텍스트,..', '9', '', now())
