bizstory_push: ** 20140217-050953
bizstory_push: sender=bizstorycokr@gmail.com, comp_idx=1, part_idx=1, mem_idx=2, receiver=arachi76@naver.com, msg_type=work, message=[업무코멘트] 전주비전대학교 본교사이트
bizstory_push: sql = select * from push_member where push_id = 'arachi76@naver.com' and del_yn = 'N'
bizstory_push: [arachi76@naver.com] push_device_type = I, message = Y, receipt = Y, work = Y, notice = Y, consult = 
bizstory_push: sql = insert into push_history (send_key, comp_idx, part_idx, mem_idx, receiver_id, push_device_type, push_registration_id, receiver_name, service_type, msg_type, message, state, state_comment, request_time) values ( '20140217050953769338', 1, 1, 2, 'arachi76@naver.com', 'I', '4ac171c71134ac868a9ce0fc22b36a015dee461bf045a22792beff7d6246e27f', '서경원', 'ios', 'work', '[업무코멘트] 전주비전대학교 본교사이트', '9', '', now())
bizstory_push: sender=bizstorycokr@gmail.com, comp_idx=1, part_idx=1, mem_idx=7, receiver=yukki76@nate.com, msg_type=work, message=[업무코멘트] 전주비전대학교 본교사이트
bizstory_push: sql = select * from push_member where push_id = 'yukki76@nate.com' and del_yn = 'N'
bizstory_push: [yukki76@nate.com] push_device_type = I, message = Y, receipt = Y, work = Y, notice = Y, consult = N
bizstory_push: sql = insert into push_history (send_key, comp_idx, part_idx, mem_idx, receiver_id, push_device_type, push_registration_id, receiver_name, service_type, msg_type, message, state, state_comment, request_time) values ( '20140217050953396190', 1, 1, 7, 'yukki76@nate.com', 'I', 'f7baf1ed812b2a6ce562a2c25b778dfc4eccf5eb9ec205eacecc533f2144c6b7', '김경화', 'ios', 'work', '[업무코멘트] 전주비전대학교 본교사이트', '9', '', now())
bizstory_push: sender=bizstorycokr@gmail.com, comp_idx=1, part_idx=1, mem_idx=529, receiver=berbucks@nate.com, msg_type=work, message=[업무코멘트] 전주비전대학교 본교사이트
bizstory_push: sql = select * from push_member where push_id = 'berbucks@nate.com' and del_yn = 'N'
bizstory_push: [berbucks@nate.com] push_device_type = I, message = Y, receipt = Y, work = Y, notice = Y, consult = 
bizstory_push: sql = insert into push_history (send_key, comp_idx, part_idx, mem_idx, receiver_id, push_device_type, push_registration_id, receiver_name, service_type, msg_type, message, state, state_comment, request_time) values ( '20140217050953651820', 1, 1, 529, 'berbucks@nate.com', 'I', '1efced7c9fbbd2e0cf09aea0abd1eefd00f7e97437531354b77529a62902ae49', '김진오', 'ios', 'work', '[업무코멘트] 전주비전대학교 본교사이트', '9', '', now())
bizstory_push: sender=bizstorycokr@gmail.com, comp_idx=0, part_idx=0, mem_idx=0, receiver=, msg_type=work, message=[업무코멘트] 전주비전대학교 본교사이트
bizstory_push: sql = select * from push_member where push_id = '' and del_yn = 'N'
bizstory_push: 등록되지 않은 사용자
bizstory_push: sql = insert into push_history (send_key, comp_idx, part_idx, mem_idx, receiver_id, receiver_name, service_type, msg_type, message, state, state_comment, request_time) values ( '20140217050953717904', 0, 0, 0, '', '', 'ios', 'work', '[업무코멘트] 전주비전대학교 본교사이트', '0', '등록되지 않은 사용자', now())
bizstory_push: ** 20140217-075308
bizstory_push: sender=bizstorycokr@gmail.com, comp_idx=67, part_idx=145, mem_idx=474, receiver=drfac@nate.com, msg_type=receipt, message=[접수] [자운고등학교] 포맷 꼭 부탁드립니...
bizstory_push: sql = select * from push_member where push_id = 'drfac@nate.com' and del_yn = 'N'
bizstory_push: [drfac@nate.com] push_device_type = A, message = Y, receipt = Y, work = Y, notice = Y, consult = 
bizstory_push: sql = insert into push_history (send_key, comp_idx, part_idx, mem_idx, receiver_id, push_device_type, push_registration_id, receiver_name, service_type, msg_type, message, state, state_comment, request_time) values ( '20140217075308123273', 67, 145, 474, 'drfac@nate.com', 'A', 'APA91bHUnNVLjWW6nVmZgs9w6dYFrNoubZwbGGe7vH9XBItk006nYH30BhGj4o7zV-NUHFa31Ft5ubFUyWxCSLKYlhSNK1iZQepBBwZO9NhTdgpoKhsXIT1s760ACcZJwB-9T1POJVMfQ5Q4ZrHimagg0-2iG7V1tDSE2OKaci0w4h0RLH7SGiE', '황성준', 'ios', 'receipt', '[접수] [자운고등학교] 포맷 꼭 부탁드립니...', '9', '', now())
bizstory_push: ** 20140217-075308
bizstory_push: ** 20140217-082941
bizstory_push: sender=bizstorycokr@gmail.com, comp_idx=13, part_idx=17, mem_idx=517, receiver=ksh6969@greatworks.co.kr, msg_type=receipt, message=[접수] [창원여자고등학교] 정유미 주사님 컴..
bizstory_push: sql = select * from push_member where push_id = 'ksh6969@greatworks.co.kr' and del_yn = 'N'
bizstory_push: [ksh6969@greatworks.co.kr] push_device_type = I, message = Y, receipt = Y, work = Y, notice = Y, consult = 
bizstory_push: sql = insert into push_history (send_key, comp_idx, part_idx, mem_idx, receiver_id, push_device_type, push_registration_id, receiver_name, service_type, msg_type, message, state, state_comment, request_time) values ( '20140217082941512389', 13, 17, 517, 'ksh6969@greatworks.co.kr', 'I', '3db048dddedc374b54a6787d117b2f1728bbe535a5c06b37c24fd8ee186cb6a8', '강신호', 'ios', 'receipt', '[접수] [창원여자고등학교] 정유미 주사님 컴..', '9', '', now())
bizstory_push: ** 20140217-082941
bizstory_push: ** 20140217-082956
bizstory_push: sender=bizstorycokr@gmail.com, comp_idx=4, part_idx=4, mem_idx=22, receiver=651038@naver.com, msg_type=receipt, message=[접수] [호매실중학교] 노트북이 사용하다가...
bizstory_push: sql = select * from push_member where push_id = '651038@naver.com' and del_yn = 'N'
bizstory_push: [651038@naver.com] push_device_type = A, message = Y, receipt = Y, work = Y, notice = Y, consult = 
bizstory_push: sql = insert into push_history (send_key, comp_idx, part_idx, mem_idx, receiver_id, push_device_type, push_registration_id, receiver_name, service_type, msg_type, message, state, state_comment, request_time) values ( '20140217082956947742', 4, 4, 22, '651038@naver.com', 'A', 'APA91bGWO7CvuxcsLMDvy_NevlbFxy3MQNypcDoVnuY_bNFGx-mBRsgpcF6g2_fRfkEv0Jm3X9vTO_JEEoNnw6Hn03xiF1WZSc9Bt1iYd0fPP0_ic0NhULq0DNPqtjFI6dxY9NWb8KM8tXOfDDDwR4hUK4ENayJBEQ', '이원익', 'ios', 'receipt', '[접수] [호매실중학교] 노트북이 사용하다가...', '9', '', now())
bizstory_push: ** 20140217-082956
bizstory_push: ** 20140217-083053
bizstory_push: sender=bizstorycokr@gmail.com, comp_idx=13, part_idx=17, mem_idx=517, receiver=ksh6969@greatworks.co.kr, msg_type=receipt, message=[접수] [창원여자고등학교] 교무실토너신청입니..
bizstory_push: sql = select * from push_member where push_id = 'ksh6969@greatworks.co.kr' and del_yn = 'N'
bizstory_push: [ksh6969@greatworks.co.kr] push_device_type = I, message = Y, receipt = Y, work = Y, notice = Y, consult = 
bizstory_push: sql = insert into push_history (send_key, comp_idx, part_idx, mem_idx, receiver_id, push_device_type, push_registration_id, receiver_name, service_type, msg_type, message, state, state_comment, request_time) values ( '20140217083053938844', 13, 17, 517, 'ksh6969@greatworks.co.kr', 'I', '3db048dddedc374b54a6787d117b2f1728bbe535a5c06b37c24fd8ee186cb6a8', '강신호', 'ios', 'receipt', '[접수] [창원여자고등학교] 교무실토너신청입니..', '9', '', now())
bizstory_push: ** 20140217-083053
bizstory_push: ** 20140217-084617
bizstory_push: sender=bizstorycokr@gmail.com, comp_idx=5, part_idx=5, mem_idx=60, receiver=cndgh0506@naver.com, msg_type=receipt, message=[접수] [형남초등학교] 업무관리 결재가 안...
bizstory_push: sql = select * from push_member where push_id = 'cndgh0506@naver.com' and del_yn = 'N'
bizstory_push: [cndgh0506@naver.com] push_device_type = I, message = Y, receipt = Y, work = Y, notice = Y, consult = 
bizstory_push: sql = insert into push_history (send_key, comp_idx, part_idx, mem_idx, receiver_id, push_device_type, push_registration_id, receiver_name, service_type, msg_type, message, state, state_comment, request_time) values ( '20140217084617428538', 5, 5, 60, 'cndgh0506@naver.com', 'I', 'dc9650c20972f1bcfb7cbf6b4899d2e78469e202a6b548da1214a572294dcb1c', '박충호', 'ios', 'receipt', '[접수] [형남초등학교] 업무관리 결재가 안...', '9', '', now())
bizstory_push: ** 20140217-084617
bizstory_push: ** 20140217-085026
bizstory_push: sender=bizstorycokr@gmail.com, comp_idx=8, part_idx=9, mem_idx=46, receiver=kss@gunsol.com, msg_type=work, message=[업무] [주간업무일지]2월17일~21일
bizstory_push: sql = select * from push_member where push_id = 'kss@gunsol.com' and del_yn = 'N'
bizstory_push: 등록되지 않은 사용자
bizstory_push: sql = insert into push_history (send_key, comp_idx, part_idx, mem_idx, receiver_id, receiver_name, service_type, msg_type, message, state, state_comment, request_time) values ( '20140217085026299170', 8, 9, 46, 'kss@gunsol.com', '', 'ios', 'work', '[업무] [주간업무일지]2월17일~21일', '0', '등록되지 않은 사용자', now())
bizstory_push: ** 20140217-085058
bizstory_push: sender=bizstorycokr@gmail.com, comp_idx=13, part_idx=17, mem_idx=452, receiver=holybell1@naver.com, msg_type=receipt, message=[접수] [반송중학교] 도서실 인터넷 및 ..
bizstory_push: sql = select * from push_member where push_id = 'holybell1@naver.com' and del_yn = 'N'
bizstory_push: [holybell1@naver.com] push_device_type = A, message = Y, receipt = Y, work = Y, notice = Y, consult = 
bizstory_push: sql = insert into push_history (send_key, comp_idx, part_idx, mem_idx, receiver_id, push_device_type, push_registration_id, receiver_name, service_type, msg_type, message, state, state_comment, request_time) values ( '20140217085058689608', 13, 17, 452, 'holybell1@naver.com', 'A', 'APA91bHzHSAoI1J36FX_EO9yoxfMFDwH730EKdyAqMAKj2b6cZejgXhprzShMYU_7Lf3IapzC6go_ZMxKIpGAHB7I24ehNd0BzpxWF0TzPkmxBvXbr-G1ZsdDTBITprFDgpeArj1oaxlMF9aO7rx0IoNSTq7kUTgZQ', '박지훈', 'ios', 'receipt', '[접수] [반송중학교] 도서실 인터넷 및 ..', '9', '', now())
bizstory_push: ** 20140217-085058
bizstory_push: ** 20140217-085143
bizstory_push: sender=bizstorycokr@gmail.com, comp_idx=13, part_idx=17, mem_idx=452, receiver=holybell1@naver.com, msg_type=receipt, message=[반송중학교] 도서실 인터넷 및 ..
bizstory_push: sql = select * from push_member where push_id = 'holybell1@naver.com' and del_yn = 'N'
bizstory_push: [holybell1@naver.com] push_device_type = A, message = Y, receipt = Y, work = Y, notice = Y, consult = 
bizstory_push: sql = insert into push_history (send_key, comp_idx, part_idx, mem_idx, receiver_id, push_device_type, push_registration_id, receiver_name, service_type, msg_type, message, state, state_comment, request_time) values ( '20140217085143128435', 13, 17, 452, 'holybell1@naver.com', 'A', 'APA91bHzHSAoI1J36FX_EO9yoxfMFDwH730EKdyAqMAKj2b6cZejgXhprzShMYU_7Lf3IapzC6go_ZMxKIpGAHB7I24ehNd0BzpxWF0TzPkmxBvXbr-G1ZsdDTBITprFDgpeArj1oaxlMF9aO7rx0IoNSTq7kUTgZQ', '박지훈', 'ios', 'receipt', '[반송중학교] 도서실 인터넷 및 ..', '9', '', now())
bizstory_push: ** 20140217-085325
bizstory_push: sender=bizstorycokr@gmail.com, comp_idx=7, part_idx=8, mem_idx=36, receiver=neoggt@naver.com, msg_type=receipt, message=[접수] [안양외고] 컴퓨터실PC 야토선..
bizstory_push: sql = select * from push_member where push_id = 'neoggt@naver.com' and del_yn = 'N'
bizstory_push: [neoggt@naver.com] push_device_type = A, message = Y, receipt = Y, work = Y, notice = Y, consult = 
bizstory_push: sql = insert into push_history (send_key, comp_idx, part_idx, mem_idx, receiver_id, push_device_type, push_registration_id, receiver_name, service_type, msg_type, message, state, state_comment, request_time) values ( '20140217085325351466', 7, 8, 36, 'neoggt@naver.com', 'A', 'APA91bEq6XuBBVBtmK1bxKQ12i2ZC6hUnNgFTeUUl-AYxZbXSytM5udM2EbZAuPTS0k66ulwDg_BHvFRAQIhDacrlkkTqbyNI6SMPGafKbkl4_eECwo1jExBadVR2rXER0bMKVXwNdgIJ8Ov8kwLL3Pjg5PhLAPmf4s7DCHNek7CQ4vmiGuJVAo', '고광태', 'ios', 'receipt', '[접수] [안양외고] 컴퓨터실PC 야토선..', '9', '', now())
bizstory_push: ** 20140217-085325
bizstory_push: ** 20140217-085439
bizstory_push: sender=bizstorycokr@gmail.com, comp_idx=7, part_idx=8, mem_idx=36, receiver=neoggt@naver.com, msg_type=receipt, message=[접수] [안양외고] 길정애선생님 노트북
bizstory_push: sql = select * from push_member where push_id = 'neoggt@naver.com' and del_yn = 'N'
bizstory_push: [neoggt@naver.com] push_device_type = A, message = Y, receipt = Y, work = Y, notice = Y, consult = 
bizstory_push: sql = insert into push_history (send_key, comp_idx, part_idx, mem_idx, receiver_id, push_device_type, push_registration_id, receiver_name, service_type, msg_type, message, state, state_comment, request_time) values ( '20140217085439222840', 7, 8, 36, 'neoggt@naver.com', 'A', 'APA91bEq6XuBBVBtmK1bxKQ12i2ZC6hUnNgFTeUUl-AYxZbXSytM5udM2EbZAuPTS0k66ulwDg_BHvFRAQIhDacrlkkTqbyNI6SMPGafKbkl4_eECwo1jExBadVR2rXER0bMKVXwNdgIJ8Ov8kwLL3Pjg5PhLAPmf4s7DCHNek7CQ4vmiGuJVAo', '고광태', 'ios', 'receipt', '[접수] [안양외고] 길정애선생님 노트북', '9', '', now())
bizstory_push: ** 20140217-085439
bizstory_push: ** 20140217-090018
bizstory_push: sender=bizstorycokr@gmail.com, comp_idx=36, part_idx=50, mem_idx=245, receiver=yangkie76@hanmail.net, msg_type=receipt, message=[접수] [한가람초등학교] 컴퓨터 멈춤
bizstory_push: sql = select * from push_member where push_id = 'yangkie76@hanmail.net' and del_yn = 'N'
bizstory_push: [yangkie76@hanmail.net] push_device_type = A, message = Y, receipt = Y, work = Y, notice = Y, consult = 
bizstory_push: sql = insert into push_history (send_key, comp_idx, part_idx, mem_idx, receiver_id, push_device_type, push_registration_id, receiver_name, service_type, msg_type, message, state, state_comment, request_time) values ( '20140217090018527354', 36, 50, 245, 'yangkie76@hanmail.net', 'A', 'APA91bE3QxOxLwjQLj6e6hG0mqSYz4QZfDMLdyAeBsAuRY5d_9dR7bNwvS8BJPsDwdL8zeN-3FRu0P8EyqdQgBemPWwn-4dA6POVLSUjJwqygAyWud7Zgw196vFPUuP0P5o58YzDJYtkr-HbkaK37fExzP2DJ7Nd2O5dl7pX3x711atrQoXSDho', '양태명', 'ios', 'receipt', '[접수] [한가람초등학교] 컴퓨터 멈춤', '9', '', now())
bizstory_push: ** 20140217-090018
bizstory_push: ** 20140217-090115
bizstory_push: sender=bizstorycokr@gmail.com, comp_idx=36, part_idx=50, mem_idx=245, receiver=yangkie76@hanmail.net, msg_type=receipt, message=[접수] [한가람초등학교] 컴퓨터실 점검
bizstory_push: sql = select * from push_member where push_id = 'yangkie76@hanmail.net' and del_yn = 'N'
bizstory_push: [yangkie76@hanmail.net] push_device_type = A, message = Y, receipt = Y, work = Y, notice = Y, consult = 
bizstory_push: sql = insert into push_history (send_key, comp_idx, part_idx, mem_idx, receiver_id, push_device_type, push_registration_id, receiver_name, service_type, msg_type, message, state, state_comment, request_time) values ( '20140217090115259893', 36, 50, 245, 'yangkie76@hanmail.net', 'A', 'APA91bE3QxOxLwjQLj6e6hG0mqSYz4QZfDMLdyAeBsAuRY5d_9dR7bNwvS8BJPsDwdL8zeN-3FRu0P8EyqdQgBemPWwn-4dA6POVLSUjJwqygAyWud7Zgw196vFPUuP0P5o58YzDJYtkr-HbkaK37fExzP2DJ7Nd2O5dl7pX3x711atrQoXSDho', '양태명', 'ios', 'receipt', '[접수] [한가람초등학교] 컴퓨터실 점검', '9', '', now())
bizstory_push: ** 20140217-090115
bizstory_push: ** 20140217-091640
bizstory_push: sender=bizstorycokr@gmail.com, comp_idx=5, part_idx=5, mem_idx=60, receiver=cndgh0506@naver.com, msg_type=receipt, message=[사곡초등학교] 교무실 연구 pc
bizstory_push: sql = select * from push_member where push_id = 'cndgh0506@naver.com' and del_yn = 'N'
bizstory_push: [cndgh0506@naver.com] push_device_type = I, message = Y, receipt = Y, work = Y, notice = Y, consult = 
bizstory_push: sql = insert into push_history (send_key, comp_idx, part_idx, mem_idx, receiver_id, push_device_type, push_registration_id, receiver_name, service_type, msg_type, message, state, state_comment, request_time) values ( '20140217091640749867', 5, 5, 60, 'cndgh0506@naver.com', 'I', 'dc9650c20972f1bcfb7cbf6b4899d2e78469e202a6b548da1214a572294dcb1c', '박충호', 'ios', 'receipt', '[사곡초등학교] 교무실 연구 pc', '9', '', now())
bizstory_push: ** 20140217-091645
bizstory_push: sender=bizstorycokr@gmail.com, comp_idx=5, part_idx=5, mem_idx=60, receiver=cndgh0506@naver.com, msg_type=receipt, message=[형남초등학교] 프린터 고장
bizstory_push: sql = select * from push_member where push_id = 'cndgh0506@naver.com' and del_yn = 'N'
bizstory_push: [cndgh0506@naver.com] push_device_type = I, message = Y, receipt = Y, work = Y, notice = Y, consult = 
bizstory_push: sql = insert into push_history (send_key, comp_idx, part_idx, mem_idx, receiver_id, push_device_type, push_registration_id, receiver_name, service_type, msg_type, message, state, state_comment, request_time) values ( '20140217091645553918', 5, 5, 60, 'cndgh0506@naver.com', 'I', 'dc9650c20972f1bcfb7cbf6b4899d2e78469e202a6b548da1214a572294dcb1c', '박충호', 'ios', 'receipt', '[형남초등학교] 프린터 고장', '9', '', now())
bizstory_push: ** 20140217-091650
bizstory_push: sender=bizstorycokr@gmail.com, comp_idx=5, part_idx=5, mem_idx=45, receiver=west4185@naver.com, msg_type=receipt, message=[선주고등학교] 사운드잭 교체 요청
bizstory_push: sql = select * from push_member where push_id = 'west4185@naver.com' and del_yn = 'N'
bizstory_push: [west4185@naver.com] push_device_type = I, message = Y, receipt = Y, work = Y, notice = Y, consult = 
bizstory_push: sql = insert into push_history (send_key, comp_idx, part_idx, mem_idx, receiver_id, push_device_type, push_registration_id, receiver_name, service_type, msg_type, message, state, state_comment, request_time) values ( '20140217091650553139', 5, 5, 45, 'west4185@naver.com', 'I', '8d65554edcef8491652d4630dc25c90fa30263d3fb105b40c687829cedb7548a', '이재응', 'ios', 'receipt', '[선주고등학교] 사운드잭 교체 요청', '9', '', now())
bizstory_push: [west4185@naver.com] push_device_type = I, message = Y, receipt = Y, work = Y, notice = Y, consult = 
bizstory_push: sql = insert into push_history (send_key, comp_idx, part_idx, mem_idx, receiver_id, push_device_type, push_registration_id, receiver_name, service_type, msg_type, message, state, state_comment, request_time) values ( '20140217091650629920', 5, 5, 45, 'west4185@naver.com', 'I', '8d65554edcef8491652d4630dc25c90fa30263d3fb105b40c687829cedb7548a', '이재응', 'ios', 'receipt', '[선주고등학교] 사운드잭 교체 요청', '9', '', now())
bizstory_push: [west4185@naver.com] push_device_type = I, message = Y, receipt = Y, work = Y, notice = Y, consult = 
bizstory_push: sql = insert into push_history (send_key, comp_idx, part_idx, mem_idx, receiver_id, push_device_type, push_registration_id, receiver_name, service_type, msg_type, message, state, state_comment, request_time) values ( '20140217091650367225', 5, 5, 45, 'west4185@naver.com', 'I', '8d65554edcef8491652d4630dc25c90fa30263d3fb105b40c687829cedb7548a', '이재응', 'ios', 'receipt', '[선주고등학교] 사운드잭 교체 요청', '9', '', now())
bizstory_push: ** 20140217-091655
bizstory_push: sender=bizstorycokr@gmail.com, comp_idx=5, part_idx=5, mem_idx=60, receiver=cndgh0506@naver.com, msg_type=receipt, message=[형남초등학교] 업무관리 결재가 안..
bizstory_push: sql = select * from push_member where push_id = 'cndgh0506@naver.com' and del_yn = 'N'
bizstory_push: [cndgh0506@naver.com] push_device_type = I, message = Y, receipt = Y, work = Y, notice = Y, consult = 
bizstory_push: sql = insert into push_history (send_key, comp_idx, part_idx, mem_idx, receiver_id, push_device_type, push_registration_id, receiver_name, service_type, msg_type, message, state, state_comment, request_time) values ( '20140217091655266934', 5, 5, 60, 'cndgh0506@naver.com', 'I', 'dc9650c20972f1bcfb7cbf6b4899d2e78469e202a6b548da1214a572294dcb1c', '박충호', 'ios', 'receipt', '[형남초등학교] 업무관리 결재가 안..', '9', '', now())
bizstory_push: ** 20140217-092020
bizstory_push: sender=bizstorycokr@gmail.com, comp_idx=13, part_idx=17, mem_idx=517, receiver=ksh6969@greatworks.co.kr, msg_type=receipt, message=[접수] [팔룡중학교] 컴 이동설치
bizstory_push: sql = select * from push_member where push_id = 'ksh6969@greatworks.co.kr' and del_yn = 'N'
bizstory_push: [ksh6969@greatworks.co.kr] push_device_type = I, message = Y, receipt = Y, work = Y, notice = Y, consult = 
bizstory_push: sql = insert into push_history (send_key, comp_idx, part_idx, mem_idx, receiver_id, push_device_type, push_registration_id, receiver_name, service_type, msg_type, message, state, state_comment, request_time) values ( '20140217092020331126', 13, 17, 517, 'ksh6969@greatworks.co.kr', 'I', '3db048dddedc374b54a6787d117b2f1728bbe535a5c06b37c24fd8ee186cb6a8', '강신호', 'ios', 'receipt', '[접수] [팔룡중학교] 컴 이동설치', '9', '', now())
bizstory_push: ** 20140217-092020
bizstory_push: ** 20140217-092609
bizstory_push: sender=bizstorycokr@gmail.com, comp_idx=32, part_idx=39, mem_idx=179, receiver=sjh850405@miraensys.com, msg_type=receipt, message=[접수] [백양중학교] 1-7 tv 전원 ..
bizstory_push: sql = select * from push_member where push_id = 'sjh850405@miraensys.com' and del_yn = 'N'
bizstory_push: [sjh850405@miraensys.com] push_device_type = A, message = Y, receipt = Y, work = Y, notice = Y, consult = Y
bizstory_push: sql = insert into push_history (send_key, comp_idx, part_idx, mem_idx, receiver_id, push_device_type, push_registration_id, receiver_name, service_type, msg_type, message, state, state_comment, request_time) values ( '20140217092609154557', 32, 39, 179, 'sjh850405@miraensys.com', 'A', 'APA91bHfLfUXpk18QVqyiZaWQrtTNFPZSLXvotgb6D8G3mxL-93XDhZUPBGOjbJApJZE4Lxc-GxguMSLh8IQqWS_62JJIyP5r7B_sudfK72zxUqeLVJg-CDY1b1ex5SvHPgVzftTWaA24r4gVpzl4lNX_DKoVktcZw', '송진호', 'ios', 'receipt', '[접수] [백양중학교] 1-7 tv 전원 ..', '9', '', now())
bizstory_push: ** 20140217-092609
bizstory_push: ** 20140217-092817
bizstory_push: sender=bizstorycokr@gmail.com, comp_idx=32, part_idx=39, mem_idx=177, receiver=chanikr@miraensys.com, msg_type=receipt, message=[접수] [하늘초등학교] 업무포털 문서 유통...
bizstory_push: sql = select * from push_member where push_id = 'chanikr@miraensys.com' and del_yn = 'N'
bizstory_push: [chanikr@miraensys.com] push_device_type = A, message = Y, receipt = Y, work = Y, notice = Y, consult = 
bizstory_push: sql = insert into push_history (send_key, comp_idx, part_idx, mem_idx, receiver_id, push_device_type, push_registration_id, receiver_name, service_type, msg_type, message, state, state_comment, request_time) values ( '20140217092817524731', 32, 39, 177, 'chanikr@miraensys.com', 'A', 'APA91bFw7GJKTnrluJ6DHF5OzkahXu1mLYvW7CNxn_pNV6g0RxoepuzuJXmMdfsX6uZVzSj_nO9Lm5iR4CdA1wQx3kHq3yjiZ0SLtSsWZhD0qFMI23jQ8nC8H8QzMYidBUcjWiZZWUrSjbjDm1Q2cf8SSooNdGNILA', '임경찬', 'ios', 'receipt', '[접수] [하늘초등학교] 업무포털 문서 유통...', '9', '', now())
bizstory_push: ** 20140217-092817
bizstory_push: ** 20140217-093104
bizstory_push: sender=bizstorycokr@gmail.com, comp_idx=13, part_idx=17, mem_idx=498, receiver=iorrg@greatworks.co.kr, msg_type=receipt, message=[접수] [창원공업고등학교] as접수
bizstory_push: sql = select * from push_member where push_id = 'iorrg@greatworks.co.kr' and del_yn = 'N'
bizstory_push: [iorrg@greatworks.co.kr] push_device_type = A, message = Y, receipt = Y, work = Y, notice = Y, consult = 
bizstory_push: sql = insert into push_history (send_key, comp_idx, part_idx, mem_idx, receiver_id, push_device_type, push_registration_id, receiver_name, service_type, msg_type, message, state, state_comment, request_time) values ( '20140217093104205221', 13, 17, 498, 'iorrg@greatworks.co.kr', 'A', 'APA91bEGGfOHXxk9IcTEf1sqMGLuG2fHpZH8pOYX9tQ6EApxlj_rQnpKsskjfvjjYnAHOOwzhzz-wk-w9idJjMgWjk5EZ0xkefIAAQoEso38CbsRyGRw14l5cZJBKGY11YGOOek2HZPeEeEubVOgVi--etD5KnCxcQ', '권순용', 'ios', 'receipt', '[접수] [창원공업고등학교] as접수', '9', '', now())
bizstory_push: ** 20140217-093104
bizstory_push: ** 20140217-094526
bizstory_push: sender=bizstorycokr@gmail.com, comp_idx=13, part_idx=17, mem_idx=498, receiver=iorrg@greatworks.co.kr, msg_type=receipt, message=[접수] [창원공업고등학교] as접수
bizstory_push: sql = select * from push_member where push_id = 'iorrg@greatworks.co.kr' and del_yn = 'N'
bizstory_push: [iorrg@greatworks.co.kr] push_device_type = A, message = Y, receipt = Y, work = Y, notice = Y, consult = 
bizstory_push: sql = insert into push_history (send_key, comp_idx, part_idx, mem_idx, receiver_id, push_device_type, push_registration_id, receiver_name, service_type, msg_type, message, state, state_comment, request_time) values ( '20140217094526271280', 13, 17, 498, 'iorrg@greatworks.co.kr', 'A', 'APA91bEGGfOHXxk9IcTEf1sqMGLuG2fHpZH8pOYX9tQ6EApxlj_rQnpKsskjfvjjYnAHOOwzhzz-wk-w9idJjMgWjk5EZ0xkefIAAQoEso38CbsRyGRw14l5cZJBKGY11YGOOek2HZPeEeEubVOgVi--etD5KnCxcQ', '권순용', 'ios', 'receipt', '[접수] [창원공업고등학교] as접수', '9', '', now())
bizstory_push: ** 20140217-094526
bizstory_push: ** 20140217-095023
bizstory_push: sender=bizstorycokr@gmail.com, comp_idx=13, part_idx=17, mem_idx=517, receiver=ksh6969@greatworks.co.kr, msg_type=receipt, message=[접수] [창원여자고등학교] 특별실 마이크 점..
bizstory_push: sql = select * from push_member where push_id = 'ksh6969@greatworks.co.kr' and del_yn = 'N'
bizstory_push: [ksh6969@greatworks.co.kr] push_device_type = I, message = Y, receipt = Y, work = Y, notice = Y, consult = 
bizstory_push: sql = insert into push_history (send_key, comp_idx, part_idx, mem_idx, receiver_id, push_device_type, push_registration_id, receiver_name, service_type, msg_type, message, state, state_comment, request_time) values ( '20140217095023316173', 13, 17, 517, 'ksh6969@greatworks.co.kr', 'I', '3db048dddedc374b54a6787d117b2f1728bbe535a5c06b37c24fd8ee186cb6a8', '강신호', 'ios', 'receipt', '[접수] [창원여자고등학교] 특별실 마이크 점..', '9', '', now())
bizstory_push: ** 20140217-095023
bizstory_push: ** 20140217-095155
bizstory_push: sender=bizstorycokr@gmail.com, comp_idx=13, part_idx=17, mem_idx=517, receiver=ksh6969@greatworks.co.kr, msg_type=receipt, message=[접수] [팔룡중학교] 교내 엔스크린 정비..
bizstory_push: sql = select * from push_member where push_id = 'ksh6969@greatworks.co.kr' and del_yn = 'N'
bizstory_push: [ksh6969@greatworks.co.kr] push_device_type = I, message = Y, receipt = Y, work = Y, notice = Y, consult = 
bizstory_push: sql = insert into push_history (send_key, comp_idx, part_idx, mem_idx, receiver_id, push_device_type, push_registration_id, receiver_name, service_type, msg_type, message, state, state_comment, request_time) values ( '20140217095155587154', 13, 17, 517, 'ksh6969@greatworks.co.kr', 'I', '3db048dddedc374b54a6787d117b2f1728bbe535a5c06b37c24fd8ee186cb6a8', '강신호', 'ios', 'receipt', '[접수] [팔룡중학교] 교내 엔스크린 정비..', '9', '', now())
bizstory_push: ** 20140217-095155
bizstory_push: ** 20140217-100545
bizstory_push: sender=bizstorycokr@gmail.com, comp_idx=8, part_idx=9, mem_idx=46, receiver=kss@gunsol.com, msg_type=work, message=[업무] 주갖업무일지입니다.
bizstory_push: sql = select * from push_member where push_id = 'kss@gunsol.com' and del_yn = 'N'
bizstory_push: 등록되지 않은 사용자
bizstory_push: sql = insert into push_history (send_key, comp_idx, part_idx, mem_idx, receiver_id, receiver_name, service_type, msg_type, message, state, state_comment, request_time) values ( '20140217100545958044', 8, 9, 46, 'kss@gunsol.com', '', 'ios', 'work', '[업무] 주갖업무일지입니다.', '0', '등록되지 않은 사용자', now())
bizstory_push: sender=bizstorycokr@gmail.com, comp_idx=8, part_idx=9, mem_idx=50, receiver=yiw@gunsol.com, msg_type=work, message=[업무] 주갖업무일지입니다.
bizstory_push: sql = select * from push_member where push_id = 'yiw@gunsol.com' and del_yn = 'N'
bizstory_push: 등록되지 않은 사용자
bizstory_push: sql = insert into push_history (send_key, comp_idx, part_idx, mem_idx, receiver_id, receiver_name, service_type, msg_type, message, state, state_comment, request_time) values ( '20140217100545618620', 8, 9, 50, 'yiw@gunsol.com', '', 'ios', 'work', '[업무] 주갖업무일지입니다.', '0', '등록되지 않은 사용자', now())
bizstory_push: ** 20140217-101556
bizstory_push: sender=bizstorycokr@gmail.com, comp_idx=7, part_idx=8, mem_idx=36, receiver=neoggt@naver.com, msg_type=receipt, message=[접수] [안양외고] 보건실 프린터
bizstory_push: sql = select * from push_member where push_id = 'neoggt@naver.com' and del_yn = 'N'
bizstory_push: [neoggt@naver.com] push_device_type = A, message = Y, receipt = Y, work = Y, notice = Y, consult = 
bizstory_push: sql = insert into push_history (send_key, comp_idx, part_idx, mem_idx, receiver_id, push_device_type, push_registration_id, receiver_name, service_type, msg_type, message, state, state_comment, request_time) values ( '20140217101556501441', 7, 8, 36, 'neoggt@naver.com', 'A', 'APA91bEq6XuBBVBtmK1bxKQ12i2ZC6hUnNgFTeUUl-AYxZbXSytM5udM2EbZAuPTS0k66ulwDg_BHvFRAQIhDacrlkkTqbyNI6SMPGafKbkl4_eECwo1jExBadVR2rXER0bMKVXwNdgIJ8Ov8kwLL3Pjg5PhLAPmf4s7DCHNek7CQ4vmiGuJVAo', '고광태', 'ios', 'receipt', '[접수] [안양외고] 보건실 프린터', '9', '', now())
bizstory_push: ** 20140217-101556
bizstory_push: ** 20140217-101616
bizstory_push: ** 20140217-101725
bizstory_push: ** 20140217-102145
bizstory_push: ** 20140217-102422
bizstory_push: sender=bizstorycokr@gmail.com, comp_idx=69, part_idx=147, mem_idx=488, receiver=griunnimhun@hanmail.net, msg_type=work, message=[업무] 2/17송금내역입니다
bizstory_push: sql = select * from push_member where push_id = 'griunnimhun@hanmail.net' and del_yn = 'N'
bizstory_push: [griunnimhun@hanmail.net] push_device_type = A, message = Y, receipt = Y, work = Y, notice = Y, consult = 
bizstory_push: sql = insert into push_history (send_key, comp_idx, part_idx, mem_idx, receiver_id, push_device_type, push_registration_id, receiver_name, service_type, msg_type, message, state, state_comment, request_time) values ( '20140217102422717386', 69, 147, 488, 'griunnimhun@hanmail.net', 'A', 'APA91bHreDRWqqCL-X3KBc2EQDGPuEWMPUu1AqIZOCfp0lqsf0dD97JOLMU3Dj2t0PSRmaCr4yomJPw5lWbKaiKdHclOZTS2l48qWgA-z371ueOSZR2JWp-hNEt8pu_SQnmtAlcEZ4c386q2x71qTQzPm-D3jPgNvw', '정성훈', 'ios', 'work', '[업무] 2/17송금내역입니다', '9', '', now())
bizstory_push: ** 20140217-103023
bizstory_push: sender=bizstorycokr@gmail.com, comp_idx=4, part_idx=4, mem_idx=21, receiver=jsjjangga@daum.net, msg_type=receipt, message=[접수] [경기도발안도서관] 2월 17일 컴퓨..
bizstory_push: sql = select * from push_member where push_id = 'jsjjangga@daum.net' and del_yn = 'N'
bizstory_push: [jsjjangga@daum.net] push_device_type = A, message = Y, receipt = Y, work = Y, notice = Y, consult = 
bizstory_push: sql = insert into push_history (send_key, comp_idx, part_idx, mem_idx, receiver_id, push_device_type, push_registration_id, receiver_name, service_type, msg_type, message, state, state_comment, request_time) values ( '20140217103023279742', 4, 4, 21, 'jsjjangga@daum.net', 'A', 'APA91bGBQpmLbHiYrho6L6q-804WSxRWk-PFP49-kAD43hTvlsVbP006X8-XHzY7mlZ59X64OsNPij9BRo_gMmTKfFzVBhK9CV2jMygABEpY-XvhjJBbT_qAVoVQgbVvfDbg-AdQwbQo5s0vLSMzLam3Pay3Dp-00A', '권준성', 'ios', 'receipt', '[접수] [경기도발안도서관] 2월 17일 컴퓨..', '9', '', now())
bizstory_push: ** 20140217-103023
bizstory_push: ** 20140217-103738
bizstory_push: sender=bizstorycokr@gmail.com, comp_idx=1, part_idx=1, mem_idx=2, receiver=arachi76@naver.com, msg_type=work, message=[업무] 2014년도 TORY 유지보수 재계약..
bizstory_push: sql = select * from push_member where push_id = 'arachi76@naver.com' and del_yn = 'N'
bizstory_push: [arachi76@naver.com] push_device_type = I, message = Y, receipt = Y, work = Y, notice = Y, consult = 
bizstory_push: sql = insert into push_history (send_key, comp_idx, part_idx, mem_idx, receiver_id, push_device_type, push_registration_id, receiver_name, service_type, msg_type, message, state, state_comment, request_time) values ( '20140217103738453353', 1, 1, 2, 'arachi76@naver.com', 'I', '4ac171c71134ac868a9ce0fc22b36a015dee461bf045a22792beff7d6246e27f', '서경원', 'ios', 'work', '[업무] 2014년도 TORY 유지보수 재계약..', '9', '', now())
bizstory_push: ** 20140217-103753
bizstory_push: sender=bizstorycokr@gmail.com, comp_idx=1, part_idx=1, mem_idx=528, receiver=ubman@ubstory.net, msg_type=receipt, message=[평택대학교] 입학안내 홈페이지
bizstory_push: sql = select * from push_member where push_id = 'ubman@ubstory.net' and del_yn = 'N'
bizstory_push: [ubman@ubstory.net] push_device_type = I, message = Y, receipt = Y, work = Y, notice = Y, consult = 
bizstory_push: sql = insert into push_history (send_key, comp_idx, part_idx, mem_idx, receiver_id, push_device_type, push_registration_id, receiver_name, service_type, msg_type, message, state, state_comment, request_time) values ( '20140217103753894454', 1, 1, 528, 'ubman@ubstory.net', 'I', 'eb74a58ff4ca7312a88f871acf0e88ced22d528ed841241ce169ef11f1bedab5', '고정균', 'ios', 'receipt', '[평택대학교] 입학안내 홈페이지', '9', '', now())
bizstory_push: ** 20140217-103836
bizstory_push: sender=bizstorycokr@gmail.com, comp_idx=4, part_idx=4, mem_idx=22, receiver=651038@naver.com, msg_type=receipt, message=[접수] [화성동화중학교] 노트북 포맷 건의합..
bizstory_push: sql = select * from push_member where push_id = '651038@naver.com' and del_yn = 'N'
bizstory_push: [651038@naver.com] push_device_type = A, message = Y, receipt = Y, work = Y, notice = Y, consult = 
bizstory_push: sql = insert into push_history (send_key, comp_idx, part_idx, mem_idx, receiver_id, push_device_type, push_registration_id, receiver_name, service_type, msg_type, message, state, state_comment, request_time) values ( '20140217103836329563', 4, 4, 22, '651038@naver.com', 'A', 'APA91bGWO7CvuxcsLMDvy_NevlbFxy3MQNypcDoVnuY_bNFGx-mBRsgpcF6g2_fRfkEv0Jm3X9vTO_JEEoNnw6Hn03xiF1WZSc9Bt1iYd0fPP0_ic0NhULq0DNPqtjFI6dxY9NWb8KM8tXOfDDDwR4hUK4ENayJBEQ', '이원익', 'ios', 'receipt', '[접수] [화성동화중학교] 노트북 포맷 건의합..', '9', '', now())
bizstory_push: ** 20140217-103836
bizstory_push: ** 20140217-104012
bizstory_push: sender=bizstorycokr@gmail.com, comp_idx=69, part_idx=147, mem_idx=488, receiver=griunnimhun@hanmail.net, msg_type=work, message=[업무] 2/17송금내역입니다
bizstory_push: sql = select * from push_member where push_id = 'griunnimhun@hanmail.net' and del_yn = 'N'
bizstory_push: [griunnimhun@hanmail.net] push_device_type = A, message = Y, receipt = Y, work = Y, notice = Y, consult = 
bizstory_push: sql = insert into push_history (send_key, comp_idx, part_idx, mem_idx, receiver_id, push_device_type, push_registration_id, receiver_name, service_type, msg_type, message, state, state_comment, request_time) values ( '20140217104012691123', 69, 147, 488, 'griunnimhun@hanmail.net', 'A', 'APA91bHreDRWqqCL-X3KBc2EQDGPuEWMPUu1AqIZOCfp0lqsf0dD97JOLMU3Dj2t0PSRmaCr4yomJPw5lWbKaiKdHclOZTS2l48qWgA-z371ueOSZR2JWp-hNEt8pu_SQnmtAlcEZ4c386q2x71qTQzPm-D3jPgNvw', '정성훈', 'ios', 'work', '[업무] 2/17송금내역입니다', '9', '', now())
bizstory_push: ** 20140217-104137
bizstory_push: sender=bizstorycokr@gmail.com, comp_idx=58, part_idx=109, mem_idx=388, receiver=yoonhyunjoon@naver.com, msg_type=receipt, message=[접수] [광정초등학교] 하드포맷 요청
bizstory_push: sql = select * from push_member where push_id = 'yoonhyunjoon@naver.com' and del_yn = 'N'
bizstory_push: [yoonhyunjoon@naver.com] push_device_type = A, message = Y, receipt = Y, work = Y, notice = Y, consult = 
bizstory_push: sql = insert into push_history (send_key, comp_idx, part_idx, mem_idx, receiver_id, push_device_type, push_registration_id, receiver_name, service_type, msg_type, message, state, state_comment, request_time) values ( '20140217104137915902', 58, 109, 388, 'yoonhyunjoon@naver.com', 'A', 'APA91bFXSBYvMwLmzwBpuNLYJUeXbmhIdokJqyN8dci3aqmFt9dFaH0D8UMLm67n1l8ntGpT5JyTMDyjJfv2UXFshmiLjCbOA7S4GxfzeMIWpTrqO1iFvSEpPVtg229wXt6C9nxDD1KKLKEVPa6EvEdd8H2aRiq7xA', '윤현준', 'ios', 'receipt', '[접수] [광정초등학교] 하드포맷 요청', '9', '', now())
bizstory_push: ** 20140217-104137
bizstory_push: ** 20140217-104218
bizstory_push: sender=bizstorycokr@gmail.com, comp_idx=4, part_idx=4, mem_idx=24, receiver=jhcrim@naver.com, msg_type=receipt, message=[접수] [송화초등학교] 2-3반 비디오 고...
bizstory_push: sql = select * from push_member where push_id = 'jhcrim@naver.com' and del_yn = 'N'
bizstory_push: [jhcrim@naver.com] push_device_type = I, message = Y, receipt = Y, work = Y, notice = Y, consult = 
bizstory_push: sql = insert into push_history (send_key, comp_idx, part_idx, mem_idx, receiver_id, push_device_type, push_registration_id, receiver_name, service_type, msg_type, message, state, state_comment, request_time) values ( '20140217104218112882', 4, 4, 24, 'jhcrim@naver.com', 'I', '52eaf554b8dd0a34046dcb19cde2d45449940c11f7d9c44c113b3db46d4d4cde', '이주형', 'ios', 'receipt', '[접수] [송화초등학교] 2-3반 비디오 고...', '9', '', now())
bizstory_push: ** 20140217-104218
bizstory_push: ** 20140217-104505
bizstory_push: sender=bizstorycokr@gmail.com, comp_idx=1, part_idx=1, mem_idx=528, receiver=ubman@ubstory.net, msg_type=receipt, message=[접수] [(주)북션커뮤니케이션] 어드민 > ..
bizstory_push: sql = select * from push_member where push_id = 'ubman@ubstory.net' and del_yn = 'N'
bizstory_push: [ubman@ubstory.net] push_device_type = I, message = Y, receipt = Y, work = Y, notice = Y, consult = 
bizstory_push: sql = insert into push_history (send_key, comp_idx, part_idx, mem_idx, receiver_id, push_device_type, push_registration_id, receiver_name, service_type, msg_type, message, state, state_comment, request_time) values ( '20140217104505329585', 1, 1, 528, 'ubman@ubstory.net', 'I', 'eb74a58ff4ca7312a88f871acf0e88ced22d528ed841241ce169ef11f1bedab5', '고정균', 'ios', 'receipt', '[접수] [(주)북션커뮤니케이션] 어드민 > ..', '9', '', now())
bizstory_push: ** 20140217-104505
bizstory_push: ** 20140217-104657
bizstory_push: sender=bizstorycokr@gmail.com, comp_idx=4, part_idx=4, mem_idx=24, receiver=jhcrim@naver.com, msg_type=receipt, message=[접수] [송화초등학교] 1연구실 잉크 견적...
bizstory_push: sql = select * from push_member where push_id = 'jhcrim@naver.com' and del_yn = 'N'
bizstory_push: [jhcrim@naver.com] push_device_type = I, message = Y, receipt = Y, work = Y, notice = Y, consult = 
bizstory_push: sql = insert into push_history (send_key, comp_idx, part_idx, mem_idx, receiver_id, push_device_type, push_registration_id, receiver_name, service_type, msg_type, message, state, state_comment, request_time) values ( '20140217104657806393', 4, 4, 24, 'jhcrim@naver.com', 'I', '52eaf554b8dd0a34046dcb19cde2d45449940c11f7d9c44c113b3db46d4d4cde', '이주형', 'ios', 'receipt', '[접수] [송화초등학교] 1연구실 잉크 견적...', '9', '', now())
bizstory_push: ** 20140217-104657
bizstory_push: ** 20140217-105125
bizstory_push: sender=bizstorycokr@gmail.com, comp_idx=4, part_idx=4, mem_idx=369, receiver=choidh73@hanmail.net, msg_type=receipt, message=[송죽초등학교] 윈도우7으로 포맷
bizstory_push: sql = select * from push_member where push_id = 'choidh73@hanmail.net' and del_yn = 'N'
bizstory_push: [choidh73@hanmail.net] push_device_type = A, message = Y, receipt = Y, work = Y, notice = Y, consult = 
bizstory_push: sql = insert into push_history (send_key, comp_idx, part_idx, mem_idx, receiver_id, push_device_type, push_registration_id, receiver_name, service_type, msg_type, message, state, state_comment, request_time) values ( '20140217105125962187', 4, 4, 369, 'choidh73@hanmail.net', 'A', 'APA91bFX1VbttWRGFNnlmf5ZlV05J1vJotNLwfzczQcNzBQs6v3_crjGRcAtv55zzqZod9VWtdRzgs0jpyGDeP7mr8A2esjQak5Ye_GzKIAHFYiT-4sXFqEyC4qCRTyVUxCPJSpmqVfrr8XTkardyXOvsqcKPZVT7g', '최동호', 'ios', 'receipt', '[송죽초등학교] 윈도우7으로 포맷', '9', '', now())
bizstory_push: ** 20140217-105349
bizstory_push: sender=bizstorycokr@gmail.com, comp_idx=1, part_idx=1, mem_idx=2, receiver=arachi76@naver.com, msg_type=message, message=[쪽지] http://ptu.ubstory.c..
bizstory_push: sql = select * from push_member where push_id = 'arachi76@naver.com' and del_yn = 'N'
bizstory_push: [arachi76@naver.com] push_device_type = I, message = Y, receipt = Y, work = Y, notice = Y, consult = 
bizstory_push: sql = insert into push_history (send_key, comp_idx, part_idx, mem_idx, receiver_id, push_device_type, push_registration_id, receiver_name, service_type, msg_type, message, state, state_comment, request_time) values ( '20140217105349976049', 1, 1, 2, 'arachi76@naver.com', 'I', '4ac171c71134ac868a9ce0fc22b36a015dee461bf045a22792beff7d6246e27f', '서경원', 'ios', 'message', '[쪽지] http://ptu.ubstory.c..', '9', '', now())
bizstory_push: ** 20140217-105912
bizstory_push: sender=bizstorycokr@gmail.com, comp_idx=1, part_idx=1, mem_idx=528, receiver=ubman@ubstory.net, msg_type=receipt, message=[(주)북션커뮤니케이션] 어드민 > 주문관리..
bizstory_push: sql = select * from push_member where push_id = 'ubman@ubstory.net' and del_yn = 'N'
bizstory_push: [ubman@ubstory.net] push_device_type = I, message = Y, receipt = Y, work = Y, notice = Y, consult = 
bizstory_push: sql = insert into push_history (send_key, comp_idx, part_idx, mem_idx, receiver_id, push_device_type, push_registration_id, receiver_name, service_type, msg_type, message, state, state_comment, request_time) values ( '20140217105912221932', 1, 1, 528, 'ubman@ubstory.net', 'I', 'eb74a58ff4ca7312a88f871acf0e88ced22d528ed841241ce169ef11f1bedab5', '고정균', 'ios', 'receipt', '[(주)북션커뮤니케이션] 어드민 > 주문관리..', '9', '', now())
bizstory_push: ** 20140217-110232
bizstory_push: sender=bizstorycokr@gmail.com, comp_idx=4, part_idx=4, mem_idx=24, receiver=jhcrim@naver.com, msg_type=receipt, message=[접수] [송화초등학교] 도서관 잉크 견적요...
bizstory_push: sql = select * from push_member where push_id = 'jhcrim@naver.com' and del_yn = 'N'
bizstory_push: [jhcrim@naver.com] push_device_type = I, message = Y, receipt = Y, work = Y, notice = Y, consult = 
bizstory_push: sql = insert into push_history (send_key, comp_idx, part_idx, mem_idx, receiver_id, push_device_type, push_registration_id, receiver_name, service_type, msg_type, message, state, state_comment, request_time) values ( '20140217110232816161', 4, 4, 24, 'jhcrim@naver.com', 'I', '52eaf554b8dd0a34046dcb19cde2d45449940c11f7d9c44c113b3db46d4d4cde', '이주형', 'ios', 'receipt', '[접수] [송화초등학교] 도서관 잉크 견적요...', '9', '', now())
bizstory_push: ** 20140217-110232
bizstory_push: ** 20140217-110601
bizstory_push: sender=bizstorycokr@gmail.com, comp_idx=4, part_idx=4, mem_idx=18, receiver=ymk1508@nate.com, msg_type=receipt, message=[접수] [산남초등학교] 6학년6반
bizstory_push: sql = select * from push_member where push_id = 'ymk1508@nate.com' and del_yn = 'N'
bizstory_push: [ymk1508@nate.com] push_device_type = A, message = Y, receipt = Y, work = Y, notice = Y, consult = 
bizstory_push: sql = insert into push_history (send_key, comp_idx, part_idx, mem_idx, receiver_id, push_device_type, push_registration_id, receiver_name, service_type, msg_type, message, state, state_comment, request_time) values ( '20140217110601122797', 4, 4, 18, 'ymk1508@nate.com', 'A', 'APA91bHNw1x_KnSOTa252teOfL4lP5kM-7lZI4Vt73N1IqacrRh1Hao6oDEBhPuq_sutujR3vakN9xvmzAjhjZw7oRsAwvuCKgup8krg6H58jg3WSbG8ZmfC8PF2V5qR0Ej_0R3M16QT9AKg-Yk584IBUfaamy9seg', '윤문기', 'ios', 'receipt', '[접수] [산남초등학교] 6학년6반', '9', '', now())
bizstory_push: ** 20140217-110601
bizstory_push: ** 20140217-110628
bizstory_push: sender=bizstorycokr@gmail.com, comp_idx=4, part_idx=4, mem_idx=18, receiver=ymk1508@nate.com, msg_type=receipt, message=[접수] [산남초등학교] 사랑반
bizstory_push: sql = select * from push_member where push_id = 'ymk1508@nate.com' and del_yn = 'N'
bizstory_push: [ymk1508@nate.com] push_device_type = A, message = Y, receipt = Y, work = Y, notice = Y, consult = 
bizstory_push: sql = insert into push_history (send_key, comp_idx, part_idx, mem_idx, receiver_id, push_device_type, push_registration_id, receiver_name, service_type, msg_type, message, state, state_comment, request_time) values ( '20140217110628962270', 4, 4, 18, 'ymk1508@nate.com', 'A', 'APA91bHNw1x_KnSOTa252teOfL4lP5kM-7lZI4Vt73N1IqacrRh1Hao6oDEBhPuq_sutujR3vakN9xvmzAjhjZw7oRsAwvuCKgup8krg6H58jg3WSbG8ZmfC8PF2V5qR0Ej_0R3M16QT9AKg-Yk584IBUfaamy9seg', '윤문기', 'ios', 'receipt', '[접수] [산남초등학교] 사랑반', '9', '', now())
bizstory_push: ** 20140217-110628
bizstory_push: ** 20140217-110658
bizstory_push: sender=bizstorycokr@gmail.com, comp_idx=7, part_idx=8, mem_idx=36, receiver=neoggt@naver.com, msg_type=receipt, message=[접수] [안양외고] 본관4층 1학년 교..
bizstory_push: sql = select * from push_member where push_id = 'neoggt@naver.com' and del_yn = 'N'
bizstory_push: [neoggt@naver.com] push_device_type = A, message = Y, receipt = Y, work = Y, notice = Y, consult = 
bizstory_push: sql = insert into push_history (send_key, comp_idx, part_idx, mem_idx, receiver_id, push_device_type, push_registration_id, receiver_name, service_type, msg_type, message, state, state_comment, request_time) values ( '20140217110658504291', 7, 8, 36, 'neoggt@naver.com', 'A', 'APA91bEq6XuBBVBtmK1bxKQ12i2ZC6hUnNgFTeUUl-AYxZbXSytM5udM2EbZAuPTS0k66ulwDg_BHvFRAQIhDacrlkkTqbyNI6SMPGafKbkl4_eECwo1jExBadVR2rXER0bMKVXwNdgIJ8Ov8kwLL3Pjg5PhLAPmf4s7DCHNek7CQ4vmiGuJVAo', '고광태', 'ios', 'receipt', '[접수] [안양외고] 본관4층 1학년 교..', '9', '', now())
bizstory_push: ** 20140217-110658
bizstory_push: ** 20140217-110747
bizstory_push: sender=bizstorycokr@gmail.com, comp_idx=32, part_idx=39, mem_idx=179, receiver=sjh850405@miraensys.com, msg_type=receipt, message=[접수] [백양중학교] 1층 학부모 상주실
bizstory_push: sql = select * from push_member where push_id = 'sjh850405@miraensys.com' and del_yn = 'N'
bizstory_push: [sjh850405@miraensys.com] push_device_type = A, message = Y, receipt = Y, work = Y, notice = Y, consult = Y
bizstory_push: sql = insert into push_history (send_key, comp_idx, part_idx, mem_idx, receiver_id, push_device_type, push_registration_id, receiver_name, service_type, msg_type, message, state, state_comment, request_time) values ( '20140217110747223148', 32, 39, 179, 'sjh850405@miraensys.com', 'A', 'APA91bHfLfUXpk18QVqyiZaWQrtTNFPZSLXvotgb6D8G3mxL-93XDhZUPBGOjbJApJZE4Lxc-GxguMSLh8IQqWS_62JJIyP5r7B_sudfK72zxUqeLVJg-CDY1b1ex5SvHPgVzftTWaA24r4gVpzl4lNX_DKoVktcZw', '송진호', 'ios', 'receipt', '[접수] [백양중학교] 1층 학부모 상주실', '9', '', now())
bizstory_push: ** 20140217-110747
bizstory_push: ** 20140217-110808
bizstory_push: sender=bizstorycokr@gmail.com, comp_idx=32, part_idx=39, mem_idx=179, receiver=sjh850405@miraensys.com, msg_type=receipt, message=[접수] [백양중학교] 노트북 포맷?부탁드..
bizstory_push: sql = select * from push_member where push_id = 'sjh850405@miraensys.com' and del_yn = 'N'
bizstory_push: [sjh850405@miraensys.com] push_device_type = A, message = Y, receipt = Y, work = Y, notice = Y, consult = Y
bizstory_push: sql = insert into push_history (send_key, comp_idx, part_idx, mem_idx, receiver_id, push_device_type, push_registration_id, receiver_name, service_type, msg_type, message, state, state_comment, request_time) values ( '20140217110808914009', 32, 39, 179, 'sjh850405@miraensys.com', 'A', 'APA91bHfLfUXpk18QVqyiZaWQrtTNFPZSLXvotgb6D8G3mxL-93XDhZUPBGOjbJApJZE4Lxc-GxguMSLh8IQqWS_62JJIyP5r7B_sudfK72zxUqeLVJg-CDY1b1ex5SvHPgVzftTWaA24r4gVpzl4lNX_DKoVktcZw', '송진호', 'ios', 'receipt', '[접수] [백양중학교] 노트북 포맷?부탁드..', '9', '', now())
bizstory_push: ** 20140217-110808
bizstory_push: ** 20140217-112214
bizstory_push: sender=bizstorycokr@gmail.com, comp_idx=75, part_idx=165, mem_idx=534, receiver=yimnsng@naver.com, msg_type=work, message=[업무] 임원회의
bizstory_push: sql = select * from push_member where push_id = 'yimnsng@naver.com' and del_yn = 'N'
bizstory_push: 등록되지 않은 사용자
bizstory_push: sql = insert into push_history (send_key, comp_idx, part_idx, mem_idx, receiver_id, receiver_name, service_type, msg_type, message, state, state_comment, request_time) values ( '20140217112214710249', 75, 165, 534, 'yimnsng@naver.com', '', 'ios', 'work', '[업무] 임원회의', '0', '등록되지 않은 사용자', now())
bizstory_push: sender=bizstorycokr@gmail.com, comp_idx=75, part_idx=165, mem_idx=535, receiver=ansmjang7@naver.com, msg_type=work, message=[업무] 임원회의
bizstory_push: sql = select * from push_member where push_id = 'ansmjang7@naver.com' and del_yn = 'N'
bizstory_push: 등록되지 않은 사용자
bizstory_push: sql = insert into push_history (send_key, comp_idx, part_idx, mem_idx, receiver_id, receiver_name, service_type, msg_type, message, state, state_comment, request_time) values ( '20140217112214812989', 75, 165, 535, 'ansmjang7@naver.com', '', 'ios', 'work', '[업무] 임원회의', '0', '등록되지 않은 사용자', now())
bizstory_push: sender=bizstorycokr@gmail.com, comp_idx=75, part_idx=165, mem_idx=548, receiver=gomangche@hanmail.net, msg_type=work, message=[업무] 임원회의
bizstory_push: sql = select * from push_member where push_id = 'gomangche@hanmail.net' and del_yn = 'N'
bizstory_push: 등록되지 않은 사용자
bizstory_push: sql = insert into push_history (send_key, comp_idx, part_idx, mem_idx, receiver_id, receiver_name, service_type, msg_type, message, state, state_comment, request_time) values ( '20140217112214680353', 75, 165, 548, 'gomangche@hanmail.net', '', 'ios', 'work', '[업무] 임원회의', '0', '등록되지 않은 사용자', now())
bizstory_push: sender=bizstorycokr@gmail.com, comp_idx=75, part_idx=165, mem_idx=549, receiver=queen5505@hanmail.net, msg_type=work, message=[업무] 임원회의
bizstory_push: sql = select * from push_member where push_id = 'queen5505@hanmail.net' and del_yn = 'N'
bizstory_push: 등록되지 않은 사용자
bizstory_push: sql = insert into push_history (send_key, comp_idx, part_idx, mem_idx, receiver_id, receiver_name, service_type, msg_type, message, state, state_comment, request_time) values ( '20140217112214418235', 75, 165, 549, 'queen5505@hanmail.net', '', 'ios', 'work', '[업무] 임원회의', '0', '등록되지 않은 사용자', now())
bizstory_push: ** 20140217-121634
bizstory_push: sender=bizstorycokr@gmail.com, comp_idx=4, part_idx=4, mem_idx=24, receiver=jhcrim@naver.com, msg_type=receipt, message=[접수] [송화초등학교] 교무실 프린터 잉크...
bizstory_push: sql = select * from push_member where push_id = 'jhcrim@naver.com' and del_yn = 'N'
bizstory_push: [jhcrim@naver.com] push_device_type = I, message = Y, receipt = Y, work = Y, notice = Y, consult = 
bizstory_push: sql = insert into push_history (send_key, comp_idx, part_idx, mem_idx, receiver_id, push_device_type, push_registration_id, receiver_name, service_type, msg_type, message, state, state_comment, request_time) values ( '20140217121634477600', 4, 4, 24, 'jhcrim@naver.com', 'I', '52eaf554b8dd0a34046dcb19cde2d45449940c11f7d9c44c113b3db46d4d4cde', '이주형', 'ios', 'receipt', '[접수] [송화초등학교] 교무실 프린터 잉크...', '9', '', now())
bizstory_push: ** 20140217-121634
bizstory_push: ** 20140217-123759
bizstory_push: sender=bizstorycokr@gmail.com, comp_idx=13, part_idx=17, mem_idx=94, receiver=starnts@greatworks.co.kr, msg_type=receipt, message=[접수] [창원과학고등학교] 나라장터 접속 오..
bizstory_push: sql = select * from push_member where push_id = 'starnts@greatworks.co.kr' and del_yn = 'N'
bizstory_push: [starnts@greatworks.co.kr] push_device_type = A, message = Y, receipt = Y, work = Y, notice = Y, consult = 
bizstory_push: sql = insert into push_history (send_key, comp_idx, part_idx, mem_idx, receiver_id, push_device_type, push_registration_id, receiver_name, service_type, msg_type, message, state, state_comment, request_time) values ( '20140217123759491317', 13, 17, 92, 'starnts@greatworks.co.kr', 'A', 'APA91bHiOAbj3tzoiWBwyrdNRjREW3CrfDwm_tkfl2bVl88NEEz643nLe2n2PmHKhO2TjZQn2okD6QTstELDojuCJxctI2iOL5qtV-d4uQPaeyHUr6O-lQMvtCJ3wRRqmzeKWstt_iWPF-RzsEchBHWUpZ3gBOQqpw', '노태성', 'ios', 'receipt', '[접수] [창원과학고등학교] 나라장터 접속 오..', '9', '', now())
bizstory_push: ** 20140217-123759
bizstory_push: ** 20140217-123759
bizstory_push: sender=bizstorycokr@gmail.com, comp_idx=1, part_idx=1, mem_idx=2, receiver=arachi76@naver.com, msg_type=message, message=[쪽지] 평택대학교 본교 사이트&nbsp;-&..
bizstory_push: sql = select * from push_member where push_id = 'arachi76@naver.com' and del_yn = 'N'
bizstory_push: [arachi76@naver.com] push_device_type = I, message = Y, receipt = Y, work = Y, notice = Y, consult = 
bizstory_push: sql = insert into push_history (send_key, comp_idx, part_idx, mem_idx, receiver_id, push_device_type, push_registration_id, receiver_name, service_type, msg_type, message, state, state_comment, request_time) values ( '20140217123759144722', 1, 1, 2, 'arachi76@naver.com', 'I', '4ac171c71134ac868a9ce0fc22b36a015dee461bf045a22792beff7d6246e27f', '서경원', 'ios', 'message', '[쪽지] 평택대학교 본교 사이트&nbsp;-&..', '9', '', now())
bizstory_push: ** 20140217-130131
bizstory_push: sender=bizstorycokr@gmail.com, comp_idx=69, part_idx=147, mem_idx=488, receiver=griunnimhun@hanmail.net, msg_type=work, message=[업무] 품절안내입니다
bizstory_push: sql = select * from push_member where push_id = 'griunnimhun@hanmail.net' and del_yn = 'N'
bizstory_push: [griunnimhun@hanmail.net] push_device_type = A, message = Y, receipt = Y, work = Y, notice = Y, consult = 
bizstory_push: sql = insert into push_history (send_key, comp_idx, part_idx, mem_idx, receiver_id, push_device_type, push_registration_id, receiver_name, service_type, msg_type, message, state, state_comment, request_time) values ( '20140217130131983717', 69, 147, 488, 'griunnimhun@hanmail.net', 'A', 'APA91bHreDRWqqCL-X3KBc2EQDGPuEWMPUu1AqIZOCfp0lqsf0dD97JOLMU3Dj2t0PSRmaCr4yomJPw5lWbKaiKdHclOZTS2l48qWgA-z371ueOSZR2JWp-hNEt8pu_SQnmtAlcEZ4c386q2x71qTQzPm-D3jPgNvw', '정성훈', 'ios', 'work', '[업무] 품절안내입니다', '9', '', now())
bizstory_push: ** 20140217-130139
bizstory_push: sender=bizstorycokr@gmail.com, comp_idx=58, part_idx=109, mem_idx=387, receiver=cctvc@korea.kr, msg_type=receipt, message=[접수] [안양양지초등학교] 교무실 실무사
bizstory_push: sql = select * from push_member where push_id = 'cctvc@korea.kr' and del_yn = 'N'
bizstory_push: [cctvc@korea.kr] push_device_type = A, message = Y, receipt = Y, work = Y, notice = Y, consult = Y
bizstory_push: sql = insert into push_history (send_key, comp_idx, part_idx, mem_idx, receiver_id, push_device_type, push_registration_id, receiver_name, service_type, msg_type, message, state, state_comment, request_time) values ( '20140217130139126045', 58, 109, 387, 'cctvc@korea.kr', 'A', 'APA91bEvsYNT1037VP3hB-q6VWfTxx0hBSSIKQ894ACNnv6rCBUhfpNxHVvz-HDflWNMCyCzfYCW-yv6hISBT3BdUpE1aMsdiA31A3ZX6M6djY9-qEVTnaWFHFNG1lr-GJNr4DpadOScdKzKtiHcd3KhzdAMG0IU0v6BUM-p6wbuW7KY8-b2wbs', '최세훈', 'ios', 'receipt', '[접수] [안양양지초등학교] 교무실 실무사', '9', '', now())
bizstory_push: ** 20140217-130139
bizstory_push: ** 20140217-130629
bizstory_push: sender=bizstorycokr@gmail.com, comp_idx=4, part_idx=4, mem_idx=24, receiver=jhcrim@naver.com, msg_type=receipt, message=[접수] [송화초등학교] 4-7반 프린터 점...
bizstory_push: sql = select * from push_member where push_id = 'jhcrim@naver.com' and del_yn = 'N'
bizstory_push: [jhcrim@naver.com] push_device_type = I, message = Y, receipt = Y, work = Y, notice = Y, consult = 
bizstory_push: sql = insert into push_history (send_key, comp_idx, part_idx, mem_idx, receiver_id, push_device_type, push_registration_id, receiver_name, service_type, msg_type, message, state, state_comment, request_time) values ( '20140217130629576037', 4, 4, 24, 'jhcrim@naver.com', 'I', '52eaf554b8dd0a34046dcb19cde2d45449940c11f7d9c44c113b3db46d4d4cde', '이주형', 'ios', 'receipt', '[접수] [송화초등학교] 4-7반 프린터 점...', '9', '', now())
bizstory_push: ** 20140217-130629
bizstory_push: ** 20140217-132640
bizstory_push: sender=bizstorycokr@gmail.com, comp_idx=4, part_idx=4, mem_idx=369, receiver=choidh73@hanmail.net, msg_type=receipt, message=[접수] [송림초등학교] 프린터 양면 외 기...
bizstory_push: sql = select * from push_member where push_id = 'choidh73@hanmail.net' and del_yn = 'N'
bizstory_push: [choidh73@hanmail.net] push_device_type = A, message = Y, receipt = Y, work = Y, notice = Y, consult = 
bizstory_push: sql = insert into push_history (send_key, comp_idx, part_idx, mem_idx, receiver_id, push_device_type, push_registration_id, receiver_name, service_type, msg_type, message, state, state_comment, request_time) values ( '20140217132640366432', 4, 4, 369, 'choidh73@hanmail.net', 'A', 'APA91bFX1VbttWRGFNnlmf5ZlV05J1vJotNLwfzczQcNzBQs6v3_crjGRcAtv55zzqZod9VWtdRzgs0jpyGDeP7mr8A2esjQak5Ye_GzKIAHFYiT-4sXFqEyC4qCRTyVUxCPJSpmqVfrr8XTkardyXOvsqcKPZVT7g', '최동호', 'ios', 'receipt', '[접수] [송림초등학교] 프린터 양면 외 기...', '9', '', now())
bizstory_push: ** 20140217-132641
bizstory_push: ** 20140217-141958
bizstory_push: sender=bizstorycokr@gmail.com, comp_idx=59, part_idx=110, mem_idx=399, receiver=sjsamsung@hanmail.net, msg_type=receipt, message=[화령중고등학교] 화령중고 토너 주문
bizstory_push: sql = select * from push_member where push_id = 'sjsamsung@hanmail.net' and del_yn = 'N'
bizstory_push: [sjsamsung@hanmail.net] push_device_type = A, message = Y, receipt = Y, work = Y, notice = Y, consult = 
bizstory_push: sql = insert into push_history (send_key, comp_idx, part_idx, mem_idx, receiver_id, push_device_type, push_registration_id, receiver_name, service_type, msg_type, message, state, state_comment, request_time) values ( '20140217141958223093', 59, 110, 399, 'sjsamsung@hanmail.net', 'A', 'APA91bGhpbmO3cHwv0nEoExxmssqHZ4IFKzsIn3hFcP92MsJBRY-EkSyQuez0hcaexH1tNnP4ffl7ys1pIhHG-KO0UsOTA285ukZ4JsM5hD5mOsUrU561a0KmXAqhy9Eby_74ixQ0tOQzZccoQ_GBl_tMHi0B1uyQA', '김현기', 'ios', 'receipt', '[화령중고등학교] 화령중고 토너 주문', '9', '', now())
bizstory_push: ** 20140217-143022
bizstory_push: sender=bizstorycokr@gmail.com, comp_idx=44, part_idx=80, mem_idx=293, receiver=capdda@hanmail.net, msg_type=receipt, message=[접수] [새말초등학교] 1학년 연구실 빨간...
bizstory_push: sql = select * from push_member where push_id = 'capdda@hanmail.net' and del_yn = 'N'
bizstory_push: [capdda@hanmail.net] push_device_type = A, message = Y, receipt = Y, work = Y, notice = Y, consult = 
bizstory_push: sql = insert into push_history (send_key, comp_idx, part_idx, mem_idx, receiver_id, push_device_type, push_registration_id, receiver_name, service_type, msg_type, message, state, state_comment, request_time) values ( '20140217143022685877', 44, 80, 293, 'capdda@hanmail.net', 'A', 'APA91bEZaJI1oVCrZyF3anOfrmarldCIgx_hvYYGwv_w7WaY0Zz_Hz3U3rYLx36xGsgHbp4dQ_4QRnT9lnplrb_lcNvxIqyPxgbh5hSbDy4z5yh6ZwsH0lTs_wGs-6bSnqkVz6NMtUzkFBMVFygHxuNlCKLBNsEwdQ', '최주호', 'ios', 'receipt', '[접수] [새말초등학교] 1학년 연구실 빨간...', '9', '', now())
bizstory_push: ** 20140217-143022
bizstory_push: ** 20140217-143738
bizstory_push: sender=bizstorycokr@gmail.com, comp_idx=1, part_idx=1, mem_idx=528, receiver=ubman@ubstory.net, msg_type=receipt, message=[접수] [(주)북션커뮤니케이션] 메인페이지 ..
bizstory_push: sql = select * from push_member where push_id = 'ubman@ubstory.net' and del_yn = 'N'
bizstory_push: [ubman@ubstory.net] push_device_type = I, message = Y, receipt = Y, work = Y, notice = Y, consult = 
bizstory_push: sql = insert into push_history (send_key, comp_idx, part_idx, mem_idx, receiver_id, push_device_type, push_registration_id, receiver_name, service_type, msg_type, message, state, state_comment, request_time) values ( '20140217143738376479', 1, 1, 528, 'ubman@ubstory.net', 'I', 'eb74a58ff4ca7312a88f871acf0e88ced22d528ed841241ce169ef11f1bedab5', '고정균', 'ios', 'receipt', '[접수] [(주)북션커뮤니케이션] 메인페이지 ..', '9', '', now())
bizstory_push: ** 20140217-143738
bizstory_push: ** 20140217-144553
bizstory_push: sender=bizstorycokr@gmail.com, comp_idx=58, part_idx=109, mem_idx=387, receiver=cctvc@korea.kr, msg_type=receipt, message=[접수] [안양예술고등학교] (윤한로 선생님)..
bizstory_push: sql = select * from push_member where push_id = 'cctvc@korea.kr' and del_yn = 'N'
bizstory_push: [cctvc@korea.kr] push_device_type = A, message = Y, receipt = Y, work = Y, notice = Y, consult = Y
bizstory_push: sql = insert into push_history (send_key, comp_idx, part_idx, mem_idx, receiver_id, push_device_type, push_registration_id, receiver_name, service_type, msg_type, message, state, state_comment, request_time) values ( '20140217144553631887', 58, 109, 387, 'cctvc@korea.kr', 'A', 'APA91bEvsYNT1037VP3hB-q6VWfTxx0hBSSIKQ894ACNnv6rCBUhfpNxHVvz-HDflWNMCyCzfYCW-yv6hISBT3BdUpE1aMsdiA31A3ZX6M6djY9-qEVTnaWFHFNG1lr-GJNr4DpadOScdKzKtiHcd3KhzdAMG0IU0v6BUM-p6wbuW7KY8-b2wbs', '최세훈', 'ios', 'receipt', '[접수] [안양예술고등학교] (윤한로 선생님)..', '9', '', now())
bizstory_push: ** 20140217-144553
bizstory_push: ** 20140217-145057
bizstory_push: sender=bizstorycokr@gmail.com, comp_idx=58, part_idx=109, mem_idx=388, receiver=yoonhyunjoon@naver.com, msg_type=receipt, message=[접수] [광정초등학교] 연구실 프린터 연결...
bizstory_push: sql = select * from push_member where push_id = 'yoonhyunjoon@naver.com' and del_yn = 'N'
bizstory_push: [yoonhyunjoon@naver.com] push_device_type = A, message = Y, receipt = Y, work = Y, notice = Y, consult = 
bizstory_push: sql = insert into push_history (send_key, comp_idx, part_idx, mem_idx, receiver_id, push_device_type, push_registration_id, receiver_name, service_type, msg_type, message, state, state_comment, request_time) values ( '20140217145057199943', 58, 109, 388, 'yoonhyunjoon@naver.com', 'A', 'APA91bFXSBYvMwLmzwBpuNLYJUeXbmhIdokJqyN8dci3aqmFt9dFaH0D8UMLm67n1l8ntGpT5JyTMDyjJfv2UXFshmiLjCbOA7S4GxfzeMIWpTrqO1iFvSEpPVtg229wXt6C9nxDD1KKLKEVPa6EvEdd8H2aRiq7xA', '윤현준', 'ios', 'receipt', '[접수] [광정초등학교] 연구실 프린터 연결...', '9', '', now())
bizstory_push: ** 20140217-145057
bizstory_push: ** 20140217-145548
bizstory_push: sender=bizstorycokr@gmail.com, comp_idx=4, part_idx=4, mem_idx=369, receiver=choidh73@hanmail.net, msg_type=receipt, message=[접수] [송죽초등학교] TV연결
bizstory_push: sql = select * from push_member where push_id = 'choidh73@hanmail.net' and del_yn = 'N'
bizstory_push: [choidh73@hanmail.net] push_device_type = A, message = Y, receipt = Y, work = Y, notice = Y, consult = 
bizstory_push: sql = insert into push_history (send_key, comp_idx, part_idx, mem_idx, receiver_id, push_device_type, push_registration_id, receiver_name, service_type, msg_type, message, state, state_comment, request_time) values ( '20140217145548695634', 4, 4, 369, 'choidh73@hanmail.net', 'A', 'APA91bFX1VbttWRGFNnlmf5ZlV05J1vJotNLwfzczQcNzBQs6v3_crjGRcAtv55zzqZod9VWtdRzgs0jpyGDeP7mr8A2esjQak5Ye_GzKIAHFYiT-4sXFqEyC4qCRTyVUxCPJSpmqVfrr8XTkardyXOvsqcKPZVT7g', '최동호', 'ios', 'receipt', '[접수] [송죽초등학교] TV연결', '9', '', now())
bizstory_push: ** 20140217-145548
bizstory_push: ** 20140217-151005
bizstory_push: sender=bizstorycokr@gmail.com, comp_idx=36, part_idx=50, mem_idx=245, receiver=yangkie76@hanmail.net, msg_type=receipt, message=[접수] [교하고등학교] 도서실 컴퓨터
bizstory_push: sql = select * from push_member where push_id = 'yangkie76@hanmail.net' and del_yn = 'N'
bizstory_push: [yangkie76@hanmail.net] push_device_type = A, message = Y, receipt = Y, work = Y, notice = Y, consult = 
bizstory_push: sql = insert into push_history (send_key, comp_idx, part_idx, mem_idx, receiver_id, push_device_type, push_registration_id, receiver_name, service_type, msg_type, message, state, state_comment, request_time) values ( '20140217151005433851', 36, 50, 245, 'yangkie76@hanmail.net', 'A', 'APA91bE3QxOxLwjQLj6e6hG0mqSYz4QZfDMLdyAeBsAuRY5d_9dR7bNwvS8BJPsDwdL8zeN-3FRu0P8EyqdQgBemPWwn-4dA6POVLSUjJwqygAyWud7Zgw196vFPUuP0P5o58YzDJYtkr-HbkaK37fExzP2DJ7Nd2O5dl7pX3x711atrQoXSDho', '양태명', 'ios', 'receipt', '[접수] [교하고등학교] 도서실 컴퓨터', '9', '', now())
bizstory_push: ** 20140217-151005
bizstory_push: ** 20140217-151753
bizstory_push: sender=bizstorycokr@gmail.com, comp_idx=4, part_idx=4, mem_idx=25, receiver=ljy@naver.com, msg_type=receipt, message=[접수] [능동고등학교] 1층 남삼권 포멧 ...
bizstory_push: sql = select * from push_member where push_id = 'ljy@naver.com' and del_yn = 'N'
bizstory_push: [ljy@naver.com] push_device_type = A, message = Y, receipt = Y, work = Y, notice = Y, consult = 
bizstory_push: sql = insert into push_history (send_key, comp_idx, part_idx, mem_idx, receiver_id, push_device_type, push_registration_id, receiver_name, service_type, msg_type, message, state, state_comment, request_time) values ( '20140217151753730972', 4, 4, 25, 'ljy@naver.com', 'A', 'APA91bFmDCE9My-xiRVpkNjb5GmFVqmiS2zb32GMB913gcNeWrg0Ae9y0t8XpHdOqZ4kRUWsG6dzFC_xVJ-bGZ0tnlLdufPxiQuDq5akAgB59tRehDJ_xCo57WLrHBZq8CyqMSn4BcVBWa_wNHq8-M7l_ttCcNZukg', '임주영', 'ios', 'receipt', '[접수] [능동고등학교] 1층 남삼권 포멧 ...', '9', '', now())
bizstory_push: ** 20140217-151753
bizstory_push: ** 20140217-152758
bizstory_push: sender=bizstorycokr@gmail.com, comp_idx=13, part_idx=17, mem_idx=517, receiver=ksh6969@greatworks.co.kr, msg_type=receipt, message=[접수] [팔룡중학교] 행정실 네트워크 선
bizstory_push: sql = select * from push_member where push_id = 'ksh6969@greatworks.co.kr' and del_yn = 'N'
bizstory_push: [ksh6969@greatworks.co.kr] push_device_type = I, message = Y, receipt = Y, work = Y, notice = Y, consult = 
bizstory_push: sql = insert into push_history (send_key, comp_idx, part_idx, mem_idx, receiver_id, push_device_type, push_registration_id, receiver_name, service_type, msg_type, message, state, state_comment, request_time) values ( '20140217152758654722', 13, 17, 517, 'ksh6969@greatworks.co.kr', 'I', '3db048dddedc374b54a6787d117b2f1728bbe535a5c06b37c24fd8ee186cb6a8', '강신호', 'ios', 'receipt', '[접수] [팔룡중학교] 행정실 네트워크 선', '9', '', now())
bizstory_push: ** 20140217-152758
bizstory_push: ** 20140217-153744
bizstory_push: sender=bizstorycokr@gmail.com, comp_idx=1, part_idx=1, mem_idx=528, receiver=ubman@ubstory.net, msg_type=receipt, message=[접수] [평택대학교] 웹서버 test 서..
bizstory_push: sql = select * from push_member where push_id = 'ubman@ubstory.net' and del_yn = 'N'
bizstory_push: [ubman@ubstory.net] push_device_type = I, message = Y, receipt = Y, work = Y, notice = Y, consult = 
bizstory_push: sql = insert into push_history (send_key, comp_idx, part_idx, mem_idx, receiver_id, push_device_type, push_registration_id, receiver_name, service_type, msg_type, message, state, state_comment, request_time) values ( '20140217153744623153', 1, 1, 528, 'ubman@ubstory.net', 'I', 'eb74a58ff4ca7312a88f871acf0e88ced22d528ed841241ce169ef11f1bedab5', '고정균', 'ios', 'receipt', '[접수] [평택대학교] 웹서버 test 서..', '9', '', now())
bizstory_push: ** 20140217-153744
bizstory_push: ** 20140217-160044
bizstory_push: sender=bizstorycokr@gmail.com, comp_idx=4, part_idx=4, mem_idx=18, receiver=ymk1508@nate.com, msg_type=receipt, message=[접수] [산남초등학교] 프린터 설치
bizstory_push: sql = select * from push_member where push_id = 'ymk1508@nate.com' and del_yn = 'N'
bizstory_push: [ymk1508@nate.com] push_device_type = A, message = Y, receipt = Y, work = Y, notice = Y, consult = 
bizstory_push: sql = insert into push_history (send_key, comp_idx, part_idx, mem_idx, receiver_id, push_device_type, push_registration_id, receiver_name, service_type, msg_type, message, state, state_comment, request_time) values ( '20140217160044797538', 4, 4, 18, 'ymk1508@nate.com', 'A', 'APA91bHNw1x_KnSOTa252teOfL4lP5kM-7lZI4Vt73N1IqacrRh1Hao6oDEBhPuq_sutujR3vakN9xvmzAjhjZw7oRsAwvuCKgup8krg6H58jg3WSbG8ZmfC8PF2V5qR0Ej_0R3M16QT9AKg-Yk584IBUfaamy9seg', '윤문기', 'ios', 'receipt', '[접수] [산남초등학교] 프린터 설치', '9', '', now())
bizstory_push: ** 20140217-160044
bizstory_push: ** 20140217-160623
bizstory_push: sender=bizstorycokr@gmail.com, comp_idx=4, part_idx=4, mem_idx=25, receiver=ljy@naver.com, msg_type=receipt, message=[접수] [반석초등학교] 컴퓨터 포맷 부탁드...
bizstory_push: sql = select * from push_member where push_id = 'ljy@naver.com' and del_yn = 'N'
bizstory_push: [ljy@naver.com] push_device_type = A, message = Y, receipt = Y, work = Y, notice = Y, consult = 
bizstory_push: sql = insert into push_history (send_key, comp_idx, part_idx, mem_idx, receiver_id, push_device_type, push_registration_id, receiver_name, service_type, msg_type, message, state, state_comment, request_time) values ( '20140217160623598878', 4, 4, 25, 'ljy@naver.com', 'A', 'APA91bFmDCE9My-xiRVpkNjb5GmFVqmiS2zb32GMB913gcNeWrg0Ae9y0t8XpHdOqZ4kRUWsG6dzFC_xVJ-bGZ0tnlLdufPxiQuDq5akAgB59tRehDJ_xCo57WLrHBZq8CyqMSn4BcVBWa_wNHq8-M7l_ttCcNZukg', '임주영', 'ios', 'receipt', '[접수] [반석초등학교] 컴퓨터 포맷 부탁드...', '9', '', now())
bizstory_push: ** 20140217-160623
bizstory_push: ** 20140217-161012
bizstory_push: sender=bizstorycokr@gmail.com, comp_idx=35, part_idx=40, mem_idx=193, receiver=neogjy@neolohas.net, msg_type=receipt, message=[대형웍스케이엔티(주)] 한국정보시스템
bizstory_push: sql = select * from push_member where push_id = 'neogjy@neolohas.net' and del_yn = 'N'
bizstory_push: [neogjy@neolohas.net] push_device_type = A, message = N, receipt = Y, work = Y, notice = Y, consult = Y
bizstory_push: sql = insert into push_history (send_key, comp_idx, part_idx, mem_idx, receiver_id, push_device_type, push_registration_id, receiver_name, service_type, msg_type, message, state, state_comment, request_time) values ( '20140217161012416658', 35, 40, 193, 'neogjy@neolohas.net', 'A', 'APA91bF3qc9GB7hs1L6vZmCLwaEWF5qCfrzk2HID-7xc87ei4BnxspDzYCOSLcix4fSKUlQTS0AeMjqVFuqVdCzlErIWqPCvN5WNo4E6SKSsVqokalIQj97ryaoGVacm3vXU-Yyh218RW3tr_U9K9DHPujSHldbvvQ', '고지윤', 'ios', 'receipt', '[대형웍스케이엔티(주)] 한국정보시스템', '9', '', now())
bizstory_push: ** 20140217-161012
bizstory_push: sender=bizstorycokr@gmail.com, comp_idx=35, part_idx=40, mem_idx=193, receiver=neo@neolohas.net, msg_type=receipt, message=[대형웍스케이엔티(주)] 한국정보시스템
bizstory_push: sql = select * from push_member where push_id = 'neo@neolohas.net' and del_yn = 'N'
bizstory_push: 등록되지 않은 사용자
bizstory_push: sql = insert into push_history (send_key, comp_idx, part_idx, mem_idx, receiver_id, receiver_name, service_type, msg_type, message, state, state_comment, request_time) values ( '20140217161012348690', 35, 40, 193, 'neo@neolohas.net', '', 'ios', 'receipt', '[대형웍스케이엔티(주)] 한국정보시스템', '0', '등록되지 않은 사용자', now())
bizstory_push: ** 20140217-161012
bizstory_push: sender=bizstorycokr@gmail.com, comp_idx=35, part_idx=40, mem_idx=193, receiver=renosoft@naver.com, msg_type=receipt, message=[대형웍스케이엔티(주)] 한국정보시스템
bizstory_push: sql = select * from push_member where push_id = 'renosoft@naver.com' and del_yn = 'N'
bizstory_push: [renosoft@naver.com] push_device_type = A, message = Y, receipt = Y, work = Y, notice = Y, consult = 
bizstory_push: sql = insert into push_history (send_key, comp_idx, part_idx, mem_idx, receiver_id, push_device_type, push_registration_id, receiver_name, service_type, msg_type, message, state, state_comment, request_time) values ( '20140217161012989857', 35, 40, 339, 'renosoft@naver.com', 'A', 'APA91bHm2Ukw4MzyAW-rJx_6Te6QQEus9wsAXjNdr5_JxbFJAM7gbTV6WX_bwP_w9vad6s6LHCLaNFYyrOmb45JPmoUPWGjtaorClNAmFT-9M8OHRQetg4lg5hGnPeUiPM8GlFOmx0dD4tYSoFMhaN6bHBUGHkCPiw', '유우종', 'ios', 'receipt', '[대형웍스케이엔티(주)] 한국정보시스템', '9', '', now())
bizstory_push: ** 20140217-161012
bizstory_push: sender=bizstorycokr@gmail.com, comp_idx=35, part_idx=40, mem_idx=193, receiver=sagubee@naver.com, msg_type=receipt, message=[대형웍스케이엔티(주)] 한국정보시스템
bizstory_push: sql = select * from push_member where push_id = 'sagubee@naver.com' and del_yn = 'N'
bizstory_push: [sagubee@naver.com] push_device_type = A, message = Y, receipt = Y, work = Y, notice = Y, consult = 
bizstory_push: sql = insert into push_history (send_key, comp_idx, part_idx, mem_idx, receiver_id, push_device_type, push_registration_id, receiver_name, service_type, msg_type, message, state, state_comment, request_time) values ( '20140217161012294823', 35, 40, 336, 'sagubee@naver.com', 'A', 'APA91bFwmNg54c8qGG017xYxDhH1TeeNpr-u9TjTpViEu79Wng98D3bYMNF61brbhMnHuASZ4W8eSZzn556eghJPj8rwO3mpM6i25swTcBP3jLZLK2CV-9G7dA_fkC8KWfgx1qknMIbVrhkulGRZJZ5qd_epdjvfyg', '양태원', 'ios', 'receipt', '[대형웍스케이엔티(주)] 한국정보시스템', '9', '', now())
bizstory_push: ** 20140217-161139
bizstory_push: sender=bizstorycokr@gmail.com, comp_idx=35, part_idx=40, mem_idx=193, receiver=neogjy@neolohas.net, msg_type=receipt, message=[대형웍스케이엔티(주)] 통영초등학교
bizstory_push: sql = select * from push_member where push_id = 'neogjy@neolohas.net' and del_yn = 'N'
bizstory_push: [neogjy@neolohas.net] push_device_type = A, message = N, receipt = Y, work = Y, notice = Y, consult = Y
bizstory_push: sql = insert into push_history (send_key, comp_idx, part_idx, mem_idx, receiver_id, push_device_type, push_registration_id, receiver_name, service_type, msg_type, message, state, state_comment, request_time) values ( '20140217161139308755', 35, 40, 193, 'neogjy@neolohas.net', 'A', 'APA91bF3qc9GB7hs1L6vZmCLwaEWF5qCfrzk2HID-7xc87ei4BnxspDzYCOSLcix4fSKUlQTS0AeMjqVFuqVdCzlErIWqPCvN5WNo4E6SKSsVqokalIQj97ryaoGVacm3vXU-Yyh218RW3tr_U9K9DHPujSHldbvvQ', '고지윤', 'ios', 'receipt', '[대형웍스케이엔티(주)] 통영초등학교', '9', '', now())
bizstory_push: ** 20140217-161139
bizstory_push: sender=bizstorycokr@gmail.com, comp_idx=35, part_idx=40, mem_idx=193, receiver=neo@neolohas.net, msg_type=receipt, message=[대형웍스케이엔티(주)] 통영초등학교
bizstory_push: sql = select * from push_member where push_id = 'neo@neolohas.net' and del_yn = 'N'
bizstory_push: 등록되지 않은 사용자
bizstory_push: sql = insert into push_history (send_key, comp_idx, part_idx, mem_idx, receiver_id, receiver_name, service_type, msg_type, message, state, state_comment, request_time) values ( '20140217161139528148', 35, 40, 193, 'neo@neolohas.net', '', 'ios', 'receipt', '[대형웍스케이엔티(주)] 통영초등학교', '0', '등록되지 않은 사용자', now())
bizstory_push: ** 20140217-161139
bizstory_push: sender=bizstorycokr@gmail.com, comp_idx=35, part_idx=40, mem_idx=193, receiver=renosoft@naver.com, msg_type=receipt, message=[대형웍스케이엔티(주)] 통영초등학교
bizstory_push: sql = select * from push_member where push_id = 'renosoft@naver.com' and del_yn = 'N'
bizstory_push: [renosoft@naver.com] push_device_type = A, message = Y, receipt = Y, work = Y, notice = Y, consult = 
bizstory_push: sql = insert into push_history (send_key, comp_idx, part_idx, mem_idx, receiver_id, push_device_type, push_registration_id, receiver_name, service_type, msg_type, message, state, state_comment, request_time) values ( '20140217161139614445', 35, 40, 339, 'renosoft@naver.com', 'A', 'APA91bHm2Ukw4MzyAW-rJx_6Te6QQEus9wsAXjNdr5_JxbFJAM7gbTV6WX_bwP_w9vad6s6LHCLaNFYyrOmb45JPmoUPWGjtaorClNAmFT-9M8OHRQetg4lg5hGnPeUiPM8GlFOmx0dD4tYSoFMhaN6bHBUGHkCPiw', '유우종', 'ios', 'receipt', '[대형웍스케이엔티(주)] 통영초등학교', '9', '', now())
bizstory_push: ** 20140217-161139
bizstory_push: sender=bizstorycokr@gmail.com, comp_idx=35, part_idx=40, mem_idx=193, receiver=sagubee@naver.com, msg_type=receipt, message=[대형웍스케이엔티(주)] 통영초등학교
bizstory_push: sql = select * from push_member where push_id = 'sagubee@naver.com' and del_yn = 'N'
bizstory_push: [sagubee@naver.com] push_device_type = A, message = Y, receipt = Y, work = Y, notice = Y, consult = 
bizstory_push: sql = insert into push_history (send_key, comp_idx, part_idx, mem_idx, receiver_id, push_device_type, push_registration_id, receiver_name, service_type, msg_type, message, state, state_comment, request_time) values ( '20140217161139470975', 35, 40, 336, 'sagubee@naver.com', 'A', 'APA91bFwmNg54c8qGG017xYxDhH1TeeNpr-u9TjTpViEu79Wng98D3bYMNF61brbhMnHuASZ4W8eSZzn556eghJPj8rwO3mpM6i25swTcBP3jLZLK2CV-9G7dA_fkC8KWfgx1qknMIbVrhkulGRZJZ5qd_epdjvfyg', '양태원', 'ios', 'receipt', '[대형웍스케이엔티(주)] 통영초등학교', '9', '', now())
bizstory_push: ** 20140217-162613
bizstory_push: sender=bizstorycokr@gmail.com, comp_idx=5, part_idx=5, mem_idx=60, receiver=cndgh0506@naver.com, msg_type=receipt, message=[접수] [원호초등학교] 2연구실 프린터 에...
bizstory_push: sql = select * from push_member where push_id = 'cndgh0506@naver.com' and del_yn = 'N'
bizstory_push: [cndgh0506@naver.com] push_device_type = I, message = Y, receipt = Y, work = Y, notice = Y, consult = 
bizstory_push: sql = insert into push_history (send_key, comp_idx, part_idx, mem_idx, receiver_id, push_device_type, push_registration_id, receiver_name, service_type, msg_type, message, state, state_comment, request_time) values ( '20140217162613843436', 5, 5, 60, 'cndgh0506@naver.com', 'I', 'dc9650c20972f1bcfb7cbf6b4899d2e78469e202a6b548da1214a572294dcb1c', '박충호', 'ios', 'receipt', '[접수] [원호초등학교] 2연구실 프린터 에...', '9', '', now())
bizstory_push: ** 20140217-162613
bizstory_push: ** 20140217-163026
bizstory_push: sender=bizstorycokr@gmail.com, comp_idx=5, part_idx=5, mem_idx=83, receiver=cpui7@daum.net, msg_type=receipt, message=[접수] [봉곡초등학교] 과학실 빔 프로젝트...
bizstory_push: sql = select * from push_member where push_id = 'cpui7@daum.net' and del_yn = 'N'
bizstory_push: [cpui7@daum.net] push_device_type = A, message = Y, receipt = Y, work = Y, notice = Y, consult = 
bizstory_push: sql = insert into push_history (send_key, comp_idx, part_idx, mem_idx, receiver_id, push_device_type, push_registration_id, receiver_name, service_type, msg_type, message, state, state_comment, request_time) values ( '20140217163026563645', 5, 5, 83, 'cpui7@daum.net', 'A', 'APA91bEnh3lsA-Vk0Ps2_lF-3RA8DReacx8bjG_YFOvJD_Jqp30qEhjwqriJyjwcjmuenhpQTmfd2RgTvVQmR1gP0CE4Mp8-9MYKQW69uJ2WMjjzTFnr4ONmwR_Lxj-reU1DAHS6xbOVlHjw1SQPEZmvY-VK9hNPQWQ8byhRzn72jap0TCMkJpI', '황진섭', 'ios', 'receipt', '[접수] [봉곡초등학교] 과학실 빔 프로젝트...', '9', '', now())
bizstory_push: ** 20140217-163026
bizstory_push: ** 20140217-163623
bizstory_push: sender=bizstorycokr@gmail.com, comp_idx=13, part_idx=17, mem_idx=132, receiver=acp3748@greatworks.co.kr, msg_type=receipt, message=[접수] [창원남산고등학교] 도서관 접수처리중..
bizstory_push: sql = select * from push_member where push_id = 'acp3748@greatworks.co.kr' and del_yn = 'N'
bizstory_push: [acp3748@greatworks.co.kr] push_device_type = A, message = Y, receipt = Y, work = Y, notice = Y, consult = 
bizstory_push: sql = insert into push_history (send_key, comp_idx, part_idx, mem_idx, receiver_id, push_device_type, push_registration_id, receiver_name, service_type, msg_type, message, state, state_comment, request_time) values ( '20140217163623802649', 13, 17, 132, 'acp3748@greatworks.co.kr', 'A', 'APA91bFsP5_e0qv131gG_xdjgNaNlEuzear58Wn6ET4WKqDQVIpmpXG_vfgRPOp_3TNpI-nFv26PXofatq5mUvbp5E4i36ndYx9I_CUn1Y7dyeTiXbntvZUWtu6NOmuBGoSK24wT337LSwMpVIG5aIalEfEXebHY2p5HFGo3pfMTsH5KShFDL-M', '송대훈', 'ios', 'receipt', '[접수] [창원남산고등학교] 도서관 접수처리중..', '9', '', now())
bizstory_push: ** 20140217-163623
bizstory_push: ** 20140217-163844
bizstory_push: sender=bizstorycokr@gmail.com, comp_idx=1, part_idx=1, mem_idx=2, receiver=arachi76@naver.com, msg_type=message, message=[쪽지] 1차적으로 정리하여 올립니다
bizstory_push: sql = select * from push_member where push_id = 'arachi76@naver.com' and del_yn = 'N'
bizstory_push: [arachi76@naver.com] push_device_type = I, message = Y, receipt = Y, work = Y, notice = Y, consult = 
bizstory_push: sql = insert into push_history (send_key, comp_idx, part_idx, mem_idx, receiver_id, push_device_type, push_registration_id, receiver_name, service_type, msg_type, message, state, state_comment, request_time) values ( '20140217163844638495', 1, 1, 2, 'arachi76@naver.com', 'I', '4ac171c71134ac868a9ce0fc22b36a015dee461bf045a22792beff7d6246e27f', '서경원', 'ios', 'message', '[쪽지] 1차적으로 정리하여 올립니다', '9', '', now())
bizstory_push: ** 20140217-164326
bizstory_push: sender=bizstorycokr@gmail.com, comp_idx=5, part_idx=5, mem_idx=83, receiver=cpui7@daum.net, msg_type=receipt, message=[접수] [봉곡초등학교] 컴퓨터 점검
bizstory_push: sql = select * from push_member where push_id = 'cpui7@daum.net' and del_yn = 'N'
bizstory_push: [cpui7@daum.net] push_device_type = A, message = Y, receipt = Y, work = Y, notice = Y, consult = 
bizstory_push: sql = insert into push_history (send_key, comp_idx, part_idx, mem_idx, receiver_id, push_device_type, push_registration_id, receiver_name, service_type, msg_type, message, state, state_comment, request_time) values ( '20140217164326994347', 5, 5, 83, 'cpui7@daum.net', 'A', 'APA91bEnh3lsA-Vk0Ps2_lF-3RA8DReacx8bjG_YFOvJD_Jqp30qEhjwqriJyjwcjmuenhpQTmfd2RgTvVQmR1gP0CE4Mp8-9MYKQW69uJ2WMjjzTFnr4ONmwR_Lxj-reU1DAHS6xbOVlHjw1SQPEZmvY-VK9hNPQWQ8byhRzn72jap0TCMkJpI', '황진섭', 'ios', 'receipt', '[접수] [봉곡초등학교] 컴퓨터 점검', '9', '', now())
bizstory_push: ** 20140217-164326
bizstory_push: ** 20140217-164607
bizstory_push: sender=bizstorycokr@gmail.com, comp_idx=1, part_idx=1, mem_idx=2, receiver=arachi76@naver.com, msg_type=message, message=[쪽지] 2차적으로 다시 올려드립니다. 줄이 ..
bizstory_push: sql = select * from push_member where push_id = 'arachi76@naver.com' and del_yn = 'N'
bizstory_push: [arachi76@naver.com] push_device_type = I, message = Y, receipt = Y, work = Y, notice = Y, consult = 
bizstory_push: sql = insert into push_history (send_key, comp_idx, part_idx, mem_idx, receiver_id, push_device_type, push_registration_id, receiver_name, service_type, msg_type, message, state, state_comment, request_time) values ( '20140217164607155830', 1, 1, 2, 'arachi76@naver.com', 'I', '4ac171c71134ac868a9ce0fc22b36a015dee461bf045a22792beff7d6246e27f', '서경원', 'ios', 'message', '[쪽지] 2차적으로 다시 올려드립니다. 줄이 ..', '9', '', now())
bizstory_push: ** 20140217-164951
bizstory_push: sender=bizstorycokr@gmail.com, comp_idx=4, part_idx=4, mem_idx=25, receiver=ljy@naver.com, msg_type=receipt, message=[접수] [반석초등학교] 5학년 연구실 복사...
bizstory_push: sql = select * from push_member where push_id = 'ljy@naver.com' and del_yn = 'N'
bizstory_push: [ljy@naver.com] push_device_type = A, message = Y, receipt = Y, work = Y, notice = Y, consult = 
bizstory_push: sql = insert into push_history (send_key, comp_idx, part_idx, mem_idx, receiver_id, push_device_type, push_registration_id, receiver_name, service_type, msg_type, message, state, state_comment, request_time) values ( '20140217164951136709', 4, 4, 25, 'ljy@naver.com', 'A', 'APA91bFmDCE9My-xiRVpkNjb5GmFVqmiS2zb32GMB913gcNeWrg0Ae9y0t8XpHdOqZ4kRUWsG6dzFC_xVJ-bGZ0tnlLdufPxiQuDq5akAgB59tRehDJ_xCo57WLrHBZq8CyqMSn4BcVBWa_wNHq8-M7l_ttCcNZukg', '임주영', 'ios', 'receipt', '[접수] [반석초등학교] 5학년 연구실 복사...', '9', '', now())
bizstory_push: ** 20140217-164951
bizstory_push: ** 20140217-172916
bizstory_push: ** 20140217-173350
bizstory_push: sender=bizstorycokr@gmail.com, comp_idx=1, part_idx=1, mem_idx=528, receiver=ubman@ubstory.net, msg_type=receipt, message=[안양과천교육지원청(웅일)] 홈페이지 첫화면 이..
bizstory_push: sql = select * from push_member where push_id = 'ubman@ubstory.net' and del_yn = 'N'
bizstory_push: [ubman@ubstory.net] push_device_type = I, message = Y, receipt = Y, work = Y, notice = Y, consult = 
bizstory_push: sql = insert into push_history (send_key, comp_idx, part_idx, mem_idx, receiver_id, push_device_type, push_registration_id, receiver_name, service_type, msg_type, message, state, state_comment, request_time) values ( '20140217173350229295', 1, 1, 528, 'ubman@ubstory.net', 'I', 'eb74a58ff4ca7312a88f871acf0e88ced22d528ed841241ce169ef11f1bedab5', '고정균', 'ios', 'receipt', '[안양과천교육지원청(웅일)] 홈페이지 첫화면 이..', '9', '', now())
bizstory_push: ** 20140217-173444
bizstory_push: sender=bizstorycokr@gmail.com, comp_idx=1, part_idx=1, mem_idx=528, receiver=ubman@ubstory.net, msg_type=receipt, message=[안양과천교육지원청(웅일)] 인사자료 보내드립니..
bizstory_push: sql = select * from push_member where push_id = 'ubman@ubstory.net' and del_yn = 'N'
bizstory_push: [ubman@ubstory.net] push_device_type = I, message = Y, receipt = Y, work = Y, notice = Y, consult = 
bizstory_push: sql = insert into push_history (send_key, comp_idx, part_idx, mem_idx, receiver_id, push_device_type, push_registration_id, receiver_name, service_type, msg_type, message, state, state_comment, request_time) values ( '20140217173444435825', 1, 1, 528, 'ubman@ubstory.net', 'I', 'eb74a58ff4ca7312a88f871acf0e88ced22d528ed841241ce169ef11f1bedab5', '고정균', 'ios', 'receipt', '[안양과천교육지원청(웅일)] 인사자료 보내드립니..', '9', '', now())
bizstory_push: ** 20140217-173620
bizstory_push: sender=bizstorycokr@gmail.com, comp_idx=1, part_idx=1, mem_idx=528, receiver=ubman@ubstory.net, msg_type=receipt, message=[경기도교육청학부모지원] 담당자 전화번호 변..
bizstory_push: sql = select * from push_member where push_id = 'ubman@ubstory.net' and del_yn = 'N'
bizstory_push: [ubman@ubstory.net] push_device_type = I, message = Y, receipt = Y, work = Y, notice = Y, consult = 
bizstory_push: sql = insert into push_history (send_key, comp_idx, part_idx, mem_idx, receiver_id, push_device_type, push_registration_id, receiver_name, service_type, msg_type, message, state, state_comment, request_time) values ( '20140217173620301139', 1, 1, 528, 'ubman@ubstory.net', 'I', 'eb74a58ff4ca7312a88f871acf0e88ced22d528ed841241ce169ef11f1bedab5', '고정균', 'ios', 'receipt', '[경기도교육청학부모지원] 담당자 전화번호 변..', '9', '', now())
bizstory_push: ** 20140217-180152
bizstory_push: sender=bizstorycokr@gmail.com, comp_idx=1, part_idx=1, mem_idx=528, receiver=ubman@ubstory.net, msg_type=receipt, message=[접수] [평택대학교] 메인 홈페이지
bizstory_push: sql = select * from push_member where push_id = 'ubman@ubstory.net' and del_yn = 'N'
bizstory_push: [ubman@ubstory.net] push_device_type = I, message = Y, receipt = Y, work = Y, notice = Y, consult = 
bizstory_push: sql = insert into push_history (send_key, comp_idx, part_idx, mem_idx, receiver_id, push_device_type, push_registration_id, receiver_name, service_type, msg_type, message, state, state_comment, request_time) values ( '20140217180152459501', 1, 1, 528, 'ubman@ubstory.net', 'I', 'eb74a58ff4ca7312a88f871acf0e88ced22d528ed841241ce169ef11f1bedab5', '고정균', 'ios', 'receipt', '[접수] [평택대학교] 메인 홈페이지', '9', '', now())
bizstory_push: ** 20140217-180152
bizstory_push: ** 20140217-182157
bizstory_push: sender=bizstorycokr@gmail.com, comp_idx=0, part_idx=0, mem_idx=0, receiver=, msg_type=work, message=[업무보고] 평택대학교 본교 홈페이지
bizstory_push: sql = select * from push_member where push_id = '' and del_yn = 'N'
bizstory_push: 등록되지 않은 사용자
bizstory_push: sql = insert into push_history (send_key, comp_idx, part_idx, mem_idx, receiver_id, receiver_name, service_type, msg_type, message, state, state_comment, request_time) values ( '20140217182157931009', 0, 0, 0, '', '', 'ios', 'work', '[업무보고] 평택대학교 본교 홈페이지', '0', '등록되지 않은 사용자', now())
bizstory_push: ** 20140217-191406
bizstory_push: sender=bizstorycokr@gmail.com, comp_idx=0, part_idx=0, mem_idx=0, receiver=, msg_type=work, message=[업무보고] 평택대학교 본교 홈페이지
bizstory_push: sql = select * from push_member where push_id = '' and del_yn = 'N'
bizstory_push: 등록되지 않은 사용자
bizstory_push: sql = insert into push_history (send_key, comp_idx, part_idx, mem_idx, receiver_id, receiver_name, service_type, msg_type, message, state, state_comment, request_time) values ( '20140217191406446463', 0, 0, 0, '', '', 'ios', 'work', '[업무보고] 평택대학교 본교 홈페이지', '0', '등록되지 않은 사용자', now())
bizstory_push: ** 20140217-193525
bizstory_push: sender=bizstorycokr@gmail.com, comp_idx=1, part_idx=1, mem_idx=2, receiver=arachi76@naver.com, msg_type=work, message=[업무보고] 전주비전대학교 본교사이트
bizstory_push: sql = select * from push_member where push_id = 'arachi76@naver.com' and del_yn = 'N'
bizstory_push: [arachi76@naver.com] push_device_type = I, message = Y, receipt = Y, work = Y, notice = Y, consult = 
bizstory_push: sql = insert into push_history (send_key, comp_idx, part_idx, mem_idx, receiver_id, push_device_type, push_registration_id, receiver_name, service_type, msg_type, message, state, state_comment, request_time) values ( '20140217193525637640', 1, 1, 2, 'arachi76@naver.com', 'I', '4ac171c71134ac868a9ce0fc22b36a015dee461bf045a22792beff7d6246e27f', '서경원', 'ios', 'work', '[업무보고] 전주비전대학교 본교사이트', '9', '', now())
bizstory_push: sender=bizstorycokr@gmail.com, comp_idx=1, part_idx=1, mem_idx=529, receiver=berbucks@nate.com, msg_type=work, message=[업무보고] 전주비전대학교 본교사이트
bizstory_push: sql = select * from push_member where push_id = 'berbucks@nate.com' and del_yn = 'N'
bizstory_push: [berbucks@nate.com] push_device_type = I, message = Y, receipt = Y, work = Y, notice = Y, consult = 
bizstory_push: sql = insert into push_history (send_key, comp_idx, part_idx, mem_idx, receiver_id, push_device_type, push_registration_id, receiver_name, service_type, msg_type, message, state, state_comment, request_time) values ( '20140217193525370923', 1, 1, 529, 'berbucks@nate.com', 'I', '1efced7c9fbbd2e0cf09aea0abd1eefd00f7e97437531354b77529a62902ae49', '김진오', 'ios', 'work', '[업무보고] 전주비전대학교 본교사이트', '9', '', now())
bizstory_push: sender=bizstorycokr@gmail.com, comp_idx=1, part_idx=1, mem_idx=560, receiver=tru_luv@naver.com, msg_type=work, message=[업무보고] 전주비전대학교 본교사이트
bizstory_push: sql = select * from push_member where push_id = 'tru_luv@naver.com' and del_yn = 'N'
bizstory_push: 등록되지 않은 사용자
bizstory_push: sql = insert into push_history (send_key, comp_idx, part_idx, mem_idx, receiver_id, receiver_name, service_type, msg_type, message, state, state_comment, request_time) values ( '20140217193525382945', 1, 1, 560, 'tru_luv@naver.com', '', 'ios', 'work', '[업무보고] 전주비전대학교 본교사이트', '0', '등록되지 않은 사용자', now())
bizstory_push: sender=bizstorycokr@gmail.com, comp_idx=0, part_idx=0, mem_idx=0, receiver=, msg_type=work, message=[업무보고] 전주비전대학교 본교사이트
bizstory_push: sql = select * from push_member where push_id = '' and del_yn = 'N'
bizstory_push: 등록되지 않은 사용자
bizstory_push: sql = insert into push_history (send_key, comp_idx, part_idx, mem_idx, receiver_id, receiver_name, service_type, msg_type, message, state, state_comment, request_time) values ( '20140217193525738531', 0, 0, 0, '', '', 'ios', 'work', '[업무보고] 전주비전대학교 본교사이트', '0', '등록되지 않은 사용자', now())
