bizstory_push: ** 20140625-003326
bizstory_push: sender=bizstorycokr@gmail.com, comp_idx=1, part_idx=1, mem_idx=195, receiver=kyunni@naver.com, msg_type=message, message=[쪽지] test
bizstory_push: sql = select * from push_member where push_id = 'kyunni@naver.com' and del_yn = 'N'
bizstory_push: [kyunni@naver.com] push_device_type = I, message = N, receipt = Y, work = N, notice = Y, consult = N
bizstory_push: sql = insert into push_history (send_key, comp_idx, part_idx, mem_idx, receiver_id, push_device_type, push_registration_id, receiver_name, service_type, msg_type, message, state, state_comment, request_time) values ( '20140625003326423844', 1, 1, 195, 'kyunni@naver.com', 'I', '0502603e2a72386cb810f11191531b9e41cec340f798416d2a57959044c38925', '고동원', 'ios', 'message', '[쪽지] test', '9', '', now())
bizstory_push: ** 20140625-003719
bizstory_push: sender=bizstorycokr@gmail.com, comp_idx=1, part_idx=1, mem_idx=195, receiver=kyunni@naver.com, msg_type=message, message=[쪽지] test2
bizstory_push: sql = select * from push_member where push_id = 'kyunni@naver.com' and del_yn = 'N'
bizstory_push: [kyunni@naver.com] push_device_type = I, message = N, receipt = Y, work = N, notice = Y, consult = N
bizstory_push: sql = insert into push_history (send_key, comp_idx, part_idx, mem_idx, receiver_id, push_device_type, push_registration_id, receiver_name, service_type, msg_type, message, state, state_comment, request_time) values ( '20140625003719912167', 1, 1, 195, 'kyunni@naver.com', 'I', '0502603e2a72386cb810f11191531b9e41cec340f798416d2a57959044c38925', '고동원', 'ios', 'message', '[쪽지] test2', '9', '', now())
bizstory_push: ** 20140625-104206
bizstory_push: sender=bizstorycokr@gmail.com, comp_idx=1, part_idx=1, mem_idx=195, receiver=kyunni@naver.com, msg_type=message, message=[쪽지] ddd
bizstory_push: sql = select * from push_member where push_id = 'kyunni@naver.com' and del_yn = 'N'
bizstory_push: [kyunni@naver.com] push_device_type = I, message = N, receipt = Y, work = N, notice = Y, consult = N
bizstory_push: sql = insert into push_history (send_key, comp_idx, part_idx, mem_idx, receiver_id, push_device_type, push_registration_id, receiver_name, service_type, msg_type, message, state, state_comment, request_time) values ( '20140625104206841991', 1, 1, 195, 'kyunni@naver.com', 'I', '0502603e2a72386cb810f11191531b9e41cec340f798416d2a57959044c38925', '고동원', 'ios', 'message', '[쪽지] ddd', '9', '', now())
bizstory_push: ** 20140625-105504
bizstory_push: sender=bizstorycokr@gmail.com, comp_idx=1, part_idx=1, mem_idx=195, receiver=kyunni@naver.com, msg_type=message, message=[쪽지] ㅅㄷㄴㅅ
bizstory_push: sql = select * from push_member where push_id = 'kyunni@naver.com' and del_yn = 'N'
bizstory_push: [kyunni@naver.com] push_device_type = I, message = Y, receipt = Y, work = Y, notice = Y, consult = 
bizstory_push: sql = insert into push_history (send_key, comp_idx, part_idx, mem_idx, receiver_id, push_device_type, push_registration_id, receiver_name, service_type, msg_type, message, state, state_comment, request_time) values ( '20140625105504697140', 1, 1, 195, 'kyunni@naver.com', 'I', '0502603e2a72386cb810f11191531b9e41cec340f798416d2a57959044c38925', '고동원', 'ios', 'message', '[쪽지] ㅅㄷㄴㅅ', '9', '', now())
bizstory_push: ** 20140625-113047
bizstory_push: sender=bizstorycokr@gmail.com, comp_idx=1, part_idx=1, mem_idx=195, receiver=kyunni@naver.com, msg_type=message, message=[쪽지] test
bizstory_push: sql = select * from push_member where push_id = 'kyunni@naver.com' and del_yn = 'N'
bizstory_push: [kyunni@naver.com] push_device_type = I, message = Y, receipt = Y, work = Y, notice = Y, consult = 
bizstory_push: sql = insert into push_history (send_key, comp_idx, part_idx, mem_idx, receiver_id, push_device_type, push_registration_id, receiver_name, service_type, msg_type, message, state, state_comment, request_time) values ( '20140625113047895333', 1, 1, 195, 'kyunni@naver.com', 'I', '0502603e2a72386cb810f11191531b9e41cec340f798416d2a57959044c38925', '고동원', 'ios', 'message', '[쪽지] test', '9', '', now())
