bizstory_push: ** 20140427-125745
bizstory_push: sender=bizstorycokr@gmail.com, comp_idx=1, part_idx=1, mem_idx=528, receiver=ubman@ubstory.net, msg_type=receipt, message=[국립중앙과학관] 안녕하세요.
bizstory_push: sql = select * from push_member where push_id = 'ubman@ubstory.net' and del_yn = 'N'
bizstory_push: [ubman@ubstory.net] push_device_type = I, message = Y, receipt = Y, work = Y, notice = Y, consult = 
bizstory_push: sql = insert into push_history (send_key, comp_idx, part_idx, mem_idx, receiver_id, push_device_type, push_registration_id, receiver_name, service_type, msg_type, message, state, state_comment, request_time) values ( '20140427125745967090', 1, 1, 528, 'ubman@ubstory.net', 'I', 'eb74a58ff4ca7312a88f871acf0e88ced22d528ed841241ce169ef11f1bedab5', '고정균', 'ios', 'receipt', '[국립중앙과학관] 안녕하세요.', '9', '', now())
bizstory_push: ** 20140427-125910
bizstory_push: sender=bizstorycokr@gmail.com, comp_idx=1, part_idx=1, mem_idx=528, receiver=ubman@ubstory.net, msg_type=receipt, message=[(주)북션커뮤니케이션] 관리자 페이지 주문..
bizstory_push: sql = select * from push_member where push_id = 'ubman@ubstory.net' and del_yn = 'N'
bizstory_push: [ubman@ubstory.net] push_device_type = I, message = Y, receipt = Y, work = Y, notice = Y, consult = 
bizstory_push: sql = insert into push_history (send_key, comp_idx, part_idx, mem_idx, receiver_id, push_device_type, push_registration_id, receiver_name, service_type, msg_type, message, state, state_comment, request_time) values ( '20140427125910142944', 1, 1, 528, 'ubman@ubstory.net', 'I', 'eb74a58ff4ca7312a88f871acf0e88ced22d528ed841241ce169ef11f1bedab5', '고정균', 'ios', 'receipt', '[(주)북션커뮤니케이션] 관리자 페이지 주문..', '9', '', now())
bizstory_push: ** 20140427-130118
bizstory_push: ** 20140427-130246
bizstory_push: sender=bizstorycokr@gmail.com, comp_idx=1, part_idx=1, mem_idx=528, receiver=ubman@ubstory.net, msg_type=receipt, message=[평택보건소(다현)] 홈페지 수정 요청
bizstory_push: sql = select * from push_member where push_id = 'ubman@ubstory.net' and del_yn = 'N'
bizstory_push: [ubman@ubstory.net] push_device_type = I, message = Y, receipt = Y, work = Y, notice = Y, consult = 
bizstory_push: sql = insert into push_history (send_key, comp_idx, part_idx, mem_idx, receiver_id, push_device_type, push_registration_id, receiver_name, service_type, msg_type, message, state, state_comment, request_time) values ( '20140427130246663309', 1, 1, 528, 'ubman@ubstory.net', 'I', 'eb74a58ff4ca7312a88f871acf0e88ced22d528ed841241ce169ef11f1bedab5', '고정균', 'ios', 'receipt', '[평택보건소(다현)] 홈페지 수정 요청', '9', '', now())
bizstory_push: ** 20140427-130305
bizstory_push: sender=bizstorycokr@gmail.com, comp_idx=1, part_idx=1, mem_idx=528, receiver=ubman@ubstory.net, msg_type=receipt, message=[평택보건소(다현)] 홈페이지 수정요청
bizstory_push: sql = select * from push_member where push_id = 'ubman@ubstory.net' and del_yn = 'N'
bizstory_push: [ubman@ubstory.net] push_device_type = I, message = Y, receipt = Y, work = Y, notice = Y, consult = 
bizstory_push: sql = insert into push_history (send_key, comp_idx, part_idx, mem_idx, receiver_id, push_device_type, push_registration_id, receiver_name, service_type, msg_type, message, state, state_comment, request_time) values ( '20140427130305645875', 1, 1, 528, 'ubman@ubstory.net', 'I', 'eb74a58ff4ca7312a88f871acf0e88ced22d528ed841241ce169ef11f1bedab5', '고정균', 'ios', 'receipt', '[평택보건소(다현)] 홈페이지 수정요청', '9', '', now())
bizstory_push: ** 20140427-130351
bizstory_push: sender=bizstorycokr@gmail.com, comp_idx=1, part_idx=1, mem_idx=528, receiver=ubman@ubstory.net, msg_type=receipt, message=[안산방과후학교지원센터] SSL용 보안서버 ..
bizstory_push: sql = select * from push_member where push_id = 'ubman@ubstory.net' and del_yn = 'N'
bizstory_push: [ubman@ubstory.net] push_device_type = I, message = Y, receipt = Y, work = Y, notice = Y, consult = 
bizstory_push: sql = insert into push_history (send_key, comp_idx, part_idx, mem_idx, receiver_id, push_device_type, push_registration_id, receiver_name, service_type, msg_type, message, state, state_comment, request_time) values ( '20140427130351170148', 1, 1, 528, 'ubman@ubstory.net', 'I', 'eb74a58ff4ca7312a88f871acf0e88ced22d528ed841241ce169ef11f1bedab5', '고정균', 'ios', 'receipt', '[안산방과후학교지원센터] SSL용 보안서버 ..', '9', '', now())
bizstory_push: ** 20140427-130436
bizstory_push: sender=bizstorycokr@gmail.com, comp_idx=1, part_idx=1, mem_idx=528, receiver=ubman@ubstory.net, msg_type=receipt, message=[의정부교육지원청] 원격접속 허용 신청
bizstory_push: sql = select * from push_member where push_id = 'ubman@ubstory.net' and del_yn = 'N'
bizstory_push: [ubman@ubstory.net] push_device_type = I, message = Y, receipt = Y, work = Y, notice = Y, consult = 
bizstory_push: sql = insert into push_history (send_key, comp_idx, part_idx, mem_idx, receiver_id, push_device_type, push_registration_id, receiver_name, service_type, msg_type, message, state, state_comment, request_time) values ( '20140427130436660685', 1, 1, 528, 'ubman@ubstory.net', 'I', 'eb74a58ff4ca7312a88f871acf0e88ced22d528ed841241ce169ef11f1bedab5', '고정균', 'ios', 'receipt', '[의정부교육지원청] 원격접속 허용 신청', '9', '', now())
bizstory_push: ** 20140427-130545
bizstory_push: sender=bizstorycokr@gmail.com, comp_idx=1, part_idx=1, mem_idx=394, receiver=hidesb@naver.com, msg_type=receipt, message=[담당자변경] 로그인 후 글 등록시 로그인한 계정의..
bizstory_push: sql = select * from push_member where push_id = 'hidesb@naver.com' and del_yn = 'N'
bizstory_push: 등록되지 않은 사용자
bizstory_push: sql = insert into push_history (send_key, comp_idx, part_idx, mem_idx, receiver_id, receiver_name, service_type, msg_type, message, state, state_comment, request_time) values ( '20140427130545626106', 1, 1, 394, 'hidesb@naver.com', '', 'ios', 'receipt', '[담당자변경] 로그인 후 글 등록시 로그인한 계정의..', '0', '등록되지 않은 사용자', now())
bizstory_push: ** 20140427-144619
bizstory_push: sender=bizstorycokr@gmail.com, comp_idx=67, part_idx=145, mem_idx=474, receiver=drfac@nate.com, msg_type=receipt, message=[접수] [자운고등학교] 공부방 인터넷 연결
bizstory_push: sql = select * from push_member where push_id = 'drfac@nate.com' and del_yn = 'N'
bizstory_push: [drfac@nate.com] push_device_type = A, message = Y, receipt = Y, work = Y, notice = Y, consult = 
bizstory_push: sql = insert into push_history (send_key, comp_idx, part_idx, mem_idx, receiver_id, push_device_type, push_registration_id, receiver_name, service_type, msg_type, message, state, state_comment, request_time) values ( '20140427144619515579', 67, 145, 474, 'drfac@nate.com', 'A', 'APA91bHUnNVLjWW6nVmZgs9w6dYFrNoubZwbGGe7vH9XBItk006nYH30BhGj4o7zV-NUHFa31Ft5ubFUyWxCSLKYlhSNK1iZQepBBwZO9NhTdgpoKhsXIT1s760ACcZJwB-9T1POJVMfQ5Q4ZrHimagg0-2iG7V1tDSE2OKaci0w4h0RLH7SGiE', '황성준', 'ios', 'receipt', '[접수] [자운고등학교] 공부방 인터넷 연결', '9', '', now())
bizstory_push: ** 20140427-144619
