bizstory_push: ** 20140222-132931
bizstory_push: sender=bizstorycokr@gmail.com, comp_idx=58, part_idx=109, mem_idx=395, receiver=ljk0910@hanmail.net, msg_type=receipt, message=[접수] [관양중학교] 컴퓨터 소리가 심하..
bizstory_push: sql = select * from push_member where push_id = 'ljk0910@hanmail.net' and del_yn = 'N'
bizstory_push: [ljk0910@hanmail.net] push_device_type = A, message = Y, receipt = Y, work = Y, notice = Y, consult = 
bizstory_push: sql = insert into push_history (send_key, comp_idx, part_idx, mem_idx, receiver_id, push_device_type, push_registration_id, receiver_name, service_type, msg_type, message, state, state_comment, request_time) values ( '20140222132931922307', 58, 109, 395, 'ljk0910@hanmail.net', 'A', 'APA91bH7R-gnDi9W_vZwx7qhd8mic7-QvfmY2TBdbBU6z_hPKHh8e4RP1VEYSjHe9PAQKb78ulRf0qgC9LslPu7woKb03w1WVvdT4EMcvEoW7SmawLo59zFWDw2NC0WhJd92LprHU_SX2r7J6b-MyDZ6YXaygp6DMg', '이진규', 'ios', 'receipt', '[접수] [관양중학교] 컴퓨터 소리가 심하..', '9', '', now())
bizstory_push: ** 20140222-132931
bizstory_push: ** 20140222-145820
bizstory_push: sender=bizstorycokr@gmail.com, comp_idx=1, part_idx=1, mem_idx=2, receiver=arachi76@naver.com, msg_type=work, message=[업무보고] 완료보고회 준비
bizstory_push: sql = select * from push_member where push_id = 'arachi76@naver.com' and del_yn = 'N'
bizstory_push: [arachi76@naver.com] push_device_type = I, message = Y, receipt = Y, work = Y, notice = Y, consult = 
bizstory_push: sql = insert into push_history (send_key, comp_idx, part_idx, mem_idx, receiver_id, push_device_type, push_registration_id, receiver_name, service_type, msg_type, message, state, state_comment, request_time) values ( '20140222145820371101', 1, 1, 2, 'arachi76@naver.com', 'I', '4ac171c71134ac868a9ce0fc22b36a015dee461bf045a22792beff7d6246e27f', '서경원', 'ios', 'work', '[업무보고] 완료보고회 준비', '9', '', now())
bizstory_push: sender=bizstorycokr@gmail.com, comp_idx=1, part_idx=1, mem_idx=15, receiver=naryong82@nate.com, msg_type=work, message=[업무보고] 완료보고회 준비
bizstory_push: sql = select * from push_member where push_id = 'naryong82@nate.com' and del_yn = 'N'
bizstory_push: [naryong82@nate.com] push_device_type = A, message = Y, receipt = Y, work = Y, notice = Y, consult = 
bizstory_push: sql = insert into push_history (send_key, comp_idx, part_idx, mem_idx, receiver_id, push_device_type, push_registration_id, receiver_name, service_type, msg_type, message, state, state_comment, request_time) values ( '20140222145820671776', 1, 1, 15, 'naryong82@nate.com', 'A', 'APA91bFnDKOgvIE0VcFKm_MCcfTlL8s5RacuOJ2hIc-YLQT62KLh2qescudxh9Fn_hlo8-xsartrIiSN_txHoM2khirrNK0n2wTnHfbo1Z40iWYgMqMqwLPVpmPGDxjGRnESCwDmDRBZC0JOQsFFMBjvpkTBZv56Ag', '김나영', 'ios', 'work', '[업무보고] 완료보고회 준비', '9', '', now())
bizstory_push: sender=bizstorycokr@gmail.com, comp_idx=1, part_idx=1, mem_idx=195, receiver=kyunni@naver.com, msg_type=work, message=[업무보고] 완료보고회 준비
bizstory_push: sql = select * from push_member where push_id = 'kyunni@naver.com' and del_yn = 'N'
bizstory_push: [kyunni@naver.com] push_device_type = I, message = Y, receipt = Y, work = Y, notice = Y, consult = 
bizstory_push: sql = insert into push_history (send_key, comp_idx, part_idx, mem_idx, receiver_id, push_device_type, push_registration_id, receiver_name, service_type, msg_type, message, state, state_comment, request_time) values ( '20140222145820695983', 1, 1, 195, 'kyunni@naver.com', 'I', '0502603e2a72386cb810f11191531b9e41cec340f798416d2a57959044c38925', '고동원', 'ios', 'work', '[업무보고] 완료보고회 준비', '9', '', now())
bizstory_push: sender=bizstorycokr@gmail.com, comp_idx=1, part_idx=1, mem_idx=529, receiver=berbucks@nate.com, msg_type=work, message=[업무보고] 완료보고회 준비
bizstory_push: sql = select * from push_member where push_id = 'berbucks@nate.com' and del_yn = 'N'
bizstory_push: [berbucks@nate.com] push_device_type = I, message = Y, receipt = Y, work = Y, notice = Y, consult = 
bizstory_push: sql = insert into push_history (send_key, comp_idx, part_idx, mem_idx, receiver_id, push_device_type, push_registration_id, receiver_name, service_type, msg_type, message, state, state_comment, request_time) values ( '20140222145820281397', 1, 1, 529, 'berbucks@nate.com', 'I', '1efced7c9fbbd2e0cf09aea0abd1eefd00f7e97437531354b77529a62902ae49', '김진오', 'ios', 'work', '[업무보고] 완료보고회 준비', '9', '', now())
bizstory_push: sender=bizstorycokr@gmail.com, comp_idx=0, part_idx=0, mem_idx=0, receiver=, msg_type=work, message=[업무보고] 완료보고회 준비
bizstory_push: sql = select * from push_member where push_id = '' and del_yn = 'N'
bizstory_push: 등록되지 않은 사용자
bizstory_push: sql = insert into push_history (send_key, comp_idx, part_idx, mem_idx, receiver_id, receiver_name, service_type, msg_type, message, state, state_comment, request_time) values ( '20140222145820372577', 0, 0, 0, '', '', 'ios', 'work', '[업무보고] 완료보고회 준비', '0', '등록되지 않은 사용자', now())
bizstory_push: ** 20140222-152148
bizstory_push: sender=bizstorycokr@gmail.com, comp_idx=1, part_idx=1, mem_idx=2, receiver=arachi76@naver.com, msg_type=work, message=[업무보고] 전주비전대학교 본교사이트
bizstory_push: sql = select * from push_member where push_id = 'arachi76@naver.com' and del_yn = 'N'
bizstory_push: [arachi76@naver.com] push_device_type = I, message = Y, receipt = Y, work = Y, notice = Y, consult = 
bizstory_push: sql = insert into push_history (send_key, comp_idx, part_idx, mem_idx, receiver_id, push_device_type, push_registration_id, receiver_name, service_type, msg_type, message, state, state_comment, request_time) values ( '20140222152148156689', 1, 1, 2, 'arachi76@naver.com', 'I', '4ac171c71134ac868a9ce0fc22b36a015dee461bf045a22792beff7d6246e27f', '서경원', 'ios', 'work', '[업무보고] 전주비전대학교 본교사이트', '9', '', now())
bizstory_push: sender=bizstorycokr@gmail.com, comp_idx=1, part_idx=1, mem_idx=529, receiver=berbucks@nate.com, msg_type=work, message=[업무보고] 전주비전대학교 본교사이트
bizstory_push: sql = select * from push_member where push_id = 'berbucks@nate.com' and del_yn = 'N'
bizstory_push: [berbucks@nate.com] push_device_type = I, message = Y, receipt = Y, work = Y, notice = Y, consult = 
bizstory_push: sql = insert into push_history (send_key, comp_idx, part_idx, mem_idx, receiver_id, push_device_type, push_registration_id, receiver_name, service_type, msg_type, message, state, state_comment, request_time) values ( '20140222152148124367', 1, 1, 529, 'berbucks@nate.com', 'I', '1efced7c9fbbd2e0cf09aea0abd1eefd00f7e97437531354b77529a62902ae49', '김진오', 'ios', 'work', '[업무보고] 전주비전대학교 본교사이트', '9', '', now())
bizstory_push: sender=bizstorycokr@gmail.com, comp_idx=1, part_idx=1, mem_idx=560, receiver=tru_luv@naver.com, msg_type=work, message=[업무보고] 전주비전대학교 본교사이트
bizstory_push: sql = select * from push_member where push_id = 'tru_luv@naver.com' and del_yn = 'N'
bizstory_push: 등록되지 않은 사용자
bizstory_push: sql = insert into push_history (send_key, comp_idx, part_idx, mem_idx, receiver_id, receiver_name, service_type, msg_type, message, state, state_comment, request_time) values ( '20140222152148293948', 1, 1, 560, 'tru_luv@naver.com', '', 'ios', 'work', '[업무보고] 전주비전대학교 본교사이트', '0', '등록되지 않은 사용자', now())
bizstory_push: sender=bizstorycokr@gmail.com, comp_idx=0, part_idx=0, mem_idx=0, receiver=, msg_type=work, message=[업무보고] 전주비전대학교 본교사이트
bizstory_push: sql = select * from push_member where push_id = '' and del_yn = 'N'
bizstory_push: 등록되지 않은 사용자
bizstory_push: sql = insert into push_history (send_key, comp_idx, part_idx, mem_idx, receiver_id, receiver_name, service_type, msg_type, message, state, state_comment, request_time) values ( '20140222152148495657', 0, 0, 0, '', '', 'ios', 'work', '[업무보고] 전주비전대학교 본교사이트', '0', '등록되지 않은 사용자', now())
