
bizstory_push: ** 20121003-085448

bizstory_push: ** 20121003-085519
bizstory_push: sender=bizstorycokr@gmail.com, comp_idx=9, part_idx=10, mem_idx=54, receiver=coke@infonuri.com, msg_type=work, message=[업무] 유비스토리 매뉴얼
bizstory_push: sql = select * from push_member where push_id = 'coke@infonuri.com' and del_yn = 'N'
bizstory_push: [coke@infonuri.com] push_device_type = I, message = Y, receipt = Y, work = Y, notice = Y
bizstory_push: APNS PUSH

bizstory_push: ** 20121003-123612
bizstory_push: sender=bizstorycokr@gmail.com, comp_idx=9, part_idx=10, mem_idx=52, receiver=dansoo7@hanmail.net, msg_type=work, message=[업무코멘트] 유비스토리 매뉴얼
bizstory_push: sql = select * from push_member where push_id = 'dansoo7@hanmail.net' and del_yn = 'N'
bizstory_push: [dansoo7@hanmail.net] push_device_type = I, message = Y, receipt = Y, work = Y, notice = Y
bizstory_push: APNS PUSH
bizstory_push: sender=bizstorycokr@gmail.com, comp_idx=9, part_idx=10, mem_idx=52, receiver=, msg_type=work, message=[업무코멘트] 유비스토리 매뉴얼
bizstory_push: sql = select * from push_member where push_id = '' and del_yn = 'N'
bizstory_push: 등록되지 않은 사용자
bizstory_push: sql = insert into push_history (send_key, comp_idx, part_idx, mem_idx, receiver_id, receiver_name, service_type, msg_type, message, state, state_comment, request_time) values ( '20121003123614101794', 9, 10, 52, '', '', 'ios', 'work', '[업무코멘트] 유비스토리 매뉴얼', '0', '등록되지 않은 사용자', now())

bizstory_push: ** 20121003-154243
bizstory_push: sender=bizstorycokr@gmail.com, comp_idx=1, part_idx=1, mem_idx=2, receiver=, msg_type=work, message=[업무보고] 뷰스토리 관련 모든업무는 이곳에서 공..
bizstory_push: sql = select * from push_member where push_id = '' and del_yn = 'N'
bizstory_push: 등록되지 않은 사용자
bizstory_push: sql = insert into push_history (send_key, comp_idx, part_idx, mem_idx, receiver_id, receiver_name, service_type, msg_type, message, state, state_comment, request_time) values ( '20121003154243789966', 1, 1, 2, '', '', 'ios', 'work', '[업무보고] 뷰스토리 관련 모든업무는 이곳에서 공..', '0', '등록되지 않은 사용자', now())
bizstory_push: sender=bizstorycokr@gmail.com, comp_idx=1, part_idx=1, mem_idx=2, receiver=yukki76@nate.com, msg_type=work, message=[업무보고] 뷰스토리 관련 모든업무는 이곳에서 공..
bizstory_push: sql = select * from push_member where push_id = 'yukki76@nate.com' and del_yn = 'N'
bizstory_push: [yukki76@nate.com] push_device_type = I, message = Y, receipt = Y, work = Y, notice = Y
bizstory_push: APNS PUSH
bizstory_push: [yukki76@nate.com] push_device_type = I, message = Y, receipt = Y, work = Y, notice = Y
bizstory_push: APNS PUSH
bizstory_push: [yukki76@nate.com] push_device_type = I, message = Y, receipt = Y, work = Y, notice = Y
bizstory_push: APNS PUSH
bizstory_push: sender=bizstorycokr@gmail.com, comp_idx=1, part_idx=1, mem_idx=2, receiver=hidesb@naver.com, msg_type=work, message=[업무보고] 뷰스토리 관련 모든업무는 이곳에서 공..
bizstory_push: sql = select * from push_member where push_id = 'hidesb@naver.com' and del_yn = 'N'
bizstory_push: [hidesb@naver.com] push_device_type = I, message = Y, receipt = Y, work = Y, notice = Y
bizstory_push: APNS PUSH
bizstory_push: [hidesb@naver.com] push_device_type = I, message = Y, receipt = Y, work = Y, notice = Y
bizstory_push: APNS PUSH
bizstory_push: sender=bizstorycokr@gmail.com, comp_idx=1, part_idx=1, mem_idx=2, receiver=i2day@naver.com, msg_type=work, message=[업무보고] 뷰스토리 관련 모든업무는 이곳에서 공..
bizstory_push: sql = select * from push_member where push_id = 'i2day@naver.com' and del_yn = 'N'
bizstory_push: [i2day@naver.com] push_device_type = A, message = Y, receipt = Y, work = Y, notice = Y
bizstory_push: [i2day@naver.com] push_device_type = I, message = Y, receipt = Y, work = Y, notice = Y
bizstory_push: APNS PUSH
bizstory_push: sender=bizstorycokr@gmail.com, comp_idx=1, part_idx=1, mem_idx=2, receiver=naryong82@nate.com, msg_type=work, message=[업무보고] 뷰스토리 관련 모든업무는 이곳에서 공..
bizstory_push: sql = select * from push_member where push_id = 'naryong82@nate.com' and del_yn = 'N'
bizstory_push: [naryong82@nate.com] push_device_type = I, message = Y, receipt = Y, work = Y, notice = Y
bizstory_push: APNS PUSH
bizstory_push: [naryong82@nate.com] push_device_type = I, message = Y, receipt = Y, work = Y, notice = Y
bizstory_push: APNS PUSH
bizstory_push: [naryong82@nate.com] push_device_type = I, message = Y, receipt = Y, work = Y, notice = Y
bizstory_push: APNS PUSH
bizstory_push: [naryong82@nate.com] push_device_type = I, message = Y, receipt = Y, work = Y, notice = Y
bizstory_push: APNS PUSH
bizstory_push: sender=bizstorycokr@gmail.com, comp_idx=1, part_idx=1, mem_idx=2, receiver=ahnwhan76@naver.com, msg_type=work, message=[업무보고] 뷰스토리 관련 모든업무는 이곳에서 공..
bizstory_push: sql = select * from push_member where push_id = 'ahnwhan76@naver.com' and del_yn = 'N'
bizstory_push: [ahnwhan76@naver.com] push_device_type = A, message = Y, receipt = Y, work = Y, notice = Y
bizstory_push: [ahnwhan76@naver.com] push_device_type = I, message = Y, receipt = Y, work = Y, notice = Y
bizstory_push: APNS PUSH
bizstory_push: [ahnwhan76@naver.com] push_device_type = I, message = Y, receipt = Y, work = Y, notice = Y
bizstory_push: APNS PUSH
bizstory_push: [ahnwhan76@naver.com] push_device_type = I, message = Y, receipt = Y, work = Y, notice = Y
bizstory_push: APNS PUSH
bizstory_push: sender=bizstorycokr@gmail.com, comp_idx=1, part_idx=1, mem_idx=2, receiver=ipos21@naver.com, msg_type=work, message=[업무보고] 뷰스토리 관련 모든업무는 이곳에서 공..
bizstory_push: sql = select * from push_member where push_id = 'ipos21@naver.com' and del_yn = 'N'
bizstory_push: [ipos21@naver.com] push_device_type = A, message = Y, receipt = Y, work = Y, notice = Y
bizstory_push: [ipos21@naver.com] push_device_type = I, message = Y, receipt = Y, work = Y, notice = Y
bizstory_push: APNS PUSH
bizstory_push: [ipos21@naver.com] push_device_type = I, message = Y, receipt = Y, work = Y, notice = Y
bizstory_push: APNS PUSH
bizstory_push: [ipos21@naver.com] push_device_type = I, message = Y, receipt = Y, work = Y, notice = Y
bizstory_push: APNS PUSH
bizstory_push: sender=bizstorycokr@gmail.com, comp_idx=1, part_idx=1, mem_idx=2, receiver=, msg_type=work, message=[업무보고] 뷰스토리 관련 모든업무는 이곳에서 공..
bizstory_push: sql = select * from push_member where push_id = '' and del_yn = 'N'
bizstory_push: 등록되지 않은 사용자
bizstory_push: sql = insert into push_history (send_key, comp_idx, part_idx, mem_idx, receiver_id, receiver_name, service_type, msg_type, message, state, state_comment, request_time) values ( '20121003154314137077', 1, 1, 2, '', '', 'ios', 'work', '[업무보고] 뷰스토리 관련 모든업무는 이곳에서 공..', '0', '등록되지 않은 사용자', now())

bizstory_push: ** 20121003-184828
bizstory_push: sender=bizstorycokr@gmail.com, comp_idx=9, part_idx=10, mem_idx=52, receiver=dansoo7@hanmail.net, msg_type=work, message=[업무] 비즈스토리 영업 매뉴얼(초안)
bizstory_push: sql = select * from push_member where push_id = 'dansoo7@hanmail.net' and del_yn = 'N'
bizstory_push: [dansoo7@hanmail.net] push_device_type = I, message = Y, receipt = Y, work = Y, notice = Y
bizstory_push: APNS PUSH

bizstory_push: ** 20121003-192018
bizstory_push: sender=bizstorycokr@gmail.com, comp_idx=9, part_idx=10, mem_idx=54, receiver=coke@infonuri.com, msg_type=work, message=[업무] 고생했어
bizstory_push: sql = select * from push_member where push_id = 'coke@infonuri.com' and del_yn = 'N'
bizstory_push: [coke@infonuri.com] push_device_type = I, message = Y, receipt = Y, work = Y, notice = Y
bizstory_push: APNS PUSH

bizstory_push: ** 20121003-212356
bizstory_push: sender=bizstorycokr@gmail.com, comp_idx=1, part_idx=1, mem_idx=2, receiver=, msg_type=work, message=[업무보고] 뷰스토리 관련 모든업무는 이곳에서 공..
bizstory_push: sql = select * from push_member where push_id = '' and del_yn = 'N'
bizstory_push: 등록되지 않은 사용자
bizstory_push: sql = insert into push_history (send_key, comp_idx, part_idx, mem_idx, receiver_id, receiver_name, service_type, msg_type, message, state, state_comment, request_time) values ( '20121003212356275280', 1, 1, 2, '', '', 'ios', 'work', '[업무보고] 뷰스토리 관련 모든업무는 이곳에서 공..', '0', '등록되지 않은 사용자', now())
bizstory_push: sender=bizstorycokr@gmail.com, comp_idx=1, part_idx=1, mem_idx=2, receiver=yukki76@nate.com, msg_type=work, message=[업무보고] 뷰스토리 관련 모든업무는 이곳에서 공..
bizstory_push: sql = select * from push_member where push_id = 'yukki76@nate.com' and del_yn = 'N'
bizstory_push: [yukki76@nate.com] push_device_type = I, message = Y, receipt = Y, work = Y, notice = Y
bizstory_push: APNS PUSH
bizstory_push: [yukki76@nate.com] push_device_type = I, message = Y, receipt = Y, work = Y, notice = Y
bizstory_push: APNS PUSH
bizstory_push: [yukki76@nate.com] push_device_type = I, message = Y, receipt = Y, work = Y, notice = Y
bizstory_push: APNS PUSH
bizstory_push: sender=bizstorycokr@gmail.com, comp_idx=1, part_idx=1, mem_idx=2, receiver=hidesb@naver.com, msg_type=work, message=[업무보고] 뷰스토리 관련 모든업무는 이곳에서 공..
bizstory_push: sql = select * from push_member where push_id = 'hidesb@naver.com' and del_yn = 'N'
bizstory_push: [hidesb@naver.com] push_device_type = I, message = Y, receipt = Y, work = Y, notice = Y
bizstory_push: APNS PUSH
bizstory_push: [hidesb@naver.com] push_device_type = I, message = Y, receipt = Y, work = Y, notice = Y
bizstory_push: APNS PUSH
bizstory_push: sender=bizstorycokr@gmail.com, comp_idx=1, part_idx=1, mem_idx=2, receiver=i2day@naver.com, msg_type=work, message=[업무보고] 뷰스토리 관련 모든업무는 이곳에서 공..
bizstory_push: sql = select * from push_member where push_id = 'i2day@naver.com' and del_yn = 'N'
bizstory_push: [i2day@naver.com] push_device_type = A, message = Y, receipt = Y, work = Y, notice = Y
bizstory_push: [i2day@naver.com] push_device_type = I, message = Y, receipt = Y, work = Y, notice = Y
bizstory_push: APNS PUSH
bizstory_push: sender=bizstorycokr@gmail.com, comp_idx=1, part_idx=1, mem_idx=2, receiver=naryong82@nate.com, msg_type=work, message=[업무보고] 뷰스토리 관련 모든업무는 이곳에서 공..
bizstory_push: sql = select * from push_member where push_id = 'naryong82@nate.com' and del_yn = 'N'
bizstory_push: [naryong82@nate.com] push_device_type = I, message = Y, receipt = Y, work = Y, notice = Y
bizstory_push: APNS PUSH
bizstory_push: [naryong82@nate.com] push_device_type = I, message = Y, receipt = Y, work = Y, notice = Y
bizstory_push: APNS PUSH
bizstory_push: [naryong82@nate.com] push_device_type = I, message = Y, receipt = Y, work = Y, notice = Y
bizstory_push: APNS PUSH
bizstory_push: [naryong82@nate.com] push_device_type = I, message = Y, receipt = Y, work = Y, notice = Y
bizstory_push: APNS PUSH
bizstory_push: sender=bizstorycokr@gmail.com, comp_idx=1, part_idx=1, mem_idx=2, receiver=ahnwhan76@naver.com, msg_type=work, message=[업무보고] 뷰스토리 관련 모든업무는 이곳에서 공..
bizstory_push: sql = select * from push_member where push_id = 'ahnwhan76@naver.com' and del_yn = 'N'
bizstory_push: [ahnwhan76@naver.com] push_device_type = A, message = Y, receipt = Y, work = Y, notice = Y
bizstory_push: [ahnwhan76@naver.com] push_device_type = I, message = Y, receipt = Y, work = Y, notice = Y
bizstory_push: APNS PUSH
bizstory_push: [ahnwhan76@naver.com] push_device_type = I, message = Y, receipt = Y, work = Y, notice = Y
bizstory_push: APNS PUSH
bizstory_push: [ahnwhan76@naver.com] push_device_type = I, message = Y, receipt = Y, work = Y, notice = Y
bizstory_push: APNS PUSH
bizstory_push: sender=bizstorycokr@gmail.com, comp_idx=1, part_idx=1, mem_idx=2, receiver=ipos21@naver.com, msg_type=work, message=[업무보고] 뷰스토리 관련 모든업무는 이곳에서 공..
bizstory_push: sql = select * from push_member where push_id = 'ipos21@naver.com' and del_yn = 'N'
bizstory_push: [ipos21@naver.com] push_device_type = A, message = Y, receipt = Y, work = Y, notice = Y
bizstory_push: [ipos21@naver.com] push_device_type = I, message = Y, receipt = Y, work = Y, notice = Y
bizstory_push: APNS PUSH
bizstory_push: [ipos21@naver.com] push_device_type = I, message = Y, receipt = Y, work = Y, notice = Y
bizstory_push: APNS PUSH
bizstory_push: [ipos21@naver.com] push_device_type = I, message = Y, receipt = Y, work = Y, notice = Y
bizstory_push: APNS PUSH
bizstory_push: sender=bizstorycokr@gmail.com, comp_idx=1, part_idx=1, mem_idx=2, receiver=, msg_type=work, message=[업무보고] 뷰스토리 관련 모든업무는 이곳에서 공..
bizstory_push: sql = select * from push_member where push_id = '' and del_yn = 'N'
bizstory_push: 등록되지 않은 사용자
bizstory_push: sql = insert into push_history (send_key, comp_idx, part_idx, mem_idx, receiver_id, receiver_name, service_type, msg_type, message, state, state_comment, request_time) values ( '20121003212422657133', 1, 1, 2, '', '', 'ios', 'work', '[업무보고] 뷰스토리 관련 모든업무는 이곳에서 공..', '0', '등록되지 않은 사용자', now())
