bizstory_push: ** 20140218-000907
bizstory_push: sender=bizstorycokr@gmail.com, comp_idx=1, part_idx=1, mem_idx=2, receiver=arachi76@naver.com, msg_type=work, message=[업무코멘트] 전주비전대학교 본교사이트
bizstory_push: sql = select * from push_member where push_id = 'arachi76@naver.com' and del_yn = 'N'
bizstory_push: [arachi76@naver.com] push_device_type = I, message = Y, receipt = Y, work = Y, notice = Y, consult = 
bizstory_push: sql = insert into push_history (send_key, comp_idx, part_idx, mem_idx, receiver_id, push_device_type, push_registration_id, receiver_name, service_type, msg_type, message, state, state_comment, request_time) values ( '20140218000907954715', 1, 1, 2, 'arachi76@naver.com', 'I', '4ac171c71134ac868a9ce0fc22b36a015dee461bf045a22792beff7d6246e27f', '서경원', 'ios', 'work', '[업무코멘트] 전주비전대학교 본교사이트', '9', '', now())
bizstory_push: sender=bizstorycokr@gmail.com, comp_idx=1, part_idx=1, mem_idx=529, receiver=berbucks@nate.com, msg_type=work, message=[업무코멘트] 전주비전대학교 본교사이트
bizstory_push: sql = select * from push_member where push_id = 'berbucks@nate.com' and del_yn = 'N'
bizstory_push: [berbucks@nate.com] push_device_type = I, message = Y, receipt = Y, work = Y, notice = Y, consult = 
bizstory_push: sql = insert into push_history (send_key, comp_idx, part_idx, mem_idx, receiver_id, push_device_type, push_registration_id, receiver_name, service_type, msg_type, message, state, state_comment, request_time) values ( '20140218000907786385', 1, 1, 529, 'berbucks@nate.com', 'I', '1efced7c9fbbd2e0cf09aea0abd1eefd00f7e97437531354b77529a62902ae49', '김진오', 'ios', 'work', '[업무코멘트] 전주비전대학교 본교사이트', '9', '', now())
bizstory_push: sender=bizstorycokr@gmail.com, comp_idx=1, part_idx=1, mem_idx=560, receiver=tru_luv@naver.com, msg_type=work, message=[업무코멘트] 전주비전대학교 본교사이트
bizstory_push: sql = select * from push_member where push_id = 'tru_luv@naver.com' and del_yn = 'N'
bizstory_push: 등록되지 않은 사용자
bizstory_push: sql = insert into push_history (send_key, comp_idx, part_idx, mem_idx, receiver_id, receiver_name, service_type, msg_type, message, state, state_comment, request_time) values ( '20140218000907561197', 1, 1, 560, 'tru_luv@naver.com', '', 'ios', 'work', '[업무코멘트] 전주비전대학교 본교사이트', '0', '등록되지 않은 사용자', now())
bizstory_push: sender=bizstorycokr@gmail.com, comp_idx=0, part_idx=0, mem_idx=0, receiver=, msg_type=work, message=[업무코멘트] 전주비전대학교 본교사이트
bizstory_push: sql = select * from push_member where push_id = '' and del_yn = 'N'
bizstory_push: 등록되지 않은 사용자
bizstory_push: sql = insert into push_history (send_key, comp_idx, part_idx, mem_idx, receiver_id, receiver_name, service_type, msg_type, message, state, state_comment, request_time) values ( '20140218000907551960', 0, 0, 0, '', '', 'ios', 'work', '[업무코멘트] 전주비전대학교 본교사이트', '0', '등록되지 않은 사용자', now())
bizstory_push: ** 20140218-004941
bizstory_push: sender=bizstorycokr@gmail.com, comp_idx=1, part_idx=1, mem_idx=528, receiver=ubman@ubstory.net, msg_type=receipt, message=[접수] [(주)성우모바일] 자료실 접속 권한
bizstory_push: sql = select * from push_member where push_id = 'ubman@ubstory.net' and del_yn = 'N'
bizstory_push: [ubman@ubstory.net] push_device_type = I, message = Y, receipt = Y, work = Y, notice = Y, consult = 
bizstory_push: sql = insert into push_history (send_key, comp_idx, part_idx, mem_idx, receiver_id, push_device_type, push_registration_id, receiver_name, service_type, msg_type, message, state, state_comment, request_time) values ( '20140218004941337274', 1, 1, 528, 'ubman@ubstory.net', 'I', 'eb74a58ff4ca7312a88f871acf0e88ced22d528ed841241ce169ef11f1bedab5', '고정균', 'ios', 'receipt', '[접수] [(주)성우모바일] 자료실 접속 권한', '9', '', now())
bizstory_push: ** 20140218-004941
bizstory_push: ** 20140218-072517
bizstory_push: sender=bizstorycokr@gmail.com, comp_idx=1, part_idx=1, mem_idx=2, receiver=arachi76@naver.com, msg_type=work, message=[업무보고] 전주비전대학교 본교사이트
bizstory_push: sql = select * from push_member where push_id = 'arachi76@naver.com' and del_yn = 'N'
bizstory_push: [arachi76@naver.com] push_device_type = I, message = Y, receipt = Y, work = Y, notice = Y, consult = 
bizstory_push: sql = insert into push_history (send_key, comp_idx, part_idx, mem_idx, receiver_id, push_device_type, push_registration_id, receiver_name, service_type, msg_type, message, state, state_comment, request_time) values ( '20140218072517413609', 1, 1, 2, 'arachi76@naver.com', 'I', '4ac171c71134ac868a9ce0fc22b36a015dee461bf045a22792beff7d6246e27f', '서경원', 'ios', 'work', '[업무보고] 전주비전대학교 본교사이트', '9', '', now())
bizstory_push: sender=bizstorycokr@gmail.com, comp_idx=1, part_idx=1, mem_idx=7, receiver=yukki76@nate.com, msg_type=work, message=[업무보고] 전주비전대학교 본교사이트
bizstory_push: sql = select * from push_member where push_id = 'yukki76@nate.com' and del_yn = 'N'
bizstory_push: [yukki76@nate.com] push_device_type = I, message = Y, receipt = Y, work = Y, notice = Y, consult = N
bizstory_push: sql = insert into push_history (send_key, comp_idx, part_idx, mem_idx, receiver_id, push_device_type, push_registration_id, receiver_name, service_type, msg_type, message, state, state_comment, request_time) values ( '20140218072517119712', 1, 1, 7, 'yukki76@nate.com', 'I', 'f7baf1ed812b2a6ce562a2c25b778dfc4eccf5eb9ec205eacecc533f2144c6b7', '김경화', 'ios', 'work', '[업무보고] 전주비전대학교 본교사이트', '9', '', now())
bizstory_push: sender=bizstorycokr@gmail.com, comp_idx=1, part_idx=1, mem_idx=529, receiver=berbucks@nate.com, msg_type=work, message=[업무보고] 전주비전대학교 본교사이트
bizstory_push: sql = select * from push_member where push_id = 'berbucks@nate.com' and del_yn = 'N'
bizstory_push: [berbucks@nate.com] push_device_type = I, message = Y, receipt = Y, work = Y, notice = Y, consult = 
bizstory_push: sql = insert into push_history (send_key, comp_idx, part_idx, mem_idx, receiver_id, push_device_type, push_registration_id, receiver_name, service_type, msg_type, message, state, state_comment, request_time) values ( '20140218072517643392', 1, 1, 529, 'berbucks@nate.com', 'I', '1efced7c9fbbd2e0cf09aea0abd1eefd00f7e97437531354b77529a62902ae49', '김진오', 'ios', 'work', '[업무보고] 전주비전대학교 본교사이트', '9', '', now())
bizstory_push: sender=bizstorycokr@gmail.com, comp_idx=0, part_idx=0, mem_idx=0, receiver=, msg_type=work, message=[업무보고] 전주비전대학교 본교사이트
bizstory_push: sql = select * from push_member where push_id = '' and del_yn = 'N'
bizstory_push: 등록되지 않은 사용자
bizstory_push: sql = insert into push_history (send_key, comp_idx, part_idx, mem_idx, receiver_id, receiver_name, service_type, msg_type, message, state, state_comment, request_time) values ( '20140218072517676315', 0, 0, 0, '', '', 'ios', 'work', '[업무보고] 전주비전대학교 본교사이트', '0', '등록되지 않은 사용자', now())
bizstory_push: ** 20140218-072746
bizstory_push: sender=bizstorycokr@gmail.com, comp_idx=1, part_idx=1, mem_idx=2, receiver=arachi76@naver.com, msg_type=work, message=[업무코멘트] 전주비전대학교 본교사이트
bizstory_push: sql = select * from push_member where push_id = 'arachi76@naver.com' and del_yn = 'N'
bizstory_push: [arachi76@naver.com] push_device_type = I, message = Y, receipt = Y, work = Y, notice = Y, consult = 
bizstory_push: sql = insert into push_history (send_key, comp_idx, part_idx, mem_idx, receiver_id, push_device_type, push_registration_id, receiver_name, service_type, msg_type, message, state, state_comment, request_time) values ( '20140218072746486290', 1, 1, 2, 'arachi76@naver.com', 'I', '4ac171c71134ac868a9ce0fc22b36a015dee461bf045a22792beff7d6246e27f', '서경원', 'ios', 'work', '[업무코멘트] 전주비전대학교 본교사이트', '9', '', now())
bizstory_push: sender=bizstorycokr@gmail.com, comp_idx=1, part_idx=1, mem_idx=7, receiver=yukki76@nate.com, msg_type=work, message=[업무코멘트] 전주비전대학교 본교사이트
bizstory_push: sql = select * from push_member where push_id = 'yukki76@nate.com' and del_yn = 'N'
bizstory_push: [yukki76@nate.com] push_device_type = I, message = Y, receipt = Y, work = Y, notice = Y, consult = N
bizstory_push: sql = insert into push_history (send_key, comp_idx, part_idx, mem_idx, receiver_id, push_device_type, push_registration_id, receiver_name, service_type, msg_type, message, state, state_comment, request_time) values ( '20140218072746742839', 1, 1, 7, 'yukki76@nate.com', 'I', 'f7baf1ed812b2a6ce562a2c25b778dfc4eccf5eb9ec205eacecc533f2144c6b7', '김경화', 'ios', 'work', '[업무코멘트] 전주비전대학교 본교사이트', '9', '', now())
bizstory_push: sender=bizstorycokr@gmail.com, comp_idx=1, part_idx=1, mem_idx=529, receiver=berbucks@nate.com, msg_type=work, message=[업무코멘트] 전주비전대학교 본교사이트
bizstory_push: sql = select * from push_member where push_id = 'berbucks@nate.com' and del_yn = 'N'
bizstory_push: [berbucks@nate.com] push_device_type = I, message = Y, receipt = Y, work = Y, notice = Y, consult = 
bizstory_push: sql = insert into push_history (send_key, comp_idx, part_idx, mem_idx, receiver_id, push_device_type, push_registration_id, receiver_name, service_type, msg_type, message, state, state_comment, request_time) values ( '20140218072746249852', 1, 1, 529, 'berbucks@nate.com', 'I', '1efced7c9fbbd2e0cf09aea0abd1eefd00f7e97437531354b77529a62902ae49', '김진오', 'ios', 'work', '[업무코멘트] 전주비전대학교 본교사이트', '9', '', now())
bizstory_push: sender=bizstorycokr@gmail.com, comp_idx=0, part_idx=0, mem_idx=0, receiver=, msg_type=work, message=[업무코멘트] 전주비전대학교 본교사이트
bizstory_push: sql = select * from push_member where push_id = '' and del_yn = 'N'
bizstory_push: 등록되지 않은 사용자
bizstory_push: sql = insert into push_history (send_key, comp_idx, part_idx, mem_idx, receiver_id, receiver_name, service_type, msg_type, message, state, state_comment, request_time) values ( '20140218072746110872', 0, 0, 0, '', '', 'ios', 'work', '[업무코멘트] 전주비전대학교 본교사이트', '0', '등록되지 않은 사용자', now())
bizstory_push: ** 20140218-082100
bizstory_push: sender=bizstorycokr@gmail.com, comp_idx=5, part_idx=5, mem_idx=60, receiver=cndgh0506@naver.com, msg_type=receipt, message=[접수] [정수초등학교] 인터넷 문제
bizstory_push: sql = select * from push_member where push_id = 'cndgh0506@naver.com' and del_yn = 'N'
bizstory_push: [cndgh0506@naver.com] push_device_type = I, message = Y, receipt = Y, work = Y, notice = Y, consult = 
bizstory_push: sql = insert into push_history (send_key, comp_idx, part_idx, mem_idx, receiver_id, push_device_type, push_registration_id, receiver_name, service_type, msg_type, message, state, state_comment, request_time) values ( '20140218082100936468', 5, 5, 60, 'cndgh0506@naver.com', 'I', 'dc9650c20972f1bcfb7cbf6b4899d2e78469e202a6b548da1214a572294dcb1c', '박충호', 'ios', 'receipt', '[접수] [정수초등학교] 인터넷 문제', '9', '', now())
bizstory_push: ** 20140218-082100
bizstory_push: ** 20140218-083618
bizstory_push: sender=bizstorycokr@gmail.com, comp_idx=1, part_idx=1, mem_idx=7, receiver=yukki76@nate.com, msg_type=work, message=[업무코멘트] 전주비전대학교 본교사이트
bizstory_push: sql = select * from push_member where push_id = 'yukki76@nate.com' and del_yn = 'N'
bizstory_push: [yukki76@nate.com] push_device_type = I, message = Y, receipt = Y, work = Y, notice = Y, consult = N
bizstory_push: sql = insert into push_history (send_key, comp_idx, part_idx, mem_idx, receiver_id, push_device_type, push_registration_id, receiver_name, service_type, msg_type, message, state, state_comment, request_time) values ( '20140218083618530868', 1, 1, 7, 'yukki76@nate.com', 'I', 'f7baf1ed812b2a6ce562a2c25b778dfc4eccf5eb9ec205eacecc533f2144c6b7', '김경화', 'ios', 'work', '[업무코멘트] 전주비전대학교 본교사이트', '9', '', now())
bizstory_push: sender=bizstorycokr@gmail.com, comp_idx=1, part_idx=1, mem_idx=529, receiver=berbucks@nate.com, msg_type=work, message=[업무코멘트] 전주비전대학교 본교사이트
bizstory_push: sql = select * from push_member where push_id = 'berbucks@nate.com' and del_yn = 'N'
bizstory_push: [berbucks@nate.com] push_device_type = I, message = Y, receipt = Y, work = Y, notice = Y, consult = 
bizstory_push: sql = insert into push_history (send_key, comp_idx, part_idx, mem_idx, receiver_id, push_device_type, push_registration_id, receiver_name, service_type, msg_type, message, state, state_comment, request_time) values ( '20140218083618646293', 1, 1, 529, 'berbucks@nate.com', 'I', '1efced7c9fbbd2e0cf09aea0abd1eefd00f7e97437531354b77529a62902ae49', '김진오', 'ios', 'work', '[업무코멘트] 전주비전대학교 본교사이트', '9', '', now())
bizstory_push: sender=bizstorycokr@gmail.com, comp_idx=1, part_idx=1, mem_idx=560, receiver=tru_luv@naver.com, msg_type=work, message=[업무코멘트] 전주비전대학교 본교사이트
bizstory_push: sql = select * from push_member where push_id = 'tru_luv@naver.com' and del_yn = 'N'
bizstory_push: 등록되지 않은 사용자
bizstory_push: sql = insert into push_history (send_key, comp_idx, part_idx, mem_idx, receiver_id, receiver_name, service_type, msg_type, message, state, state_comment, request_time) values ( '20140218083618284864', 1, 1, 560, 'tru_luv@naver.com', '', 'ios', 'work', '[업무코멘트] 전주비전대학교 본교사이트', '0', '등록되지 않은 사용자', now())
bizstory_push: sender=bizstorycokr@gmail.com, comp_idx=0, part_idx=0, mem_idx=0, receiver=, msg_type=work, message=[업무코멘트] 전주비전대학교 본교사이트
bizstory_push: sql = select * from push_member where push_id = '' and del_yn = 'N'
bizstory_push: 등록되지 않은 사용자
bizstory_push: sql = insert into push_history (send_key, comp_idx, part_idx, mem_idx, receiver_id, receiver_name, service_type, msg_type, message, state, state_comment, request_time) values ( '20140218083618853705', 0, 0, 0, '', '', 'ios', 'work', '[업무코멘트] 전주비전대학교 본교사이트', '0', '등록되지 않은 사용자', now())
bizstory_push: ** 20140218-084046
bizstory_push: sender=bizstorycokr@gmail.com, comp_idx=5, part_idx=5, mem_idx=83, receiver=cpui7@daum.net, msg_type=receipt, message=[봉곡초등학교] 과학실 빔 프로젝트..
bizstory_push: sql = select * from push_member where push_id = 'cpui7@daum.net' and del_yn = 'N'
bizstory_push: [cpui7@daum.net] push_device_type = A, message = Y, receipt = Y, work = Y, notice = Y, consult = 
bizstory_push: sql = insert into push_history (send_key, comp_idx, part_idx, mem_idx, receiver_id, push_device_type, push_registration_id, receiver_name, service_type, msg_type, message, state, state_comment, request_time) values ( '20140218084046590020', 5, 5, 83, 'cpui7@daum.net', 'A', 'APA91bEnh3lsA-Vk0Ps2_lF-3RA8DReacx8bjG_YFOvJD_Jqp30qEhjwqriJyjwcjmuenhpQTmfd2RgTvVQmR1gP0CE4Mp8-9MYKQW69uJ2WMjjzTFnr4ONmwR_Lxj-reU1DAHS6xbOVlHjw1SQPEZmvY-VK9hNPQWQ8byhRzn72jap0TCMkJpI', '황진섭', 'ios', 'receipt', '[봉곡초등학교] 과학실 빔 프로젝트..', '9', '', now())
bizstory_push: ** 20140218-084050
bizstory_push: sender=bizstorycokr@gmail.com, comp_idx=5, part_idx=5, mem_idx=83, receiver=cpui7@daum.net, msg_type=receipt, message=[봉곡초등학교] 컴퓨터 점검
bizstory_push: sql = select * from push_member where push_id = 'cpui7@daum.net' and del_yn = 'N'
bizstory_push: [cpui7@daum.net] push_device_type = A, message = Y, receipt = Y, work = Y, notice = Y, consult = 
bizstory_push: sql = insert into push_history (send_key, comp_idx, part_idx, mem_idx, receiver_id, push_device_type, push_registration_id, receiver_name, service_type, msg_type, message, state, state_comment, request_time) values ( '20140218084050865570', 5, 5, 83, 'cpui7@daum.net', 'A', 'APA91bEnh3lsA-Vk0Ps2_lF-3RA8DReacx8bjG_YFOvJD_Jqp30qEhjwqriJyjwcjmuenhpQTmfd2RgTvVQmR1gP0CE4Mp8-9MYKQW69uJ2WMjjzTFnr4ONmwR_Lxj-reU1DAHS6xbOVlHjw1SQPEZmvY-VK9hNPQWQ8byhRzn72jap0TCMkJpI', '황진섭', 'ios', 'receipt', '[봉곡초등학교] 컴퓨터 점검', '9', '', now())
bizstory_push: ** 20140218-084054
bizstory_push: sender=bizstorycokr@gmail.com, comp_idx=5, part_idx=5, mem_idx=60, receiver=cndgh0506@naver.com, msg_type=receipt, message=[정수초등학교] 인터넷 문제
bizstory_push: sql = select * from push_member where push_id = 'cndgh0506@naver.com' and del_yn = 'N'
bizstory_push: [cndgh0506@naver.com] push_device_type = I, message = Y, receipt = Y, work = Y, notice = Y, consult = 
bizstory_push: sql = insert into push_history (send_key, comp_idx, part_idx, mem_idx, receiver_id, push_device_type, push_registration_id, receiver_name, service_type, msg_type, message, state, state_comment, request_time) values ( '20140218084054737568', 5, 5, 60, 'cndgh0506@naver.com', 'I', 'dc9650c20972f1bcfb7cbf6b4899d2e78469e202a6b548da1214a572294dcb1c', '박충호', 'ios', 'receipt', '[정수초등학교] 인터넷 문제', '9', '', now())
bizstory_push: ** 20140218-084722
bizstory_push: sender=bizstorycokr@gmail.com, comp_idx=5, part_idx=5, mem_idx=45, receiver=west4185@naver.com, msg_type=receipt, message=[접수] [경북외국어고등학교] 이서준선생님 노..
bizstory_push: sql = select * from push_member where push_id = 'west4185@naver.com' and del_yn = 'N'
bizstory_push: [west4185@naver.com] push_device_type = I, message = Y, receipt = Y, work = Y, notice = Y, consult = 
bizstory_push: sql = insert into push_history (send_key, comp_idx, part_idx, mem_idx, receiver_id, push_device_type, push_registration_id, receiver_name, service_type, msg_type, message, state, state_comment, request_time) values ( '20140218084722479673', 5, 5, 45, 'west4185@naver.com', 'I', '8d65554edcef8491652d4630dc25c90fa30263d3fb105b40c687829cedb7548a', '이재응', 'ios', 'receipt', '[접수] [경북외국어고등학교] 이서준선생님 노..', '9', '', now())
bizstory_push: [west4185@naver.com] push_device_type = I, message = Y, receipt = Y, work = Y, notice = Y, consult = 
bizstory_push: sql = insert into push_history (send_key, comp_idx, part_idx, mem_idx, receiver_id, push_device_type, push_registration_id, receiver_name, service_type, msg_type, message, state, state_comment, request_time) values ( '20140218084722856057', 5, 5, 45, 'west4185@naver.com', 'I', '8d65554edcef8491652d4630dc25c90fa30263d3fb105b40c687829cedb7548a', '이재응', 'ios', 'receipt', '[접수] [경북외국어고등학교] 이서준선생님 노..', '9', '', now())
bizstory_push: [west4185@naver.com] push_device_type = I, message = Y, receipt = Y, work = Y, notice = Y, consult = 
bizstory_push: sql = insert into push_history (send_key, comp_idx, part_idx, mem_idx, receiver_id, push_device_type, push_registration_id, receiver_name, service_type, msg_type, message, state, state_comment, request_time) values ( '20140218084722186572', 5, 5, 45, 'west4185@naver.com', 'I', '8d65554edcef8491652d4630dc25c90fa30263d3fb105b40c687829cedb7548a', '이재응', 'ios', 'receipt', '[접수] [경북외국어고등학교] 이서준선생님 노..', '9', '', now())
bizstory_push: ** 20140218-084722
bizstory_push: ** 20140218-085453
bizstory_push: sender=bizstorycokr@gmail.com, comp_idx=58, part_idx=109, mem_idx=436, receiver=hwancc@gmail.com, msg_type=receipt, message=[접수] [부흥고등학교] 자연과학부 김수정 ...
bizstory_push: sql = select * from push_member where push_id = 'hwancc@gmail.com' and del_yn = 'N'
bizstory_push: [hwancc@gmail.com] push_device_type = A, message = Y, receipt = Y, work = Y, notice = Y, consult = 
bizstory_push: sql = insert into push_history (send_key, comp_idx, part_idx, mem_idx, receiver_id, push_device_type, push_registration_id, receiver_name, service_type, msg_type, message, state, state_comment, request_time) values ( '20140218085453450312', 58, 109, 436, 'hwancc@gmail.com', 'A', 'APA91bEEFZZPDvdBukWNNRQnBPsb7zso3pvphkMXNM5nWh_BkyhQ97NbjJ5EDCE8eygL38Z6Lm44dNcKcWUe3OeH95AxjblDjV5Intr6jcyp666UyHX0YV3TKza7uDDS-yTq4al9t6_AJuciL9hKpHJfT7_8AQE2Pw', '최철환', 'ios', 'receipt', '[접수] [부흥고등학교] 자연과학부 김수정 ...', '9', '', now())
bizstory_push: ** 20140218-085453
bizstory_push: ** 20140218-091857
bizstory_push: sender=bizstorycokr@gmail.com, comp_idx=4, part_idx=4, mem_idx=24, receiver=jhcrim@naver.com, msg_type=receipt, message=[접수] [송화초등학교] 2-2반 교실 토너...
bizstory_push: sql = select * from push_member where push_id = 'jhcrim@naver.com' and del_yn = 'N'
bizstory_push: [jhcrim@naver.com] push_device_type = I, message = Y, receipt = Y, work = Y, notice = Y, consult = 
bizstory_push: sql = insert into push_history (send_key, comp_idx, part_idx, mem_idx, receiver_id, push_device_type, push_registration_id, receiver_name, service_type, msg_type, message, state, state_comment, request_time) values ( '20140218091857617443', 4, 4, 24, 'jhcrim@naver.com', 'I', '52eaf554b8dd0a34046dcb19cde2d45449940c11f7d9c44c113b3db46d4d4cde', '이주형', 'ios', 'receipt', '[접수] [송화초등학교] 2-2반 교실 토너...', '9', '', now())
bizstory_push: ** 20140218-091857
bizstory_push: ** 20140218-092738
bizstory_push: sender=bizstorycokr@gmail.com, comp_idx=59, part_idx=110, mem_idx=382, receiver=natemujin@nate.com, msg_type=receipt, message=[삼보컴퓨터] 우리한테 산 프린터..
bizstory_push: sql = select * from push_member where push_id = 'natemujin@nate.com' and del_yn = 'N'
bizstory_push: [natemujin@nate.com] push_device_type = A, message = Y, receipt = Y, work = Y, notice = N, consult = N
bizstory_push: sql = insert into push_history (send_key, comp_idx, part_idx, mem_idx, receiver_id, push_device_type, push_registration_id, receiver_name, service_type, msg_type, message, state, state_comment, request_time) values ( '20140218092738948807', 59, 110, 382, 'natemujin@nate.com', 'A', 'APA91bHo_vdLddyzCNpfg42Ue1EDI5F0Loj5TFvLrr-qvPJU-vw4run9JSaQy8yTKjD9XoZ3hYhG9dia9QPkxdZf4YeQM3oFt7VCiUzUpEBFBWbm3eHZc8gmqKAVMOmkizeQglBp0fGM_y0PNo_XnJGcXSvWgcuWhA', '여창욱', 'ios', 'receipt', '[삼보컴퓨터] 우리한테 산 프린터..', '9', '', now())
bizstory_push: ** 20140218-094315
bizstory_push: sender=bizstorycokr@gmail.com, comp_idx=1, part_idx=1, mem_idx=528, receiver=ubman@ubstory.net, msg_type=receipt, message=[보평중학교] 팝업내려주세요.
bizstory_push: sql = select * from push_member where push_id = 'ubman@ubstory.net' and del_yn = 'N'
bizstory_push: [ubman@ubstory.net] push_device_type = I, message = Y, receipt = Y, work = Y, notice = Y, consult = 
bizstory_push: sql = insert into push_history (send_key, comp_idx, part_idx, mem_idx, receiver_id, push_device_type, push_registration_id, receiver_name, service_type, msg_type, message, state, state_comment, request_time) values ( '20140218094315747284', 1, 1, 528, 'ubman@ubstory.net', 'I', 'eb74a58ff4ca7312a88f871acf0e88ced22d528ed841241ce169ef11f1bedab5', '고정균', 'ios', 'receipt', '[보평중학교] 팝업내려주세요.', '9', '', now())
bizstory_push: ** 20140218-094557
bizstory_push: sender=bizstorycokr@gmail.com, comp_idx=4, part_idx=4, mem_idx=24, receiver=jhcrim@naver.com, msg_type=receipt, message=[접수] [금암초등학교] a/s
bizstory_push: sql = select * from push_member where push_id = 'jhcrim@naver.com' and del_yn = 'N'
bizstory_push: [jhcrim@naver.com] push_device_type = I, message = Y, receipt = Y, work = Y, notice = Y, consult = 
bizstory_push: sql = insert into push_history (send_key, comp_idx, part_idx, mem_idx, receiver_id, push_device_type, push_registration_id, receiver_name, service_type, msg_type, message, state, state_comment, request_time) values ( '20140218094557134171', 4, 4, 24, 'jhcrim@naver.com', 'I', '52eaf554b8dd0a34046dcb19cde2d45449940c11f7d9c44c113b3db46d4d4cde', '이주형', 'ios', 'receipt', '[접수] [금암초등학교] a/s', '9', '', now())
bizstory_push: ** 20140218-094557
bizstory_push: ** 20140218-094706
bizstory_push: sender=bizstorycokr@gmail.com, comp_idx=69, part_idx=147, mem_idx=488, receiver=griunnimhun@hanmail.net, msg_type=work, message=[업무] 2/18 송금금액입니다
bizstory_push: sql = select * from push_member where push_id = 'griunnimhun@hanmail.net' and del_yn = 'N'
bizstory_push: [griunnimhun@hanmail.net] push_device_type = A, message = Y, receipt = Y, work = Y, notice = Y, consult = 
bizstory_push: sql = insert into push_history (send_key, comp_idx, part_idx, mem_idx, receiver_id, push_device_type, push_registration_id, receiver_name, service_type, msg_type, message, state, state_comment, request_time) values ( '20140218094706391504', 69, 147, 488, 'griunnimhun@hanmail.net', 'A', 'APA91bHreDRWqqCL-X3KBc2EQDGPuEWMPUu1AqIZOCfp0lqsf0dD97JOLMU3Dj2t0PSRmaCr4yomJPw5lWbKaiKdHclOZTS2l48qWgA-z371ueOSZR2JWp-hNEt8pu_SQnmtAlcEZ4c386q2x71qTQzPm-D3jPgNvw', '정성훈', 'ios', 'work', '[업무] 2/18 송금금액입니다', '9', '', now())
bizstory_push: ** 20140218-100645
bizstory_push: sender=bizstorycokr@gmail.com, comp_idx=5, part_idx=5, mem_idx=45, receiver=west4185@naver.com, msg_type=receipt, message=[경북외국어고등학교] 이서준선생님 노트북..
bizstory_push: sql = select * from push_member where push_id = 'west4185@naver.com' and del_yn = 'N'
bizstory_push: [west4185@naver.com] push_device_type = I, message = Y, receipt = Y, work = Y, notice = Y, consult = 
bizstory_push: sql = insert into push_history (send_key, comp_idx, part_idx, mem_idx, receiver_id, push_device_type, push_registration_id, receiver_name, service_type, msg_type, message, state, state_comment, request_time) values ( '20140218100645198764', 5, 5, 45, 'west4185@naver.com', 'I', '8d65554edcef8491652d4630dc25c90fa30263d3fb105b40c687829cedb7548a', '이재응', 'ios', 'receipt', '[경북외국어고등학교] 이서준선생님 노트북..', '9', '', now())
bizstory_push: [west4185@naver.com] push_device_type = I, message = Y, receipt = Y, work = Y, notice = Y, consult = 
bizstory_push: sql = insert into push_history (send_key, comp_idx, part_idx, mem_idx, receiver_id, push_device_type, push_registration_id, receiver_name, service_type, msg_type, message, state, state_comment, request_time) values ( '20140218100645894011', 5, 5, 45, 'west4185@naver.com', 'I', '8d65554edcef8491652d4630dc25c90fa30263d3fb105b40c687829cedb7548a', '이재응', 'ios', 'receipt', '[경북외국어고등학교] 이서준선생님 노트북..', '9', '', now())
bizstory_push: [west4185@naver.com] push_device_type = I, message = Y, receipt = Y, work = Y, notice = Y, consult = 
bizstory_push: sql = insert into push_history (send_key, comp_idx, part_idx, mem_idx, receiver_id, push_device_type, push_registration_id, receiver_name, service_type, msg_type, message, state, state_comment, request_time) values ( '20140218100645295874', 5, 5, 45, 'west4185@naver.com', 'I', '8d65554edcef8491652d4630dc25c90fa30263d3fb105b40c687829cedb7548a', '이재응', 'ios', 'receipt', '[경북외국어고등학교] 이서준선생님 노트북..', '9', '', now())
bizstory_push: ** 20140218-100646
bizstory_push: sender=bizstorycokr@gmail.com, comp_idx=32, part_idx=39, mem_idx=411, receiver=jowsgo@miraensys.com, msg_type=receipt, message=[접수] [풍동초등학교] 음악실 프린터 이상
bizstory_push: sql = select * from push_member where push_id = 'jowsgo@miraensys.com' and del_yn = 'N'
bizstory_push: 등록되지 않은 사용자
bizstory_push: sql = insert into push_history (send_key, comp_idx, part_idx, mem_idx, receiver_id, receiver_name, service_type, msg_type, message, state, state_comment, request_time) values ( '20140218100646391187', 32, 39, 411, 'jowsgo@miraensys.com', '', 'ios', 'receipt', '[접수] [풍동초등학교] 음악실 프린터 이상', '0', '등록되지 않은 사용자', now())
bizstory_push: ** 20140218-100646
bizstory_push: ** 20140218-101906
bizstory_push: sender=bizstorycokr@gmail.com, comp_idx=32, part_idx=39, mem_idx=177, receiver=chanikr@miraensys.com, msg_type=receipt, message=[접수] [중산초등학교] 영어체험실 교사 모...
bizstory_push: sql = select * from push_member where push_id = 'chanikr@miraensys.com' and del_yn = 'N'
bizstory_push: [chanikr@miraensys.com] push_device_type = A, message = Y, receipt = Y, work = Y, notice = Y, consult = 
bizstory_push: sql = insert into push_history (send_key, comp_idx, part_idx, mem_idx, receiver_id, push_device_type, push_registration_id, receiver_name, service_type, msg_type, message, state, state_comment, request_time) values ( '20140218101906760034', 32, 39, 177, 'chanikr@miraensys.com', 'A', 'APA91bFw7GJKTnrluJ6DHF5OzkahXu1mLYvW7CNxn_pNV6g0RxoepuzuJXmMdfsX6uZVzSj_nO9Lm5iR4CdA1wQx3kHq3yjiZ0SLtSsWZhD0qFMI23jQ8nC8H8QzMYidBUcjWiZZWUrSjbjDm1Q2cf8SSooNdGNILA', '임경찬', 'ios', 'receipt', '[접수] [중산초등학교] 영어체험실 교사 모...', '9', '', now())
bizstory_push: ** 20140218-101906
bizstory_push: ** 20140218-102135
bizstory_push: sender=bizstorycokr@gmail.com, comp_idx=44, part_idx=80, mem_idx=283, receiver=crack75@nate.com, msg_type=receipt, message=[접수] [충의중학교] 4층 1학년 교무실..
bizstory_push: sql = select * from push_member where push_id = 'crack75@nate.com' and del_yn = 'N'
bizstory_push: [crack75@nate.com] push_device_type = A, message = Y, receipt = Y, work = Y, notice = Y, consult = Y
bizstory_push: sql = insert into push_history (send_key, comp_idx, part_idx, mem_idx, receiver_id, push_device_type, push_registration_id, receiver_name, service_type, msg_type, message, state, state_comment, request_time) values ( '20140218102135238469', 44, 80, 283, 'crack75@nate.com', 'A', 'APA91bES_skfv1yeCZ4RMclr872As0q44MOp1-LuwsLDQw-J9Pv3YMcLGO9RIjl8Ht_9TXMXr8q6cb9tW3AxgYpJvc3d9ZXJQf9PctMyDVWvwVskFv8gmVKrWH12Un0Z-Yw6Rzyh4HKt1PsRyqEFBwMaNc-H_fOhUg', '김재철', 'ios', 'receipt', '[접수] [충의중학교] 4층 1학년 교무실..', '9', '', now())
bizstory_push: ** 20140218-102135
bizstory_push: ** 20140218-103343
bizstory_push: sender=bizstorycokr@gmail.com, comp_idx=58, part_idx=109, mem_idx=387, receiver=cctvc@korea.kr, msg_type=receipt, message=[접수] [안양예술고등학교] (최광현 선생님)..
bizstory_push: sql = select * from push_member where push_id = 'cctvc@korea.kr' and del_yn = 'N'
bizstory_push: [cctvc@korea.kr] push_device_type = A, message = Y, receipt = Y, work = Y, notice = Y, consult = Y
bizstory_push: sql = insert into push_history (send_key, comp_idx, part_idx, mem_idx, receiver_id, push_device_type, push_registration_id, receiver_name, service_type, msg_type, message, state, state_comment, request_time) values ( '20140218103343642896', 58, 109, 387, 'cctvc@korea.kr', 'A', 'APA91bEvsYNT1037VP3hB-q6VWfTxx0hBSSIKQ894ACNnv6rCBUhfpNxHVvz-HDflWNMCyCzfYCW-yv6hISBT3BdUpE1aMsdiA31A3ZX6M6djY9-qEVTnaWFHFNG1lr-GJNr4DpadOScdKzKtiHcd3KhzdAMG0IU0v6BUM-p6wbuW7KY8-b2wbs', '최세훈', 'ios', 'receipt', '[접수] [안양예술고등학교] (최광현 선생님)..', '9', '', now())
bizstory_push: ** 20140218-103343
bizstory_push: ** 20140218-103527
bizstory_push: sender=bizstorycokr@gmail.com, comp_idx=1, part_idx=1, mem_idx=6, receiver=wds0119@empal.com, msg_type=work, message=[업무코멘트] [홈박스] 우덕성 사업자등록증 및 통..
bizstory_push: sql = select * from push_member where push_id = 'wds0119@empal.com' and del_yn = 'N'
bizstory_push: [wds0119@empal.com] push_device_type = I, message = Y, receipt = Y, work = Y, notice = Y, consult = 
bizstory_push: sql = insert into push_history (send_key, comp_idx, part_idx, mem_idx, receiver_id, push_device_type, push_registration_id, receiver_name, service_type, msg_type, message, state, state_comment, request_time) values ( '20140218103527806870', 1, 1, 6, 'wds0119@empal.com', 'I', 'f1415be098c5845044bd261c0b7707c186efefb7620ffb925ed22950f5aadb2f', '우덕성', 'ios', 'work', '[업무코멘트] [홈박스] 우덕성 사업자등록증 및 통..', '9', '', now())
bizstory_push: sender=bizstorycokr@gmail.com, comp_idx=1, part_idx=1, mem_idx=2, receiver=arachi76@naver.com, msg_type=work, message=[업무코멘트] [홈박스] 우덕성 사업자등록증 및 통..
bizstory_push: sql = select * from push_member where push_id = 'arachi76@naver.com' and del_yn = 'N'
bizstory_push: [arachi76@naver.com] push_device_type = I, message = Y, receipt = Y, work = Y, notice = Y, consult = 
bizstory_push: sql = insert into push_history (send_key, comp_idx, part_idx, mem_idx, receiver_id, push_device_type, push_registration_id, receiver_name, service_type, msg_type, message, state, state_comment, request_time) values ( '20140218103527783156', 1, 1, 2, 'arachi76@naver.com', 'I', '4ac171c71134ac868a9ce0fc22b36a015dee461bf045a22792beff7d6246e27f', '서경원', 'ios', 'work', '[업무코멘트] [홈박스] 우덕성 사업자등록증 및 통..', '9', '', now())
bizstory_push: sender=bizstorycokr@gmail.com, comp_idx=0, part_idx=0, mem_idx=0, receiver=, msg_type=work, message=[업무코멘트] [홈박스] 우덕성 사업자등록증 및 통..
bizstory_push: sql = select * from push_member where push_id = '' and del_yn = 'N'
bizstory_push: 등록되지 않은 사용자
bizstory_push: sql = insert into push_history (send_key, comp_idx, part_idx, mem_idx, receiver_id, receiver_name, service_type, msg_type, message, state, state_comment, request_time) values ( '20140218103527568480', 0, 0, 0, '', '', 'ios', 'work', '[업무코멘트] [홈박스] 우덕성 사업자등록증 및 통..', '0', '등록되지 않은 사용자', now())
bizstory_push: ** 20140218-103808
bizstory_push: sender=bizstorycokr@gmail.com, comp_idx=1, part_idx=1, mem_idx=2, receiver=arachi76@naver.com, msg_type=work, message=[업무코멘트] [홈박스] 우덕성 사업자등록증 및 통..
bizstory_push: sql = select * from push_member where push_id = 'arachi76@naver.com' and del_yn = 'N'
bizstory_push: [arachi76@naver.com] push_device_type = I, message = Y, receipt = Y, work = Y, notice = Y, consult = 
bizstory_push: sql = insert into push_history (send_key, comp_idx, part_idx, mem_idx, receiver_id, push_device_type, push_registration_id, receiver_name, service_type, msg_type, message, state, state_comment, request_time) values ( '20140218103808774769', 1, 1, 2, 'arachi76@naver.com', 'I', '4ac171c71134ac868a9ce0fc22b36a015dee461bf045a22792beff7d6246e27f', '서경원', 'ios', 'work', '[업무코멘트] [홈박스] 우덕성 사업자등록증 및 통..', '9', '', now())
bizstory_push: sender=bizstorycokr@gmail.com, comp_idx=1, part_idx=1, mem_idx=15, receiver=naryong82@nate.com, msg_type=work, message=[업무코멘트] [홈박스] 우덕성 사업자등록증 및 통..
bizstory_push: sql = select * from push_member where push_id = 'naryong82@nate.com' and del_yn = 'N'
bizstory_push: [naryong82@nate.com] push_device_type = A, message = Y, receipt = Y, work = Y, notice = Y, consult = 
bizstory_push: sql = insert into push_history (send_key, comp_idx, part_idx, mem_idx, receiver_id, push_device_type, push_registration_id, receiver_name, service_type, msg_type, message, state, state_comment, request_time) values ( '20140218103808872743', 1, 1, 15, 'naryong82@nate.com', 'A', 'APA91bFnDKOgvIE0VcFKm_MCcfTlL8s5RacuOJ2hIc-YLQT62KLh2qescudxh9Fn_hlo8-xsartrIiSN_txHoM2khirrNK0n2wTnHfbo1Z40iWYgMqMqwLPVpmPGDxjGRnESCwDmDRBZC0JOQsFFMBjvpkTBZv56Ag', '김나영', 'ios', 'work', '[업무코멘트] [홈박스] 우덕성 사업자등록증 및 통..', '9', '', now())
bizstory_push: sender=bizstorycokr@gmail.com, comp_idx=0, part_idx=0, mem_idx=0, receiver=, msg_type=work, message=[업무코멘트] [홈박스] 우덕성 사업자등록증 및 통..
bizstory_push: sql = select * from push_member where push_id = '' and del_yn = 'N'
bizstory_push: 등록되지 않은 사용자
bizstory_push: sql = insert into push_history (send_key, comp_idx, part_idx, mem_idx, receiver_id, receiver_name, service_type, msg_type, message, state, state_comment, request_time) values ( '20140218103808392799', 0, 0, 0, '', '', 'ios', 'work', '[업무코멘트] [홈박스] 우덕성 사업자등록증 및 통..', '0', '등록되지 않은 사용자', now())
bizstory_push: ** 20140218-105434
bizstory_push: sender=bizstorycokr@gmail.com, comp_idx=75, part_idx=165, mem_idx=534, receiver=yimnsng@naver.com, msg_type=work, message=[업무코멘트] 관리규약 개정안 정리
bizstory_push: sql = select * from push_member where push_id = 'yimnsng@naver.com' and del_yn = 'N'
bizstory_push: 등록되지 않은 사용자
bizstory_push: sql = insert into push_history (send_key, comp_idx, part_idx, mem_idx, receiver_id, receiver_name, service_type, msg_type, message, state, state_comment, request_time) values ( '20140218105434347434', 75, 165, 534, 'yimnsng@naver.com', '', 'ios', 'work', '[업무코멘트] 관리규약 개정안 정리', '0', '등록되지 않은 사용자', now())
bizstory_push: sender=bizstorycokr@gmail.com, comp_idx=75, part_idx=165, mem_idx=535, receiver=ansmjang7@naver.com, msg_type=work, message=[업무코멘트] 관리규약 개정안 정리
bizstory_push: sql = select * from push_member where push_id = 'ansmjang7@naver.com' and del_yn = 'N'
bizstory_push: 등록되지 않은 사용자
bizstory_push: sql = insert into push_history (send_key, comp_idx, part_idx, mem_idx, receiver_id, receiver_name, service_type, msg_type, message, state, state_comment, request_time) values ( '20140218105434929009', 75, 165, 535, 'ansmjang7@naver.com', '', 'ios', 'work', '[업무코멘트] 관리규약 개정안 정리', '0', '등록되지 않은 사용자', now())
bizstory_push: sender=bizstorycokr@gmail.com, comp_idx=75, part_idx=165, mem_idx=536, receiver=bklim@mrst.kr, msg_type=work, message=[업무코멘트] 관리규약 개정안 정리
bizstory_push: sql = select * from push_member where push_id = 'bklim@mrst.kr' and del_yn = 'N'
bizstory_push: 등록되지 않은 사용자
bizstory_push: sql = insert into push_history (send_key, comp_idx, part_idx, mem_idx, receiver_id, receiver_name, service_type, msg_type, message, state, state_comment, request_time) values ( '20140218105434187639', 75, 165, 536, 'bklim@mrst.kr', '', 'ios', 'work', '[업무코멘트] 관리규약 개정안 정리', '0', '등록되지 않은 사용자', now())
bizstory_push: sender=bizstorycokr@gmail.com, comp_idx=75, part_idx=165, mem_idx=547, receiver=jeico3250@hanmail.net, msg_type=work, message=[업무코멘트] 관리규약 개정안 정리
bizstory_push: sql = select * from push_member where push_id = 'jeico3250@hanmail.net' and del_yn = 'N'
bizstory_push: 등록되지 않은 사용자
bizstory_push: sql = insert into push_history (send_key, comp_idx, part_idx, mem_idx, receiver_id, receiver_name, service_type, msg_type, message, state, state_comment, request_time) values ( '20140218105434874104', 75, 165, 547, 'jeico3250@hanmail.net', '', 'ios', 'work', '[업무코멘트] 관리규약 개정안 정리', '0', '등록되지 않은 사용자', now())
bizstory_push: sender=bizstorycokr@gmail.com, comp_idx=75, part_idx=165, mem_idx=548, receiver=gomangche@hanmail.net, msg_type=work, message=[업무코멘트] 관리규약 개정안 정리
bizstory_push: sql = select * from push_member where push_id = 'gomangche@hanmail.net' and del_yn = 'N'
bizstory_push: 등록되지 않은 사용자
bizstory_push: sql = insert into push_history (send_key, comp_idx, part_idx, mem_idx, receiver_id, receiver_name, service_type, msg_type, message, state, state_comment, request_time) values ( '20140218105434484165', 75, 165, 548, 'gomangche@hanmail.net', '', 'ios', 'work', '[업무코멘트] 관리규약 개정안 정리', '0', '등록되지 않은 사용자', now())
bizstory_push: sender=bizstorycokr@gmail.com, comp_idx=75, part_idx=165, mem_idx=549, receiver=queen5505@hanmail.net, msg_type=work, message=[업무코멘트] 관리규약 개정안 정리
bizstory_push: sql = select * from push_member where push_id = 'queen5505@hanmail.net' and del_yn = 'N'
bizstory_push: 등록되지 않은 사용자
bizstory_push: sql = insert into push_history (send_key, comp_idx, part_idx, mem_idx, receiver_id, receiver_name, service_type, msg_type, message, state, state_comment, request_time) values ( '20140218105434790395', 75, 165, 549, 'queen5505@hanmail.net', '', 'ios', 'work', '[업무코멘트] 관리규약 개정안 정리', '0', '등록되지 않은 사용자', now())
bizstory_push: sender=bizstorycokr@gmail.com, comp_idx=75, part_idx=165, mem_idx=550, receiver=choice7711@hanmail.net, msg_type=work, message=[업무코멘트] 관리규약 개정안 정리
bizstory_push: sql = select * from push_member where push_id = 'choice7711@hanmail.net' and del_yn = 'N'
bizstory_push: [choice7711@hanmail.net] push_device_type = A, message = Y, receipt = Y, work = Y, notice = Y, consult = 
bizstory_push: sql = insert into push_history (send_key, comp_idx, part_idx, mem_idx, receiver_id, push_device_type, push_registration_id, receiver_name, service_type, msg_type, message, state, state_comment, request_time) values ( '20140218105434476379', 75, 165, 550, 'choice7711@hanmail.net', 'A', 'APA91bHrdWeowWCuRgOKbBGQ7_yKDlS3s_v2CwYeOEN6SCzE9qoe99Cyu60i_DDriwMkaTP9VT7lqv_DGsli5ucJL74FXEBv-zltI-2RWRaOcHz-HyD1KXwgunhnVlhEsdu-yO8kopKWzmHfDwWz2dI3AGr7ym8F5g', '최홍규', 'ios', 'work', '[업무코멘트] 관리규약 개정안 정리', '9', '', now())
bizstory_push: sender=bizstorycokr@gmail.com, comp_idx=75, part_idx=165, mem_idx=551, receiver=yjenvs@hanmail.net, msg_type=work, message=[업무코멘트] 관리규약 개정안 정리
bizstory_push: sql = select * from push_member where push_id = 'yjenvs@hanmail.net' and del_yn = 'N'
bizstory_push: 등록되지 않은 사용자
bizstory_push: sql = insert into push_history (send_key, comp_idx, part_idx, mem_idx, receiver_id, receiver_name, service_type, msg_type, message, state, state_comment, request_time) values ( '20140218105434270937', 75, 165, 551, 'yjenvs@hanmail.net', '', 'ios', 'work', '[업무코멘트] 관리규약 개정안 정리', '0', '등록되지 않은 사용자', now())
bizstory_push: sender=bizstorycokr@gmail.com, comp_idx=75, part_idx=165, mem_idx=552, receiver=krcmi@krcmi.co.kr, msg_type=work, message=[업무코멘트] 관리규약 개정안 정리
bizstory_push: sql = select * from push_member where push_id = 'krcmi@krcmi.co.kr' and del_yn = 'N'
bizstory_push: 등록되지 않은 사용자
bizstory_push: sql = insert into push_history (send_key, comp_idx, part_idx, mem_idx, receiver_id, receiver_name, service_type, msg_type, message, state, state_comment, request_time) values ( '20140218105434619392', 75, 165, 552, 'krcmi@krcmi.co.kr', '', 'ios', 'work', '[업무코멘트] 관리규약 개정안 정리', '0', '등록되지 않은 사용자', now())
bizstory_push: sender=bizstorycokr@gmail.com, comp_idx=75, part_idx=165, mem_idx=553, receiver=lkj236@naver.com, msg_type=work, message=[업무코멘트] 관리규약 개정안 정리
bizstory_push: sql = select * from push_member where push_id = 'lkj236@naver.com' and del_yn = 'N'
bizstory_push: 등록되지 않은 사용자
bizstory_push: sql = insert into push_history (send_key, comp_idx, part_idx, mem_idx, receiver_id, receiver_name, service_type, msg_type, message, state, state_comment, request_time) values ( '20140218105434336348', 75, 165, 553, 'lkj236@naver.com', '', 'ios', 'work', '[업무코멘트] 관리규약 개정안 정리', '0', '등록되지 않은 사용자', now())
bizstory_push: sender=bizstorycokr@gmail.com, comp_idx=75, part_idx=165, mem_idx=554, receiver=sunjin-el@hanmail.net, msg_type=work, message=[업무코멘트] 관리규약 개정안 정리
bizstory_push: sql = select * from push_member where push_id = 'sunjin-el@hanmail.net' and del_yn = 'N'
bizstory_push: 등록되지 않은 사용자
bizstory_push: sql = insert into push_history (send_key, comp_idx, part_idx, mem_idx, receiver_id, receiver_name, service_type, msg_type, message, state, state_comment, request_time) values ( '20140218105434595858', 75, 165, 554, 'sunjin-el@hanmail.net', '', 'ios', 'work', '[업무코멘트] 관리규약 개정안 정리', '0', '등록되지 않은 사용자', now())
bizstory_push: sender=bizstorycokr@gmail.com, comp_idx=75, part_idx=165, mem_idx=555, receiver=ci8456@chollian.net, msg_type=work, message=[업무코멘트] 관리규약 개정안 정리
bizstory_push: sql = select * from push_member where push_id = 'ci8456@chollian.net' and del_yn = 'N'
bizstory_push: [ci8456@chollian.net] push_device_type = A, message = Y, receipt = Y, work = Y, notice = Y, consult = 
bizstory_push: sql = insert into push_history (send_key, comp_idx, part_idx, mem_idx, receiver_id, push_device_type, push_registration_id, receiver_name, service_type, msg_type, message, state, state_comment, request_time) values ( '20140218105434558847', 75, 165, 555, 'ci8456@chollian.net', 'A', 'APA91bFMv1uFWtCSdocDuRYV8wbMIWWrY7LbhSQHxhN9Gvz3v9L1PsARoz-S6iyvwuG4gCTuVYL0vXkbDgEH67d-v4809x4JBpJuoiEEHThipfYPfyAeyMTo-GOhda88-d5kOSDcKG5HG3LQ5ZO-Y8KPlooZkvxz1w', '정순규', 'ios', 'work', '[업무코멘트] 관리규약 개정안 정리', '9', '', now())
bizstory_push: sender=bizstorycokr@gmail.com, comp_idx=75, part_idx=165, mem_idx=556, receiver=jylee@hanasis.com, msg_type=work, message=[업무코멘트] 관리규약 개정안 정리
bizstory_push: sql = select * from push_member where push_id = 'jylee@hanasis.com' and del_yn = 'N'
bizstory_push: 등록되지 않은 사용자
bizstory_push: sql = insert into push_history (send_key, comp_idx, part_idx, mem_idx, receiver_id, receiver_name, service_type, msg_type, message, state, state_comment, request_time) values ( '20140218105434137391', 75, 165, 556, 'jylee@hanasis.com', '', 'ios', 'work', '[업무코멘트] 관리규약 개정안 정리', '0', '등록되지 않은 사용자', now())
bizstory_push: sender=bizstorycokr@gmail.com, comp_idx=75, part_idx=165, mem_idx=557, receiver=kskyoo@korea.com, msg_type=work, message=[업무코멘트] 관리규약 개정안 정리
bizstory_push: sql = select * from push_member where push_id = 'kskyoo@korea.com' and del_yn = 'N'
bizstory_push: 등록되지 않은 사용자
bizstory_push: sql = insert into push_history (send_key, comp_idx, part_idx, mem_idx, receiver_id, receiver_name, service_type, msg_type, message, state, state_comment, request_time) values ( '20140218105434849347', 75, 165, 557, 'kskyoo@korea.com', '', 'ios', 'work', '[업무코멘트] 관리규약 개정안 정리', '0', '등록되지 않은 사용자', now())
bizstory_push: sender=bizstorycokr@gmail.com, comp_idx=75, part_idx=165, mem_idx=558, receiver=hanakhc8172@gmail.com, msg_type=work, message=[업무코멘트] 관리규약 개정안 정리
bizstory_push: sql = select * from push_member where push_id = 'hanakhc8172@gmail.com' and del_yn = 'N'
bizstory_push: 등록되지 않은 사용자
bizstory_push: sql = insert into push_history (send_key, comp_idx, part_idx, mem_idx, receiver_id, receiver_name, service_type, msg_type, message, state, state_comment, request_time) values ( '20140218105434633359', 75, 165, 558, 'hanakhc8172@gmail.com', '', 'ios', 'work', '[업무코멘트] 관리규약 개정안 정리', '0', '등록되지 않은 사용자', now())
bizstory_push: sender=bizstorycokr@gmail.com, comp_idx=0, part_idx=0, mem_idx=0, receiver=, msg_type=work, message=[업무코멘트] 관리규약 개정안 정리
bizstory_push: sql = select * from push_member where push_id = '' and del_yn = 'N'
bizstory_push: 등록되지 않은 사용자
bizstory_push: sql = insert into push_history (send_key, comp_idx, part_idx, mem_idx, receiver_id, receiver_name, service_type, msg_type, message, state, state_comment, request_time) values ( '20140218105434459398', 0, 0, 0, '', '', 'ios', 'work', '[업무코멘트] 관리규약 개정안 정리', '0', '등록되지 않은 사용자', now())
bizstory_push: ** 20140218-110957
bizstory_push: sender=bizstorycokr@gmail.com, comp_idx=1, part_idx=1, mem_idx=6, receiver=wds0119@empal.com, msg_type=work, message=[업무코멘트] [홈박스] 우덕성 사업자등록증 및 통..
bizstory_push: sql = select * from push_member where push_id = 'wds0119@empal.com' and del_yn = 'N'
bizstory_push: [wds0119@empal.com] push_device_type = I, message = Y, receipt = Y, work = Y, notice = Y, consult = Y
bizstory_push: sql = insert into push_history (send_key, comp_idx, part_idx, mem_idx, receiver_id, push_device_type, push_registration_id, receiver_name, service_type, msg_type, message, state, state_comment, request_time) values ( '20140218110957521450', 1, 1, 6, 'wds0119@empal.com', 'I', 'f1415be098c5845044bd261c0b7707c186efefb7620ffb925ed22950f5aadb2f', '우덕성', 'ios', 'work', '[업무코멘트] [홈박스] 우덕성 사업자등록증 및 통..', '9', '', now())
bizstory_push: sender=bizstorycokr@gmail.com, comp_idx=1, part_idx=1, mem_idx=2, receiver=arachi76@naver.com, msg_type=work, message=[업무코멘트] [홈박스] 우덕성 사업자등록증 및 통..
bizstory_push: sql = select * from push_member where push_id = 'arachi76@naver.com' and del_yn = 'N'
bizstory_push: [arachi76@naver.com] push_device_type = I, message = Y, receipt = Y, work = Y, notice = Y, consult = 
bizstory_push: sql = insert into push_history (send_key, comp_idx, part_idx, mem_idx, receiver_id, push_device_type, push_registration_id, receiver_name, service_type, msg_type, message, state, state_comment, request_time) values ( '20140218110957859388', 1, 1, 2, 'arachi76@naver.com', 'I', '4ac171c71134ac868a9ce0fc22b36a015dee461bf045a22792beff7d6246e27f', '서경원', 'ios', 'work', '[업무코멘트] [홈박스] 우덕성 사업자등록증 및 통..', '9', '', now())
bizstory_push: sender=bizstorycokr@gmail.com, comp_idx=0, part_idx=0, mem_idx=0, receiver=, msg_type=work, message=[업무코멘트] [홈박스] 우덕성 사업자등록증 및 통..
bizstory_push: sql = select * from push_member where push_id = '' and del_yn = 'N'
bizstory_push: 등록되지 않은 사용자
bizstory_push: sql = insert into push_history (send_key, comp_idx, part_idx, mem_idx, receiver_id, receiver_name, service_type, msg_type, message, state, state_comment, request_time) values ( '20140218110957976759', 0, 0, 0, '', '', 'ios', 'work', '[업무코멘트] [홈박스] 우덕성 사업자등록증 및 통..', '0', '등록되지 않은 사용자', now())
bizstory_push: ** 20140218-111943
bizstory_push: sender=bizstorycokr@gmail.com, comp_idx=13, part_idx=17, mem_idx=132, receiver=acp3748@greatworks.co.kr, msg_type=receipt, message=[접수] [창원남고등학교] 스캔연결요청
bizstory_push: sql = select * from push_member where push_id = 'acp3748@greatworks.co.kr' and del_yn = 'N'
bizstory_push: [acp3748@greatworks.co.kr] push_device_type = A, message = Y, receipt = Y, work = Y, notice = Y, consult = 
bizstory_push: sql = insert into push_history (send_key, comp_idx, part_idx, mem_idx, receiver_id, push_device_type, push_registration_id, receiver_name, service_type, msg_type, message, state, state_comment, request_time) values ( '20140218111943913251', 13, 17, 132, 'acp3748@greatworks.co.kr', 'A', 'APA91bFsP5_e0qv131gG_xdjgNaNlEuzear58Wn6ET4WKqDQVIpmpXG_vfgRPOp_3TNpI-nFv26PXofatq5mUvbp5E4i36ndYx9I_CUn1Y7dyeTiXbntvZUWtu6NOmuBGoSK24wT337LSwMpVIG5aIalEfEXebHY2p5HFGo3pfMTsH5KShFDL-M', '송대훈', 'ios', 'receipt', '[접수] [창원남고등학교] 스캔연결요청', '9', '', now())
bizstory_push: ** 20140218-111943
bizstory_push: ** 20140218-113055
bizstory_push: sender=bizstorycokr@gmail.com, comp_idx=32, part_idx=39, mem_idx=411, receiver=jowsgo@miraensys.com, msg_type=receipt, message=[접수] [성사초등학교] 컴퓨터 포멧해서 하...
bizstory_push: sql = select * from push_member where push_id = 'jowsgo@miraensys.com' and del_yn = 'N'
bizstory_push: 등록되지 않은 사용자
bizstory_push: sql = insert into push_history (send_key, comp_idx, part_idx, mem_idx, receiver_id, receiver_name, service_type, msg_type, message, state, state_comment, request_time) values ( '20140218113055273449', 32, 39, 411, 'jowsgo@miraensys.com', '', 'ios', 'receipt', '[접수] [성사초등학교] 컴퓨터 포멧해서 하...', '0', '등록되지 않은 사용자', now())
bizstory_push: ** 20140218-113055
bizstory_push: ** 20140218-120823
bizstory_push: sender=bizstorycokr@gmail.com, comp_idx=1, part_idx=1, mem_idx=2, receiver=arachi76@naver.com, msg_type=work, message=[업무코멘트] [홈박스] 우덕성 사업자등록증 및 통..
bizstory_push: sql = select * from push_member where push_id = 'arachi76@naver.com' and del_yn = 'N'
bizstory_push: [arachi76@naver.com] push_device_type = I, message = Y, receipt = Y, work = Y, notice = Y, consult = 
bizstory_push: sql = insert into push_history (send_key, comp_idx, part_idx, mem_idx, receiver_id, push_device_type, push_registration_id, receiver_name, service_type, msg_type, message, state, state_comment, request_time) values ( '20140218120823217259', 1, 1, 2, 'arachi76@naver.com', 'I', '4ac171c71134ac868a9ce0fc22b36a015dee461bf045a22792beff7d6246e27f', '서경원', 'ios', 'work', '[업무코멘트] [홈박스] 우덕성 사업자등록증 및 통..', '9', '', now())
bizstory_push: sender=bizstorycokr@gmail.com, comp_idx=1, part_idx=1, mem_idx=15, receiver=naryong82@nate.com, msg_type=work, message=[업무코멘트] [홈박스] 우덕성 사업자등록증 및 통..
bizstory_push: sql = select * from push_member where push_id = 'naryong82@nate.com' and del_yn = 'N'
bizstory_push: [naryong82@nate.com] push_device_type = A, message = Y, receipt = Y, work = Y, notice = Y, consult = 
bizstory_push: sql = insert into push_history (send_key, comp_idx, part_idx, mem_idx, receiver_id, push_device_type, push_registration_id, receiver_name, service_type, msg_type, message, state, state_comment, request_time) values ( '20140218120823802857', 1, 1, 15, 'naryong82@nate.com', 'A', 'APA91bFnDKOgvIE0VcFKm_MCcfTlL8s5RacuOJ2hIc-YLQT62KLh2qescudxh9Fn_hlo8-xsartrIiSN_txHoM2khirrNK0n2wTnHfbo1Z40iWYgMqMqwLPVpmPGDxjGRnESCwDmDRBZC0JOQsFFMBjvpkTBZv56Ag', '김나영', 'ios', 'work', '[업무코멘트] [홈박스] 우덕성 사업자등록증 및 통..', '9', '', now())
bizstory_push: sender=bizstorycokr@gmail.com, comp_idx=0, part_idx=0, mem_idx=0, receiver=, msg_type=work, message=[업무코멘트] [홈박스] 우덕성 사업자등록증 및 통..
bizstory_push: sql = select * from push_member where push_id = '' and del_yn = 'N'
bizstory_push: 등록되지 않은 사용자
bizstory_push: sql = insert into push_history (send_key, comp_idx, part_idx, mem_idx, receiver_id, receiver_name, service_type, msg_type, message, state, state_comment, request_time) values ( '20140218120823914609', 0, 0, 0, '', '', 'ios', 'work', '[업무코멘트] [홈박스] 우덕성 사업자등록증 및 통..', '0', '등록되지 않은 사용자', now())
bizstory_push: ** 20140218-120838
bizstory_push: sender=bizstorycokr@gmail.com, comp_idx=1, part_idx=1, mem_idx=2, receiver=arachi76@naver.com, msg_type=work, message=[업무코멘트] [홈박스] 우덕성 사업자등록증 및 통..
bizstory_push: sql = select * from push_member where push_id = 'arachi76@naver.com' and del_yn = 'N'
bizstory_push: [arachi76@naver.com] push_device_type = I, message = Y, receipt = Y, work = Y, notice = Y, consult = 
bizstory_push: sql = insert into push_history (send_key, comp_idx, part_idx, mem_idx, receiver_id, push_device_type, push_registration_id, receiver_name, service_type, msg_type, message, state, state_comment, request_time) values ( '20140218120838941657', 1, 1, 2, 'arachi76@naver.com', 'I', '4ac171c71134ac868a9ce0fc22b36a015dee461bf045a22792beff7d6246e27f', '서경원', 'ios', 'work', '[업무코멘트] [홈박스] 우덕성 사업자등록증 및 통..', '9', '', now())
bizstory_push: sender=bizstorycokr@gmail.com, comp_idx=1, part_idx=1, mem_idx=15, receiver=naryong82@nate.com, msg_type=work, message=[업무코멘트] [홈박스] 우덕성 사업자등록증 및 통..
bizstory_push: sql = select * from push_member where push_id = 'naryong82@nate.com' and del_yn = 'N'
bizstory_push: [naryong82@nate.com] push_device_type = A, message = Y, receipt = Y, work = Y, notice = Y, consult = 
bizstory_push: sql = insert into push_history (send_key, comp_idx, part_idx, mem_idx, receiver_id, push_device_type, push_registration_id, receiver_name, service_type, msg_type, message, state, state_comment, request_time) values ( '20140218120838423645', 1, 1, 15, 'naryong82@nate.com', 'A', 'APA91bFnDKOgvIE0VcFKm_MCcfTlL8s5RacuOJ2hIc-YLQT62KLh2qescudxh9Fn_hlo8-xsartrIiSN_txHoM2khirrNK0n2wTnHfbo1Z40iWYgMqMqwLPVpmPGDxjGRnESCwDmDRBZC0JOQsFFMBjvpkTBZv56Ag', '김나영', 'ios', 'work', '[업무코멘트] [홈박스] 우덕성 사업자등록증 및 통..', '9', '', now())
bizstory_push: sender=bizstorycokr@gmail.com, comp_idx=0, part_idx=0, mem_idx=0, receiver=, msg_type=work, message=[업무코멘트] [홈박스] 우덕성 사업자등록증 및 통..
bizstory_push: sql = select * from push_member where push_id = '' and del_yn = 'N'
bizstory_push: 등록되지 않은 사용자
bizstory_push: sql = insert into push_history (send_key, comp_idx, part_idx, mem_idx, receiver_id, receiver_name, service_type, msg_type, message, state, state_comment, request_time) values ( '20140218120838964515', 0, 0, 0, '', '', 'ios', 'work', '[업무코멘트] [홈박스] 우덕성 사업자등록증 및 통..', '0', '등록되지 않은 사용자', now())
bizstory_push: ** 20140218-120849
bizstory_push: sender=bizstorycokr@gmail.com, comp_idx=59, part_idx=110, mem_idx=383, receiver=phw1579@naver.com, msg_type=receipt, message=[상주여자고등학교] 행정실 5 엑티브포..
bizstory_push: sql = select * from push_member where push_id = 'phw1579@naver.com' and del_yn = 'N'
bizstory_push: 등록되지 않은 사용자
bizstory_push: sql = insert into push_history (send_key, comp_idx, part_idx, mem_idx, receiver_id, receiver_name, service_type, msg_type, message, state, state_comment, request_time) values ( '20140218120849585171', 59, 110, 383, 'phw1579@naver.com', '', 'ios', 'receipt', '[상주여자고등학교] 행정실 5 엑티브포..', '0', '등록되지 않은 사용자', now())
bizstory_push: ** 20140218-130634
bizstory_push: sender=bizstorycokr@gmail.com, comp_idx=32, part_idx=39, mem_idx=174, receiver=pantera0219@miraensys.com, msg_type=receipt, message=[접수] [고양교육지원청] 경영지원과장님 컴퓨..
bizstory_push: sql = select * from push_member where push_id = 'pantera0219@miraensys.com' and del_yn = 'N'
bizstory_push: [pantera0219@miraensys.com] push_device_type = A, message = Y, receipt = Y, work = Y, notice = Y, consult = 
bizstory_push: sql = insert into push_history (send_key, comp_idx, part_idx, mem_idx, receiver_id, push_device_type, push_registration_id, receiver_name, service_type, msg_type, message, state, state_comment, request_time) values ( '20140218130634997734', 32, 39, 174, 'pantera0219@miraensys.com', 'A', 'APA91bHT7MW6-FIPFs8jjpVYou4NqqlQKRHeiwe27GptnFQ82p8Zg1M-jhx97XCDyQVUWiKAI27DXswN5mlIAUpXIumoMDGrtOW1Gg0bwa9wGT8UM4T37cNif2t75VhnZMx12XmKGMNRgW_dG-Ja32gbOX3djVCQfg', '신철혁', 'ios', 'receipt', '[접수] [고양교육지원청] 경영지원과장님 컴퓨..', '9', '', now())
bizstory_push: ** 20140218-130634
bizstory_push: ** 20140218-131331
bizstory_push: sender=bizstorycokr@gmail.com, comp_idx=58, part_idx=109, mem_idx=387, receiver=cctvc@korea.kr, msg_type=receipt, message=[접수] [백운초등학교] 1-2
bizstory_push: sql = select * from push_member where push_id = 'cctvc@korea.kr' and del_yn = 'N'
bizstory_push: [cctvc@korea.kr] push_device_type = A, message = Y, receipt = Y, work = Y, notice = Y, consult = Y
bizstory_push: sql = insert into push_history (send_key, comp_idx, part_idx, mem_idx, receiver_id, push_device_type, push_registration_id, receiver_name, service_type, msg_type, message, state, state_comment, request_time) values ( '20140218131331136298', 58, 109, 387, 'cctvc@korea.kr', 'A', 'APA91bEvsYNT1037VP3hB-q6VWfTxx0hBSSIKQ894ACNnv6rCBUhfpNxHVvz-HDflWNMCyCzfYCW-yv6hISBT3BdUpE1aMsdiA31A3ZX6M6djY9-qEVTnaWFHFNG1lr-GJNr4DpadOScdKzKtiHcd3KhzdAMG0IU0v6BUM-p6wbuW7KY8-b2wbs', '최세훈', 'ios', 'receipt', '[접수] [백운초등학교] 1-2', '9', '', now())
bizstory_push: ** 20140218-131331
bizstory_push: ** 20140218-132503
bizstory_push: sender=bizstorycokr@gmail.com, comp_idx=58, part_idx=109, mem_idx=387, receiver=cctvc@korea.kr, msg_type=receipt, message=[접수] [안양양지초등학교] 5-3
bizstory_push: sql = select * from push_member where push_id = 'cctvc@korea.kr' and del_yn = 'N'
bizstory_push: [cctvc@korea.kr] push_device_type = A, message = Y, receipt = Y, work = Y, notice = Y, consult = Y
bizstory_push: sql = insert into push_history (send_key, comp_idx, part_idx, mem_idx, receiver_id, push_device_type, push_registration_id, receiver_name, service_type, msg_type, message, state, state_comment, request_time) values ( '20140218132503894644', 58, 109, 387, 'cctvc@korea.kr', 'A', 'APA91bEvsYNT1037VP3hB-q6VWfTxx0hBSSIKQ894ACNnv6rCBUhfpNxHVvz-HDflWNMCyCzfYCW-yv6hISBT3BdUpE1aMsdiA31A3ZX6M6djY9-qEVTnaWFHFNG1lr-GJNr4DpadOScdKzKtiHcd3KhzdAMG0IU0v6BUM-p6wbuW7KY8-b2wbs', '최세훈', 'ios', 'receipt', '[접수] [안양양지초등학교] 5-3', '9', '', now())
bizstory_push: ** 20140218-132503
bizstory_push: ** 20140218-132932
bizstory_push: sender=bizstorycokr@gmail.com, comp_idx=1, part_idx=1, mem_idx=2, receiver=arachi76@naver.com, msg_type=work, message=[업무보고] 전주비전대학교 본교사이트
bizstory_push: sql = select * from push_member where push_id = 'arachi76@naver.com' and del_yn = 'N'
bizstory_push: [arachi76@naver.com] push_device_type = I, message = Y, receipt = Y, work = Y, notice = Y, consult = 
bizstory_push: sql = insert into push_history (send_key, comp_idx, part_idx, mem_idx, receiver_id, push_device_type, push_registration_id, receiver_name, service_type, msg_type, message, state, state_comment, request_time) values ( '20140218132932110440', 1, 1, 2, 'arachi76@naver.com', 'I', '4ac171c71134ac868a9ce0fc22b36a015dee461bf045a22792beff7d6246e27f', '서경원', 'ios', 'work', '[업무보고] 전주비전대학교 본교사이트', '9', '', now())
bizstory_push: sender=bizstorycokr@gmail.com, comp_idx=1, part_idx=1, mem_idx=529, receiver=berbucks@nate.com, msg_type=work, message=[업무보고] 전주비전대학교 본교사이트
bizstory_push: sql = select * from push_member where push_id = 'berbucks@nate.com' and del_yn = 'N'
bizstory_push: [berbucks@nate.com] push_device_type = I, message = Y, receipt = Y, work = Y, notice = Y, consult = 
bizstory_push: sql = insert into push_history (send_key, comp_idx, part_idx, mem_idx, receiver_id, push_device_type, push_registration_id, receiver_name, service_type, msg_type, message, state, state_comment, request_time) values ( '20140218132932649143', 1, 1, 529, 'berbucks@nate.com', 'I', '1efced7c9fbbd2e0cf09aea0abd1eefd00f7e97437531354b77529a62902ae49', '김진오', 'ios', 'work', '[업무보고] 전주비전대학교 본교사이트', '9', '', now())
bizstory_push: sender=bizstorycokr@gmail.com, comp_idx=1, part_idx=1, mem_idx=560, receiver=tru_luv@naver.com, msg_type=work, message=[업무보고] 전주비전대학교 본교사이트
bizstory_push: sql = select * from push_member where push_id = 'tru_luv@naver.com' and del_yn = 'N'
bizstory_push: 등록되지 않은 사용자
bizstory_push: sql = insert into push_history (send_key, comp_idx, part_idx, mem_idx, receiver_id, receiver_name, service_type, msg_type, message, state, state_comment, request_time) values ( '20140218132932979751', 1, 1, 560, 'tru_luv@naver.com', '', 'ios', 'work', '[업무보고] 전주비전대학교 본교사이트', '0', '등록되지 않은 사용자', now())
bizstory_push: sender=bizstorycokr@gmail.com, comp_idx=0, part_idx=0, mem_idx=0, receiver=, msg_type=work, message=[업무보고] 전주비전대학교 본교사이트
bizstory_push: sql = select * from push_member where push_id = '' and del_yn = 'N'
bizstory_push: 등록되지 않은 사용자
bizstory_push: sql = insert into push_history (send_key, comp_idx, part_idx, mem_idx, receiver_id, receiver_name, service_type, msg_type, message, state, state_comment, request_time) values ( '20140218132932606371', 0, 0, 0, '', '', 'ios', 'work', '[업무보고] 전주비전대학교 본교사이트', '0', '등록되지 않은 사용자', now())
bizstory_push: ** 20140218-134036
bizstory_push: sender=bizstorycokr@gmail.com, comp_idx=4, part_idx=4, mem_idx=22, receiver=651038@naver.com, msg_type=receipt, message=[접수] [금곡초등학교] 과학준비실-모니터가...
bizstory_push: sql = select * from push_member where push_id = '651038@naver.com' and del_yn = 'N'
bizstory_push: [651038@naver.com] push_device_type = A, message = Y, receipt = Y, work = Y, notice = Y, consult = 
bizstory_push: sql = insert into push_history (send_key, comp_idx, part_idx, mem_idx, receiver_id, push_device_type, push_registration_id, receiver_name, service_type, msg_type, message, state, state_comment, request_time) values ( '20140218134036429951', 4, 4, 22, '651038@naver.com', 'A', 'APA91bGWO7CvuxcsLMDvy_NevlbFxy3MQNypcDoVnuY_bNFGx-mBRsgpcF6g2_fRfkEv0Jm3X9vTO_JEEoNnw6Hn03xiF1WZSc9Bt1iYd0fPP0_ic0NhULq0DNPqtjFI6dxY9NWb8KM8tXOfDDDwR4hUK4ENayJBEQ', '이원익', 'ios', 'receipt', '[접수] [금곡초등학교] 과학준비실-모니터가...', '9', '', now())
bizstory_push: ** 20140218-134036
bizstory_push: ** 20140218-134110
bizstory_push: sender=bizstorycokr@gmail.com, comp_idx=4, part_idx=4, mem_idx=22, receiver=651038@naver.com, msg_type=receipt, message=[접수] [금곡초등학교] 1-3반 실물화상기...
bizstory_push: sql = select * from push_member where push_id = '651038@naver.com' and del_yn = 'N'
bizstory_push: [651038@naver.com] push_device_type = A, message = Y, receipt = Y, work = Y, notice = Y, consult = 
bizstory_push: sql = insert into push_history (send_key, comp_idx, part_idx, mem_idx, receiver_id, push_device_type, push_registration_id, receiver_name, service_type, msg_type, message, state, state_comment, request_time) values ( '20140218134110736619', 4, 4, 22, '651038@naver.com', 'A', 'APA91bGWO7CvuxcsLMDvy_NevlbFxy3MQNypcDoVnuY_bNFGx-mBRsgpcF6g2_fRfkEv0Jm3X9vTO_JEEoNnw6Hn03xiF1WZSc9Bt1iYd0fPP0_ic0NhULq0DNPqtjFI6dxY9NWb8KM8tXOfDDDwR4hUK4ENayJBEQ', '이원익', 'ios', 'receipt', '[접수] [금곡초등학교] 1-3반 실물화상기...', '9', '', now())
bizstory_push: ** 20140218-134110
bizstory_push: ** 20140218-140340
bizstory_push: sender=bizstorycokr@gmail.com, comp_idx=1, part_idx=1, mem_idx=15, receiver=naryong82@nate.com, msg_type=work, message=[업무] 전주비전대학교 가상화서버 메모리증설 ..
bizstory_push: sql = select * from push_member where push_id = 'naryong82@nate.com' and del_yn = 'N'
bizstory_push: [naryong82@nate.com] push_device_type = A, message = Y, receipt = Y, work = Y, notice = Y, consult = 
bizstory_push: sql = insert into push_history (send_key, comp_idx, part_idx, mem_idx, receiver_id, push_device_type, push_registration_id, receiver_name, service_type, msg_type, message, state, state_comment, request_time) values ( '20140218140340569870', 1, 1, 15, 'naryong82@nate.com', 'A', 'APA91bFnDKOgvIE0VcFKm_MCcfTlL8s5RacuOJ2hIc-YLQT62KLh2qescudxh9Fn_hlo8-xsartrIiSN_txHoM2khirrNK0n2wTnHfbo1Z40iWYgMqMqwLPVpmPGDxjGRnESCwDmDRBZC0JOQsFFMBjvpkTBZv56Ag', '김나영', 'ios', 'work', '[업무] 전주비전대학교 가상화서버 메모리증설 ..', '9', '', now())
bizstory_push: ** 20140218-140540
bizstory_push: sender=bizstorycokr@gmail.com, comp_idx=0, part_idx=0, mem_idx=0, receiver=, msg_type=work, message=[업무] 전주비전대학교 가상화서버 메모리증설 ..
bizstory_push: sql = select * from push_member where push_id = '' and del_yn = 'N'
bizstory_push: 등록되지 않은 사용자
bizstory_push: sql = insert into push_history (send_key, comp_idx, part_idx, mem_idx, receiver_id, receiver_name, service_type, msg_type, message, state, state_comment, request_time) values ( '20140218140540674962', 0, 0, 0, '', '', 'ios', 'work', '[업무] 전주비전대학교 가상화서버 메모리증설 ..', '0', '등록되지 않은 사용자', now())
bizstory_push: ** 20140218-140629
bizstory_push: sender=bizstorycokr@gmail.com, comp_idx=0, part_idx=0, mem_idx=0, receiver=, msg_type=work, message=[업무] 전주비전대학교 가상화서버 메모리증설 ..
bizstory_push: sql = select * from push_member where push_id = '' and del_yn = 'N'
bizstory_push: 등록되지 않은 사용자
bizstory_push: sql = insert into push_history (send_key, comp_idx, part_idx, mem_idx, receiver_id, receiver_name, service_type, msg_type, message, state, state_comment, request_time) values ( '20140218140629776731', 0, 0, 0, '', '', 'ios', 'work', '[업무] 전주비전대학교 가상화서버 메모리증설 ..', '0', '등록되지 않은 사용자', now())
bizstory_push: ** 20140218-140644
bizstory_push: sender=bizstorycokr@gmail.com, comp_idx=0, part_idx=0, mem_idx=0, receiver=, msg_type=work, message=[업무] 전주비전대학교 가상화서버 메모리증설 ..
bizstory_push: sql = select * from push_member where push_id = '' and del_yn = 'N'
bizstory_push: 등록되지 않은 사용자
bizstory_push: sql = insert into push_history (send_key, comp_idx, part_idx, mem_idx, receiver_id, receiver_name, service_type, msg_type, message, state, state_comment, request_time) values ( '20140218140644363673', 0, 0, 0, '', '', 'ios', 'work', '[업무] 전주비전대학교 가상화서버 메모리증설 ..', '0', '등록되지 않은 사용자', now())
bizstory_push: ** 20140218-140739
bizstory_push: sender=bizstorycokr@gmail.com, comp_idx=0, part_idx=0, mem_idx=0, receiver=, msg_type=work, message=[업무] 전주비전대학교 가상화서버 메모리증설 ..
bizstory_push: sql = select * from push_member where push_id = '' and del_yn = 'N'
bizstory_push: 등록되지 않은 사용자
bizstory_push: sql = insert into push_history (send_key, comp_idx, part_idx, mem_idx, receiver_id, receiver_name, service_type, msg_type, message, state, state_comment, request_time) values ( '20140218140739106110', 0, 0, 0, '', '', 'ios', 'work', '[업무] 전주비전대학교 가상화서버 메모리증설 ..', '0', '등록되지 않은 사용자', now())
bizstory_push: ** 20140218-141048
bizstory_push: sender=bizstorycokr@gmail.com, comp_idx=1, part_idx=1, mem_idx=15, receiver=naryong82@nate.com, msg_type=work, message=[업무보고] 전주비전대학교 가상화서버 메모리증설 ..
bizstory_push: sql = select * from push_member where push_id = 'naryong82@nate.com' and del_yn = 'N'
bizstory_push: [naryong82@nate.com] push_device_type = A, message = Y, receipt = Y, work = Y, notice = Y, consult = 
bizstory_push: sql = insert into push_history (send_key, comp_idx, part_idx, mem_idx, receiver_id, push_device_type, push_registration_id, receiver_name, service_type, msg_type, message, state, state_comment, request_time) values ( '20140218141048439371', 1, 1, 15, 'naryong82@nate.com', 'A', 'APA91bFnDKOgvIE0VcFKm_MCcfTlL8s5RacuOJ2hIc-YLQT62KLh2qescudxh9Fn_hlo8-xsartrIiSN_txHoM2khirrNK0n2wTnHfbo1Z40iWYgMqMqwLPVpmPGDxjGRnESCwDmDRBZC0JOQsFFMBjvpkTBZv56Ag', '김나영', 'ios', 'work', '[업무보고] 전주비전대학교 가상화서버 메모리증설 ..', '9', '', now())
bizstory_push: sender=bizstorycokr@gmail.com, comp_idx=0, part_idx=0, mem_idx=0, receiver=, msg_type=work, message=[업무보고] 전주비전대학교 가상화서버 메모리증설 ..
bizstory_push: sql = select * from push_member where push_id = '' and del_yn = 'N'
bizstory_push: 등록되지 않은 사용자
bizstory_push: sql = insert into push_history (send_key, comp_idx, part_idx, mem_idx, receiver_id, receiver_name, service_type, msg_type, message, state, state_comment, request_time) values ( '20140218141048760739', 0, 0, 0, '', '', 'ios', 'work', '[업무보고] 전주비전대학교 가상화서버 메모리증설 ..', '0', '등록되지 않은 사용자', now())
bizstory_push: ** 20140218-143839
bizstory_push: sender=bizstorycokr@gmail.com, comp_idx=13, part_idx=17, mem_idx=132, receiver=acp3748@greatworks.co.kr, msg_type=receipt, message=[창원남고등학교] 교실TV연결프로그래..
bizstory_push: sql = select * from push_member where push_id = 'acp3748@greatworks.co.kr' and del_yn = 'N'
bizstory_push: [acp3748@greatworks.co.kr] push_device_type = A, message = Y, receipt = Y, work = Y, notice = Y, consult = 
bizstory_push: sql = insert into push_history (send_key, comp_idx, part_idx, mem_idx, receiver_id, push_device_type, push_registration_id, receiver_name, service_type, msg_type, message, state, state_comment, request_time) values ( '20140218143839571458', 13, 17, 132, 'acp3748@greatworks.co.kr', 'A', 'APA91bFsP5_e0qv131gG_xdjgNaNlEuzear58Wn6ET4WKqDQVIpmpXG_vfgRPOp_3TNpI-nFv26PXofatq5mUvbp5E4i36ndYx9I_CUn1Y7dyeTiXbntvZUWtu6NOmuBGoSK24wT337LSwMpVIG5aIalEfEXebHY2p5HFGo3pfMTsH5KShFDL-M', '송대훈', 'ios', 'receipt', '[창원남고등학교] 교실TV연결프로그래..', '9', '', now())
bizstory_push: ** 20140218-144824
bizstory_push: sender=bizstorycokr@gmail.com, comp_idx=51, part_idx=87, mem_idx=338, receiver=kthy@chol.com, msg_type=receipt, message=[접수] [안동고등학교] 컴퓨터수리
bizstory_push: sql = select * from push_member where push_id = 'kthy@chol.com' and del_yn = 'N'
bizstory_push: [kthy@chol.com] push_device_type = I, message = Y, receipt = Y, work = Y, notice = Y, consult = 
bizstory_push: sql = insert into push_history (send_key, comp_idx, part_idx, mem_idx, receiver_id, push_device_type, push_registration_id, receiver_name, service_type, msg_type, message, state, state_comment, request_time) values ( '20140218144824932471', 51, 87, 338, 'kthy@chol.com', 'I', 'cc3a508b2833d61f3598b726a4e0e36bf530b795a5d70e68a1d15c6035811b1b', '김태형', 'ios', 'receipt', '[접수] [안동고등학교] 컴퓨터수리', '9', '', now())
bizstory_push: ** 20140218-144824
bizstory_push: ** 20140218-150517
bizstory_push: sender=bizstorycokr@gmail.com, comp_idx=1, part_idx=1, mem_idx=561, receiver=4004jini@ubstory.net, msg_type=work, message=[업무보고] 전주비전대학교 가상화서버 메모리증설 ..
bizstory_push: sql = select * from push_member where push_id = '4004jini@ubstory.net' and del_yn = 'N'
bizstory_push: 등록되지 않은 사용자
bizstory_push: sql = insert into push_history (send_key, comp_idx, part_idx, mem_idx, receiver_id, receiver_name, service_type, msg_type, message, state, state_comment, request_time) values ( '20140218150517141762', 1, 1, 561, '4004jini@ubstory.net', '', 'ios', 'work', '[업무보고] 전주비전대학교 가상화서버 메모리증설 ..', '0', '등록되지 않은 사용자', now())
bizstory_push: sender=bizstorycokr@gmail.com, comp_idx=0, part_idx=0, mem_idx=0, receiver=, msg_type=work, message=[업무보고] 전주비전대학교 가상화서버 메모리증설 ..
bizstory_push: sql = select * from push_member where push_id = '' and del_yn = 'N'
bizstory_push: 등록되지 않은 사용자
bizstory_push: sql = insert into push_history (send_key, comp_idx, part_idx, mem_idx, receiver_id, receiver_name, service_type, msg_type, message, state, state_comment, request_time) values ( '20140218150517132117', 0, 0, 0, '', '', 'ios', 'work', '[업무보고] 전주비전대학교 가상화서버 메모리증설 ..', '0', '등록되지 않은 사용자', now())
bizstory_push: ** 20140218-153357
bizstory_push: sender=bizstorycokr@gmail.com, comp_idx=4, part_idx=4, mem_idx=24, receiver=jhcrim@naver.com, msg_type=receipt, message=[접수] [송화초등학교] 플로터 점검
bizstory_push: sql = select * from push_member where push_id = 'jhcrim@naver.com' and del_yn = 'N'
bizstory_push: [jhcrim@naver.com] push_device_type = I, message = Y, receipt = Y, work = Y, notice = Y, consult = 
bizstory_push: sql = insert into push_history (send_key, comp_idx, part_idx, mem_idx, receiver_id, push_device_type, push_registration_id, receiver_name, service_type, msg_type, message, state, state_comment, request_time) values ( '20140218153357582608', 4, 4, 24, 'jhcrim@naver.com', 'I', '52eaf554b8dd0a34046dcb19cde2d45449940c11f7d9c44c113b3db46d4d4cde', '이주형', 'ios', 'receipt', '[접수] [송화초등학교] 플로터 점검', '9', '', now())
bizstory_push: ** 20140218-153357
bizstory_push: ** 20140218-155317
bizstory_push: sender=bizstorycokr@gmail.com, comp_idx=13, part_idx=17, mem_idx=452, receiver=holybell1@naver.com, msg_type=receipt, message=[접수] [창원중앙여자고등학교] 쿨 메긴저....
bizstory_push: sql = select * from push_member where push_id = 'holybell1@naver.com' and del_yn = 'N'
bizstory_push: [holybell1@naver.com] push_device_type = A, message = Y, receipt = Y, work = Y, notice = Y, consult = 
bizstory_push: sql = insert into push_history (send_key, comp_idx, part_idx, mem_idx, receiver_id, push_device_type, push_registration_id, receiver_name, service_type, msg_type, message, state, state_comment, request_time) values ( '20140218155317710254', 13, 17, 452, 'holybell1@naver.com', 'A', 'APA91bHzHSAoI1J36FX_EO9yoxfMFDwH730EKdyAqMAKj2b6cZejgXhprzShMYU_7Lf3IapzC6go_ZMxKIpGAHB7I24ehNd0BzpxWF0TzPkmxBvXbr-G1ZsdDTBITprFDgpeArj1oaxlMF9aO7rx0IoNSTq7kUTgZQ', '박지훈', 'ios', 'receipt', '[접수] [창원중앙여자고등학교] 쿨 메긴저....', '9', '', now())
bizstory_push: ** 20140218-155317
bizstory_push: ** 20140218-155521
bizstory_push: sender=bizstorycokr@gmail.com, comp_idx=13, part_idx=17, mem_idx=452, receiver=holybell1@naver.com, msg_type=receipt, message=[접수] [창원중앙여자고등학교] 쿨 메신저로 ..
bizstory_push: sql = select * from push_member where push_id = 'holybell1@naver.com' and del_yn = 'N'
bizstory_push: [holybell1@naver.com] push_device_type = A, message = Y, receipt = Y, work = Y, notice = Y, consult = 
bizstory_push: sql = insert into push_history (send_key, comp_idx, part_idx, mem_idx, receiver_id, push_device_type, push_registration_id, receiver_name, service_type, msg_type, message, state, state_comment, request_time) values ( '20140218155521300579', 13, 17, 452, 'holybell1@naver.com', 'A', 'APA91bHzHSAoI1J36FX_EO9yoxfMFDwH730EKdyAqMAKj2b6cZejgXhprzShMYU_7Lf3IapzC6go_ZMxKIpGAHB7I24ehNd0BzpxWF0TzPkmxBvXbr-G1ZsdDTBITprFDgpeArj1oaxlMF9aO7rx0IoNSTq7kUTgZQ', '박지훈', 'ios', 'receipt', '[접수] [창원중앙여자고등학교] 쿨 메신저로 ..', '9', '', now())
bizstory_push: ** 20140218-155521
bizstory_push: ** 20140218-160306
bizstory_push: sender=bizstorycokr@gmail.com, comp_idx=35, part_idx=40, mem_idx=193, receiver=neogjy@neolohas.net, msg_type=receipt, message=[네오에스티엠(주)] 오산시/오산초등학교..
bizstory_push: sql = select * from push_member where push_id = 'neogjy@neolohas.net' and del_yn = 'N'
bizstory_push: [neogjy@neolohas.net] push_device_type = A, message = N, receipt = Y, work = Y, notice = Y, consult = Y
bizstory_push: sql = insert into push_history (send_key, comp_idx, part_idx, mem_idx, receiver_id, push_device_type, push_registration_id, receiver_name, service_type, msg_type, message, state, state_comment, request_time) values ( '20140218160306802911', 35, 40, 193, 'neogjy@neolohas.net', 'A', 'APA91bF3qc9GB7hs1L6vZmCLwaEWF5qCfrzk2HID-7xc87ei4BnxspDzYCOSLcix4fSKUlQTS0AeMjqVFuqVdCzlErIWqPCvN5WNo4E6SKSsVqokalIQj97ryaoGVacm3vXU-Yyh218RW3tr_U9K9DHPujSHldbvvQ', '고지윤', 'ios', 'receipt', '[네오에스티엠(주)] 오산시/오산초등학교..', '9', '', now())
bizstory_push: ** 20140218-160306
bizstory_push: sender=bizstorycokr@gmail.com, comp_idx=35, part_idx=40, mem_idx=193, receiver=neo@neolohas.net, msg_type=receipt, message=[네오에스티엠(주)] 오산시/오산초등학교..
bizstory_push: sql = select * from push_member where push_id = 'neo@neolohas.net' and del_yn = 'N'
bizstory_push: 등록되지 않은 사용자
bizstory_push: sql = insert into push_history (send_key, comp_idx, part_idx, mem_idx, receiver_id, receiver_name, service_type, msg_type, message, state, state_comment, request_time) values ( '20140218160306837695', 35, 40, 193, 'neo@neolohas.net', '', 'ios', 'receipt', '[네오에스티엠(주)] 오산시/오산초등학교..', '0', '등록되지 않은 사용자', now())
bizstory_push: ** 20140218-160306
bizstory_push: sender=bizstorycokr@gmail.com, comp_idx=35, part_idx=40, mem_idx=193, receiver=renosoft@naver.com, msg_type=receipt, message=[네오에스티엠(주)] 오산시/오산초등학교..
bizstory_push: sql = select * from push_member where push_id = 'renosoft@naver.com' and del_yn = 'N'
bizstory_push: [renosoft@naver.com] push_device_type = A, message = Y, receipt = Y, work = Y, notice = Y, consult = 
bizstory_push: sql = insert into push_history (send_key, comp_idx, part_idx, mem_idx, receiver_id, push_device_type, push_registration_id, receiver_name, service_type, msg_type, message, state, state_comment, request_time) values ( '20140218160306273001', 35, 40, 339, 'renosoft@naver.com', 'A', 'APA91bHm2Ukw4MzyAW-rJx_6Te6QQEus9wsAXjNdr5_JxbFJAM7gbTV6WX_bwP_w9vad6s6LHCLaNFYyrOmb45JPmoUPWGjtaorClNAmFT-9M8OHRQetg4lg5hGnPeUiPM8GlFOmx0dD4tYSoFMhaN6bHBUGHkCPiw', '유우종', 'ios', 'receipt', '[네오에스티엠(주)] 오산시/오산초등학교..', '9', '', now())
bizstory_push: ** 20140218-160306
bizstory_push: sender=bizstorycokr@gmail.com, comp_idx=35, part_idx=40, mem_idx=193, receiver=sagubee@naver.com, msg_type=receipt, message=[네오에스티엠(주)] 오산시/오산초등학교..
bizstory_push: sql = select * from push_member where push_id = 'sagubee@naver.com' and del_yn = 'N'
bizstory_push: [sagubee@naver.com] push_device_type = A, message = Y, receipt = Y, work = Y, notice = Y, consult = 
bizstory_push: sql = insert into push_history (send_key, comp_idx, part_idx, mem_idx, receiver_id, push_device_type, push_registration_id, receiver_name, service_type, msg_type, message, state, state_comment, request_time) values ( '20140218160306758462', 35, 40, 336, 'sagubee@naver.com', 'A', 'APA91bFwmNg54c8qGG017xYxDhH1TeeNpr-u9TjTpViEu79Wng98D3bYMNF61brbhMnHuASZ4W8eSZzn556eghJPj8rwO3mpM6i25swTcBP3jLZLK2CV-9G7dA_fkC8KWfgx1qknMIbVrhkulGRZJZ5qd_epdjvfyg', '양태원', 'ios', 'receipt', '[네오에스티엠(주)] 오산시/오산초등학교..', '9', '', now())
bizstory_push: ** 20140218-161709
bizstory_push: sender=bizstorycokr@gmail.com, comp_idx=1, part_idx=1, mem_idx=528, receiver=ubman@ubstory.net, msg_type=receipt, message=[접수] [평택대학교] 보안 서약서 관련
bizstory_push: sql = select * from push_member where push_id = 'ubman@ubstory.net' and del_yn = 'N'
bizstory_push: [ubman@ubstory.net] push_device_type = I, message = Y, receipt = Y, work = Y, notice = Y, consult = 
bizstory_push: sql = insert into push_history (send_key, comp_idx, part_idx, mem_idx, receiver_id, push_device_type, push_registration_id, receiver_name, service_type, msg_type, message, state, state_comment, request_time) values ( '20140218161709246381', 1, 1, 528, 'ubman@ubstory.net', 'I', 'eb74a58ff4ca7312a88f871acf0e88ced22d528ed841241ce169ef11f1bedab5', '고정균', 'ios', 'receipt', '[접수] [평택대학교] 보안 서약서 관련', '9', '', now())
bizstory_push: ** 20140218-161709
bizstory_push: ** 20140218-162144
bizstory_push: sender=bizstorycokr@gmail.com, comp_idx=32, part_idx=39, mem_idx=176, receiver=woo@miraensys.com, msg_type=receipt, message=[접수] [능곡고등학교] 노트북 키보드 교체
bizstory_push: sql = select * from push_member where push_id = 'woo@miraensys.com' and del_yn = 'N'
bizstory_push: [woo@miraensys.com] push_device_type = A, message = Y, receipt = Y, work = Y, notice = Y, consult = 
bizstory_push: sql = insert into push_history (send_key, comp_idx, part_idx, mem_idx, receiver_id, push_device_type, push_registration_id, receiver_name, service_type, msg_type, message, state, state_comment, request_time) values ( '20140218162144728300', 32, 39, 176, 'woo@miraensys.com', 'A', 'APA91bF_z3c7G0eq8XS9gXgzmU-JTuiKWFyqEaf1ocSLNx2H3DWGlzPliIoTyYYBNSgh4DKTawXkpkGIeQRg8c13TrbJbU6z4raCIj3ZEL0cCgnmSGoRmOvs9R91Doq7iGfA5SSeCZAQDI-aOqAXDYOc9bU_UNjbDg', '우영근', 'ios', 'receipt', '[접수] [능곡고등학교] 노트북 키보드 교체', '9', '', now())
bizstory_push: ** 20140218-162144
bizstory_push: ** 20140218-163418
bizstory_push: sender=bizstorycokr@gmail.com, comp_idx=4, part_idx=4, mem_idx=25, receiver=ljy@naver.com, msg_type=receipt, message=[접수] [능동고등학교] 행정실장님 업무포탈...
bizstory_push: sql = select * from push_member where push_id = 'ljy@naver.com' and del_yn = 'N'
bizstory_push: [ljy@naver.com] push_device_type = A, message = Y, receipt = Y, work = Y, notice = Y, consult = 
bizstory_push: sql = insert into push_history (send_key, comp_idx, part_idx, mem_idx, receiver_id, push_device_type, push_registration_id, receiver_name, service_type, msg_type, message, state, state_comment, request_time) values ( '20140218163418694171', 4, 4, 25, 'ljy@naver.com', 'A', 'APA91bFmDCE9My-xiRVpkNjb5GmFVqmiS2zb32GMB913gcNeWrg0Ae9y0t8XpHdOqZ4kRUWsG6dzFC_xVJ-bGZ0tnlLdufPxiQuDq5akAgB59tRehDJ_xCo57WLrHBZq8CyqMSn4BcVBWa_wNHq8-M7l_ttCcNZukg', '임주영', 'ios', 'receipt', '[접수] [능동고등학교] 행정실장님 업무포탈...', '9', '', now())
bizstory_push: ** 20140218-163418
bizstory_push: ** 20140218-163432
bizstory_push: sender=bizstorycokr@gmail.com, comp_idx=35, part_idx=40, mem_idx=193, receiver=neogjy@neolohas.net, msg_type=receipt, message=[네오에스티엠(주)] 오산시/오산초등학교..
bizstory_push: sql = select * from push_member where push_id = 'neogjy@neolohas.net' and del_yn = 'N'
bizstory_push: [neogjy@neolohas.net] push_device_type = A, message = N, receipt = Y, work = Y, notice = Y, consult = Y
bizstory_push: sql = insert into push_history (send_key, comp_idx, part_idx, mem_idx, receiver_id, push_device_type, push_registration_id, receiver_name, service_type, msg_type, message, state, state_comment, request_time) values ( '20140218163432155839', 35, 40, 193, 'neogjy@neolohas.net', 'A', 'APA91bF3qc9GB7hs1L6vZmCLwaEWF5qCfrzk2HID-7xc87ei4BnxspDzYCOSLcix4fSKUlQTS0AeMjqVFuqVdCzlErIWqPCvN5WNo4E6SKSsVqokalIQj97ryaoGVacm3vXU-Yyh218RW3tr_U9K9DHPujSHldbvvQ', '고지윤', 'ios', 'receipt', '[네오에스티엠(주)] 오산시/오산초등학교..', '9', '', now())
bizstory_push: ** 20140218-163432
bizstory_push: sender=bizstorycokr@gmail.com, comp_idx=35, part_idx=40, mem_idx=193, receiver=neo@neolohas.net, msg_type=receipt, message=[네오에스티엠(주)] 오산시/오산초등학교..
bizstory_push: sql = select * from push_member where push_id = 'neo@neolohas.net' and del_yn = 'N'
bizstory_push: 등록되지 않은 사용자
bizstory_push: sql = insert into push_history (send_key, comp_idx, part_idx, mem_idx, receiver_id, receiver_name, service_type, msg_type, message, state, state_comment, request_time) values ( '20140218163432357234', 35, 40, 193, 'neo@neolohas.net', '', 'ios', 'receipt', '[네오에스티엠(주)] 오산시/오산초등학교..', '0', '등록되지 않은 사용자', now())
bizstory_push: ** 20140218-163432
bizstory_push: sender=bizstorycokr@gmail.com, comp_idx=35, part_idx=40, mem_idx=193, receiver=renosoft@naver.com, msg_type=receipt, message=[네오에스티엠(주)] 오산시/오산초등학교..
bizstory_push: sql = select * from push_member where push_id = 'renosoft@naver.com' and del_yn = 'N'
bizstory_push: [renosoft@naver.com] push_device_type = A, message = Y, receipt = Y, work = Y, notice = Y, consult = 
bizstory_push: sql = insert into push_history (send_key, comp_idx, part_idx, mem_idx, receiver_id, push_device_type, push_registration_id, receiver_name, service_type, msg_type, message, state, state_comment, request_time) values ( '20140218163432869454', 35, 40, 339, 'renosoft@naver.com', 'A', 'APA91bHm2Ukw4MzyAW-rJx_6Te6QQEus9wsAXjNdr5_JxbFJAM7gbTV6WX_bwP_w9vad6s6LHCLaNFYyrOmb45JPmoUPWGjtaorClNAmFT-9M8OHRQetg4lg5hGnPeUiPM8GlFOmx0dD4tYSoFMhaN6bHBUGHkCPiw', '유우종', 'ios', 'receipt', '[네오에스티엠(주)] 오산시/오산초등학교..', '9', '', now())
bizstory_push: ** 20140218-163432
bizstory_push: sender=bizstorycokr@gmail.com, comp_idx=35, part_idx=40, mem_idx=193, receiver=sagubee@naver.com, msg_type=receipt, message=[네오에스티엠(주)] 오산시/오산초등학교..
bizstory_push: sql = select * from push_member where push_id = 'sagubee@naver.com' and del_yn = 'N'
bizstory_push: [sagubee@naver.com] push_device_type = A, message = Y, receipt = Y, work = Y, notice = Y, consult = 
bizstory_push: sql = insert into push_history (send_key, comp_idx, part_idx, mem_idx, receiver_id, push_device_type, push_registration_id, receiver_name, service_type, msg_type, message, state, state_comment, request_time) values ( '20140218163432630490', 35, 40, 336, 'sagubee@naver.com', 'A', 'APA91bFwmNg54c8qGG017xYxDhH1TeeNpr-u9TjTpViEu79Wng98D3bYMNF61brbhMnHuASZ4W8eSZzn556eghJPj8rwO3mpM6i25swTcBP3jLZLK2CV-9G7dA_fkC8KWfgx1qknMIbVrhkulGRZJZ5qd_epdjvfyg', '양태원', 'ios', 'receipt', '[네오에스티엠(주)] 오산시/오산초등학교..', '9', '', now())
bizstory_push: ** 20140218-165528
bizstory_push: sender=bizstorycokr@gmail.com, comp_idx=1, part_idx=1, mem_idx=528, receiver=ubman@ubstory.net, msg_type=receipt, message=[접수] [안양시창조산업진흥원] 도로명 검색기..
bizstory_push: sql = select * from push_member where push_id = 'ubman@ubstory.net' and del_yn = 'N'
bizstory_push: [ubman@ubstory.net] push_device_type = I, message = Y, receipt = Y, work = Y, notice = Y, consult = 
bizstory_push: sql = insert into push_history (send_key, comp_idx, part_idx, mem_idx, receiver_id, push_device_type, push_registration_id, receiver_name, service_type, msg_type, message, state, state_comment, request_time) values ( '20140218165528868577', 1, 1, 528, 'ubman@ubstory.net', 'I', 'eb74a58ff4ca7312a88f871acf0e88ced22d528ed841241ce169ef11f1bedab5', '고정균', 'ios', 'receipt', '[접수] [안양시창조산업진흥원] 도로명 검색기..', '9', '', now())
bizstory_push: ** 20140218-165528
bizstory_push: ** 20140218-171308
bizstory_push: sender=bizstorycokr@gmail.com, comp_idx=59, part_idx=110, mem_idx=383, receiver=phw1579@naver.com, msg_type=receipt, message=[상주여자고등학교] 행정실 5 엑티브포..
bizstory_push: sql = select * from push_member where push_id = 'phw1579@naver.com' and del_yn = 'N'
bizstory_push: 등록되지 않은 사용자
bizstory_push: sql = insert into push_history (send_key, comp_idx, part_idx, mem_idx, receiver_id, receiver_name, service_type, msg_type, message, state, state_comment, request_time) values ( '20140218171308529153', 59, 110, 383, 'phw1579@naver.com', '', 'ios', 'receipt', '[상주여자고등학교] 행정실 5 엑티브포..', '0', '등록되지 않은 사용자', now())
bizstory_push: ** 20140218-171410
bizstory_push: sender=bizstorycokr@gmail.com, comp_idx=59, part_idx=110, mem_idx=399, receiver=sjsamsung@hanmail.net, msg_type=receipt, message=[상주시청] 농업기술센터 나은혜..
bizstory_push: sql = select * from push_member where push_id = 'sjsamsung@hanmail.net' and del_yn = 'N'
bizstory_push: [sjsamsung@hanmail.net] push_device_type = A, message = Y, receipt = Y, work = Y, notice = Y, consult = 
bizstory_push: sql = insert into push_history (send_key, comp_idx, part_idx, mem_idx, receiver_id, push_device_type, push_registration_id, receiver_name, service_type, msg_type, message, state, state_comment, request_time) values ( '20140218171410844413', 59, 110, 399, 'sjsamsung@hanmail.net', 'A', 'APA91bGhpbmO3cHwv0nEoExxmssqHZ4IFKzsIn3hFcP92MsJBRY-EkSyQuez0hcaexH1tNnP4ffl7ys1pIhHG-KO0UsOTA285ukZ4JsM5hD5mOsUrU561a0KmXAqhy9Eby_74ixQ0tOQzZccoQ_GBl_tMHi0B1uyQA', '김현기', 'ios', 'receipt', '[상주시청] 농업기술센터 나은혜..', '9', '', now())
bizstory_push: ** 20140218-173433
bizstory_push: sender=bizstorycokr@gmail.com, comp_idx=1, part_idx=1, mem_idx=529, receiver=berbucks@nate.com, msg_type=work, message=[업무보고] 평택대학교 대학원 홈페이지
bizstory_push: sql = select * from push_member where push_id = 'berbucks@nate.com' and del_yn = 'N'
bizstory_push: [berbucks@nate.com] push_device_type = I, message = Y, receipt = Y, work = Y, notice = Y, consult = 
bizstory_push: sql = insert into push_history (send_key, comp_idx, part_idx, mem_idx, receiver_id, push_device_type, push_registration_id, receiver_name, service_type, msg_type, message, state, state_comment, request_time) values ( '20140218173433450607', 1, 1, 529, 'berbucks@nate.com', 'I', '1efced7c9fbbd2e0cf09aea0abd1eefd00f7e97437531354b77529a62902ae49', '김진오', 'ios', 'work', '[업무보고] 평택대학교 대학원 홈페이지', '9', '', now())
bizstory_push: sender=bizstorycokr@gmail.com, comp_idx=0, part_idx=0, mem_idx=0, receiver=, msg_type=work, message=[업무보고] 평택대학교 대학원 홈페이지
bizstory_push: sql = select * from push_member where push_id = '' and del_yn = 'N'
bizstory_push: 등록되지 않은 사용자
bizstory_push: sql = insert into push_history (send_key, comp_idx, part_idx, mem_idx, receiver_id, receiver_name, service_type, msg_type, message, state, state_comment, request_time) values ( '20140218173433592854', 0, 0, 0, '', '', 'ios', 'work', '[업무보고] 평택대학교 대학원 홈페이지', '0', '등록되지 않은 사용자', now())
bizstory_push: ** 20140218-174105
bizstory_push: sender=bizstorycokr@gmail.com, comp_idx=1, part_idx=1, mem_idx=528, receiver=ubman@ubstory.net, msg_type=receipt, message=[(주)성우모바일] 자료실 접속 권한
bizstory_push: sql = select * from push_member where push_id = 'ubman@ubstory.net' and del_yn = 'N'
bizstory_push: [ubman@ubstory.net] push_device_type = I, message = Y, receipt = Y, work = Y, notice = Y, consult = 
bizstory_push: sql = insert into push_history (send_key, comp_idx, part_idx, mem_idx, receiver_id, push_device_type, push_registration_id, receiver_name, service_type, msg_type, message, state, state_comment, request_time) values ( '20140218174105114791', 1, 1, 528, 'ubman@ubstory.net', 'I', 'eb74a58ff4ca7312a88f871acf0e88ced22d528ed841241ce169ef11f1bedab5', '고정균', 'ios', 'receipt', '[(주)성우모바일] 자료실 접속 권한', '9', '', now())
bizstory_push: ** 20140218-174217
bizstory_push: sender=bizstorycokr@gmail.com, comp_idx=1, part_idx=1, mem_idx=528, receiver=ubman@ubstory.net, msg_type=receipt, message=[평택대학교] 보안 서약서 관련
bizstory_push: sql = select * from push_member where push_id = 'ubman@ubstory.net' and del_yn = 'N'
bizstory_push: [ubman@ubstory.net] push_device_type = I, message = Y, receipt = Y, work = Y, notice = Y, consult = 
bizstory_push: sql = insert into push_history (send_key, comp_idx, part_idx, mem_idx, receiver_id, push_device_type, push_registration_id, receiver_name, service_type, msg_type, message, state, state_comment, request_time) values ( '20140218174217406284', 1, 1, 528, 'ubman@ubstory.net', 'I', 'eb74a58ff4ca7312a88f871acf0e88ced22d528ed841241ce169ef11f1bedab5', '고정균', 'ios', 'receipt', '[평택대학교] 보안 서약서 관련', '9', '', now())
bizstory_push: ** 20140218-174252
bizstory_push: sender=bizstorycokr@gmail.com, comp_idx=1, part_idx=1, mem_idx=528, receiver=ubman@ubstory.net, msg_type=receipt, message=[평택대학교] 웹서버 test 서..
bizstory_push: sql = select * from push_member where push_id = 'ubman@ubstory.net' and del_yn = 'N'
bizstory_push: [ubman@ubstory.net] push_device_type = I, message = Y, receipt = Y, work = Y, notice = Y, consult = 
bizstory_push: sql = insert into push_history (send_key, comp_idx, part_idx, mem_idx, receiver_id, push_device_type, push_registration_id, receiver_name, service_type, msg_type, message, state, state_comment, request_time) values ( '20140218174252910049', 1, 1, 528, 'ubman@ubstory.net', 'I', 'eb74a58ff4ca7312a88f871acf0e88ced22d528ed841241ce169ef11f1bedab5', '고정균', 'ios', 'receipt', '[평택대학교] 웹서버 test 서..', '9', '', now())
bizstory_push: ** 20140218-174343
bizstory_push: sender=bizstorycokr@gmail.com, comp_idx=1, part_idx=1, mem_idx=528, receiver=ubman@ubstory.net, msg_type=receipt, message=[평택보건소(다현)] 팝업창 내려주세요
bizstory_push: sql = select * from push_member where push_id = 'ubman@ubstory.net' and del_yn = 'N'
bizstory_push: [ubman@ubstory.net] push_device_type = I, message = Y, receipt = Y, work = Y, notice = Y, consult = 
bizstory_push: sql = insert into push_history (send_key, comp_idx, part_idx, mem_idx, receiver_id, push_device_type, push_registration_id, receiver_name, service_type, msg_type, message, state, state_comment, request_time) values ( '20140218174343909649', 1, 1, 528, 'ubman@ubstory.net', 'I', 'eb74a58ff4ca7312a88f871acf0e88ced22d528ed841241ce169ef11f1bedab5', '고정균', 'ios', 'receipt', '[평택보건소(다현)] 팝업창 내려주세요', '9', '', now())
bizstory_push: ** 20140218-174400
bizstory_push: sender=bizstorycokr@gmail.com, comp_idx=1, part_idx=1, mem_idx=528, receiver=ubman@ubstory.net, msg_type=receipt, message=[안양과천교육지원청(웅일)] 중등인사자료 임시서..
bizstory_push: sql = select * from push_member where push_id = 'ubman@ubstory.net' and del_yn = 'N'
bizstory_push: [ubman@ubstory.net] push_device_type = I, message = Y, receipt = Y, work = Y, notice = Y, consult = 
bizstory_push: sql = insert into push_history (send_key, comp_idx, part_idx, mem_idx, receiver_id, push_device_type, push_registration_id, receiver_name, service_type, msg_type, message, state, state_comment, request_time) values ( '20140218174400724561', 1, 1, 528, 'ubman@ubstory.net', 'I', 'eb74a58ff4ca7312a88f871acf0e88ced22d528ed841241ce169ef11f1bedab5', '고정균', 'ios', 'receipt', '[안양과천교육지원청(웅일)] 중등인사자료 임시서..', '9', '', now())
bizstory_push: ** 20140218-175311
bizstory_push: sender=bizstorycokr@gmail.com, comp_idx=1, part_idx=1, mem_idx=528, receiver=ubman@ubstory.net, msg_type=receipt, message=[평택대학교] 사업기간연장공문 및..
bizstory_push: sql = select * from push_member where push_id = 'ubman@ubstory.net' and del_yn = 'N'
bizstory_push: [ubman@ubstory.net] push_device_type = I, message = Y, receipt = Y, work = Y, notice = Y, consult = 
bizstory_push: sql = insert into push_history (send_key, comp_idx, part_idx, mem_idx, receiver_id, push_device_type, push_registration_id, receiver_name, service_type, msg_type, message, state, state_comment, request_time) values ( '20140218175311551242', 1, 1, 528, 'ubman@ubstory.net', 'I', 'eb74a58ff4ca7312a88f871acf0e88ced22d528ed841241ce169ef11f1bedab5', '고정균', 'ios', 'receipt', '[평택대학교] 사업기간연장공문 및..', '9', '', now())
bizstory_push: ** 20140218-181204
bizstory_push: sender=bizstorycokr@gmail.com, comp_idx=1, part_idx=1, mem_idx=528, receiver=ubman@ubstory.net, msg_type=receipt, message=[안양과천교육지원청(웅일)] 관리자페이지 - 하..
bizstory_push: sql = select * from push_member where push_id = 'ubman@ubstory.net' and del_yn = 'N'
bizstory_push: [ubman@ubstory.net] push_device_type = I, message = Y, receipt = Y, work = Y, notice = Y, consult = 
bizstory_push: sql = insert into push_history (send_key, comp_idx, part_idx, mem_idx, receiver_id, push_device_type, push_registration_id, receiver_name, service_type, msg_type, message, state, state_comment, request_time) values ( '20140218181204174026', 1, 1, 528, 'ubman@ubstory.net', 'I', 'eb74a58ff4ca7312a88f871acf0e88ced22d528ed841241ce169ef11f1bedab5', '고정균', 'ios', 'receipt', '[안양과천교육지원청(웅일)] 관리자페이지 - 하..', '9', '', now())
bizstory_push: ** 20140218-181412
bizstory_push: sender=bizstorycokr@gmail.com, comp_idx=1, part_idx=1, mem_idx=528, receiver=ubman@ubstory.net, msg_type=receipt, message=[(주)북션커뮤니케이션] 메인페이지 [새로나..
bizstory_push: sql = select * from push_member where push_id = 'ubman@ubstory.net' and del_yn = 'N'
bizstory_push: [ubman@ubstory.net] push_device_type = I, message = Y, receipt = Y, work = Y, notice = Y, consult = 
bizstory_push: sql = insert into push_history (send_key, comp_idx, part_idx, mem_idx, receiver_id, push_device_type, push_registration_id, receiver_name, service_type, msg_type, message, state, state_comment, request_time) values ( '20140218181412722653', 1, 1, 528, 'ubman@ubstory.net', 'I', 'eb74a58ff4ca7312a88f871acf0e88ced22d528ed841241ce169ef11f1bedab5', '고정균', 'ios', 'receipt', '[(주)북션커뮤니케이션] 메인페이지 [새로나..', '9', '', now())
bizstory_push: ** 20140218-183938
bizstory_push: sender=bizstorycokr@gmail.com, comp_idx=1, part_idx=1, mem_idx=2, receiver=arachi76@naver.com, msg_type=work, message=[업무코멘트] 전주비전대학교 본교사이트
bizstory_push: sql = select * from push_member where push_id = 'arachi76@naver.com' and del_yn = 'N'
bizstory_push: [arachi76@naver.com] push_device_type = I, message = Y, receipt = Y, work = Y, notice = Y, consult = 
bizstory_push: sql = insert into push_history (send_key, comp_idx, part_idx, mem_idx, receiver_id, push_device_type, push_registration_id, receiver_name, service_type, msg_type, message, state, state_comment, request_time) values ( '20140218183938546943', 1, 1, 2, 'arachi76@naver.com', 'I', '4ac171c71134ac868a9ce0fc22b36a015dee461bf045a22792beff7d6246e27f', '서경원', 'ios', 'work', '[업무코멘트] 전주비전대학교 본교사이트', '9', '', now())
bizstory_push: sender=bizstorycokr@gmail.com, comp_idx=1, part_idx=1, mem_idx=7, receiver=yukki76@nate.com, msg_type=work, message=[업무코멘트] 전주비전대학교 본교사이트
bizstory_push: sql = select * from push_member where push_id = 'yukki76@nate.com' and del_yn = 'N'
bizstory_push: [yukki76@nate.com] push_device_type = I, message = Y, receipt = Y, work = Y, notice = Y, consult = N
bizstory_push: sql = insert into push_history (send_key, comp_idx, part_idx, mem_idx, receiver_id, push_device_type, push_registration_id, receiver_name, service_type, msg_type, message, state, state_comment, request_time) values ( '20140218183938615995', 1, 1, 7, 'yukki76@nate.com', 'I', 'f7baf1ed812b2a6ce562a2c25b778dfc4eccf5eb9ec205eacecc533f2144c6b7', '김경화', 'ios', 'work', '[업무코멘트] 전주비전대학교 본교사이트', '9', '', now())
bizstory_push: sender=bizstorycokr@gmail.com, comp_idx=1, part_idx=1, mem_idx=529, receiver=berbucks@nate.com, msg_type=work, message=[업무코멘트] 전주비전대학교 본교사이트
bizstory_push: sql = select * from push_member where push_id = 'berbucks@nate.com' and del_yn = 'N'
bizstory_push: [berbucks@nate.com] push_device_type = I, message = Y, receipt = Y, work = Y, notice = Y, consult = 
bizstory_push: sql = insert into push_history (send_key, comp_idx, part_idx, mem_idx, receiver_id, push_device_type, push_registration_id, receiver_name, service_type, msg_type, message, state, state_comment, request_time) values ( '20140218183938360641', 1, 1, 529, 'berbucks@nate.com', 'I', '1efced7c9fbbd2e0cf09aea0abd1eefd00f7e97437531354b77529a62902ae49', '김진오', 'ios', 'work', '[업무코멘트] 전주비전대학교 본교사이트', '9', '', now())
bizstory_push: sender=bizstorycokr@gmail.com, comp_idx=0, part_idx=0, mem_idx=0, receiver=, msg_type=work, message=[업무코멘트] 전주비전대학교 본교사이트
bizstory_push: sql = select * from push_member where push_id = '' and del_yn = 'N'
bizstory_push: 등록되지 않은 사용자
bizstory_push: sql = insert into push_history (send_key, comp_idx, part_idx, mem_idx, receiver_id, receiver_name, service_type, msg_type, message, state, state_comment, request_time) values ( '20140218183938210549', 0, 0, 0, '', '', 'ios', 'work', '[업무코멘트] 전주비전대학교 본교사이트', '0', '등록되지 않은 사용자', now())
bizstory_push: ** 20140218-185313
bizstory_push: sender=bizstorycokr@gmail.com, comp_idx=59, part_idx=110, mem_idx=382, receiver=natemujin@nate.com, msg_type=receipt, message=[삼보컴퓨터] 7주공 706동 1..
bizstory_push: sql = select * from push_member where push_id = 'natemujin@nate.com' and del_yn = 'N'
bizstory_push: [natemujin@nate.com] push_device_type = A, message = Y, receipt = Y, work = Y, notice = N, consult = N
bizstory_push: sql = insert into push_history (send_key, comp_idx, part_idx, mem_idx, receiver_id, push_device_type, push_registration_id, receiver_name, service_type, msg_type, message, state, state_comment, request_time) values ( '20140218185313461391', 59, 110, 382, 'natemujin@nate.com', 'A', 'APA91bHo_vdLddyzCNpfg42Ue1EDI5F0Loj5TFvLrr-qvPJU-vw4run9JSaQy8yTKjD9XoZ3hYhG9dia9QPkxdZf4YeQM3oFt7VCiUzUpEBFBWbm3eHZc8gmqKAVMOmkizeQglBp0fGM_y0PNo_XnJGcXSvWgcuWhA', '여창욱', 'ios', 'receipt', '[삼보컴퓨터] 7주공 706동 1..', '9', '', now())
bizstory_push: ** 20140218-201028
bizstory_push: sender=bizstorycokr@gmail.com, comp_idx=1, part_idx=1, mem_idx=528, receiver=ubman@ubstory.net, msg_type=receipt, message=[평택대학교] 사업기간연장공문 및..
bizstory_push: sql = select * from push_member where push_id = 'ubman@ubstory.net' and del_yn = 'N'
bizstory_push: [ubman@ubstory.net] push_device_type = I, message = Y, receipt = Y, work = Y, notice = Y, consult = 
bizstory_push: sql = insert into push_history (send_key, comp_idx, part_idx, mem_idx, receiver_id, push_device_type, push_registration_id, receiver_name, service_type, msg_type, message, state, state_comment, request_time) values ( '20140218201028547360', 1, 1, 528, 'ubman@ubstory.net', 'I', 'eb74a58ff4ca7312a88f871acf0e88ced22d528ed841241ce169ef11f1bedab5', '고정균', 'ios', 'receipt', '[평택대학교] 사업기간연장공문 및..', '9', '', now())
bizstory_push: ** 20140218-213208
bizstory_push: sender=bizstorycokr@gmail.com, comp_idx=1, part_idx=1, mem_idx=2, receiver=arachi76@naver.com, msg_type=work, message=[업무보고] 전주비전대학교 본교사이트
bizstory_push: sql = select * from push_member where push_id = 'arachi76@naver.com' and del_yn = 'N'
bizstory_push: [arachi76@naver.com] push_device_type = I, message = Y, receipt = Y, work = Y, notice = Y, consult = 
bizstory_push: sql = insert into push_history (send_key, comp_idx, part_idx, mem_idx, receiver_id, push_device_type, push_registration_id, receiver_name, service_type, msg_type, message, state, state_comment, request_time) values ( '20140218213208838683', 1, 1, 2, 'arachi76@naver.com', 'I', '4ac171c71134ac868a9ce0fc22b36a015dee461bf045a22792beff7d6246e27f', '서경원', 'ios', 'work', '[업무보고] 전주비전대학교 본교사이트', '9', '', now())
bizstory_push: sender=bizstorycokr@gmail.com, comp_idx=1, part_idx=1, mem_idx=7, receiver=yukki76@nate.com, msg_type=work, message=[업무보고] 전주비전대학교 본교사이트
bizstory_push: sql = select * from push_member where push_id = 'yukki76@nate.com' and del_yn = 'N'
bizstory_push: [yukki76@nate.com] push_device_type = I, message = Y, receipt = Y, work = Y, notice = Y, consult = N
bizstory_push: sql = insert into push_history (send_key, comp_idx, part_idx, mem_idx, receiver_id, push_device_type, push_registration_id, receiver_name, service_type, msg_type, message, state, state_comment, request_time) values ( '20140218213208753014', 1, 1, 7, 'yukki76@nate.com', 'I', 'f7baf1ed812b2a6ce562a2c25b778dfc4eccf5eb9ec205eacecc533f2144c6b7', '김경화', 'ios', 'work', '[업무보고] 전주비전대학교 본교사이트', '9', '', now())
bizstory_push: sender=bizstorycokr@gmail.com, comp_idx=1, part_idx=1, mem_idx=529, receiver=berbucks@nate.com, msg_type=work, message=[업무보고] 전주비전대학교 본교사이트
bizstory_push: sql = select * from push_member where push_id = 'berbucks@nate.com' and del_yn = 'N'
bizstory_push: [berbucks@nate.com] push_device_type = I, message = Y, receipt = Y, work = Y, notice = Y, consult = 
bizstory_push: sql = insert into push_history (send_key, comp_idx, part_idx, mem_idx, receiver_id, push_device_type, push_registration_id, receiver_name, service_type, msg_type, message, state, state_comment, request_time) values ( '20140218213208116302', 1, 1, 529, 'berbucks@nate.com', 'I', '1efced7c9fbbd2e0cf09aea0abd1eefd00f7e97437531354b77529a62902ae49', '김진오', 'ios', 'work', '[업무보고] 전주비전대학교 본교사이트', '9', '', now())
bizstory_push: sender=bizstorycokr@gmail.com, comp_idx=0, part_idx=0, mem_idx=0, receiver=, msg_type=work, message=[업무보고] 전주비전대학교 본교사이트
bizstory_push: sql = select * from push_member where push_id = '' and del_yn = 'N'
bizstory_push: 등록되지 않은 사용자
bizstory_push: sql = insert into push_history (send_key, comp_idx, part_idx, mem_idx, receiver_id, receiver_name, service_type, msg_type, message, state, state_comment, request_time) values ( '20140218213208897634', 0, 0, 0, '', '', 'ios', 'work', '[업무보고] 전주비전대학교 본교사이트', '0', '등록되지 않은 사용자', now())
