
apns_registration: ** 20130213-152019
apns_registration: cmd=add, id=ahnwhan76@naver.com, pw=0000, registration_id=524ddff96b4bb19843f2fc2203924a1645f5e5ea38474b004c99c1128cb191df, device_unique_id=524ddff96b4bb19843f2fc2203924a1645f5e5ea38474b004c99c1128cb191df
apns_registration: message=Y, receipt=Y, work=Y, notice=Y
apns_registration: sql = select * from member_info where mem_id = 'ahnwhan76@naver.com' and mem_pwd = '52d44f8f9e7c12d731ae9de92d2682f5' and del_yn = 'N'
apns_registration: 인증성공
apns_registration: sql = select * from push_member where push_id = 'ahnwhan76@naver.com' and push_pwd = '52d44f8f9e7c12d731ae9de92d2682f5' and push_device_type = 'I' and push_registration_id = '524ddff96b4bb19843f2fc2203924a1645f5e5ea38474b004c99c1128cb191df'
apns_registration: sql = update push_member set
				  push_enable  = 'Y'
				, push_message = 'Y'
				, push_receipt = 'Y'
				, push_work    = 'Y'
				, push_notice  = 'Y'
				, push_consult = ''
				, push_device_unique_id = '524ddff96b4bb19843f2fc2203924a1645f5e5ea38474b004c99c1128cb191df'
				, mod_date = now()
			where push_id = 'ahnwhan76@naver.com' and push_device_type = 'I' and push_registration_id = '524ddff96b4bb19843f2fc2203924a1645f5e5ea38474b004c99c1128cb191df'
apns_registration: resCode = 200

apns_registration: ** 20130213-155159
apns_registration: cmd=add, id=rock8875@gmail.com, pw=8875, registration_id=6c56e457afbb9121587676ab5dd2233e13e0e518376bc681dbbe8dfa940d34e5, device_unique_id=6c56e457afbb9121587676ab5dd2233e13e0e518376bc681dbbe8dfa940d34e5
apns_registration: message=Y, receipt=Y, work=Y, notice=Y
apns_registration: sql = select * from member_info where mem_id = 'rock8875@gmail.com' and mem_pwd = '88f39ae5515668c9fde92d91fdc5882c' and del_yn = 'N'
apns_registration: 인증성공
apns_registration: sql = select * from push_member where push_id = 'rock8875@gmail.com' and push_pwd = '88f39ae5515668c9fde92d91fdc5882c' and push_device_type = 'I' and push_registration_id = '6c56e457afbb9121587676ab5dd2233e13e0e518376bc681dbbe8dfa940d34e5'
apns_registration: sql = update push_member set
				  push_enable  = 'Y'
				, push_message = 'Y'
				, push_receipt = 'Y'
				, push_work    = 'Y'
				, push_notice  = 'Y'
				, push_consult = ''
				, push_device_unique_id = '6c56e457afbb9121587676ab5dd2233e13e0e518376bc681dbbe8dfa940d34e5'
				, mod_date = now()
			where push_id = 'rock8875@gmail.com' and push_device_type = 'I' and push_registration_id = '6c56e457afbb9121587676ab5dd2233e13e0e518376bc681dbbe8dfa940d34e5'
apns_registration: resCode = 200

apns_registration: ** 20130213-211418
apns_registration: cmd=add, id=arachi76@naver.com, pw=05134862, registration_id=22168c0f44a9ac9214c16daf1e6270155c372641ace0f9d2651012892a071963, device_unique_id=22168c0f44a9ac9214c16daf1e6270155c372641ace0f9d2651012892a071963
apns_registration: message=Y, receipt=Y, work=Y, notice=Y
apns_registration: sql = select * from member_info where mem_id = 'arachi76@naver.com' and mem_pwd = '0a44a3a004323d2f842a15371a990add' and del_yn = 'N'
apns_registration: 인증성공
apns_registration: sql = select * from push_member where push_id = 'arachi76@naver.com' and push_pwd = '0a44a3a004323d2f842a15371a990add' and push_device_type = 'I' and push_registration_id = '22168c0f44a9ac9214c16daf1e6270155c372641ace0f9d2651012892a071963'
apns_registration: sql = update push_member set
				  push_enable  = 'Y'
				, push_message = 'Y'
				, push_receipt = 'Y'
				, push_work    = 'Y'
				, push_notice  = 'Y'
				, push_consult = ''
				, push_device_unique_id = '22168c0f44a9ac9214c16daf1e6270155c372641ace0f9d2651012892a071963'
				, mod_date = now()
			where push_id = 'arachi76@naver.com' and push_device_type = 'I' and push_registration_id = '22168c0f44a9ac9214c16daf1e6270155c372641ace0f9d2651012892a071963'
apns_registration: resCode = 200

apns_registration: ** 20130213-221441
apns_registration: cmd=add, id=minsug86@nate.com, pw=dydsu23, registration_id=63a2cbce9bb0a7a8b0674b87c6ea7e9ed1c0e5dd1052776d4acefc60a656b4fb, device_unique_id=63a2cbce9bb0a7a8b0674b87c6ea7e9ed1c0e5dd1052776d4acefc60a656b4fb
apns_registration: message=Y, receipt=Y, work=Y, notice=Y
apns_registration: sql = select * from member_info where mem_id = 'minsug86@nate.com' and mem_pwd = 'fa5c3359f4d6f0d7d2c0bbdffb1918aa' and del_yn = 'N'
apns_registration: 인증성공
apns_registration: sql = select * from push_member where push_id = 'minsug86@nate.com' and push_pwd = 'fa5c3359f4d6f0d7d2c0bbdffb1918aa' and push_device_type = 'I' and push_registration_id = '63a2cbce9bb0a7a8b0674b87c6ea7e9ed1c0e5dd1052776d4acefc60a656b4fb'
apns_registration: sql = update push_member set
				  push_enable  = 'Y'
				, push_message = 'Y'
				, push_receipt = 'Y'
				, push_work    = 'Y'
				, push_notice  = 'Y'
				, push_consult = ''
				, push_device_unique_id = '63a2cbce9bb0a7a8b0674b87c6ea7e9ed1c0e5dd1052776d4acefc60a656b4fb'
				, mod_date = now()
			where push_id = 'minsug86@nate.com' and push_device_type = 'I' and push_registration_id = '63a2cbce9bb0a7a8b0674b87c6ea7e9ed1c0e5dd1052776d4acefc60a656b4fb'
apns_registration: resCode = 200
