
apns_registration: ** 20130117-095059
apns_registration: cmd=add, id=choidh73@hanmail.net, pw=1777, registration_id=52eaf554b8dd0a34046dcb19cde2d45449940c11f7d9c44c113b3db46d4d4cde, device_unique_id=52eaf554b8dd0a34046dcb19cde2d45449940c11f7d9c44c113b3db46d4d4cde
apns_registration: message=Y, receipt=Y, work=Y, notice=Y
apns_registration: sql = select * from member_info where mem_id = 'choidh73@hanmail.net' and mem_pwd = '8a23d82a178f8f8c0ddf20316a143ca3' and del_yn = 'N'
apns_registration: 인증성공
apns_registration: sql = select * from push_member where push_id = 'choidh73@hanmail.net' and push_pwd = '8a23d82a178f8f8c0ddf20316a143ca3' and push_device_type = 'I' and push_registration_id = '52eaf554b8dd0a34046dcb19cde2d45449940c11f7d9c44c113b3db46d4d4cde'
apns_registration: sql = update push_member set
				  push_enable  = 'Y'
				, push_message = 'Y'
				, push_receipt = 'Y'
				, push_work    = 'Y'
				, push_notice  = 'Y'
				, push_consult = ''
				, push_device_unique_id = '52eaf554b8dd0a34046dcb19cde2d45449940c11f7d9c44c113b3db46d4d4cde'
				, mod_date = now()
			where push_id = 'choidh73@hanmail.net' and push_device_type = 'I' and push_registration_id = '52eaf554b8dd0a34046dcb19cde2d45449940c11f7d9c44c113b3db46d4d4cde'
apns_registration: resCode = 200

apns_registration: ** 20130117-095138
apns_registration: cmd=add, id=choidh73@hanmail.net, pw=1777, registration_id=52eaf554b8dd0a34046dcb19cde2d45449940c11f7d9c44c113b3db46d4d4cde, device_unique_id=52eaf554b8dd0a34046dcb19cde2d45449940c11f7d9c44c113b3db46d4d4cde
apns_registration: message=Y, receipt=Y, work=Y, notice=Y
apns_registration: sql = select * from member_info where mem_id = 'choidh73@hanmail.net' and mem_pwd = '8a23d82a178f8f8c0ddf20316a143ca3' and del_yn = 'N'
apns_registration: 인증성공
apns_registration: sql = select * from push_member where push_id = 'choidh73@hanmail.net' and push_pwd = '8a23d82a178f8f8c0ddf20316a143ca3' and push_device_type = 'I' and push_registration_id = '52eaf554b8dd0a34046dcb19cde2d45449940c11f7d9c44c113b3db46d4d4cde'
apns_registration: sql = update push_member set
				  push_enable  = 'Y'
				, push_message = 'Y'
				, push_receipt = 'Y'
				, push_work    = 'Y'
				, push_notice  = 'Y'
				, push_consult = ''
				, push_device_unique_id = '52eaf554b8dd0a34046dcb19cde2d45449940c11f7d9c44c113b3db46d4d4cde'
				, mod_date = now()
			where push_id = 'choidh73@hanmail.net' and push_device_type = 'I' and push_registration_id = '52eaf554b8dd0a34046dcb19cde2d45449940c11f7d9c44c113b3db46d4d4cde'
apns_registration: resCode = 200

apns_registration: ** 20130117-184149
apns_registration: cmd=add, id=rock8875@gmail.com, pw=8875, registration_id=6c56e457afbb9121587676ab5dd2233e13e0e518376bc681dbbe8dfa940d34e5, device_unique_id=6c56e457afbb9121587676ab5dd2233e13e0e518376bc681dbbe8dfa940d34e5
apns_registration: message=Y, receipt=Y, work=Y, notice=Y
apns_registration: sql = select * from member_info where mem_id = 'rock8875@gmail.com' and mem_pwd = '88f39ae5515668c9fde92d91fdc5882c' and del_yn = 'N'
apns_registration: 인증성공
apns_registration: sql = select * from push_member where push_id = 'rock8875@gmail.com' and push_pwd = '88f39ae5515668c9fde92d91fdc5882c' and push_device_type = 'I' and push_registration_id = '6c56e457afbb9121587676ab5dd2233e13e0e518376bc681dbbe8dfa940d34e5'
apns_registration: sql = update push_member set
				  push_enable  = 'Y'
				, push_message = 'Y'
				, push_receipt = 'Y'
				, push_work    = 'Y'
				, push_notice  = 'Y'
				, push_consult = ''
				, push_device_unique_id = '6c56e457afbb9121587676ab5dd2233e13e0e518376bc681dbbe8dfa940d34e5'
				, mod_date = now()
			where push_id = 'rock8875@gmail.com' and push_device_type = 'I' and push_registration_id = '6c56e457afbb9121587676ab5dd2233e13e0e518376bc681dbbe8dfa940d34e5'
apns_registration: resCode = 200

apns_registration: ** 20130117-212104
apns_registration: cmd=add, id=sclee@infonuri.com, pw=1554, registration_id=0a29f8fcb77af57f63348868b3e2c36d4ecbf292a47a05b1cd622da227f97d90, device_unique_id=0a29f8fcb77af57f63348868b3e2c36d4ecbf292a47a05b1cd622da227f97d90
apns_registration: message=Y, receipt=Y, work=Y, notice=Y
apns_registration: sql = select * from member_info where mem_id = 'sclee@infonuri.com' and mem_pwd = '217527267bc63ea332ac6e70cf0b332b' and del_yn = 'N'
apns_registration: 인증성공
apns_registration: sql = select * from push_member where push_id = 'sclee@infonuri.com' and push_pwd = '217527267bc63ea332ac6e70cf0b332b' and push_device_type = 'I' and push_registration_id = '0a29f8fcb77af57f63348868b3e2c36d4ecbf292a47a05b1cd622da227f97d90'
apns_registration: sql = update push_member set
				  push_enable  = 'Y'
				, push_message = 'Y'
				, push_receipt = 'Y'
				, push_work    = 'Y'
				, push_notice  = 'Y'
				, push_consult = ''
				, push_device_unique_id = '0a29f8fcb77af57f63348868b3e2c36d4ecbf292a47a05b1cd622da227f97d90'
				, mod_date = now()
			where push_id = 'sclee@infonuri.com' and push_device_type = 'I' and push_registration_id = '0a29f8fcb77af57f63348868b3e2c36d4ecbf292a47a05b1cd622da227f97d90'
apns_registration: resCode = 200

apns_registration: ** 20130117-221250
apns_registration: cmd=add, id=pantera0219@miraensys.com, pw=11111, registration_id=809f7025350a31150e2c7b05bded6370a047de61931bfd195a79a27a83c28dde, device_unique_id=809f7025350a31150e2c7b05bded6370a047de61931bfd195a79a27a83c28dde
apns_registration: message=Y, receipt=Y, work=Y, notice=Y
apns_registration: sql = select * from member_info where mem_id = 'pantera0219@miraensys.com' and mem_pwd = '027857e51a44149bfd380713d89eea91' and del_yn = 'N'
apns_registration: 인증성공
apns_registration: sql = select * from push_member where push_id = 'pantera0219@miraensys.com' and push_pwd = '027857e51a44149bfd380713d89eea91' and push_device_type = 'I' and push_registration_id = '809f7025350a31150e2c7b05bded6370a047de61931bfd195a79a27a83c28dde'
apns_registration: sql = update push_member set
				  push_enable  = 'Y'
				, push_message = 'Y'
				, push_receipt = 'Y'
				, push_work    = 'Y'
				, push_notice  = 'Y'
				, push_consult = ''
				, push_device_unique_id = '809f7025350a31150e2c7b05bded6370a047de61931bfd195a79a27a83c28dde'
				, mod_date = now()
			where push_id = 'pantera0219@miraensys.com' and push_device_type = 'I' and push_registration_id = '809f7025350a31150e2c7b05bded6370a047de61931bfd195a79a27a83c28dde'
apns_registration: resCode = 200

apns_registration: ** 20130117-223239
apns_registration: cmd=add, id=minsug86@nate.com, pw=7890, registration_id=52d3093426ba62ef93dbf7c9af02b95c9dfdd8237b0581d8be5bf3ffceb6818d, device_unique_id=52d3093426ba62ef93dbf7c9af02b95c9dfdd8237b0581d8be5bf3ffceb6818d
apns_registration: message=Y, receipt=Y, work=Y, notice=Y
apns_registration: sql = select * from member_info where mem_id = 'minsug86@nate.com' and mem_pwd = '1bc02a27116bde8483f7830a5fd5dad8' and del_yn = 'N'
apns_registration: 인증성공
apns_registration: sql = select * from push_member where push_id = 'minsug86@nate.com' and push_pwd = '1bc02a27116bde8483f7830a5fd5dad8' and push_device_type = 'I' and push_registration_id = '52d3093426ba62ef93dbf7c9af02b95c9dfdd8237b0581d8be5bf3ffceb6818d'
apns_registration: sql = update push_member set
				  push_enable  = 'Y'
				, push_message = 'Y'
				, push_receipt = 'Y'
				, push_work    = 'Y'
				, push_notice  = 'Y'
				, push_consult = ''
				, push_device_unique_id = '52d3093426ba62ef93dbf7c9af02b95c9dfdd8237b0581d8be5bf3ffceb6818d'
				, mod_date = now()
			where push_id = 'minsug86@nate.com' and push_device_type = 'I' and push_registration_id = '52d3093426ba62ef93dbf7c9af02b95c9dfdd8237b0581d8be5bf3ffceb6818d'
apns_registration: resCode = 200
