
apns_registration: ** 20130214-111948
apns_registration: cmd=add, id=arachi76@naver.com, pw=05134862, registration_id=a7eda6a7ef2e8e02b8a309a2af194539be1d036e53f188f445c818bcdde70d19, device_unique_id=a7eda6a7ef2e8e02b8a309a2af194539be1d036e53f188f445c818bcdde70d19
apns_registration: message=Y, receipt=Y, work=Y, notice=Y
apns_registration: sql = select * from member_info where mem_id = 'arachi76@naver.com' and mem_pwd = '0a44a3a004323d2f842a15371a990add' and del_yn = 'N'
apns_registration: 인증성공
apns_registration: sql = select * from push_member where push_id = 'arachi76@naver.com' and push_pwd = '0a44a3a004323d2f842a15371a990add' and push_device_type = 'I' and push_registration_id = 'a7eda6a7ef2e8e02b8a309a2af194539be1d036e53f188f445c818bcdde70d19'
apns_registration: sql = update push_member set
				  push_enable  = 'Y'
				, push_message = 'Y'
				, push_receipt = 'Y'
				, push_work    = 'Y'
				, push_notice  = 'Y'
				, push_consult = ''
				, push_device_unique_id = 'a7eda6a7ef2e8e02b8a309a2af194539be1d036e53f188f445c818bcdde70d19'
				, mod_date = now()
			where push_id = 'arachi76@naver.com' and push_device_type = 'I' and push_registration_id = 'a7eda6a7ef2e8e02b8a309a2af194539be1d036e53f188f445c818bcdde70d19'
apns_registration: resCode = 200

apns_registration: ** 20130214-112215
apns_registration: cmd=add, id=arachi76@naver.com, pw=05134862, registration_id=a7eda6a7ef2e8e02b8a309a2af194539be1d036e53f188f445c818bcdde70d19, device_unique_id=a7eda6a7ef2e8e02b8a309a2af194539be1d036e53f188f445c818bcdde70d19
apns_registration: message=Y, receipt=Y, work=Y, notice=Y
apns_registration: sql = select * from member_info where mem_id = 'arachi76@naver.com' and mem_pwd = '0a44a3a004323d2f842a15371a990add' and del_yn = 'N'
apns_registration: 인증성공
apns_registration: sql = select * from push_member where push_id = 'arachi76@naver.com' and push_pwd = '0a44a3a004323d2f842a15371a990add' and push_device_type = 'I' and push_registration_id = 'a7eda6a7ef2e8e02b8a309a2af194539be1d036e53f188f445c818bcdde70d19'
apns_registration: sql = update push_member set
				  push_enable  = 'Y'
				, push_message = 'Y'
				, push_receipt = 'Y'
				, push_work    = 'Y'
				, push_notice  = 'Y'
				, push_consult = ''
				, push_device_unique_id = 'a7eda6a7ef2e8e02b8a309a2af194539be1d036e53f188f445c818bcdde70d19'
				, mod_date = now()
			where push_id = 'arachi76@naver.com' and push_device_type = 'I' and push_registration_id = 'a7eda6a7ef2e8e02b8a309a2af194539be1d036e53f188f445c818bcdde70d19'
apns_registration: resCode = 200

apns_registration: ** 20130214-112701
apns_registration: cmd=add, id=kyunni@naver.com, pw=9571, registration_id=c21fe4ce7855b3c017beb5ffc26bf5cc3433ed31d787cf3fdfdb099b83a08fa6, device_unique_id=c21fe4ce7855b3c017beb5ffc26bf5cc3433ed31d787cf3fdfdb099b83a08fa6
apns_registration: message=Y, receipt=Y, work=Y, notice=Y
apns_registration: sql = select * from member_info where mem_id = 'kyunni@naver.com' and mem_pwd = '57b6be472bd1cfca708a582f1a19ac10' and del_yn = 'N'
apns_registration: 인증성공
apns_registration: sql = select * from push_member where push_id = 'kyunni@naver.com' and push_pwd = '57b6be472bd1cfca708a582f1a19ac10' and push_device_type = 'I' and push_registration_id = 'c21fe4ce7855b3c017beb5ffc26bf5cc3433ed31d787cf3fdfdb099b83a08fa6'
apns_registration: sql = insert into push_member (comp_idx, part_idx, mem_idx, push_id, push_pwd, push_name, push_enable, push_device_type, push_registration_id, push_message, push_receipt, push_work, push_notice, push_consult, push_device_unique_id, reg_date, del_yn) values ('1','29','195','kyunni@naver.com','57b6be472bd1cfca708a582f1a19ac10','고동원','Y','I','c21fe4ce7855b3c017beb5ffc26bf5cc3433ed31d787cf3fdfdb099b83a08fa6','Y','Y','Y','Y','','c21fe4ce7855b3c017beb5ffc26bf5cc3433ed31d787cf3fdfdb099b83a08fa6',now(),'N')
apns_registration: resCode = 200

apns_registration: ** 20130214-112732
apns_registration: cmd=add, id=ahnwhan76@naver.com, pw=0000, registration_id=524ddff96b4bb19843f2fc2203924a1645f5e5ea38474b004c99c1128cb191df, device_unique_id=524ddff96b4bb19843f2fc2203924a1645f5e5ea38474b004c99c1128cb191df
apns_registration: message=Y, receipt=Y, work=Y, notice=Y
apns_registration: sql = select * from member_info where mem_id = 'ahnwhan76@naver.com' and mem_pwd = '52d44f8f9e7c12d731ae9de92d2682f5' and del_yn = 'N'
apns_registration: 인증성공
apns_registration: sql = select * from push_member where push_id = 'ahnwhan76@naver.com' and push_pwd = '52d44f8f9e7c12d731ae9de92d2682f5' and push_device_type = 'I' and push_registration_id = '524ddff96b4bb19843f2fc2203924a1645f5e5ea38474b004c99c1128cb191df'
apns_registration: sql = update push_member set
				  push_enable  = 'Y'
				, push_message = 'Y'
				, push_receipt = 'Y'
				, push_work    = 'Y'
				, push_notice  = 'Y'
				, push_consult = ''
				, push_device_unique_id = '524ddff96b4bb19843f2fc2203924a1645f5e5ea38474b004c99c1128cb191df'
				, mod_date = now()
			where push_id = 'ahnwhan76@naver.com' and push_device_type = 'I' and push_registration_id = '524ddff96b4bb19843f2fc2203924a1645f5e5ea38474b004c99c1128cb191df'
apns_registration: resCode = 200

apns_registration: ** 20130214-112754
apns_registration: cmd=add, id=kyunni@naver.com, pw=9571, registration_id=c21fe4ce7855b3c017beb5ffc26bf5cc3433ed31d787cf3fdfdb099b83a08fa6, device_unique_id=c21fe4ce7855b3c017beb5ffc26bf5cc3433ed31d787cf3fdfdb099b83a08fa6
apns_registration: message=Y, receipt=Y, work=Y, notice=Y
apns_registration: sql = select * from member_info where mem_id = 'kyunni@naver.com' and mem_pwd = '57b6be472bd1cfca708a582f1a19ac10' and del_yn = 'N'
apns_registration: 인증성공
apns_registration: sql = select * from push_member where push_id = 'kyunni@naver.com' and push_pwd = '57b6be472bd1cfca708a582f1a19ac10' and push_device_type = 'I' and push_registration_id = 'c21fe4ce7855b3c017beb5ffc26bf5cc3433ed31d787cf3fdfdb099b83a08fa6'
apns_registration: sql = update push_member set
				  push_enable  = 'Y'
				, push_message = 'Y'
				, push_receipt = 'Y'
				, push_work    = 'Y'
				, push_notice  = 'Y'
				, push_consult = ''
				, push_device_unique_id = 'c21fe4ce7855b3c017beb5ffc26bf5cc3433ed31d787cf3fdfdb099b83a08fa6'
				, mod_date = now()
			where push_id = 'kyunni@naver.com' and push_device_type = 'I' and push_registration_id = 'c21fe4ce7855b3c017beb5ffc26bf5cc3433ed31d787cf3fdfdb099b83a08fa6'
apns_registration: resCode = 200

apns_registration: ** 20130214-112833
apns_registration: cmd=add, id=kyunni@naver.com, pw=9571, registration_id=c21fe4ce7855b3c017beb5ffc26bf5cc3433ed31d787cf3fdfdb099b83a08fa6, device_unique_id=c21fe4ce7855b3c017beb5ffc26bf5cc3433ed31d787cf3fdfdb099b83a08fa6
apns_registration: message=Y, receipt=Y, work=Y, notice=Y
apns_registration: sql = select * from member_info where mem_id = 'kyunni@naver.com' and mem_pwd = '57b6be472bd1cfca708a582f1a19ac10' and del_yn = 'N'
apns_registration: 인증성공
apns_registration: sql = select * from push_member where push_id = 'kyunni@naver.com' and push_pwd = '57b6be472bd1cfca708a582f1a19ac10' and push_device_type = 'I' and push_registration_id = 'c21fe4ce7855b3c017beb5ffc26bf5cc3433ed31d787cf3fdfdb099b83a08fa6'
apns_registration: sql = update push_member set
				  push_enable  = 'Y'
				, push_message = 'Y'
				, push_receipt = 'Y'
				, push_work    = 'Y'
				, push_notice  = 'Y'
				, push_consult = ''
				, push_device_unique_id = 'c21fe4ce7855b3c017beb5ffc26bf5cc3433ed31d787cf3fdfdb099b83a08fa6'
				, mod_date = now()
			where push_id = 'kyunni@naver.com' and push_device_type = 'I' and push_registration_id = 'c21fe4ce7855b3c017beb5ffc26bf5cc3433ed31d787cf3fdfdb099b83a08fa6'
apns_registration: resCode = 200

apns_registration: ** 20130214-112841
apns_registration: cmd=add, id=ahnwhan76@naver.com, pw=0000, registration_id=524ddff96b4bb19843f2fc2203924a1645f5e5ea38474b004c99c1128cb191df, device_unique_id=524ddff96b4bb19843f2fc2203924a1645f5e5ea38474b004c99c1128cb191df
apns_registration: message=Y, receipt=Y, work=Y, notice=Y
apns_registration: sql = select * from member_info where mem_id = 'ahnwhan76@naver.com' and mem_pwd = '52d44f8f9e7c12d731ae9de92d2682f5' and del_yn = 'N'
apns_registration: 인증성공
apns_registration: sql = select * from push_member where push_id = 'ahnwhan76@naver.com' and push_pwd = '52d44f8f9e7c12d731ae9de92d2682f5' and push_device_type = 'I' and push_registration_id = '524ddff96b4bb19843f2fc2203924a1645f5e5ea38474b004c99c1128cb191df'
apns_registration: sql = update push_member set
				  push_enable  = 'Y'
				, push_message = 'Y'
				, push_receipt = 'Y'
				, push_work    = 'Y'
				, push_notice  = 'Y'
				, push_consult = ''
				, push_device_unique_id = '524ddff96b4bb19843f2fc2203924a1645f5e5ea38474b004c99c1128cb191df'
				, mod_date = now()
			where push_id = 'ahnwhan76@naver.com' and push_device_type = 'I' and push_registration_id = '524ddff96b4bb19843f2fc2203924a1645f5e5ea38474b004c99c1128cb191df'
apns_registration: resCode = 200

apns_registration: ** 20130214-112928
apns_registration: cmd=add, id=kyunni@naver.com, pw=9571, registration_id=c21fe4ce7855b3c017beb5ffc26bf5cc3433ed31d787cf3fdfdb099b83a08fa6, device_unique_id=c21fe4ce7855b3c017beb5ffc26bf5cc3433ed31d787cf3fdfdb099b83a08fa6
apns_registration: message=Y, receipt=Y, work=Y, notice=Y
apns_registration: sql = select * from member_info where mem_id = 'kyunni@naver.com' and mem_pwd = '57b6be472bd1cfca708a582f1a19ac10' and del_yn = 'N'
apns_registration: 인증성공
apns_registration: sql = select * from push_member where push_id = 'kyunni@naver.com' and push_pwd = '57b6be472bd1cfca708a582f1a19ac10' and push_device_type = 'I' and push_registration_id = 'c21fe4ce7855b3c017beb5ffc26bf5cc3433ed31d787cf3fdfdb099b83a08fa6'
apns_registration: sql = update push_member set
				  push_enable  = 'Y'
				, push_message = 'Y'
				, push_receipt = 'Y'
				, push_work    = 'Y'
				, push_notice  = 'Y'
				, push_consult = ''
				, push_device_unique_id = 'c21fe4ce7855b3c017beb5ffc26bf5cc3433ed31d787cf3fdfdb099b83a08fa6'
				, mod_date = now()
			where push_id = 'kyunni@naver.com' and push_device_type = 'I' and push_registration_id = 'c21fe4ce7855b3c017beb5ffc26bf5cc3433ed31d787cf3fdfdb099b83a08fa6'
apns_registration: resCode = 200

apns_registration: ** 20130214-113149
apns_registration: cmd=add, id=kyunni@naver.com, pw=9571, registration_id=c21fe4ce7855b3c017beb5ffc26bf5cc3433ed31d787cf3fdfdb099b83a08fa6, device_unique_id=c21fe4ce7855b3c017beb5ffc26bf5cc3433ed31d787cf3fdfdb099b83a08fa6
apns_registration: message=Y, receipt=Y, work=Y, notice=Y
apns_registration: sql = select * from member_info where mem_id = 'kyunni@naver.com' and mem_pwd = '57b6be472bd1cfca708a582f1a19ac10' and del_yn = 'N'
apns_registration: 인증성공
apns_registration: sql = select * from push_member where push_id = 'kyunni@naver.com' and push_pwd = '57b6be472bd1cfca708a582f1a19ac10' and push_device_type = 'I' and push_registration_id = 'c21fe4ce7855b3c017beb5ffc26bf5cc3433ed31d787cf3fdfdb099b83a08fa6'
apns_registration: sql = update push_member set
				  push_enable  = 'Y'
				, push_message = 'Y'
				, push_receipt = 'Y'
				, push_work    = 'Y'
				, push_notice  = 'Y'
				, push_consult = ''
				, push_device_unique_id = 'c21fe4ce7855b3c017beb5ffc26bf5cc3433ed31d787cf3fdfdb099b83a08fa6'
				, mod_date = now()
			where push_id = 'kyunni@naver.com' and push_device_type = 'I' and push_registration_id = 'c21fe4ce7855b3c017beb5ffc26bf5cc3433ed31d787cf3fdfdb099b83a08fa6'
apns_registration: resCode = 200

apns_registration: ** 20130214-113332
apns_registration: cmd=add, id=kyunni@naver.com, pw=9571, registration_id=c21fe4ce7855b3c017beb5ffc26bf5cc3433ed31d787cf3fdfdb099b83a08fa6, device_unique_id=c21fe4ce7855b3c017beb5ffc26bf5cc3433ed31d787cf3fdfdb099b83a08fa6
apns_registration: message=Y, receipt=Y, work=Y, notice=Y
apns_registration: sql = select * from member_info where mem_id = 'kyunni@naver.com' and mem_pwd = '57b6be472bd1cfca708a582f1a19ac10' and del_yn = 'N'
apns_registration: 인증성공
apns_registration: sql = select * from push_member where push_id = 'kyunni@naver.com' and push_pwd = '57b6be472bd1cfca708a582f1a19ac10' and push_device_type = 'I' and push_registration_id = 'c21fe4ce7855b3c017beb5ffc26bf5cc3433ed31d787cf3fdfdb099b83a08fa6'
apns_registration: sql = update push_member set
				  push_enable  = 'Y'
				, push_message = 'Y'
				, push_receipt = 'Y'
				, push_work    = 'Y'
				, push_notice  = 'Y'
				, push_consult = ''
				, push_device_unique_id = 'c21fe4ce7855b3c017beb5ffc26bf5cc3433ed31d787cf3fdfdb099b83a08fa6'
				, mod_date = now()
			where push_id = 'kyunni@naver.com' and push_device_type = 'I' and push_registration_id = 'c21fe4ce7855b3c017beb5ffc26bf5cc3433ed31d787cf3fdfdb099b83a08fa6'
apns_registration: resCode = 200

apns_registration: ** 20130214-113907
apns_registration: cmd=add, id=kyunni@naver.com, pw=9571, registration_id=c21fe4ce7855b3c017beb5ffc26bf5cc3433ed31d787cf3fdfdb099b83a08fa6, device_unique_id=c21fe4ce7855b3c017beb5ffc26bf5cc3433ed31d787cf3fdfdb099b83a08fa6
apns_registration: message=Y, receipt=Y, work=Y, notice=Y
apns_registration: sql = select * from member_info where mem_id = 'kyunni@naver.com' and mem_pwd = '57b6be472bd1cfca708a582f1a19ac10' and del_yn = 'N'
apns_registration: 인증성공
apns_registration: sql = select * from push_member where push_id = 'kyunni@naver.com' and push_pwd = '57b6be472bd1cfca708a582f1a19ac10' and push_device_type = 'I' and push_registration_id = 'c21fe4ce7855b3c017beb5ffc26bf5cc3433ed31d787cf3fdfdb099b83a08fa6'
apns_registration: sql = update push_member set
				  push_enable  = 'Y'
				, push_message = 'Y'
				, push_receipt = 'Y'
				, push_work    = 'Y'
				, push_notice  = 'Y'
				, push_consult = ''
				, push_device_unique_id = 'c21fe4ce7855b3c017beb5ffc26bf5cc3433ed31d787cf3fdfdb099b83a08fa6'
				, mod_date = now()
			where push_id = 'kyunni@naver.com' and push_device_type = 'I' and push_registration_id = 'c21fe4ce7855b3c017beb5ffc26bf5cc3433ed31d787cf3fdfdb099b83a08fa6'
apns_registration: resCode = 200

apns_registration: ** 20130214-114052
apns_registration: cmd=add, id=kyunni@naver.com, pw=9571, registration_id=c21fe4ce7855b3c017beb5ffc26bf5cc3433ed31d787cf3fdfdb099b83a08fa6, device_unique_id=c21fe4ce7855b3c017beb5ffc26bf5cc3433ed31d787cf3fdfdb099b83a08fa6
apns_registration: message=Y, receipt=Y, work=Y, notice=Y
apns_registration: sql = select * from member_info where mem_id = 'kyunni@naver.com' and mem_pwd = '57b6be472bd1cfca708a582f1a19ac10' and del_yn = 'N'
apns_registration: 인증성공
apns_registration: sql = select * from push_member where push_id = 'kyunni@naver.com' and push_pwd = '57b6be472bd1cfca708a582f1a19ac10' and push_device_type = 'I' and push_registration_id = 'c21fe4ce7855b3c017beb5ffc26bf5cc3433ed31d787cf3fdfdb099b83a08fa6'
apns_registration: sql = update push_member set
				  push_enable  = 'Y'
				, push_message = 'Y'
				, push_receipt = 'Y'
				, push_work    = 'Y'
				, push_notice  = 'Y'
				, push_consult = ''
				, push_device_unique_id = 'c21fe4ce7855b3c017beb5ffc26bf5cc3433ed31d787cf3fdfdb099b83a08fa6'
				, mod_date = now()
			where push_id = 'kyunni@naver.com' and push_device_type = 'I' and push_registration_id = 'c21fe4ce7855b3c017beb5ffc26bf5cc3433ed31d787cf3fdfdb099b83a08fa6'
apns_registration: resCode = 200

apns_registration: ** 20130214-114217
apns_registration: cmd=add, id=kyunni@naver.com, pw=9571, registration_id=c21fe4ce7855b3c017beb5ffc26bf5cc3433ed31d787cf3fdfdb099b83a08fa6, device_unique_id=c21fe4ce7855b3c017beb5ffc26bf5cc3433ed31d787cf3fdfdb099b83a08fa6
apns_registration: message=Y, receipt=Y, work=Y, notice=Y
apns_registration: sql = select * from member_info where mem_id = 'kyunni@naver.com' and mem_pwd = '57b6be472bd1cfca708a582f1a19ac10' and del_yn = 'N'
apns_registration: 인증성공
apns_registration: sql = select * from push_member where push_id = 'kyunni@naver.com' and push_pwd = '57b6be472bd1cfca708a582f1a19ac10' and push_device_type = 'I' and push_registration_id = 'c21fe4ce7855b3c017beb5ffc26bf5cc3433ed31d787cf3fdfdb099b83a08fa6'
apns_registration: sql = update push_member set
				  push_enable  = 'Y'
				, push_message = 'Y'
				, push_receipt = 'Y'
				, push_work    = 'Y'
				, push_notice  = 'Y'
				, push_consult = ''
				, push_device_unique_id = 'c21fe4ce7855b3c017beb5ffc26bf5cc3433ed31d787cf3fdfdb099b83a08fa6'
				, mod_date = now()
			where push_id = 'kyunni@naver.com' and push_device_type = 'I' and push_registration_id = 'c21fe4ce7855b3c017beb5ffc26bf5cc3433ed31d787cf3fdfdb099b83a08fa6'
apns_registration: resCode = 200

apns_registration: ** 20130214-114427
apns_registration: cmd=add, id=arachi76@naver.com, pw=05134862, registration_id=22168c0f44a9ac9214c16daf1e6270155c372641ace0f9d2651012892a071963, device_unique_id=22168c0f44a9ac9214c16daf1e6270155c372641ace0f9d2651012892a071963
apns_registration: message=Y, receipt=Y, work=Y, notice=Y
apns_registration: sql = select * from member_info where mem_id = 'arachi76@naver.com' and mem_pwd = '0a44a3a004323d2f842a15371a990add' and del_yn = 'N'
apns_registration: 인증성공
apns_registration: sql = select * from push_member where push_id = 'arachi76@naver.com' and push_pwd = '0a44a3a004323d2f842a15371a990add' and push_device_type = 'I' and push_registration_id = '22168c0f44a9ac9214c16daf1e6270155c372641ace0f9d2651012892a071963'
apns_registration: sql = update push_member set
				  push_enable  = 'Y'
				, push_message = 'Y'
				, push_receipt = 'Y'
				, push_work    = 'Y'
				, push_notice  = 'Y'
				, push_consult = ''
				, push_device_unique_id = '22168c0f44a9ac9214c16daf1e6270155c372641ace0f9d2651012892a071963'
				, mod_date = now()
			where push_id = 'arachi76@naver.com' and push_device_type = 'I' and push_registration_id = '22168c0f44a9ac9214c16daf1e6270155c372641ace0f9d2651012892a071963'
apns_registration: resCode = 200

apns_registration: ** 20130214-114530
apns_registration: cmd=add, id=arachi76@naver.com, pw=05134862, registration_id=a7eda6a7ef2e8e02b8a309a2af194539be1d036e53f188f445c818bcdde70d19, device_unique_id=a7eda6a7ef2e8e02b8a309a2af194539be1d036e53f188f445c818bcdde70d19
apns_registration: message=Y, receipt=Y, work=Y, notice=Y
apns_registration: sql = select * from member_info where mem_id = 'arachi76@naver.com' and mem_pwd = '0a44a3a004323d2f842a15371a990add' and del_yn = 'N'
apns_registration: 인증성공
apns_registration: sql = select * from push_member where push_id = 'arachi76@naver.com' and push_pwd = '0a44a3a004323d2f842a15371a990add' and push_device_type = 'I' and push_registration_id = 'a7eda6a7ef2e8e02b8a309a2af194539be1d036e53f188f445c818bcdde70d19'
apns_registration: sql = update push_member set
				  push_enable  = 'Y'
				, push_message = 'Y'
				, push_receipt = 'Y'
				, push_work    = 'Y'
				, push_notice  = 'Y'
				, push_consult = ''
				, push_device_unique_id = 'a7eda6a7ef2e8e02b8a309a2af194539be1d036e53f188f445c818bcdde70d19'
				, mod_date = now()
			where push_id = 'arachi76@naver.com' and push_device_type = 'I' and push_registration_id = 'a7eda6a7ef2e8e02b8a309a2af194539be1d036e53f188f445c818bcdde70d19'
apns_registration: resCode = 200

apns_registration: ** 20130214-114911
apns_registration: cmd=add, id=arachi76@naver.com, pw=05134862, registration_id=a7eda6a7ef2e8e02b8a309a2af194539be1d036e53f188f445c818bcdde70d19, device_unique_id=a7eda6a7ef2e8e02b8a309a2af194539be1d036e53f188f445c818bcdde70d19
apns_registration: message=Y, receipt=Y, work=Y, notice=Y
apns_registration: sql = select * from member_info where mem_id = 'arachi76@naver.com' and mem_pwd = '0a44a3a004323d2f842a15371a990add' and del_yn = 'N'
apns_registration: 인증성공
apns_registration: sql = select * from push_member where push_id = 'arachi76@naver.com' and push_pwd = '0a44a3a004323d2f842a15371a990add' and push_device_type = 'I' and push_registration_id = 'a7eda6a7ef2e8e02b8a309a2af194539be1d036e53f188f445c818bcdde70d19'
apns_registration: sql = update push_member set
				  push_enable  = 'Y'
				, push_message = 'Y'
				, push_receipt = 'Y'
				, push_work    = 'Y'
				, push_notice  = 'Y'
				, push_consult = ''
				, push_device_unique_id = 'a7eda6a7ef2e8e02b8a309a2af194539be1d036e53f188f445c818bcdde70d19'
				, mod_date = now()
			where push_id = 'arachi76@naver.com' and push_device_type = 'I' and push_registration_id = 'a7eda6a7ef2e8e02b8a309a2af194539be1d036e53f188f445c818bcdde70d19'
apns_registration: resCode = 200

apns_registration: ** 20130214-114936
apns_registration: cmd=add, id=kyunni@naver.com, pw=9571, registration_id=c21fe4ce7855b3c017beb5ffc26bf5cc3433ed31d787cf3fdfdb099b83a08fa6, device_unique_id=c21fe4ce7855b3c017beb5ffc26bf5cc3433ed31d787cf3fdfdb099b83a08fa6
apns_registration: message=Y, receipt=Y, work=Y, notice=Y
apns_registration: sql = select * from member_info where mem_id = 'kyunni@naver.com' and mem_pwd = '57b6be472bd1cfca708a582f1a19ac10' and del_yn = 'N'
apns_registration: 인증성공
apns_registration: sql = select * from push_member where push_id = 'kyunni@naver.com' and push_pwd = '57b6be472bd1cfca708a582f1a19ac10' and push_device_type = 'I' and push_registration_id = 'c21fe4ce7855b3c017beb5ffc26bf5cc3433ed31d787cf3fdfdb099b83a08fa6'
apns_registration: sql = update push_member set
				  push_enable  = 'Y'
				, push_message = 'Y'
				, push_receipt = 'Y'
				, push_work    = 'Y'
				, push_notice  = 'Y'
				, push_consult = ''
				, push_device_unique_id = 'c21fe4ce7855b3c017beb5ffc26bf5cc3433ed31d787cf3fdfdb099b83a08fa6'
				, mod_date = now()
			where push_id = 'kyunni@naver.com' and push_device_type = 'I' and push_registration_id = 'c21fe4ce7855b3c017beb5ffc26bf5cc3433ed31d787cf3fdfdb099b83a08fa6'
apns_registration: resCode = 200

apns_registration: ** 20130214-115258
apns_registration: cmd=add, id=kyunni@naver.com, pw=9571, registration_id=c21fe4ce7855b3c017beb5ffc26bf5cc3433ed31d787cf3fdfdb099b83a08fa6, device_unique_id=c21fe4ce7855b3c017beb5ffc26bf5cc3433ed31d787cf3fdfdb099b83a08fa6
apns_registration: message=Y, receipt=Y, work=Y, notice=Y
apns_registration: sql = select * from member_info where mem_id = 'kyunni@naver.com' and mem_pwd = '57b6be472bd1cfca708a582f1a19ac10' and del_yn = 'N'
apns_registration: 인증성공
apns_registration: sql = select * from push_member where push_id = 'kyunni@naver.com' and push_pwd = '57b6be472bd1cfca708a582f1a19ac10' and push_device_type = 'I' and push_registration_id = 'c21fe4ce7855b3c017beb5ffc26bf5cc3433ed31d787cf3fdfdb099b83a08fa6'
apns_registration: sql = update push_member set
				  push_enable  = 'Y'
				, push_message = 'Y'
				, push_receipt = 'Y'
				, push_work    = 'Y'
				, push_notice  = 'Y'
				, push_consult = ''
				, push_device_unique_id = 'c21fe4ce7855b3c017beb5ffc26bf5cc3433ed31d787cf3fdfdb099b83a08fa6'
				, mod_date = now()
			where push_id = 'kyunni@naver.com' and push_device_type = 'I' and push_registration_id = 'c21fe4ce7855b3c017beb5ffc26bf5cc3433ed31d787cf3fdfdb099b83a08fa6'
apns_registration: resCode = {resCode:[{code:"200",message:"고동원"}

apns_registration: ** 20130214-115514
apns_registration: cmd=add, id=kyunni@naver.com, pw=9571, registration_id=c21fe4ce7855b3c017beb5ffc26bf5cc3433ed31d787cf3fdfdb099b83a08fa6, device_unique_id=c21fe4ce7855b3c017beb5ffc26bf5cc3433ed31d787cf3fdfdb099b83a08fa6
apns_registration: message=Y, receipt=Y, work=Y, notice=Y
apns_registration: sql = select * from member_info where mem_id = 'kyunni@naver.com' and mem_pwd = '57b6be472bd1cfca708a582f1a19ac10' and del_yn = 'N'
apns_registration: 인증성공
apns_registration: sql = select * from push_member where push_id = 'kyunni@naver.com' and push_pwd = '57b6be472bd1cfca708a582f1a19ac10' and push_device_type = 'I' and push_registration_id = 'c21fe4ce7855b3c017beb5ffc26bf5cc3433ed31d787cf3fdfdb099b83a08fa6'
apns_registration: sql = update push_member set
				  push_enable  = 'Y'
				, push_message = 'Y'
				, push_receipt = 'Y'
				, push_work    = 'Y'
				, push_notice  = 'Y'
				, push_consult = ''
				, push_device_unique_id = 'c21fe4ce7855b3c017beb5ffc26bf5cc3433ed31d787cf3fdfdb099b83a08fa6'
				, mod_date = now()
			where push_id = 'kyunni@naver.com' and push_device_type = 'I' and push_registration_id = 'c21fe4ce7855b3c017beb5ffc26bf5cc3433ed31d787cf3fdfdb099b83a08fa6'
apns_registration: resCode = 200

apns_registration: ** 20130214-115633
apns_registration: cmd=add, id=kyunni@naver.com, pw=9571, registration_id=c21fe4ce7855b3c017beb5ffc26bf5cc3433ed31d787cf3fdfdb099b83a08fa6, device_unique_id=c21fe4ce7855b3c017beb5ffc26bf5cc3433ed31d787cf3fdfdb099b83a08fa6
apns_registration: message=Y, receipt=Y, work=Y, notice=Y
apns_registration: sql = select * from member_info where mem_id = 'kyunni@naver.com' and mem_pwd = '57b6be472bd1cfca708a582f1a19ac10' and del_yn = 'N'
apns_registration: 인증성공
apns_registration: sql = select * from push_member where push_id = 'kyunni@naver.com' and push_pwd = '57b6be472bd1cfca708a582f1a19ac10' and push_device_type = 'I' and push_registration_id = 'c21fe4ce7855b3c017beb5ffc26bf5cc3433ed31d787cf3fdfdb099b83a08fa6'
apns_registration: sql = update push_member set
				  push_enable  = 'Y'
				, push_message = 'Y'
				, push_receipt = 'Y'
				, push_work    = 'Y'
				, push_notice  = 'Y'
				, push_consult = ''
				, push_device_unique_id = 'c21fe4ce7855b3c017beb5ffc26bf5cc3433ed31d787cf3fdfdb099b83a08fa6'
				, mod_date = now()
			where push_id = 'kyunni@naver.com' and push_device_type = 'I' and push_registration_id = 'c21fe4ce7855b3c017beb5ffc26bf5cc3433ed31d787cf3fdfdb099b83a08fa6'
apns_registration: resCode = 200

apns_registration: ** 20130214-115738
apns_registration: cmd=add, id=kyunni@naver.com, pw=9571, registration_id=c21fe4ce7855b3c017beb5ffc26bf5cc3433ed31d787cf3fdfdb099b83a08fa6, device_unique_id=c21fe4ce7855b3c017beb5ffc26bf5cc3433ed31d787cf3fdfdb099b83a08fa6
apns_registration: message=Y, receipt=Y, work=Y, notice=Y
apns_registration: sql = select * from member_info where mem_id = 'kyunni@naver.com' and mem_pwd = '57b6be472bd1cfca708a582f1a19ac10' and del_yn = 'N'
apns_registration: 인증성공
apns_registration: sql = select * from push_member where push_id = 'kyunni@naver.com' and push_pwd = '57b6be472bd1cfca708a582f1a19ac10' and push_device_type = 'I' and push_registration_id = 'c21fe4ce7855b3c017beb5ffc26bf5cc3433ed31d787cf3fdfdb099b83a08fa6'
apns_registration: sql = update push_member set
				  push_enable  = 'Y'
				, push_message = 'Y'
				, push_receipt = 'Y'
				, push_work    = 'Y'
				, push_notice  = 'Y'
				, push_consult = ''
				, push_device_unique_id = 'c21fe4ce7855b3c017beb5ffc26bf5cc3433ed31d787cf3fdfdb099b83a08fa6'
				, mod_date = now()
			where push_id = 'kyunni@naver.com' and push_device_type = 'I' and push_registration_id = 'c21fe4ce7855b3c017beb5ffc26bf5cc3433ed31d787cf3fdfdb099b83a08fa6'
apns_registration: resCode = 200

apns_registration: ** 20130214-120926
apns_registration: cmd=add, id=kyunni@naver.com, pw=9571, registration_id=c21fe4ce7855b3c017beb5ffc26bf5cc3433ed31d787cf3fdfdb099b83a08fa6, device_unique_id=c21fe4ce7855b3c017beb5ffc26bf5cc3433ed31d787cf3fdfdb099b83a08fa6
apns_registration: message=Y, receipt=Y, work=Y, notice=Y
apns_registration: sql = select * from member_info where mem_id = 'kyunni@naver.com' and mem_pwd = '57b6be472bd1cfca708a582f1a19ac10' and del_yn = 'N'
apns_registration: 인증성공
apns_registration: sql = select * from push_member where push_id = 'kyunni@naver.com' and push_pwd = '57b6be472bd1cfca708a582f1a19ac10' and push_device_type = 'I' and push_registration_id = 'c21fe4ce7855b3c017beb5ffc26bf5cc3433ed31d787cf3fdfdb099b83a08fa6'
apns_registration: sql = update push_member set
				  push_enable  = 'Y'
				, push_message = 'Y'
				, push_receipt = 'Y'
				, push_work    = 'Y'
				, push_notice  = 'Y'
				, push_consult = ''
				, push_device_unique_id = 'c21fe4ce7855b3c017beb5ffc26bf5cc3433ed31d787cf3fdfdb099b83a08fa6'
				, mod_date = now()
			where push_id = 'kyunni@naver.com' and push_device_type = 'I' and push_registration_id = 'c21fe4ce7855b3c017beb5ffc26bf5cc3433ed31d787cf3fdfdb099b83a08fa6'
apns_registration: resCode = 200

apns_registration: ** 20130214-122042
apns_registration: cmd=add, id='kyunni@naver.com', pw='9571, registration_id=c21fe4ce7855b3c017beb5ffc26bf5cc3433ed31d787cf3fdfdb099b83a08fa6, device_unique_id=c21fe4ce7855b3c017beb5ffc26bf5cc3433ed31d787cf3fdfdb099b83a08fa6
apns_registration: message=Y, receipt=Y, work=Y, notice=Y
apns_registration: sql = select * from member_info where mem_id = ''kyunni@naver.com'' and mem_pwd = '6a1de51667fc6c22d647e54680055386' and del_yn = 'N'

apns_registration: ** 20130214-122259
apns_registration: cmd=add, id='kyunni@naver.com', pw='9571, registration_id=c21fe4ce7855b3c017beb5ffc26bf5cc3433ed31d787cf3fdfdb099b83a08fa6, device_unique_id=c21fe4ce7855b3c017beb5ffc26bf5cc3433ed31d787cf3fdfdb099b83a08fa6
apns_registration: message=Y, receipt=Y, work=Y, notice=Y
apns_registration: sql = select * from member_info where mem_id = ''kyunni@naver.com'' and mem_pwd = '6a1de51667fc6c22d647e54680055386' and del_yn = 'N'

apns_registration: ** 20130214-122545
apns_registration: cmd=add, id='kyunni@naver.com', pw='9571, registration_id=c21fe4ce7855b3c017beb5ffc26bf5cc3433ed31d787cf3fdfdb099b83a08fa6, device_unique_id=c21fe4ce7855b3c017beb5ffc26bf5cc3433ed31d787cf3fdfdb099b83a08fa6
apns_registration: message=Y, receipt=Y, work=Y, notice=Y
apns_registration: sql = select * from member_info where mem_id = ''kyunni@naver.com'' and mem_pwd = '6a1de51667fc6c22d647e54680055386' and del_yn = 'N'

apns_registration: ** 20130214-124127
apns_registration: cmd=add, id='arachi76@naver.com', pw='05134862, registration_id=a7eda6a7ef2e8e02b8a309a2af194539be1d036e53f188f445c818bcdde70d19, device_unique_id=a7eda6a7ef2e8e02b8a309a2af194539be1d036e53f188f445c818bcdde70d19
apns_registration: message=Y, receipt=Y, work=Y, notice=Y
apns_registration: sql = select * from member_info where mem_id = ''arachi76@naver.com'' and mem_pwd = '49e6056ffdcec5521f42e01107a1907e' and del_yn = 'N'

apns_registration: ** 20130214-140329
apns_registration: cmd=, id=, pw=, registration_id=, device_unique_id=
apns_registration: message=, receipt=, work=, notice=
apns_registration: sql = select * from member_info where mem_id = '' and mem_pwd = '57a2323ee222443a52d3a20d715589bd' and del_yn = 'N'
apns_registration: 인증실패
apns_registration: resCode = 500

apns_registration: ** 20130214-140417
apns_registration: cmd=, id=, pw=, registration_id=, device_unique_id=
apns_registration: message=, receipt=, work=, notice=
apns_registration: sql = select * from member_info where mem_id = '' and mem_pwd = '57a2323ee222443a52d3a20d715589bd' and del_yn = 'N'
apns_registration: 인증실패
apns_registration: resCode = 500

apns_registration: ** 20130214-142937
apns_registration: cmd=, id=, pw=, registration_id=, device_unique_id=
apns_registration: message=, receipt=, work=, notice=
apns_registration: sql = select * from member_info where mem_id = '' and mem_pwd = '57a2323ee222443a52d3a20d715589bd' and del_yn = 'N'
apns_registration: 인증실패
apns_registration: resCode = 500

apns_registration: ** 20130214-143417
apns_registration: cmd=, id=, pw=, registration_id=, device_unique_id=
apns_registration: message=, receipt=, work=, notice=
apns_registration: sql = select * from member_info where mem_id = '' and mem_pwd = '57a2323ee222443a52d3a20d715589bd' and del_yn = 'N'
apns_registration: 인증실패
apns_registration: resCode = 500

apns_registration: ** 20130214-144116
apns_registration: cmd=, id=, pw=, registration_id=, device_unique_id=
apns_registration: message=, receipt=, work=, notice=
apns_registration: sql = select * from member_info where mem_id = '' and mem_pwd = '57a2323ee222443a52d3a20d715589bd' and del_yn = 'N'
apns_registration: 인증실패
apns_registration: resCode = 500

apns_registration: ** 20130214-144823
apns_registration: cmd=, id=, pw=, registration_id=, device_unique_id=
apns_registration: message=, receipt=, work=, notice=
apns_registration: sql = select * from member_info where mem_id = '' and mem_pwd = '57a2323ee222443a52d3a20d715589bd' and del_yn = 'N'
apns_registration: 인증실패
apns_registration: resCode = 500

apns_registration: ** 20130214-145019
apns_registration: cmd=, id=, pw=, registration_id=, device_unique_id=
apns_registration: message=, receipt=, work=, notice=
apns_registration: sql = select * from member_info where mem_id = '' and mem_pwd = '57a2323ee222443a52d3a20d715589bd' and del_yn = 'N'
apns_registration: 인증실패
apns_registration: resCode = 500

apns_registration: ** 20130214-150239
apns_registration: cmd=, id=, pw=, registration_id=, device_unique_id=
apns_registration: message=, receipt=, work=, notice=
apns_registration: sql = select * from member_info where mem_id = '' and mem_pwd = '57a2323ee222443a52d3a20d715589bd' and del_yn = 'N'
apns_registration: 인증실패
apns_registration: resCode = 500

apns_registration: ** 20130214-150548
apns_registration: cmd=, id=, pw=, registration_id=, device_unique_id=
apns_registration: message=, receipt=, work=, notice=
apns_registration: sql = select * from member_info where mem_id = '' and mem_pwd = '57a2323ee222443a52d3a20d715589bd' and del_yn = 'N'
apns_registration: 인증실패
apns_registration: resCode = 500

apns_registration: ** 20130214-151927
apns_registration: cmd=, id=, pw=, registration_id=, device_unique_id=
apns_registration: message=, receipt=, work=, notice=
apns_registration: sql = select * from member_info where mem_id = '' and mem_pwd = '57a2323ee222443a52d3a20d715589bd' and del_yn = 'N'
apns_registration: 인증실패
apns_registration: resCode = 500

apns_registration: ** 20130214-152410
apns_registration: cmd=, id=, pw=, registration_id=, device_unique_id=
apns_registration: message=, receipt=, work=, notice=
apns_registration: sql = select * from member_info where mem_id = '' and mem_pwd = '57a2323ee222443a52d3a20d715589bd' and del_yn = 'N'
apns_registration: 인증실패
apns_registration: resCode = 500

apns_registration: ** 20130214-152617
apns_registration: cmd=, id=, pw=, registration_id=, device_unique_id=
apns_registration: message=, receipt=, work=, notice=
apns_registration: sql = select * from member_info where mem_id = '' and mem_pwd = '57a2323ee222443a52d3a20d715589bd' and del_yn = 'N'
apns_registration: 인증실패
apns_registration: resCode = 500

apns_registration: ** 20130214-154224
apns_registration: cmd=, id=, pw=, registration_id=, device_unique_id=
apns_registration: message=, receipt=, work=, notice=
apns_registration: sql = select * from member_info where mem_id = '' and mem_pwd = '57a2323ee222443a52d3a20d715589bd' and del_yn = 'N'
apns_registration: 인증실패
apns_registration: resCode = 500

apns_registration: ** 20130214-154557
apns_registration: cmd=, id=, pw=, registration_id=, device_unique_id=
apns_registration: message=, receipt=, work=, notice=
apns_registration: sql = select * from member_info where mem_id = '' and mem_pwd = '57a2323ee222443a52d3a20d715589bd' and del_yn = 'N'
apns_registration: 인증실패
apns_registration: resCode = 500

apns_registration: ** 20130214-154636
apns_registration: cmd=, id=, pw=, registration_id=, device_unique_id=
apns_registration: message=, receipt=, work=, notice=
apns_registration: sql = select * from member_info where mem_id = '' and mem_pwd = '57a2323ee222443a52d3a20d715589bd' and del_yn = 'N'
apns_registration: 인증실패
apns_registration: resCode = 500

apns_registration: ** 20130214-154805
apns_registration: cmd=, id=, pw=, registration_id=, device_unique_id=
apns_registration: message=, receipt=, work=, notice=
apns_registration: sql = select * from member_info where mem_id = '' and mem_pwd = '57a2323ee222443a52d3a20d715589bd' and del_yn = 'N'
apns_registration: 인증실패
apns_registration: resCode = 500
