
apns_registration: ** 20130205-035837
apns_registration: cmd=add, id=loveguzi@gmail.com, pw=love1234, registration_id=d206acddccf39fb736184df618bbd23c5e9fea4830a0d86b7bc49751f97132c9, device_unique_id=d206acddccf39fb736184df618bbd23c5e9fea4830a0d86b7bc49751f97132c9
apns_registration: message=Y, receipt=Y, work=Y, notice=Y
apns_registration: sql = select * from member_info where mem_id = 'loveguzi@gmail.com' and mem_pwd = '6e638093ce4bdb63634ed5f3ef3a9409' and del_yn = 'N'
apns_registration: 인증성공
apns_registration: sql = select * from push_member where push_id = 'loveguzi@gmail.com' and push_pwd = '6e638093ce4bdb63634ed5f3ef3a9409' and push_device_type = 'I' and push_registration_id = 'd206acddccf39fb736184df618bbd23c5e9fea4830a0d86b7bc49751f97132c9'
apns_registration: sql = update push_member set
				  push_enable  = 'Y'
				, push_message = 'Y'
				, push_receipt = 'Y'
				, push_work    = 'Y'
				, push_notice  = 'Y'
				, push_consult = ''
				, push_device_unique_id = 'd206acddccf39fb736184df618bbd23c5e9fea4830a0d86b7bc49751f97132c9'
				, mod_date = now()
			where push_id = 'loveguzi@gmail.com' and push_device_type = 'I' and push_registration_id = 'd206acddccf39fb736184df618bbd23c5e9fea4830a0d86b7bc49751f97132c9'
apns_registration: resCode = 200

apns_registration: ** 20130205-084228
apns_registration: cmd=add, id=louder@chol.com, pw=5990, registration_id=501f5efb938c907a7c2de5d3dc770cdd4936026b933f124184acf2c9d090de18, device_unique_id=501f5efb938c907a7c2de5d3dc770cdd4936026b933f124184acf2c9d090de18
apns_registration: message=Y, receipt=Y, work=Y, notice=Y
apns_registration: sql = select * from member_info where mem_id = 'louder@chol.com' and mem_pwd = 'fed2a915daad9d7a59ac4898243d1118' and del_yn = 'N'
apns_registration: 인증성공
apns_registration: sql = select * from push_member where push_id = 'louder@chol.com' and push_pwd = 'fed2a915daad9d7a59ac4898243d1118' and push_device_type = 'I' and push_registration_id = '501f5efb938c907a7c2de5d3dc770cdd4936026b933f124184acf2c9d090de18'
apns_registration: sql = update push_member set
				  push_enable  = 'Y'
				, push_message = 'Y'
				, push_receipt = 'Y'
				, push_work    = 'Y'
				, push_notice  = 'Y'
				, push_consult = ''
				, push_device_unique_id = '501f5efb938c907a7c2de5d3dc770cdd4936026b933f124184acf2c9d090de18'
				, mod_date = now()
			where push_id = 'louder@chol.com' and push_device_type = 'I' and push_registration_id = '501f5efb938c907a7c2de5d3dc770cdd4936026b933f124184acf2c9d090de18'
apns_registration: resCode = 200

apns_registration: ** 20130205-084323
apns_registration: cmd=add, id=louder@chol.com, pw=5990, registration_id=501f5efb938c907a7c2de5d3dc770cdd4936026b933f124184acf2c9d090de18, device_unique_id=501f5efb938c907a7c2de5d3dc770cdd4936026b933f124184acf2c9d090de18
apns_registration: message=Y, receipt=Y, work=Y, notice=Y
apns_registration: sql = select * from member_info where mem_id = 'louder@chol.com' and mem_pwd = 'fed2a915daad9d7a59ac4898243d1118' and del_yn = 'N'
apns_registration: 인증성공
apns_registration: sql = select * from push_member where push_id = 'louder@chol.com' and push_pwd = 'fed2a915daad9d7a59ac4898243d1118' and push_device_type = 'I' and push_registration_id = '501f5efb938c907a7c2de5d3dc770cdd4936026b933f124184acf2c9d090de18'
apns_registration: sql = update push_member set
				  push_enable  = 'Y'
				, push_message = 'Y'
				, push_receipt = 'Y'
				, push_work    = 'Y'
				, push_notice  = 'Y'
				, push_consult = ''
				, push_device_unique_id = '501f5efb938c907a7c2de5d3dc770cdd4936026b933f124184acf2c9d090de18'
				, mod_date = now()
			where push_id = 'louder@chol.com' and push_device_type = 'I' and push_registration_id = '501f5efb938c907a7c2de5d3dc770cdd4936026b933f124184acf2c9d090de18'
apns_registration: resCode = 200

apns_registration: ** 20130205-084524
apns_registration: cmd=add, id=westside2635@naver.com, pw=4278, registration_id=ea55ee14caf0f7f9f486c6bc90712197cbcf65441151155e5b1f386e20e40b32, device_unique_id=ea55ee14caf0f7f9f486c6bc90712197cbcf65441151155e5b1f386e20e40b32
apns_registration: message=Y, receipt=Y, work=Y, notice=Y
apns_registration: sql = select * from member_info where mem_id = 'westside2635@naver.com' and mem_pwd = '08c56daf61c2e242b03e1b46338627c0' and del_yn = 'N'
apns_registration: 인증성공
apns_registration: sql = select * from push_member where push_id = 'westside2635@naver.com' and push_pwd = '08c56daf61c2e242b03e1b46338627c0' and push_device_type = 'I' and push_registration_id = 'ea55ee14caf0f7f9f486c6bc90712197cbcf65441151155e5b1f386e20e40b32'
apns_registration: sql = update push_member set
				  push_enable  = 'Y'
				, push_message = 'Y'
				, push_receipt = 'Y'
				, push_work    = 'Y'
				, push_notice  = 'Y'
				, push_consult = ''
				, push_device_unique_id = 'ea55ee14caf0f7f9f486c6bc90712197cbcf65441151155e5b1f386e20e40b32'
				, mod_date = now()
			where push_id = 'westside2635@naver.com' and push_device_type = 'I' and push_registration_id = 'ea55ee14caf0f7f9f486c6bc90712197cbcf65441151155e5b1f386e20e40b32'
apns_registration: resCode = 200

apns_registration: ** 20130205-084634
apns_registration: cmd=add, id=westside2635@naver.com, pw=4278, registration_id=ea55ee14caf0f7f9f486c6bc90712197cbcf65441151155e5b1f386e20e40b32, device_unique_id=ea55ee14caf0f7f9f486c6bc90712197cbcf65441151155e5b1f386e20e40b32
apns_registration: message=Y, receipt=Y, work=Y, notice=Y
apns_registration: sql = select * from member_info where mem_id = 'westside2635@naver.com' and mem_pwd = '08c56daf61c2e242b03e1b46338627c0' and del_yn = 'N'
apns_registration: 인증성공
apns_registration: sql = select * from push_member where push_id = 'westside2635@naver.com' and push_pwd = '08c56daf61c2e242b03e1b46338627c0' and push_device_type = 'I' and push_registration_id = 'ea55ee14caf0f7f9f486c6bc90712197cbcf65441151155e5b1f386e20e40b32'
apns_registration: sql = update push_member set
				  push_enable  = 'Y'
				, push_message = 'Y'
				, push_receipt = 'Y'
				, push_work    = 'Y'
				, push_notice  = 'Y'
				, push_consult = ''
				, push_device_unique_id = 'ea55ee14caf0f7f9f486c6bc90712197cbcf65441151155e5b1f386e20e40b32'
				, mod_date = now()
			where push_id = 'westside2635@naver.com' and push_device_type = 'I' and push_registration_id = 'ea55ee14caf0f7f9f486c6bc90712197cbcf65441151155e5b1f386e20e40b32'
apns_registration: resCode = 200

apns_registration: ** 20130205-084854
apns_registration: cmd=add, id=rock8875@gmail.com, pw=8875, registration_id=6c56e457afbb9121587676ab5dd2233e13e0e518376bc681dbbe8dfa940d34e5, device_unique_id=6c56e457afbb9121587676ab5dd2233e13e0e518376bc681dbbe8dfa940d34e5
apns_registration: message=Y, receipt=Y, work=Y, notice=Y
apns_registration: sql = select * from member_info where mem_id = 'rock8875@gmail.com' and mem_pwd = '88f39ae5515668c9fde92d91fdc5882c' and del_yn = 'N'
apns_registration: 인증성공
apns_registration: sql = select * from push_member where push_id = 'rock8875@gmail.com' and push_pwd = '88f39ae5515668c9fde92d91fdc5882c' and push_device_type = 'I' and push_registration_id = '6c56e457afbb9121587676ab5dd2233e13e0e518376bc681dbbe8dfa940d34e5'
apns_registration: sql = update push_member set
				  push_enable  = 'Y'
				, push_message = 'Y'
				, push_receipt = 'Y'
				, push_work    = 'Y'
				, push_notice  = 'Y'
				, push_consult = ''
				, push_device_unique_id = '6c56e457afbb9121587676ab5dd2233e13e0e518376bc681dbbe8dfa940d34e5'
				, mod_date = now()
			where push_id = 'rock8875@gmail.com' and push_device_type = 'I' and push_registration_id = '6c56e457afbb9121587676ab5dd2233e13e0e518376bc681dbbe8dfa940d34e5'
apns_registration: resCode = 200

apns_registration: ** 20130205-091548
apns_registration: cmd=add, id=arachi76@naver.com, pw=05134862, registration_id=a7eda6a7ef2e8e02b8a309a2af194539be1d036e53f188f445c818bcdde70d19, device_unique_id=a7eda6a7ef2e8e02b8a309a2af194539be1d036e53f188f445c818bcdde70d19
apns_registration: message=Y, receipt=Y, work=Y, notice=Y
apns_registration: sql = select * from member_info where mem_id = 'arachi76@naver.com' and mem_pwd = '0a44a3a004323d2f842a15371a990add' and del_yn = 'N'
apns_registration: 인증성공
apns_registration: sql = select * from push_member where push_id = 'arachi76@naver.com' and push_pwd = '0a44a3a004323d2f842a15371a990add' and push_device_type = 'I' and push_registration_id = 'a7eda6a7ef2e8e02b8a309a2af194539be1d036e53f188f445c818bcdde70d19'
apns_registration: sql = update push_member set
				  push_enable  = 'Y'
				, push_message = 'Y'
				, push_receipt = 'Y'
				, push_work    = 'Y'
				, push_notice  = 'Y'
				, push_consult = ''
				, push_device_unique_id = 'a7eda6a7ef2e8e02b8a309a2af194539be1d036e53f188f445c818bcdde70d19'
				, mod_date = now()
			where push_id = 'arachi76@naver.com' and push_device_type = 'I' and push_registration_id = 'a7eda6a7ef2e8e02b8a309a2af194539be1d036e53f188f445c818bcdde70d19'
apns_registration: resCode = 200

apns_registration: ** 20130205-095452
apns_registration: cmd=add, id=louder@chol.com, pw=5990, registration_id=501f5efb938c907a7c2de5d3dc770cdd4936026b933f124184acf2c9d090de18, device_unique_id=501f5efb938c907a7c2de5d3dc770cdd4936026b933f124184acf2c9d090de18
apns_registration: message=Y, receipt=Y, work=Y, notice=Y
apns_registration: sql = select * from member_info where mem_id = 'louder@chol.com' and mem_pwd = 'fed2a915daad9d7a59ac4898243d1118' and del_yn = 'N'
apns_registration: 인증성공
apns_registration: sql = select * from push_member where push_id = 'louder@chol.com' and push_pwd = 'fed2a915daad9d7a59ac4898243d1118' and push_device_type = 'I' and push_registration_id = '501f5efb938c907a7c2de5d3dc770cdd4936026b933f124184acf2c9d090de18'
apns_registration: sql = update push_member set
				  push_enable  = 'Y'
				, push_message = 'Y'
				, push_receipt = 'Y'
				, push_work    = 'Y'
				, push_notice  = 'Y'
				, push_consult = ''
				, push_device_unique_id = '501f5efb938c907a7c2de5d3dc770cdd4936026b933f124184acf2c9d090de18'
				, mod_date = now()
			where push_id = 'louder@chol.com' and push_device_type = 'I' and push_registration_id = '501f5efb938c907a7c2de5d3dc770cdd4936026b933f124184acf2c9d090de18'
apns_registration: resCode = 200

apns_registration: ** 20130205-105145
apns_registration: cmd=add, id=philolee@naver.com, pw=0107, registration_id=0ad1b61649852a1bfa13f6be7b0f4df36099a96256985c375f5f427ce826b750, device_unique_id=0ad1b61649852a1bfa13f6be7b0f4df36099a96256985c375f5f427ce826b750
apns_registration: message=Y, receipt=Y, work=Y, notice=Y
apns_registration: sql = select * from member_info where mem_id = 'philolee@naver.com' and mem_pwd = 'd0518453a2c5c4cb8ebaa45aed2fe5bb' and del_yn = 'N'
apns_registration: 인증성공
apns_registration: sql = select * from push_member where push_id = 'philolee@naver.com' and push_pwd = 'd0518453a2c5c4cb8ebaa45aed2fe5bb' and push_device_type = 'I' and push_registration_id = '0ad1b61649852a1bfa13f6be7b0f4df36099a96256985c375f5f427ce826b750'
apns_registration: sql = insert into push_member (comp_idx, part_idx, mem_idx, push_id, push_pwd, push_name, push_enable, push_device_type, push_registration_id, push_message, push_receipt, push_work, push_notice, push_consult, push_device_unique_id, reg_date, del_yn) values ('31','38','188','philolee@naver.com','d0518453a2c5c4cb8ebaa45aed2fe5bb','이강윤','Y','I','0ad1b61649852a1bfa13f6be7b0f4df36099a96256985c375f5f427ce826b750','Y','Y','Y','Y','','0ad1b61649852a1bfa13f6be7b0f4df36099a96256985c375f5f427ce826b750',now(),'N')
apns_registration: resCode = 200

apns_registration: ** 20130205-110347
apns_registration: cmd=add, id=choidh73@hanmail.net, pw=1777, registration_id=52eaf554b8dd0a34046dcb19cde2d45449940c11f7d9c44c113b3db46d4d4cde, device_unique_id=52eaf554b8dd0a34046dcb19cde2d45449940c11f7d9c44c113b3db46d4d4cde
apns_registration: message=Y, receipt=Y, work=Y, notice=Y
apns_registration: sql = select * from member_info where mem_id = 'choidh73@hanmail.net' and mem_pwd = '8a23d82a178f8f8c0ddf20316a143ca3' and del_yn = 'N'
apns_registration: 인증성공
apns_registration: sql = select * from push_member where push_id = 'choidh73@hanmail.net' and push_pwd = '8a23d82a178f8f8c0ddf20316a143ca3' and push_device_type = 'I' and push_registration_id = '52eaf554b8dd0a34046dcb19cde2d45449940c11f7d9c44c113b3db46d4d4cde'
apns_registration: sql = update push_member set
				  push_enable  = 'Y'
				, push_message = 'Y'
				, push_receipt = 'Y'
				, push_work    = 'Y'
				, push_notice  = 'Y'
				, push_consult = ''
				, push_device_unique_id = '52eaf554b8dd0a34046dcb19cde2d45449940c11f7d9c44c113b3db46d4d4cde'
				, mod_date = now()
			where push_id = 'choidh73@hanmail.net' and push_device_type = 'I' and push_registration_id = '52eaf554b8dd0a34046dcb19cde2d45449940c11f7d9c44c113b3db46d4d4cde'
apns_registration: resCode = 200

apns_registration: ** 20130205-110843
apns_registration: cmd=add, id=west4185@naver.com, pw=east1613, registration_id=8d65554edcef8491652d4630dc25c90fa30263d3fb105b40c687829cedb7548a, device_unique_id=8d65554edcef8491652d4630dc25c90fa30263d3fb105b40c687829cedb7548a
apns_registration: message=Y, receipt=Y, work=Y, notice=Y
apns_registration: sql = select * from member_info where mem_id = 'west4185@naver.com' and mem_pwd = 'd67fbffa8da8471260146bd83e0e18f2' and del_yn = 'N'
apns_registration: 인증성공
apns_registration: sql = select * from push_member where push_id = 'west4185@naver.com' and push_pwd = 'd67fbffa8da8471260146bd83e0e18f2' and push_device_type = 'I' and push_registration_id = '8d65554edcef8491652d4630dc25c90fa30263d3fb105b40c687829cedb7548a'
apns_registration: sql = update push_member set
				  push_enable  = 'Y'
				, push_message = 'Y'
				, push_receipt = 'Y'
				, push_work    = 'Y'
				, push_notice  = 'Y'
				, push_consult = ''
				, push_device_unique_id = '8d65554edcef8491652d4630dc25c90fa30263d3fb105b40c687829cedb7548a'
				, mod_date = now()
			where push_id = 'west4185@naver.com' and push_device_type = 'I' and push_registration_id = '8d65554edcef8491652d4630dc25c90fa30263d3fb105b40c687829cedb7548a'
apns_registration: resCode = 200

apns_registration: ** 20130205-110853
apns_registration: cmd=add, id=west4185@naver.com, pw=east1613, registration_id=8d65554edcef8491652d4630dc25c90fa30263d3fb105b40c687829cedb7548a, device_unique_id=8d65554edcef8491652d4630dc25c90fa30263d3fb105b40c687829cedb7548a
apns_registration: message=Y, receipt=Y, work=Y, notice=Y
apns_registration: sql = select * from member_info where mem_id = 'west4185@naver.com' and mem_pwd = 'd67fbffa8da8471260146bd83e0e18f2' and del_yn = 'N'
apns_registration: 인증성공
apns_registration: sql = select * from push_member where push_id = 'west4185@naver.com' and push_pwd = 'd67fbffa8da8471260146bd83e0e18f2' and push_device_type = 'I' and push_registration_id = '8d65554edcef8491652d4630dc25c90fa30263d3fb105b40c687829cedb7548a'
apns_registration: sql = update push_member set
				  push_enable  = 'Y'
				, push_message = 'Y'
				, push_receipt = 'Y'
				, push_work    = 'Y'
				, push_notice  = 'Y'
				, push_consult = ''
				, push_device_unique_id = '8d65554edcef8491652d4630dc25c90fa30263d3fb105b40c687829cedb7548a'
				, mod_date = now()
			where push_id = 'west4185@naver.com' and push_device_type = 'I' and push_registration_id = '8d65554edcef8491652d4630dc25c90fa30263d3fb105b40c687829cedb7548a'
apns_registration: resCode = 200

apns_registration: ** 20130205-122525
apns_registration: cmd=add, id=loveguzi@gmail.com, pw=love1234, registration_id=d206acddccf39fb736184df618bbd23c5e9fea4830a0d86b7bc49751f97132c9, device_unique_id=d206acddccf39fb736184df618bbd23c5e9fea4830a0d86b7bc49751f97132c9
apns_registration: message=Y, receipt=Y, work=Y, notice=Y
apns_registration: sql = select * from member_info where mem_id = 'loveguzi@gmail.com' and mem_pwd = '6e638093ce4bdb63634ed5f3ef3a9409' and del_yn = 'N'
apns_registration: 인증성공
apns_registration: sql = select * from push_member where push_id = 'loveguzi@gmail.com' and push_pwd = '6e638093ce4bdb63634ed5f3ef3a9409' and push_device_type = 'I' and push_registration_id = 'd206acddccf39fb736184df618bbd23c5e9fea4830a0d86b7bc49751f97132c9'
apns_registration: sql = update push_member set
				  push_enable  = 'Y'
				, push_message = 'Y'
				, push_receipt = 'Y'
				, push_work    = 'Y'
				, push_notice  = 'Y'
				, push_consult = ''
				, push_device_unique_id = 'd206acddccf39fb736184df618bbd23c5e9fea4830a0d86b7bc49751f97132c9'
				, mod_date = now()
			where push_id = 'loveguzi@gmail.com' and push_device_type = 'I' and push_registration_id = 'd206acddccf39fb736184df618bbd23c5e9fea4830a0d86b7bc49751f97132c9'
apns_registration: resCode = 200

apns_registration: ** 20130205-124224
apns_registration: cmd=add, id=rock8875@gmail.com, pw=8875, registration_id=6c56e457afbb9121587676ab5dd2233e13e0e518376bc681dbbe8dfa940d34e5, device_unique_id=6c56e457afbb9121587676ab5dd2233e13e0e518376bc681dbbe8dfa940d34e5
apns_registration: message=Y, receipt=Y, work=Y, notice=Y
apns_registration: sql = select * from member_info where mem_id = 'rock8875@gmail.com' and mem_pwd = '88f39ae5515668c9fde92d91fdc5882c' and del_yn = 'N'
apns_registration: 인증성공
apns_registration: sql = select * from push_member where push_id = 'rock8875@gmail.com' and push_pwd = '88f39ae5515668c9fde92d91fdc5882c' and push_device_type = 'I' and push_registration_id = '6c56e457afbb9121587676ab5dd2233e13e0e518376bc681dbbe8dfa940d34e5'
apns_registration: sql = update push_member set
				  push_enable  = 'Y'
				, push_message = 'Y'
				, push_receipt = 'Y'
				, push_work    = 'Y'
				, push_notice  = 'Y'
				, push_consult = ''
				, push_device_unique_id = '6c56e457afbb9121587676ab5dd2233e13e0e518376bc681dbbe8dfa940d34e5'
				, mod_date = now()
			where push_id = 'rock8875@gmail.com' and push_device_type = 'I' and push_registration_id = '6c56e457afbb9121587676ab5dd2233e13e0e518376bc681dbbe8dfa940d34e5'
apns_registration: resCode = 200

apns_registration: ** 20130205-130337
apns_registration: cmd=add, id=louder@chol.com, pw=5990, registration_id=501f5efb938c907a7c2de5d3dc770cdd4936026b933f124184acf2c9d090de18, device_unique_id=501f5efb938c907a7c2de5d3dc770cdd4936026b933f124184acf2c9d090de18
apns_registration: message=Y, receipt=Y, work=Y, notice=Y
apns_registration: sql = select * from member_info where mem_id = 'louder@chol.com' and mem_pwd = 'fed2a915daad9d7a59ac4898243d1118' and del_yn = 'N'
apns_registration: 인증성공
apns_registration: sql = select * from push_member where push_id = 'louder@chol.com' and push_pwd = 'fed2a915daad9d7a59ac4898243d1118' and push_device_type = 'I' and push_registration_id = '501f5efb938c907a7c2de5d3dc770cdd4936026b933f124184acf2c9d090de18'
apns_registration: sql = update push_member set
				  push_enable  = 'Y'
				, push_message = 'Y'
				, push_receipt = 'Y'
				, push_work    = 'Y'
				, push_notice  = 'Y'
				, push_consult = ''
				, push_device_unique_id = '501f5efb938c907a7c2de5d3dc770cdd4936026b933f124184acf2c9d090de18'
				, mod_date = now()
			where push_id = 'louder@chol.com' and push_device_type = 'I' and push_registration_id = '501f5efb938c907a7c2de5d3dc770cdd4936026b933f124184acf2c9d090de18'
apns_registration: resCode = 200

apns_registration: ** 20130205-131350
apns_registration: cmd=add, id=philolee@naver.com, pw=0107, registration_id=0ad1b61649852a1bfa13f6be7b0f4df36099a96256985c375f5f427ce826b750, device_unique_id=0ad1b61649852a1bfa13f6be7b0f4df36099a96256985c375f5f427ce826b750
apns_registration: message=Y, receipt=Y, work=Y, notice=Y
apns_registration: sql = select * from member_info where mem_id = 'philolee@naver.com' and mem_pwd = 'd0518453a2c5c4cb8ebaa45aed2fe5bb' and del_yn = 'N'
apns_registration: 인증성공
apns_registration: sql = select * from push_member where push_id = 'philolee@naver.com' and push_pwd = 'd0518453a2c5c4cb8ebaa45aed2fe5bb' and push_device_type = 'I' and push_registration_id = '0ad1b61649852a1bfa13f6be7b0f4df36099a96256985c375f5f427ce826b750'
apns_registration: sql = update push_member set
				  push_enable  = 'Y'
				, push_message = 'Y'
				, push_receipt = 'Y'
				, push_work    = 'Y'
				, push_notice  = 'Y'
				, push_consult = ''
				, push_device_unique_id = '0ad1b61649852a1bfa13f6be7b0f4df36099a96256985c375f5f427ce826b750'
				, mod_date = now()
			where push_id = 'philolee@naver.com' and push_device_type = 'I' and push_registration_id = '0ad1b61649852a1bfa13f6be7b0f4df36099a96256985c375f5f427ce826b750'
apns_registration: resCode = 200

apns_registration: ** 20130205-154309
apns_registration: cmd=add, id=loveguzi@gmail.com, pw=love1234, registration_id=d206acddccf39fb736184df618bbd23c5e9fea4830a0d86b7bc49751f97132c9, device_unique_id=d206acddccf39fb736184df618bbd23c5e9fea4830a0d86b7bc49751f97132c9
apns_registration: message=Y, receipt=Y, work=Y, notice=Y
apns_registration: sql = select * from member_info where mem_id = 'loveguzi@gmail.com' and mem_pwd = '6e638093ce4bdb63634ed5f3ef3a9409' and del_yn = 'N'
apns_registration: 인증성공
apns_registration: sql = select * from push_member where push_id = 'loveguzi@gmail.com' and push_pwd = '6e638093ce4bdb63634ed5f3ef3a9409' and push_device_type = 'I' and push_registration_id = 'd206acddccf39fb736184df618bbd23c5e9fea4830a0d86b7bc49751f97132c9'
apns_registration: sql = update push_member set
				  push_enable  = 'Y'
				, push_message = 'Y'
				, push_receipt = 'Y'
				, push_work    = 'Y'
				, push_notice  = 'Y'
				, push_consult = ''
				, push_device_unique_id = 'd206acddccf39fb736184df618bbd23c5e9fea4830a0d86b7bc49751f97132c9'
				, mod_date = now()
			where push_id = 'loveguzi@gmail.com' and push_device_type = 'I' and push_registration_id = 'd206acddccf39fb736184df618bbd23c5e9fea4830a0d86b7bc49751f97132c9'
apns_registration: resCode = 200

apns_registration: ** 20130205-174615
apns_registration: cmd=add, id=philolee@naver.com, pw=0107, registration_id=0ad1b61649852a1bfa13f6be7b0f4df36099a96256985c375f5f427ce826b750, device_unique_id=0ad1b61649852a1bfa13f6be7b0f4df36099a96256985c375f5f427ce826b750
apns_registration: message=Y, receipt=Y, work=Y, notice=Y
apns_registration: sql = select * from member_info where mem_id = 'philolee@naver.com' and mem_pwd = 'd0518453a2c5c4cb8ebaa45aed2fe5bb' and del_yn = 'N'
apns_registration: 인증성공
apns_registration: sql = select * from push_member where push_id = 'philolee@naver.com' and push_pwd = 'd0518453a2c5c4cb8ebaa45aed2fe5bb' and push_device_type = 'I' and push_registration_id = '0ad1b61649852a1bfa13f6be7b0f4df36099a96256985c375f5f427ce826b750'
apns_registration: sql = update push_member set
				  push_enable  = 'Y'
				, push_message = 'Y'
				, push_receipt = 'Y'
				, push_work    = 'Y'
				, push_notice  = 'Y'
				, push_consult = ''
				, push_device_unique_id = '0ad1b61649852a1bfa13f6be7b0f4df36099a96256985c375f5f427ce826b750'
				, mod_date = now()
			where push_id = 'philolee@naver.com' and push_device_type = 'I' and push_registration_id = '0ad1b61649852a1bfa13f6be7b0f4df36099a96256985c375f5f427ce826b750'
apns_registration: resCode = 200

apns_registration: ** 20130205-174655
apns_registration: cmd=add, id=philolee@naver.com, pw=0107, registration_id=0ad1b61649852a1bfa13f6be7b0f4df36099a96256985c375f5f427ce826b750, device_unique_id=0ad1b61649852a1bfa13f6be7b0f4df36099a96256985c375f5f427ce826b750
apns_registration: message=Y, receipt=Y, work=Y, notice=Y
apns_registration: sql = select * from member_info where mem_id = 'philolee@naver.com' and mem_pwd = 'd0518453a2c5c4cb8ebaa45aed2fe5bb' and del_yn = 'N'
apns_registration: 인증성공
apns_registration: sql = select * from push_member where push_id = 'philolee@naver.com' and push_pwd = 'd0518453a2c5c4cb8ebaa45aed2fe5bb' and push_device_type = 'I' and push_registration_id = '0ad1b61649852a1bfa13f6be7b0f4df36099a96256985c375f5f427ce826b750'
apns_registration: sql = update push_member set
				  push_enable  = 'Y'
				, push_message = 'Y'
				, push_receipt = 'Y'
				, push_work    = 'Y'
				, push_notice  = 'Y'
				, push_consult = ''
				, push_device_unique_id = '0ad1b61649852a1bfa13f6be7b0f4df36099a96256985c375f5f427ce826b750'
				, mod_date = now()
			where push_id = 'philolee@naver.com' and push_device_type = 'I' and push_registration_id = '0ad1b61649852a1bfa13f6be7b0f4df36099a96256985c375f5f427ce826b750'
apns_registration: resCode = 200

apns_registration: ** 20130205-195750
apns_registration: cmd=add, id=philolee@naver.com, pw=0107, registration_id=0ad1b61649852a1bfa13f6be7b0f4df36099a96256985c375f5f427ce826b750, device_unique_id=0ad1b61649852a1bfa13f6be7b0f4df36099a96256985c375f5f427ce826b750
apns_registration: message=Y, receipt=Y, work=Y, notice=Y
apns_registration: sql = select * from member_info where mem_id = 'philolee@naver.com' and mem_pwd = 'd0518453a2c5c4cb8ebaa45aed2fe5bb' and del_yn = 'N'
apns_registration: 인증성공
apns_registration: sql = select * from push_member where push_id = 'philolee@naver.com' and push_pwd = 'd0518453a2c5c4cb8ebaa45aed2fe5bb' and push_device_type = 'I' and push_registration_id = '0ad1b61649852a1bfa13f6be7b0f4df36099a96256985c375f5f427ce826b750'
apns_registration: sql = update push_member set
				  push_enable  = 'Y'
				, push_message = 'Y'
				, push_receipt = 'Y'
				, push_work    = 'Y'
				, push_notice  = 'Y'
				, push_consult = ''
				, push_device_unique_id = '0ad1b61649852a1bfa13f6be7b0f4df36099a96256985c375f5f427ce826b750'
				, mod_date = now()
			where push_id = 'philolee@naver.com' and push_device_type = 'I' and push_registration_id = '0ad1b61649852a1bfa13f6be7b0f4df36099a96256985c375f5f427ce826b750'
apns_registration: resCode = 200

apns_registration: ** 20130205-222639
apns_registration: cmd=add, id=pantera0219@miraensys.com, pw=11111, registration_id=809f7025350a31150e2c7b05bded6370a047de61931bfd195a79a27a83c28dde, device_unique_id=809f7025350a31150e2c7b05bded6370a047de61931bfd195a79a27a83c28dde
apns_registration: message=Y, receipt=Y, work=Y, notice=Y
apns_registration: sql = select * from member_info where mem_id = 'pantera0219@miraensys.com' and mem_pwd = '027857e51a44149bfd380713d89eea91' and del_yn = 'N'
apns_registration: 인증성공
apns_registration: sql = select * from push_member where push_id = 'pantera0219@miraensys.com' and push_pwd = '027857e51a44149bfd380713d89eea91' and push_device_type = 'I' and push_registration_id = '809f7025350a31150e2c7b05bded6370a047de61931bfd195a79a27a83c28dde'
apns_registration: sql = update push_member set
				  push_enable  = 'Y'
				, push_message = 'Y'
				, push_receipt = 'Y'
				, push_work    = 'Y'
				, push_notice  = 'Y'
				, push_consult = ''
				, push_device_unique_id = '809f7025350a31150e2c7b05bded6370a047de61931bfd195a79a27a83c28dde'
				, mod_date = now()
			where push_id = 'pantera0219@miraensys.com' and push_device_type = 'I' and push_registration_id = '809f7025350a31150e2c7b05bded6370a047de61931bfd195a79a27a83c28dde'
apns_registration: resCode = 200
