
apns_registration: ** 20130208-084336
apns_registration: cmd=add, id=rock8875@gmail.com, pw=8875, registration_id=6c56e457afbb9121587676ab5dd2233e13e0e518376bc681dbbe8dfa940d34e5, device_unique_id=6c56e457afbb9121587676ab5dd2233e13e0e518376bc681dbbe8dfa940d34e5
apns_registration: message=Y, receipt=Y, work=Y, notice=Y
apns_registration: sql = select * from member_info where mem_id = 'rock8875@gmail.com' and mem_pwd = '88f39ae5515668c9fde92d91fdc5882c' and del_yn = 'N'
apns_registration: 인증성공
apns_registration: sql = select * from push_member where push_id = 'rock8875@gmail.com' and push_pwd = '88f39ae5515668c9fde92d91fdc5882c' and push_device_type = 'I' and push_registration_id = '6c56e457afbb9121587676ab5dd2233e13e0e518376bc681dbbe8dfa940d34e5'
apns_registration: sql = update push_member set
				  push_enable  = 'Y'
				, push_message = 'Y'
				, push_receipt = 'Y'
				, push_work    = 'Y'
				, push_notice  = 'Y'
				, push_consult = ''
				, push_device_unique_id = '6c56e457afbb9121587676ab5dd2233e13e0e518376bc681dbbe8dfa940d34e5'
				, mod_date = now()
			where push_id = 'rock8875@gmail.com' and push_device_type = 'I' and push_registration_id = '6c56e457afbb9121587676ab5dd2233e13e0e518376bc681dbbe8dfa940d34e5'
apns_registration: resCode = 200

apns_registration: ** 20130208-104304
apns_registration: cmd=add, id=choidh73@hanmail.net, pw=1777, registration_id=52eaf554b8dd0a34046dcb19cde2d45449940c11f7d9c44c113b3db46d4d4cde, device_unique_id=52eaf554b8dd0a34046dcb19cde2d45449940c11f7d9c44c113b3db46d4d4cde
apns_registration: message=Y, receipt=Y, work=Y, notice=Y
apns_registration: sql = select * from member_info where mem_id = 'choidh73@hanmail.net' and mem_pwd = '8a23d82a178f8f8c0ddf20316a143ca3' and del_yn = 'N'
apns_registration: 인증성공
apns_registration: sql = select * from push_member where push_id = 'choidh73@hanmail.net' and push_pwd = '8a23d82a178f8f8c0ddf20316a143ca3' and push_device_type = 'I' and push_registration_id = '52eaf554b8dd0a34046dcb19cde2d45449940c11f7d9c44c113b3db46d4d4cde'
apns_registration: sql = update push_member set
				  push_enable  = 'Y'
				, push_message = 'Y'
				, push_receipt = 'Y'
				, push_work    = 'Y'
				, push_notice  = 'Y'
				, push_consult = ''
				, push_device_unique_id = '52eaf554b8dd0a34046dcb19cde2d45449940c11f7d9c44c113b3db46d4d4cde'
				, mod_date = now()
			where push_id = 'choidh73@hanmail.net' and push_device_type = 'I' and push_registration_id = '52eaf554b8dd0a34046dcb19cde2d45449940c11f7d9c44c113b3db46d4d4cde'
apns_registration: resCode = 200

apns_registration: ** 20130208-112810
apns_registration: cmd=add, id=loveguzi@gmail.com, pw=love1234, registration_id=d206acddccf39fb736184df618bbd23c5e9fea4830a0d86b7bc49751f97132c9, device_unique_id=d206acddccf39fb736184df618bbd23c5e9fea4830a0d86b7bc49751f97132c9
apns_registration: message=Y, receipt=Y, work=Y, notice=Y
apns_registration: sql = select * from member_info where mem_id = 'loveguzi@gmail.com' and mem_pwd = '6e638093ce4bdb63634ed5f3ef3a9409' and del_yn = 'N'
apns_registration: 인증성공
apns_registration: sql = select * from push_member where push_id = 'loveguzi@gmail.com' and push_pwd = '6e638093ce4bdb63634ed5f3ef3a9409' and push_device_type = 'I' and push_registration_id = 'd206acddccf39fb736184df618bbd23c5e9fea4830a0d86b7bc49751f97132c9'
apns_registration: sql = update push_member set
				  push_enable  = 'Y'
				, push_message = 'Y'
				, push_receipt = 'Y'
				, push_work    = 'Y'
				, push_notice  = 'Y'
				, push_consult = ''
				, push_device_unique_id = 'd206acddccf39fb736184df618bbd23c5e9fea4830a0d86b7bc49751f97132c9'
				, mod_date = now()
			where push_id = 'loveguzi@gmail.com' and push_device_type = 'I' and push_registration_id = 'd206acddccf39fb736184df618bbd23c5e9fea4830a0d86b7bc49751f97132c9'
apns_registration: resCode = 200

apns_registration: ** 20130208-144354
apns_registration: cmd=add, id=louder@chol.com, pw=5990, registration_id=501f5efb938c907a7c2de5d3dc770cdd4936026b933f124184acf2c9d090de18, device_unique_id=501f5efb938c907a7c2de5d3dc770cdd4936026b933f124184acf2c9d090de18
apns_registration: message=Y, receipt=Y, work=Y, notice=Y
apns_registration: sql = select * from member_info where mem_id = 'louder@chol.com' and mem_pwd = 'fed2a915daad9d7a59ac4898243d1118' and del_yn = 'N'
apns_registration: 인증성공
apns_registration: sql = select * from push_member where push_id = 'louder@chol.com' and push_pwd = 'fed2a915daad9d7a59ac4898243d1118' and push_device_type = 'I' and push_registration_id = '501f5efb938c907a7c2de5d3dc770cdd4936026b933f124184acf2c9d090de18'
apns_registration: sql = update push_member set
				  push_enable  = 'Y'
				, push_message = 'Y'
				, push_receipt = 'Y'
				, push_work    = 'Y'
				, push_notice  = 'Y'
				, push_consult = ''
				, push_device_unique_id = '501f5efb938c907a7c2de5d3dc770cdd4936026b933f124184acf2c9d090de18'
				, mod_date = now()
			where push_id = 'louder@chol.com' and push_device_type = 'I' and push_registration_id = '501f5efb938c907a7c2de5d3dc770cdd4936026b933f124184acf2c9d090de18'
apns_registration: resCode = 200

apns_registration: ** 20130208-155642
apns_registration: cmd=add, id=louder@chol.com, pw=5990, registration_id=501f5efb938c907a7c2de5d3dc770cdd4936026b933f124184acf2c9d090de18, device_unique_id=501f5efb938c907a7c2de5d3dc770cdd4936026b933f124184acf2c9d090de18
apns_registration: message=Y, receipt=Y, work=Y, notice=Y
apns_registration: sql = select * from member_info where mem_id = 'louder@chol.com' and mem_pwd = 'fed2a915daad9d7a59ac4898243d1118' and del_yn = 'N'
apns_registration: 인증성공
apns_registration: sql = select * from push_member where push_id = 'louder@chol.com' and push_pwd = 'fed2a915daad9d7a59ac4898243d1118' and push_device_type = 'I' and push_registration_id = '501f5efb938c907a7c2de5d3dc770cdd4936026b933f124184acf2c9d090de18'
apns_registration: sql = update push_member set
				  push_enable  = 'Y'
				, push_message = 'Y'
				, push_receipt = 'Y'
				, push_work    = 'Y'
				, push_notice  = 'Y'
				, push_consult = ''
				, push_device_unique_id = '501f5efb938c907a7c2de5d3dc770cdd4936026b933f124184acf2c9d090de18'
				, mod_date = now()
			where push_id = 'louder@chol.com' and push_device_type = 'I' and push_registration_id = '501f5efb938c907a7c2de5d3dc770cdd4936026b933f124184acf2c9d090de18'
apns_registration: resCode = 200

apns_registration: ** 20130208-155703
apns_registration: cmd=add, id=louder@chol.com, pw=5990, registration_id=501f5efb938c907a7c2de5d3dc770cdd4936026b933f124184acf2c9d090de18, device_unique_id=501f5efb938c907a7c2de5d3dc770cdd4936026b933f124184acf2c9d090de18
apns_registration: message=Y, receipt=Y, work=Y, notice=Y
apns_registration: sql = select * from member_info where mem_id = 'louder@chol.com' and mem_pwd = 'fed2a915daad9d7a59ac4898243d1118' and del_yn = 'N'
apns_registration: 인증성공
apns_registration: sql = select * from push_member where push_id = 'louder@chol.com' and push_pwd = 'fed2a915daad9d7a59ac4898243d1118' and push_device_type = 'I' and push_registration_id = '501f5efb938c907a7c2de5d3dc770cdd4936026b933f124184acf2c9d090de18'
apns_registration: sql = update push_member set
				  push_enable  = 'Y'
				, push_message = 'Y'
				, push_receipt = 'Y'
				, push_work    = 'Y'
				, push_notice  = 'Y'
				, push_consult = ''
				, push_device_unique_id = '501f5efb938c907a7c2de5d3dc770cdd4936026b933f124184acf2c9d090de18'
				, mod_date = now()
			where push_id = 'louder@chol.com' and push_device_type = 'I' and push_registration_id = '501f5efb938c907a7c2de5d3dc770cdd4936026b933f124184acf2c9d090de18'
apns_registration: resCode = 200

apns_registration: ** 20130208-213125
apns_registration: cmd=add, id=louder@chol.com, pw=5990, registration_id=501f5efb938c907a7c2de5d3dc770cdd4936026b933f124184acf2c9d090de18, device_unique_id=501f5efb938c907a7c2de5d3dc770cdd4936026b933f124184acf2c9d090de18
apns_registration: message=Y, receipt=Y, work=Y, notice=Y
apns_registration: sql = select * from member_info where mem_id = 'louder@chol.com' and mem_pwd = 'fed2a915daad9d7a59ac4898243d1118' and del_yn = 'N'
apns_registration: 인증성공
apns_registration: sql = select * from push_member where push_id = 'louder@chol.com' and push_pwd = 'fed2a915daad9d7a59ac4898243d1118' and push_device_type = 'I' and push_registration_id = '501f5efb938c907a7c2de5d3dc770cdd4936026b933f124184acf2c9d090de18'
apns_registration: sql = update push_member set
				  push_enable  = 'Y'
				, push_message = 'Y'
				, push_receipt = 'Y'
				, push_work    = 'Y'
				, push_notice  = 'Y'
				, push_consult = ''
				, push_device_unique_id = '501f5efb938c907a7c2de5d3dc770cdd4936026b933f124184acf2c9d090de18'
				, mod_date = now()
			where push_id = 'louder@chol.com' and push_device_type = 'I' and push_registration_id = '501f5efb938c907a7c2de5d3dc770cdd4936026b933f124184acf2c9d090de18'
apns_registration: resCode = 200

apns_registration: ** 20130208-213139
apns_registration: cmd=add, id=louder@chol.com, pw=5990, registration_id=501f5efb938c907a7c2de5d3dc770cdd4936026b933f124184acf2c9d090de18, device_unique_id=501f5efb938c907a7c2de5d3dc770cdd4936026b933f124184acf2c9d090de18
apns_registration: message=Y, receipt=Y, work=Y, notice=Y
apns_registration: sql = select * from member_info where mem_id = 'louder@chol.com' and mem_pwd = 'fed2a915daad9d7a59ac4898243d1118' and del_yn = 'N'
apns_registration: 인증성공
apns_registration: sql = select * from push_member where push_id = 'louder@chol.com' and push_pwd = 'fed2a915daad9d7a59ac4898243d1118' and push_device_type = 'I' and push_registration_id = '501f5efb938c907a7c2de5d3dc770cdd4936026b933f124184acf2c9d090de18'
apns_registration: sql = update push_member set
				  push_enable  = 'Y'
				, push_message = 'Y'
				, push_receipt = 'Y'
				, push_work    = 'Y'
				, push_notice  = 'Y'
				, push_consult = ''
				, push_device_unique_id = '501f5efb938c907a7c2de5d3dc770cdd4936026b933f124184acf2c9d090de18'
				, mod_date = now()
			where push_id = 'louder@chol.com' and push_device_type = 'I' and push_registration_id = '501f5efb938c907a7c2de5d3dc770cdd4936026b933f124184acf2c9d090de18'
apns_registration: resCode = 200

apns_registration: ** 20130208-231557
apns_registration: cmd=add, id=arachi76@naver.com, pw=05134862, registration_id=a7eda6a7ef2e8e02b8a309a2af194539be1d036e53f188f445c818bcdde70d19, device_unique_id=a7eda6a7ef2e8e02b8a309a2af194539be1d036e53f188f445c818bcdde70d19
apns_registration: message=Y, receipt=Y, work=Y, notice=Y
apns_registration: sql = select * from member_info where mem_id = 'arachi76@naver.com' and mem_pwd = '0a44a3a004323d2f842a15371a990add' and del_yn = 'N'
apns_registration: 인증성공
apns_registration: sql = select * from push_member where push_id = 'arachi76@naver.com' and push_pwd = '0a44a3a004323d2f842a15371a990add' and push_device_type = 'I' and push_registration_id = 'a7eda6a7ef2e8e02b8a309a2af194539be1d036e53f188f445c818bcdde70d19'
apns_registration: sql = update push_member set
				  push_enable  = 'Y'
				, push_message = 'Y'
				, push_receipt = 'Y'
				, push_work    = 'Y'
				, push_notice  = 'Y'
				, push_consult = ''
				, push_device_unique_id = 'a7eda6a7ef2e8e02b8a309a2af194539be1d036e53f188f445c818bcdde70d19'
				, mod_date = now()
			where push_id = 'arachi76@naver.com' and push_device_type = 'I' and push_registration_id = 'a7eda6a7ef2e8e02b8a309a2af194539be1d036e53f188f445c818bcdde70d19'
apns_registration: resCode = 200
